[DEBUG][Qt] 22.03.2024 21:04:26 [] (unknown:0) - Session start time .......: 20240322_210426
[DEBUG][Qt] 22.03.2024 21:04:26 [] (unknown:0) - Slicer version ...........: 5.6.1 (revision 32438 / 117ce5f) win-amd64 - installed release
[DEBUG][Qt] 22.03.2024 21:04:26 [] (unknown:0) - Operating system .........: Windows /  Personal / (Build 22621, Code Page 65001) - 64-bit
[DEBUG][Qt] 22.03.2024 21:04:26 [] (unknown:0) - Memory ...................: 7834 MB physical, 12186 MB virtual
[DEBUG][Qt] 22.03.2024 21:04:26 [] (unknown:0) - CPU ......................: GenuineIntel , 8 cores, 8 logical processors
[DEBUG][Qt] 22.03.2024 21:04:26 [] (unknown:0) - VTK configuration ........: OpenGL2 rendering, TBB threading
[DEBUG][Qt] 22.03.2024 21:04:26 [] (unknown:0) - Qt configuration .........: version 5.15.2, with SSL, requested OpenGL 3.2 (compatibility profile)
[DEBUG][Qt] 22.03.2024 21:04:26 [] (unknown:0) - Internationalization .....: disabled, language=
[DEBUG][Qt] 22.03.2024 21:04:26 [] (unknown:0) - Developer mode ...........: enabled
[DEBUG][Qt] 22.03.2024 21:04:26 [] (unknown:0) - Application path .........: D:/Program/Slicer 5.6.1/bin
[DEBUG][Qt] 22.03.2024 21:04:26 [] (unknown:0) - Additional module paths ..: C:/Users/DANG THE HUNG/OneDrive - King's College London/Msc study/7MRI0070 - Navigation in Robotic/Module\My_extension\ImageThreshold, slicer.org/Extensions-32438/DebuggingTools/lib/Slicer-5.6/qt-scripted-modules, C:/Users/DANG THE HUNG/OneDrive - King's College London/Msc study/7MRI0070 - Navigation in Robotic/Module/My_extension\Print_hello_world, C:/Users/DANG THE HUNG/OneDrive - King's College London/Msc study/7MRI0070 - Navigation in Robotic/Module/My_extension\Guided_examples, C:/Users/DANG THE HUNG/OneDrive - King's College London/Msc study/7MRI0070 - Navigation in Robotic/Module/My_extension\Segmentation_k_mean, C:/Users/DANG THE HUNG/OneDrive - King's College London/Msc study/7MRI0070 - Navigation in Robotic/Module/My_extension\My_function, C:/Users/DANG THE HUNG/OneDrive - King's College London/Msc study/7MRI0070 - Navigation in Robotic/Module/My_extension\Pathway_planning
[DEBUG][Python] 22.03.2024 21:04:42 [Python] (D:\Program\Slicer 5.6.1\lib\Slicer-5.6\qt-scripted-modules\SubjectHierarchyPlugins\AbstractScriptedSubjectHierarchyPlugin.py:39) - Scripted subject hierarchy plugin registered: SegmentEditor
[DEBUG][Python] 22.03.2024 21:04:42 [Python] (D:\Program\Slicer 5.6.1\lib\Slicer-5.6\qt-scripted-modules\SubjectHierarchyPlugins\AbstractScriptedSubjectHierarchyPlugin.py:39) - Scripted subject hierarchy plugin registered: SegmentStatistics
[DEBUG][Qt] 22.03.2024 21:04:42 [] (unknown:0) - Switch to module:  "Welcome"
[DEBUG][Qt] 22.03.2024 21:04:50 [] (unknown:0) - Switch to module:  "Pathway_planning"
[INFO][Stream] 22.03.2024 21:04:51 [] (unknown:0) -
[INFO][Stream] 22.03.2024 21:04:51 [] (unknown:0) -
[INFO][Stream] 22.03.2024 21:04:51 [] (unknown:0) -
[INFO][Stream] 22.03.2024 21:04:51 [] (unknown:0) - ------------------------------
[INFO][Stream] 22.03.2024 21:04:51 [] (unknown:0) - Reloading module: Pathway_planning
[INFO][Stream] 22.03.2024 21:04:51 [] (unknown:0) - ------------------------------
[INFO][Stream] 22.03.2024 21:04:51 [] (unknown:0) -
[INFO][Stream] 22.03.2024 21:04:51 [] (unknown:0) -
[INFO][Stream] 22.03.2024 21:04:51 [] (unknown:0) -
[DEBUG][Qt] 22.03.2024 21:04:51 [] (unknown:0) - "Markups" Reader has successfully read the file "D:\\Code\\3D_slicer\\Navigation_robotics\\Data\\Week_2_4_TestSet_Path_planning\\entriesSubsample.fcsv" "[0.03s]"
[DEBUG][Qt] 22.03.2024 21:04:51 [] (unknown:0) - "Markups" Reader has successfully read the file "D:\\Code\\3D_slicer\\Navigation_robotics\\Data\\Week_2_4_TestSet_Path_planning\\targetsSubsample.fcsv" "[0.01s]"
[DEBUG][Qt] 22.03.2024 21:04:51 [] (unknown:0) - "Volume" Reader has successfully read the file "D:\\Code\\3D_slicer\\Navigation_robotics\\Data\\Week_2_4_TestSet_Path_planning\\r_cortexTest.nii.gz" "[0.03s]"
[DEBUG][Qt] 22.03.2024 21:04:51 [] (unknown:0) - "Volume" Reader has successfully read the file "D:\\Code\\3D_slicer\\Navigation_robotics\\Data\\Week_2_4_TestSet_Path_planning\\r_hippoTest.nii.gz" "[0.01s]"
[DEBUG][Qt] 22.03.2024 21:04:51 [] (unknown:0) - "Volume" Reader has successfully read the file "D:\\Code\\3D_slicer\\Navigation_robotics\\Data\\Week_2_4_TestSet_Path_planning\\ventriclesTest.nii.gz" "[0.02s]"
[DEBUG][Qt] 22.03.2024 21:04:51 [] (unknown:0) - "Volume" Reader has successfully read the file "D:\\Code\\3D_slicer\\Navigation_robotics\\Data\\Week_2_4_TestSet_Path_planning\\vesselsTestDilate1.nii.gz" "[0.02s]"
[DEBUG][Qt] 22.03.2024 21:04:51 [] (unknown:0) - "Volume" Reader has successfully read the file "D:\\Code\\3D_slicer\\Navigation_robotics\\Data\\Week_2_4_TestSet_Path_planning\\fakeBrainTest.nii.gz" "[0.04s]"
[INFO][Stream] 22.03.2024 21:04:51 [] (unknown:0) - Number of entries is: 48
[INFO][Stream] 22.03.2024 21:04:51 [] (unknown:0) - Number of targets is: 21
[CRITICAL][Stream] 22.03.2024 21:04:51 [] (unknown:0) - Test passed: Model Creation
[INFO][Python] 22.03.2024 21:04:51 [Python] (C:/Users/DANG THE HUNG/OneDrive - King's College London/Msc study/7MRI0070 - Navigation in Robotic/Module/My_extension/Pathway_planning/Pathway_planning.py:1007) - Test passed: Model Creation
[INFO][Python] 22.03.2024 21:04:51 [Python] (D:\Program\Slicer 5.6.1\bin\Python\slicer\util.py:2877) - Test passed: Model Creation
[CRITICAL][Stream] 22.03.2024 21:04:52 [] (unknown:0) - Test passed: Check a Point is in a Label Volume Node
[INFO][Python] 22.03.2024 21:04:52 [Python] (C:/Users/DANG THE HUNG/OneDrive - King's College London/Msc study/7MRI0070 - Navigation in Robotic/Module/My_extension/Pathway_planning/Pathway_planning.py:1007) - Test passed: Check a Point is in a Label Volume Node
[INFO][Python] 22.03.2024 21:04:52 [Python] (D:\Program\Slicer 5.6.1\bin\Python\slicer\util.py:2877) - Test passed: Check a Point is in a Label Volume Node
[CRITICAL][Stream] 22.03.2024 21:04:53 [] (unknown:0) - Test passed: Get Distance from a Line in List to a Label Volume Node
[INFO][Python] 22.03.2024 21:04:53 [Python] (C:/Users/DANG THE HUNG/OneDrive - King's College London/Msc study/7MRI0070 - Navigation in Robotic/Module/My_extension/Pathway_planning/Pathway_planning.py:1007) - Test passed: Get Distance from a Line in List to a Label Volume Node
[INFO][Python] 22.03.2024 21:04:53 [Python] (D:\Program\Slicer 5.6.1\bin\Python\slicer\util.py:2877) - Test passed: Get Distance from a Line in List to a Label Volume Node
[CRITICAL][Stream] 22.03.2024 21:04:54 [] (unknown:0) - Unit test passed: Convert IJK to RAS
[INFO][Python] 22.03.2024 21:04:54 [Python] (C:/Users/DANG THE HUNG/OneDrive - King's College London/Msc study/7MRI0070 - Navigation in Robotic/Module/My_extension/Pathway_planning/Pathway_planning.py:1014) - Unit test passed: Convert IJK to RAS
[CRITICAL][Stream] 22.03.2024 21:04:54 [] (unknown:0) - Unit test passed: Convert RAS to IJK
[INFO][Python] 22.03.2024 21:04:54 [Python] (C:/Users/DANG THE HUNG/OneDrive - King's College London/Msc study/7MRI0070 - Navigation in Robotic/Module/My_extension/Pathway_planning/Pathway_planning.py:1014) - Unit test passed: Convert RAS to IJK
[CRITICAL][Stream] 22.03.2024 21:04:54 [] (unknown:0) - Unit test passed: Get 9x9 Matrix at one Position from a bigger Matrix
[INFO][Python] 22.03.2024 21:04:54 [Python] (C:/Users/DANG THE HUNG/OneDrive - King's College London/Msc study/7MRI0070 - Navigation in Robotic/Module/My_extension/Pathway_planning/Pathway_planning.py:1014) - Unit test passed: Get 9x9 Matrix at one Position from a bigger Matrix
[DEBUG][Qt] 22.03.2024 21:05:04 [] (unknown:0) - Switch to module:  "Data"
[DEBUG][Qt] 22.03.2024 21:05:34 [] (unknown:0) - Switch to module:  "Pathway_planning"
[CRITICAL][Stream] 22.03.2024 21:05:34 [] (unknown:0) - D:\Program\Slicer 5.6.1\bin\Python\slicer\util.py:2786: UserWarning: does not have observer
[CRITICAL][Stream] 22.03.2024 21:05:34 [] (unknown:0) -   warn("does not have observer")
[INFO][Stream] 22.03.2024 21:05:35 [] (unknown:0) -
[INFO][Stream] 22.03.2024 21:05:35 [] (unknown:0) -
[INFO][Stream] 22.03.2024 21:05:35 [] (unknown:0) -
[INFO][Stream] 22.03.2024 21:05:35 [] (unknown:0) - ------------------------------
[INFO][Stream] 22.03.2024 21:05:35 [] (unknown:0) - Reloading module: Pathway_planning
[INFO][Stream] 22.03.2024 21:05:35 [] (unknown:0) - ------------------------------
[INFO][Stream] 22.03.2024 21:05:35 [] (unknown:0) -
[INFO][Stream] 22.03.2024 21:05:35 [] (unknown:0) -
[INFO][Stream] 22.03.2024 21:05:35 [] (unknown:0) -
[WARNING][VTK] 22.03.2024 21:05:35 [] (unknown:0) - Generic Warning: In vtkSlicerSegmentationsModuleLogic.cxx, line 702
vtkSlicerSegmentationsModuleLogic::GetSegmentForSegmentSubjectHierarchyItem: Invalid MRML scene
[DEBUG][Qt] 22.03.2024 21:05:35 [] (unknown:0) - "Markups" Reader has successfully read the file "D:\\Code\\3D_slicer\\Navigation_robotics\\Data\\Week_2_4_TestSet_Path_planning\\entriesSubsample.fcsv" "[0.02s]"
[DEBUG][Qt] 22.03.2024 21:05:35 [] (unknown:0) - "Markups" Reader has successfully read the file "D:\\Code\\3D_slicer\\Navigation_robotics\\Data\\Week_2_4_TestSet_Path_planning\\targetsSubsample.fcsv" "[0.01s]"
[DEBUG][Qt] 22.03.2024 21:05:35 [] (unknown:0) - "Volume" Reader has successfully read the file "D:\\Code\\3D_slicer\\Navigation_robotics\\Data\\Week_2_4_TestSet_Path_planning\\r_cortexTest.nii.gz" "[0.03s]"
[DEBUG][Qt] 22.03.2024 21:05:35 [] (unknown:0) - "Volume" Reader has successfully read the file "D:\\Code\\3D_slicer\\Navigation_robotics\\Data\\Week_2_4_TestSet_Path_planning\\r_hippoTest.nii.gz" "[0.02s]"
[ERROR][VTK] 22.03.2024 21:05:35 [vtkMRMLSubjectHierarchyNode (000001A2479CDBD0)] (vtkMRMLSubjectHierarchyNode.cxx:2983) - vtkSubjectHierarchyItem::DataNodeCache inconsistency found
[DEBUG][Qt] 22.03.2024 21:05:35 [] (unknown:0) - "Volume" Reader has successfully read the file "D:\\Code\\3D_slicer\\Navigation_robotics\\Data\\Week_2_4_TestSet_Path_planning\\ventriclesTest.nii.gz" "[0.02s]"
[ERROR][VTK] 22.03.2024 21:05:35 [vtkMRMLSubjectHierarchyNode (000001A2479CDBD0)] (vtkMRMLSubjectHierarchyNode.cxx:2983) - vtkSubjectHierarchyItem::DataNodeCache inconsistency found
[DEBUG][Qt] 22.03.2024 21:05:35 [] (unknown:0) - "Volume" Reader has successfully read the file "D:\\Code\\3D_slicer\\Navigation_robotics\\Data\\Week_2_4_TestSet_Path_planning\\vesselsTestDilate1.nii.gz" "[0.02s]"
[DEBUG][Qt] 22.03.2024 21:05:35 [] (unknown:0) - "Volume" Reader has successfully read the file "D:\\Code\\3D_slicer\\Navigation_robotics\\Data\\Week_2_4_TestSet_Path_planning\\fakeBrainTest.nii.gz" "[0.04s]"
[INFO][Stream] 22.03.2024 21:05:35 [] (unknown:0) - Number of entries is: 48
[INFO][Stream] 22.03.2024 21:05:35 [] (unknown:0) - Number of targets is: 21
[CRITICAL][Stream] 22.03.2024 21:05:35 [] (unknown:0) - Test passed: Model Creation
[INFO][Python] 22.03.2024 21:05:35 [Python] (C:/Users/DANG THE HUNG/OneDrive - King's College London/Msc study/7MRI0070 - Navigation in Robotic/Module/My_extension/Pathway_planning/Pathway_planning.py:1007) - Test passed: Model Creation
[INFO][Python] 22.03.2024 21:05:35 [Python] (D:\Program\Slicer 5.6.1\bin\Python\slicer\util.py:2877) - Test passed: Model Creation
[CRITICAL][Stream] 22.03.2024 21:05:36 [] (unknown:0) - Test passed: Check a Point is in a Label Volume Node
[INFO][Python] 22.03.2024 21:05:36 [Python] (C:/Users/DANG THE HUNG/OneDrive - King's College London/Msc study/7MRI0070 - Navigation in Robotic/Module/My_extension/Pathway_planning/Pathway_planning.py:1007) - Test passed: Check a Point is in a Label Volume Node
[INFO][Python] 22.03.2024 21:05:36 [Python] (D:\Program\Slicer 5.6.1\bin\Python\slicer\util.py:2877) - Test passed: Check a Point is in a Label Volume Node
[CRITICAL][Stream] 22.03.2024 21:05:37 [] (unknown:0) - Test passed: Get Distance from a Line in List to a Label Volume Node
[INFO][Python] 22.03.2024 21:05:37 [Python] (C:/Users/DANG THE HUNG/OneDrive - King's College London/Msc study/7MRI0070 - Navigation in Robotic/Module/My_extension/Pathway_planning/Pathway_planning.py:1007) - Test passed: Get Distance from a Line in List to a Label Volume Node
[INFO][Python] 22.03.2024 21:05:37 [Python] (D:\Program\Slicer 5.6.1\bin\Python\slicer\util.py:2877) - Test passed: Get Distance from a Line in List to a Label Volume Node
[CRITICAL][Stream] 22.03.2024 21:05:38 [] (unknown:0) - Unit test passed: Convert IJK to RAS
[INFO][Python] 22.03.2024 21:05:38 [Python] (C:/Users/DANG THE HUNG/OneDrive - King's College London/Msc study/7MRI0070 - Navigation in Robotic/Module/My_extension/Pathway_planning/Pathway_planning.py:1014) - Unit test passed: Convert IJK to RAS
[CRITICAL][Stream] 22.03.2024 21:05:38 [] (unknown:0) - Unit test passed: Convert RAS to IJK
[INFO][Python] 22.03.2024 21:05:38 [Python] (C:/Users/DANG THE HUNG/OneDrive - King's College London/Msc study/7MRI0070 - Navigation in Robotic/Module/My_extension/Pathway_planning/Pathway_planning.py:1014) - Unit test passed: Convert RAS to IJK
[CRITICAL][Stream] 22.03.2024 21:05:38 [] (unknown:0) - Unit test passed: Get 9x9 Matrix at one Position from a bigger Matrix
[INFO][Python] 22.03.2024 21:05:38 [Python] (C:/Users/DANG THE HUNG/OneDrive - King's College London/Msc study/7MRI0070 - Navigation in Robotic/Module/My_extension/Pathway_planning/Pathway_planning.py:1014) - Unit test passed: Get 9x9 Matrix at one Position from a bigger Matrix
[DEBUG][Qt] 22.03.2024 21:05:38 [] (unknown:0) - Switch to module:  "Data"
[DEBUG][Qt] 22.03.2024 21:05:46 [] (unknown:0) - Switch to module:  "Pathway_planning"
[INFO][Stream] 22.03.2024 21:05:47 [] (unknown:0) -
[INFO][Stream] 22.03.2024 21:05:47 [] (unknown:0) -
[INFO][Stream] 22.03.2024 21:05:47 [] (unknown:0) -
[INFO][Stream] 22.03.2024 21:05:47 [] (unknown:0) - ------------------------------
[INFO][Stream] 22.03.2024 21:05:47 [] (unknown:0) - Reloading module: Pathway_planning
[INFO][Stream] 22.03.2024 21:05:47 [] (unknown:0) - ------------------------------
[INFO][Stream] 22.03.2024 21:05:47 [] (unknown:0) -
[INFO][Stream] 22.03.2024 21:05:47 [] (unknown:0) -
[INFO][Stream] 22.03.2024 21:05:47 [] (unknown:0) -
[WARNING][VTK] 22.03.2024 21:05:47 [] (unknown:0) - Generic Warning: In vtkSlicerSegmentationsModuleLogic.cxx, line 702
vtkSlicerSegmentationsModuleLogic::GetSegmentForSegmentSubjectHierarchyItem: Invalid MRML scene
[DEBUG][Qt] 22.03.2024 21:05:47 [] (unknown:0) - "Markups" Reader has successfully read the file "D:\\Code\\3D_slicer\\Navigation_robotics\\Data\\Week_2_4_TestSet_Path_planning\\entriesSubsample.fcsv" "[0.02s]"
[DEBUG][Qt] 22.03.2024 21:05:47 [] (unknown:0) - "Markups" Reader has successfully read the file "D:\\Code\\3D_slicer\\Navigation_robotics\\Data\\Week_2_4_TestSet_Path_planning\\targetsSubsample.fcsv" "[0.01s]"
[DEBUG][Qt] 22.03.2024 21:05:47 [] (unknown:0) - "Volume" Reader has successfully read the file "D:\\Code\\3D_slicer\\Navigation_robotics\\Data\\Week_2_4_TestSet_Path_planning\\r_cortexTest.nii.gz" "[0.03s]"
[DEBUG][Qt] 22.03.2024 21:05:47 [] (unknown:0) - "Volume" Reader has successfully read the file "D:\\Code\\3D_slicer\\Navigation_robotics\\Data\\Week_2_4_TestSet_Path_planning\\r_hippoTest.nii.gz" "[0.02s]"
[DEBUG][Qt] 22.03.2024 21:05:47 [] (unknown:0) - "Volume" Reader has successfully read the file "D:\\Code\\3D_slicer\\Navigation_robotics\\Data\\Week_2_4_TestSet_Path_planning\\ventriclesTest.nii.gz" "[0.02s]"
[ERROR][VTK] 22.03.2024 21:05:47 [vtkMRMLSubjectHierarchyNode (000001A2479D6200)] (vtkMRMLSubjectHierarchyNode.cxx:2983) - vtkSubjectHierarchyItem::DataNodeCache inconsistency found
[DEBUG][Qt] 22.03.2024 21:05:48 [] (unknown:0) - "Volume" Reader has successfully read the file "D:\\Code\\3D_slicer\\Navigation_robotics\\Data\\Week_2_4_TestSet_Path_planning\\vesselsTestDilate1.nii.gz" "[0.02s]"
[DEBUG][Qt] 22.03.2024 21:05:48 [] (unknown:0) - "Volume" Reader has successfully read the file "D:\\Code\\3D_slicer\\Navigation_robotics\\Data\\Week_2_4_TestSet_Path_planning\\fakeBrainTest.nii.gz" "[0.03s]"
[INFO][Stream] 22.03.2024 21:05:48 [] (unknown:0) - Number of entries is: 48
[INFO][Stream] 22.03.2024 21:05:48 [] (unknown:0) - Number of targets is: 21
[CRITICAL][Stream] 22.03.2024 21:05:48 [] (unknown:0) - Test passed: Model Creation
[INFO][Python] 22.03.2024 21:05:48 [Python] (C:/Users/DANG THE HUNG/OneDrive - King's College London/Msc study/7MRI0070 - Navigation in Robotic/Module/My_extension/Pathway_planning/Pathway_planning.py:1007) - Test passed: Model Creation
[INFO][Python] 22.03.2024 21:05:48 [Python] (D:\Program\Slicer 5.6.1\bin\Python\slicer\util.py:2877) - Test passed: Model Creation
[ERROR][VTK] 22.03.2024 21:05:48 [vtkMRMLSubjectHierarchyNode (000001A2479D6200)] (vtkMRMLSubjectHierarchyNode.cxx:2983) - vtkSubjectHierarchyItem::DataNodeCache inconsistency found
[CRITICAL][Stream] 22.03.2024 21:05:48 [] (unknown:0) - Test passed: Check a Point is in a Label Volume Node
[INFO][Python] 22.03.2024 21:05:48 [Python] (C:/Users/DANG THE HUNG/OneDrive - King's College London/Msc study/7MRI0070 - Navigation in Robotic/Module/My_extension/Pathway_planning/Pathway_planning.py:1007) - Test passed: Check a Point is in a Label Volume Node
[INFO][Python] 22.03.2024 21:05:48 [Python] (D:\Program\Slicer 5.6.1\bin\Python\slicer\util.py:2877) - Test passed: Check a Point is in a Label Volume Node
[ERROR][VTK] 22.03.2024 21:05:49 [vtkMRMLSubjectHierarchyNode (000001A2479D6200)] (vtkMRMLSubjectHierarchyNode.cxx:2983) - vtkSubjectHierarchyItem::DataNodeCache inconsistency found
[CRITICAL][Stream] 22.03.2024 21:05:49 [] (unknown:0) - Test passed: Get Distance from a Line in List to a Label Volume Node
[INFO][Python] 22.03.2024 21:05:49 [Python] (C:/Users/DANG THE HUNG/OneDrive - King's College London/Msc study/7MRI0070 - Navigation in Robotic/Module/My_extension/Pathway_planning/Pathway_planning.py:1007) - Test passed: Get Distance from a Line in List to a Label Volume Node
[INFO][Python] 22.03.2024 21:05:49 [Python] (D:\Program\Slicer 5.6.1\bin\Python\slicer\util.py:2877) - Test passed: Get Distance from a Line in List to a Label Volume Node
[CRITICAL][Stream] 22.03.2024 21:05:50 [] (unknown:0) - Unit test passed: Convert IJK to RAS
[INFO][Python] 22.03.2024 21:05:50 [Python] (C:/Users/DANG THE HUNG/OneDrive - King's College London/Msc study/7MRI0070 - Navigation in Robotic/Module/My_extension/Pathway_planning/Pathway_planning.py:1014) - Unit test passed: Convert IJK to RAS
[CRITICAL][Stream] 22.03.2024 21:05:50 [] (unknown:0) - Unit test passed: Convert RAS to IJK
[INFO][Python] 22.03.2024 21:05:50 [Python] (C:/Users/DANG THE HUNG/OneDrive - King's College London/Msc study/7MRI0070 - Navigation in Robotic/Module/My_extension/Pathway_planning/Pathway_planning.py:1014) - Unit test passed: Convert RAS to IJK
[CRITICAL][Stream] 22.03.2024 21:05:50 [] (unknown:0) - Unit test passed: Get 9x9 Matrix at one Position from a bigger Matrix
[INFO][Python] 22.03.2024 21:05:50 [Python] (C:/Users/DANG THE HUNG/OneDrive - King's College London/Msc study/7MRI0070 - Navigation in Robotic/Module/My_extension/Pathway_planning/Pathway_planning.py:1014) - Unit test passed: Get 9x9 Matrix at one Position from a bigger Matrix
[DEBUG][Qt] 22.03.2024 21:05:50 [] (unknown:0) - Switch to module:  "Data"
[DEBUG][Qt] 22.03.2024 21:06:00 [] (unknown:0) - Switch to module:  ""
