[DEBUG][Qt] 30.01.2024 11:32:45 [] (unknown:0) - Session start time .......: 20240130_113245
[DEBUG][Qt] 30.01.2024 11:32:45 [] (unknown:0) - Slicer version ...........: 5.6.1 (revision 32438 / 117ce5f) win-amd64 - installed release
[DEBUG][Qt] 30.01.2024 11:32:45 [] (unknown:0) - Operating system .........: Windows /  Personal / (Build 22621, Code Page 65001) - 64-bit
[DEBUG][Qt] 30.01.2024 11:32:45 [] (unknown:0) - Memory ...................: 7834 MB physical, 12954 MB virtual
[DEBUG][Qt] 30.01.2024 11:32:45 [] (unknown:0) - CPU ......................: GenuineIntel , 8 cores, 8 logical processors
[DEBUG][Qt] 30.01.2024 11:32:45 [] (unknown:0) - VTK configuration ........: OpenGL2 rendering, TBB threading
[DEBUG][Qt] 30.01.2024 11:32:45 [] (unknown:0) - Qt configuration .........: version 5.15.2, with SSL, requested OpenGL 3.2 (compatibility profile)
[DEBUG][Qt] 30.01.2024 11:32:45 [] (unknown:0) - Internationalization .....: disabled, language=
[DEBUG][Qt] 30.01.2024 11:32:45 [] (unknown:0) - Developer mode ...........: enabled
[DEBUG][Qt] 30.01.2024 11:32:45 [] (unknown:0) - Application path .........: D:/Program/Slicer 5.6.1/bin
[DEBUG][Qt] 30.01.2024 11:32:45 [] (unknown:0) - Additional module paths ..: C:/Users/DANG THE HUNG/OneDrive - King's College London/Msc study/7MRI0070 - Navigation in Robotic/Module\My_extension\ImageThreshold, slicer.org/Extensions-32438/DebuggingTools/lib/Slicer-5.6/qt-scripted-modules, C:/Users/DANG THE HUNG/OneDrive - King's College London/Msc study/7MRI0070 - Navigation in Robotic/Module/My_extension\Print_hello_world, C:/Users/DANG THE HUNG/OneDrive - King's College London/Msc study/7MRI0070 - Navigation in Robotic/Module/My_extension\Guided_examples, C:/Users/DANG THE HUNG/OneDrive - King's College London/Msc study/7MRI0070 - Navigation in Robotic/Module/My_extension\Segmentation_k_mean, C:/Users/DANG THE HUNG/OneDrive - King's College London/Msc study/7MRI0070 - Navigation in Robotic/Module/My_extension\My_function
[DEBUG][Python] 30.01.2024 11:33:00 [Python] (D:\Program\Slicer 5.6.1\lib\Slicer-5.6\qt-scripted-modules\SubjectHierarchyPlugins\AbstractScriptedSubjectHierarchyPlugin.py:39) - Scripted subject hierarchy plugin registered: SegmentEditor
[DEBUG][Python] 30.01.2024 11:33:00 [Python] (D:\Program\Slicer 5.6.1\lib\Slicer-5.6\qt-scripted-modules\SubjectHierarchyPlugins\AbstractScriptedSubjectHierarchyPlugin.py:39) - Scripted subject hierarchy plugin registered: SegmentStatistics
[DEBUG][Qt] 30.01.2024 11:33:00 [] (unknown:0) - Switch to module:  "Welcome"
[DEBUG][Qt] 30.01.2024 11:33:02 [] (unknown:0) - Python console user input: slicer.util.loadScene("C:\\Users\\DANG THE HUNG\\OneDrive - King's College London\\Msc study\\7MRI0070 - Navigation in Robotic\\Working\\Week_2_4_test_2024-01-23.mrb")
[DEBUG][Qt] 30.01.2024 11:33:03 [] (unknown:0) - "MRB Slicer Data Bundle" Reader has successfully read the file "C:\\Users\\DANG THE HUNG\\OneDrive - King's College London\\Msc study\\7MRI0070 - Navigation in Robotic\\Working\\Week_2_4_test_2024-01-23.mrb" "[0.69s]"
[DEBUG][Qt] 30.01.2024 11:33:06 [] (unknown:0) - Switch to module:  "Data"
[DEBUG][Qt] 30.01.2024 11:33:34 [] (unknown:0) - Python console user input: slicer.util.array("r_cortexTest")
[INFO][Stream] 30.01.2024 11:33:34 [] (unknown:0) - array([[[0, 0, 0, ..., 0, 0, 0],
[INFO][Stream] 30.01.2024 11:33:34 [] (unknown:0) -         [0, 0, 0, ..., 0, 0, 0],
[INFO][Stream] 30.01.2024 11:33:34 [] (unknown:0) -         [0, 0, 0, ..., 0, 0, 0],
[INFO][Stream] 30.01.2024 11:33:34 [] (unknown:0) -         ...,
[INFO][Stream] 30.01.2024 11:33:34 [] (unknown:0) -         [0, 0, 0, ..., 0, 0, 0],
[INFO][Stream] 30.01.2024 11:33:34 [] (unknown:0) -         [0, 0, 0, ..., 0, 0, 0],
[INFO][Stream] 30.01.2024 11:33:34 [] (unknown:0) -         [0, 0, 0, ..., 0, 0, 0]],
[INFO][Stream] 30.01.2024 11:33:34 [] (unknown:0) -
[INFO][Stream] 30.01.2024 11:33:34 [] (unknown:0) -        [[0, 0, 0, ..., 0, 0, 0],
[INFO][Stream] 30.01.2024 11:33:34 [] (unknown:0) -         [0, 0, 0, ..., 0, 0, 0],
[INFO][Stream] 30.01.2024 11:33:34 [] (unknown:0) -         [0, 0, 0, ..., 0, 0, 0],
[INFO][Stream] 30.01.2024 11:33:34 [] (unknown:0) -         ...,
[INFO][Stream] 30.01.2024 11:33:34 [] (unknown:0) -         [0, 0, 0, ..., 0, 0, 0],
[INFO][Stream] 30.01.2024 11:33:34 [] (unknown:0) -         [0, 0, 0, ..., 0, 0, 0],
[INFO][Stream] 30.01.2024 11:33:34 [] (unknown:0) -         [0, 0, 0, ..., 0, 0, 0]],
[INFO][Stream] 30.01.2024 11:33:34 [] (unknown:0) -
[INFO][Stream] 30.01.2024 11:33:34 [] (unknown:0) -        [[0, 0, 0, ..., 0, 0, 0],
[INFO][Stream] 30.01.2024 11:33:34 [] (unknown:0) -         [0, 0, 0, ..., 0, 0, 0],
[INFO][Stream] 30.01.2024 11:33:34 [] (unknown:0) -         [0, 0, 0, ..., 0, 0, 0],
[INFO][Stream] 30.01.2024 11:33:34 [] (unknown:0) -         ...,
[INFO][Stream] 30.01.2024 11:33:34 [] (unknown:0) -         [0, 0, 0, ..., 0, 0, 0],
[INFO][Stream] 30.01.2024 11:33:34 [] (unknown:0) -         [0, 0, 0, ..., 0, 0, 0],
[INFO][Stream] 30.01.2024 11:33:34 [] (unknown:0) -         [0, 0, 0, ..., 0, 0, 0]],
[INFO][Stream] 30.01.2024 11:33:34 [] (unknown:0) -
[INFO][Stream] 30.01.2024 11:33:34 [] (unknown:0) -        ...,
[INFO][Stream] 30.01.2024 11:33:34 [] (unknown:0) -
[INFO][Stream] 30.01.2024 11:33:34 [] (unknown:0) -        [[0, 0, 0, ..., 0, 0, 0],
[INFO][Stream] 30.01.2024 11:33:34 [] (unknown:0) -         [0, 0, 0, ..., 0, 0, 0],
[INFO][Stream] 30.01.2024 11:33:34 [] (unknown:0) -         [0, 0, 0, ..., 0, 0, 0],
[INFO][Stream] 30.01.2024 11:33:34 [] (unknown:0) -         ...,
[INFO][Stream] 30.01.2024 11:33:34 [] (unknown:0) -         [0, 0, 0, ..., 0, 0, 0],
[INFO][Stream] 30.01.2024 11:33:34 [] (unknown:0) -         [0, 0, 0, ..., 0, 0, 0],
[INFO][Stream] 30.01.2024 11:33:34 [] (unknown:0) -         [0, 0, 0, ..., 0, 0, 0]],
[INFO][Stream] 30.01.2024 11:33:34 [] (unknown:0) -
[INFO][Stream] 30.01.2024 11:33:34 [] (unknown:0) -        [[0, 0, 0, ..., 0, 0, 0],
[INFO][Stream] 30.01.2024 11:33:34 [] (unknown:0) -         [0, 0, 0, ..., 0, 0, 0],
[INFO][Stream] 30.01.2024 11:33:34 [] (unknown:0) -         [0, 0, 0, ..., 0, 0, 0],
[INFO][Stream] 30.01.2024 11:33:34 [] (unknown:0) -         ...,
[INFO][Stream] 30.01.2024 11:33:34 [] (unknown:0) -         [0, 0, 0, ..., 0, 0, 0],
[INFO][Stream] 30.01.2024 11:33:34 [] (unknown:0) -         [0, 0, 0, ..., 0, 0, 0],
[INFO][Stream] 30.01.2024 11:33:34 [] (unknown:0) -         [0, 0, 0, ..., 0, 0, 0]],
[INFO][Stream] 30.01.2024 11:33:34 [] (unknown:0) -
[INFO][Stream] 30.01.2024 11:33:34 [] (unknown:0) -        [[0, 0, 0, ..., 0, 0, 0],
[INFO][Stream] 30.01.2024 11:33:34 [] (unknown:0) -         [0, 0, 0, ..., 0, 0, 0],
[INFO][Stream] 30.01.2024 11:33:34 [] (unknown:0) -         [0, 0, 0, ..., 0, 0, 0],
[INFO][Stream] 30.01.2024 11:33:34 [] (unknown:0) -         ...,
[INFO][Stream] 30.01.2024 11:33:34 [] (unknown:0) -         [0, 0, 0, ..., 0, 0, 0],
[INFO][Stream] 30.01.2024 11:33:34 [] (unknown:0) -         [0, 0, 0, ..., 0, 0, 0],
[INFO][Stream] 30.01.2024 11:33:34 [] (unknown:0) -         [0, 0, 0, ..., 0, 0, 0]]], dtype=uint8)
[DEBUG][Qt] 30.01.2024 11:33:57 [] (unknown:0) - Python console user input: distance_label_map = getNode("r_cortexTest")
[DEBUG][Qt] 30.01.2024 11:34:01 [] (unknown:0) - Python console user input: slicer.util
[INFO][Stream] 30.01.2024 11:34:01 [] (unknown:0) - <module 'slicer.util' from 'D:\\Program\\Slicer 5.6.1\\bin\\Python\\slicer\\util.py'>
[DEBUG][Qt] 30.01.2024 11:34:11 [] (unknown:0) - Python console user input: slicer.util.arrayFromVolume(distance_label_map)
[INFO][Stream] 30.01.2024 11:34:11 [] (unknown:0) - array([[[0, 0, 0, ..., 0, 0, 0],
[INFO][Stream] 30.01.2024 11:34:11 [] (unknown:0) -         [0, 0, 0, ..., 0, 0, 0],
[INFO][Stream] 30.01.2024 11:34:11 [] (unknown:0) -         [0, 0, 0, ..., 0, 0, 0],
[INFO][Stream] 30.01.2024 11:34:11 [] (unknown:0) -         ...,
[INFO][Stream] 30.01.2024 11:34:11 [] (unknown:0) -         [0, 0, 0, ..., 0, 0, 0],
[INFO][Stream] 30.01.2024 11:34:11 [] (unknown:0) -         [0, 0, 0, ..., 0, 0, 0],
[INFO][Stream] 30.01.2024 11:34:11 [] (unknown:0) -         [0, 0, 0, ..., 0, 0, 0]],
[INFO][Stream] 30.01.2024 11:34:11 [] (unknown:0) -
[INFO][Stream] 30.01.2024 11:34:11 [] (unknown:0) -        [[0, 0, 0, ..., 0, 0, 0],
[INFO][Stream] 30.01.2024 11:34:11 [] (unknown:0) -         [0, 0, 0, ..., 0, 0, 0],
[INFO][Stream] 30.01.2024 11:34:11 [] (unknown:0) -         [0, 0, 0, ..., 0, 0, 0],
[INFO][Stream] 30.01.2024 11:34:11 [] (unknown:0) -         ...,
[INFO][Stream] 30.01.2024 11:34:11 [] (unknown:0) -         [0, 0, 0, ..., 0, 0, 0],
[INFO][Stream] 30.01.2024 11:34:11 [] (unknown:0) -         [0, 0, 0, ..., 0, 0, 0],
[INFO][Stream] 30.01.2024 11:34:11 [] (unknown:0) -         [0, 0, 0, ..., 0, 0, 0]],
[INFO][Stream] 30.01.2024 11:34:11 [] (unknown:0) -
[INFO][Stream] 30.01.2024 11:34:11 [] (unknown:0) -        [[0, 0, 0, ..., 0, 0, 0],
[INFO][Stream] 30.01.2024 11:34:11 [] (unknown:0) -         [0, 0, 0, ..., 0, 0, 0],
[INFO][Stream] 30.01.2024 11:34:11 [] (unknown:0) -         [0, 0, 0, ..., 0, 0, 0],
[INFO][Stream] 30.01.2024 11:34:11 [] (unknown:0) -         ...,
[INFO][Stream] 30.01.2024 11:34:11 [] (unknown:0) -         [0, 0, 0, ..., 0, 0, 0],
[INFO][Stream] 30.01.2024 11:34:11 [] (unknown:0) -         [0, 0, 0, ..., 0, 0, 0],
[INFO][Stream] 30.01.2024 11:34:11 [] (unknown:0) -         [0, 0, 0, ..., 0, 0, 0]],
[INFO][Stream] 30.01.2024 11:34:11 [] (unknown:0) -
[INFO][Stream] 30.01.2024 11:34:11 [] (unknown:0) -        ...,
[INFO][Stream] 30.01.2024 11:34:11 [] (unknown:0) -
[INFO][Stream] 30.01.2024 11:34:11 [] (unknown:0) -        [[0, 0, 0, ..., 0, 0, 0],
[INFO][Stream] 30.01.2024 11:34:11 [] (unknown:0) -         [0, 0, 0, ..., 0, 0, 0],
[INFO][Stream] 30.01.2024 11:34:11 [] (unknown:0) -         [0, 0, 0, ..., 0, 0, 0],
[INFO][Stream] 30.01.2024 11:34:11 [] (unknown:0) -         ...,
[INFO][Stream] 30.01.2024 11:34:11 [] (unknown:0) -         [0, 0, 0, ..., 0, 0, 0],
[INFO][Stream] 30.01.2024 11:34:11 [] (unknown:0) -         [0, 0, 0, ..., 0, 0, 0],
[INFO][Stream] 30.01.2024 11:34:11 [] (unknown:0) -         [0, 0, 0, ..., 0, 0, 0]],
[INFO][Stream] 30.01.2024 11:34:11 [] (unknown:0) -
[INFO][Stream] 30.01.2024 11:34:11 [] (unknown:0) -        [[0, 0, 0, ..., 0, 0, 0],
[INFO][Stream] 30.01.2024 11:34:11 [] (unknown:0) -         [0, 0, 0, ..., 0, 0, 0],
[INFO][Stream] 30.01.2024 11:34:11 [] (unknown:0) -         [0, 0, 0, ..., 0, 0, 0],
[INFO][Stream] 30.01.2024 11:34:11 [] (unknown:0) -         ...,
[INFO][Stream] 30.01.2024 11:34:11 [] (unknown:0) -         [0, 0, 0, ..., 0, 0, 0],
[INFO][Stream] 30.01.2024 11:34:11 [] (unknown:0) -         [0, 0, 0, ..., 0, 0, 0],
[INFO][Stream] 30.01.2024 11:34:11 [] (unknown:0) -         [0, 0, 0, ..., 0, 0, 0]],
[INFO][Stream] 30.01.2024 11:34:11 [] (unknown:0) -
[INFO][Stream] 30.01.2024 11:34:11 [] (unknown:0) -        [[0, 0, 0, ..., 0, 0, 0],
[INFO][Stream] 30.01.2024 11:34:11 [] (unknown:0) -         [0, 0, 0, ..., 0, 0, 0],
[INFO][Stream] 30.01.2024 11:34:11 [] (unknown:0) -         [0, 0, 0, ..., 0, 0, 0],
[INFO][Stream] 30.01.2024 11:34:11 [] (unknown:0) -         ...,
[INFO][Stream] 30.01.2024 11:34:11 [] (unknown:0) -         [0, 0, 0, ..., 0, 0, 0],
[INFO][Stream] 30.01.2024 11:34:11 [] (unknown:0) -         [0, 0, 0, ..., 0, 0, 0],
[INFO][Stream] 30.01.2024 11:34:11 [] (unknown:0) -         [0, 0, 0, ..., 0, 0, 0]]], dtype=uint8)
[DEBUG][Qt] 30.01.2024 11:41:34 [] (unknown:0) - Python console user input: import SimpleITK
[DEBUG][Qt] 30.01.2024 11:41:50 [] (unknown:0) - Python console user input: import sitkUtils
[CRITICAL][Stream] 30.01.2024 11:44:11 [] (unknown:0) - Traceback (most recent call last):
[CRITICAL][Stream] 30.01.2024 11:44:11 [] (unknown:0) -   File "<string>", line 4, in <module>
[CRITICAL][Stream] 30.01.2024 11:44:11 [] (unknown:0) - NameError: name 'volumn_node' is not defined
[DEBUG][Qt] 30.01.2024 11:44:33 [] (unknown:0) - Python console user input: volumn_node = getNode("r_cortexTest"))
[CRITICAL][Stream] 30.01.2024 11:44:33 [] (unknown:0) -   File "<console>", line 1
[CRITICAL][Stream] 30.01.2024 11:44:33 [] (unknown:0) -     volumn_node = getNode("r_cortexTest"))
[CRITICAL][Stream] 30.01.2024 11:44:33 [] (unknown:0) -                                          ^
[CRITICAL][Stream] 30.01.2024 11:44:33 [] (unknown:0) - SyntaxError: unmatched ')'
[DEBUG][Qt] 30.01.2024 11:44:35 [] (unknown:0) - Python console user input: volumn_node = getNode("r_cortexTest")
[DEBUG][Qt] 30.01.2024 11:44:43 [] (unknown:0) - Python console user input: array
[INFO][Stream] 30.01.2024 11:44:43 [] (unknown:0) - array([[[18464., 17744., 17056., ..., 15632., 16224., 16848.],
[INFO][Stream] 30.01.2024 11:44:43 [] (unknown:0) -         [17840., 17120., 16432., ..., 14944., 15536., 16160.],
[INFO][Stream] 30.01.2024 11:44:43 [] (unknown:0) -         [17248., 16528., 15840., ..., 14288., 14880., 15504.],
[INFO][Stream] 30.01.2024 11:44:43 [] (unknown:0) -         ...,
[INFO][Stream] 30.01.2024 11:44:43 [] (unknown:0) -         [14096., 13504., 12944., ..., 11744., 12304., 12848.],
[INFO][Stream] 30.01.2024 11:44:43 [] (unknown:0) -         [14688., 14096., 13472., ..., 12320., 12848., 13408.],
[INFO][Stream] 30.01.2024 11:44:43 [] (unknown:0) -         [15280., 14624., 14000., ..., 12880., 13408., 13968.]],
[INFO][Stream] 30.01.2024 11:44:43 [] (unknown:0) -
[INFO][Stream] 30.01.2024 11:44:43 [] (unknown:0) -        [[18000., 17280., 16592., ..., 15184., 15776., 16400.],
[INFO][Stream] 30.01.2024 11:44:43 [] (unknown:0) -         [17376., 16656., 15968., ..., 14544., 15136., 15760.],
[INFO][Stream] 30.01.2024 11:44:43 [] (unknown:0) -         [16784., 16064., 15376., ..., 13888., 14480., 15104.],
[INFO][Stream] 30.01.2024 11:44:43 [] (unknown:0) -         ...,
[INFO][Stream] 30.01.2024 11:44:43 [] (unknown:0) -         [13664., 13072., 12512., ..., 11328., 11856., 12384.],
[INFO][Stream] 30.01.2024 11:44:43 [] (unknown:0) -         [14256., 13632., 13008., ..., 11856., 12384., 12944.],
[INFO][Stream] 30.01.2024 11:44:43 [] (unknown:0) -         [14816., 14160., 13536., ..., 12416., 12944., 13504.]],
[INFO][Stream] 30.01.2024 11:44:43 [] (unknown:0) -
[INFO][Stream] 30.01.2024 11:44:43 [] (unknown:0) -        [[17568., 16848., 16160., ..., 14720., 15312., 15936.],
[INFO][Stream] 30.01.2024 11:44:43 [] (unknown:0) -         [16944., 16224., 15536., ..., 14096., 14688., 15312.],
[INFO][Stream] 30.01.2024 11:44:43 [] (unknown:0) -         [16352., 15632., 14944., ..., 13504., 14096., 14720.],
[INFO][Stream] 30.01.2024 11:44:43 [] (unknown:0) -         ...,
[INFO][Stream] 30.01.2024 11:44:43 [] (unknown:0) -         [13264., 12672., 12080., ..., 10896., 11424., 11952.],
[INFO][Stream] 30.01.2024 11:44:43 [] (unknown:0) -         [13856., 13200., 12576., ..., 11424., 11952., 12512.],
[INFO][Stream] 30.01.2024 11:44:43 [] (unknown:0) -         [14384., 13728., 13104., ..., 11984., 12512., 13072.]],
[INFO][Stream] 30.01.2024 11:44:43 [] (unknown:0) -
[INFO][Stream] 30.01.2024 11:44:43 [] (unknown:0) -        ...,
[INFO][Stream] 30.01.2024 11:44:43 [] (unknown:0) -
[INFO][Stream] 30.01.2024 11:44:43 [] (unknown:0) -        [[25776., 25120., 24464., ..., 23248., 23840., 24464.],
[INFO][Stream] 30.01.2024 11:44:43 [] (unknown:0) -         [24928., 24272., 23616., ..., 22400., 22992., 23616.],
[INFO][Stream] 30.01.2024 11:44:43 [] (unknown:0) -         [24112., 23456., 22800., ..., 21584., 22176., 22800.],
[INFO][Stream] 30.01.2024 11:44:43 [] (unknown:0) -         ...,
[INFO][Stream] 30.01.2024 11:44:43 [] (unknown:0) -         [14976., 14288., 13632., ..., 13008., 13632., 14288.],
[INFO][Stream] 30.01.2024 11:44:43 [] (unknown:0) -         [15504., 14816., 14160., ..., 13536., 14160., 14816.],
[INFO][Stream] 30.01.2024 11:44:43 [] (unknown:0) -         [16064., 15376., 14720., ..., 14096., 14720., 15376.]],
[INFO][Stream] 30.01.2024 11:44:43 [] (unknown:0) -
[INFO][Stream] 30.01.2024 11:44:43 [] (unknown:0) -        [[26464., 25776., 25120., ..., 23904., 24496., 25120.],
[INFO][Stream] 30.01.2024 11:44:43 [] (unknown:0) -         [25616., 24928., 24272., ..., 23056., 23648., 24272.],
[INFO][Stream] 30.01.2024 11:44:43 [] (unknown:0) -         [24800., 24112., 23456., ..., 22240., 22832., 23456.],
[INFO][Stream] 30.01.2024 11:44:43 [] (unknown:0) -         ...,
[INFO][Stream] 30.01.2024 11:44:43 [] (unknown:0) -         [15440., 14752., 14096., ..., 13472., 14096., 14752.],
[INFO][Stream] 30.01.2024 11:44:43 [] (unknown:0) -         [15968., 15280., 14624., ..., 14000., 14624., 15280.],
[INFO][Stream] 30.01.2024 11:44:43 [] (unknown:0) -         [16528., 15840., 15184., ..., 14560., 15184., 15840.]],
[INFO][Stream] 30.01.2024 11:44:43 [] (unknown:0) -
[INFO][Stream] 30.01.2024 11:44:43 [] (unknown:0) -        [[27152., 26464., 25808., ..., 24592., 25184., 25808.],
[INFO][Stream] 30.01.2024 11:44:43 [] (unknown:0) -         [26304., 25616., 24960., ..., 23744., 24336., 24960.],
[INFO][Stream] 30.01.2024 11:44:43 [] (unknown:0) -         [25488., 24800., 24144., ..., 22928., 23520., 24144.],
[INFO][Stream] 30.01.2024 11:44:43 [] (unknown:0) -         ...,
[INFO][Stream] 30.01.2024 11:44:43 [] (unknown:0) -         [15936., 15248., 14592., ..., 13968., 14592., 15248.],
[INFO][Stream] 30.01.2024 11:44:43 [] (unknown:0) -         [16464., 15776., 15120., ..., 14496., 15120., 15776.],
[INFO][Stream] 30.01.2024 11:44:43 [] (unknown:0) -         [17024., 16336., 15680., ..., 15056., 15680., 16336.]]],
[INFO][Stream] 30.01.2024 11:44:43 [] (unknown:0) -       dtype=float32)
[DEBUG][Qt] 30.01.2024 11:44:46 [] (unknown:0) - Python console user input: array.min
[INFO][Stream] 30.01.2024 11:44:46 [] (unknown:0) - <built-in method min of numpy.ndarray object at 0x0000022A75716930>
[DEBUG][Qt] 30.01.2024 11:44:47 [] (unknown:0) - Python console user input: array.min()
[INFO][Stream] 30.01.2024 11:44:47 [] (unknown:0) - 0.0
[DEBUG][Qt] 30.01.2024 11:44:51 [] (unknown:0) - Python console user input: array.min()
[INFO][Stream] 30.01.2024 11:44:51 [] (unknown:0) - 0.0
[DEBUG][Qt] 30.01.2024 11:45:09 [] (unknown:0) - Python console user input: array.min()
[INFO][Stream] 30.01.2024 11:45:09 [] (unknown:0) - 0.0
[DEBUG][Qt] 30.01.2024 11:45:30 [] (unknown:0) - Python console user input: volumn_node = getNode("r_hippoTest")
[DEBUG][Qt] 30.01.2024 11:45:40 [] (unknown:0) - Python console user input: array.min()
[INFO][Stream] 30.01.2024 11:45:40 [] (unknown:0) - 0.0
[DEBUG][Qt] 30.01.2024 11:53:27 [] (unknown:0) - Switch to module:  "ImageThreshold"
[DEBUG][Qt] 30.01.2024 11:53:31 [] (unknown:0) - Switch to module:  "My_function"
[INFO][Stream] 30.01.2024 11:53:32 [] (unknown:0) -
[INFO][Stream] 30.01.2024 11:53:32 [] (unknown:0) -
[INFO][Stream] 30.01.2024 11:53:32 [] (unknown:0) -
[INFO][Stream] 30.01.2024 11:53:32 [] (unknown:0) - ------------------------------
[INFO][Stream] 30.01.2024 11:53:32 [] (unknown:0) - Reloading module: My_function
[INFO][Stream] 30.01.2024 11:53:32 [] (unknown:0) - ------------------------------
[INFO][Stream] 30.01.2024 11:53:32 [] (unknown:0) -
[INFO][Stream] 30.01.2024 11:53:32 [] (unknown:0) -
[INFO][Stream] 30.01.2024 11:53:32 [] (unknown:0) -
[DEBUG][Qt] 30.01.2024 11:53:50 [] (unknown:0) - Switch to module:  "Data"
[DEBUG][Qt] 30.01.2024 11:54:20 [] (unknown:0) - "MRB Slicer Data Bundle" Reader has successfully read the file "C:\\Users\\DANG THE HUNG\\OneDrive - King's College London\\Msc study\\7MRI0070 - Navigation in Robotic\\Working\\Week_2_4_test_2024-01-23.mrb" "[0.65s]"
[DEBUG][Qt] 30.01.2024 11:54:36 [] (unknown:0) - "MRB Slicer Data Bundle" Reader has successfully read the file "C:\\Users\\DANG THE HUNG\\OneDrive - King's College London\\Msc study\\7MRI0070 - Navigation in Robotic\\Working\\Week_2_4_test_2024-01-23.mrb" "[0.63s]"
[DEBUG][Qt] 30.01.2024 11:54:45 [] (unknown:0) - Python console user input: t.find_Pathway_Better(start_point, 1)
[DEBUG][Qt] 30.01.2024 11:55:03 [] (unknown:0) - Python console user input: t.find_Pathway_Better(start_point, 1)
[DEBUG][Qt] 30.01.2024 11:55:04 [] (unknown:0) - Python console user input: t.find_Pathway_Better(start_point, 1)
[DEBUG][Qt] 30.01.2024 11:55:07 [] (unknown:0) - Python console user input: t.find_Pathway_Better(start_point, 1)
[INFO][Stream] 30.01.2024 11:55:07 [] (unknown:0) - Good to go
[DEBUG][Qt] 30.01.2024 11:55:08 [] (unknown:0) - Python console user input: t.find_Pathway_Better(start_point, 1)
[INFO][Stream] 30.01.2024 11:55:08 [] (unknown:0) - Good to go
[DEBUG][Qt] 30.01.2024 11:55:08 [] (unknown:0) - Python console user input: t.find_Pathway_Better(start_point, 1)
[INFO][Stream] 30.01.2024 11:55:08 [] (unknown:0) - Good to go
[DEBUG][Qt] 30.01.2024 11:55:09 [] (unknown:0) - Python console user input: t.find_Pathway_Better(start_point, 1)
[DEBUG][Qt] 30.01.2024 11:55:15 [] (unknown:0) - Python console user input: t.find_Pathway_Better(start_point, 1)
[DEBUG][Qt] 30.01.2024 11:55:15 [] (unknown:0) - Python console user input: t.find_Pathway_Better(start_point, 1)
[DEBUG][Qt] 30.01.2024 11:55:16 [] (unknown:0) - Python console user input: t.find_Pathway_Better(start_point, 1)
[INFO][Stream] 30.01.2024 11:55:16 [] (unknown:0) - Good to go
[DEBUG][Qt] 30.01.2024 11:55:16 [] (unknown:0) - Python console user input: t.find_Pathway_Better(start_point, 1)
[INFO][Stream] 30.01.2024 11:55:16 [] (unknown:0) - Good to go
[DEBUG][Qt] 30.01.2024 11:55:17 [] (unknown:0) - Python console user input: t.find_Pathway_Better(start_point, 1)
[DEBUG][Qt] 30.01.2024 11:55:17 [] (unknown:0) - Python console user input: t.find_Pathway_Better(start_point, 1)
[INFO][Stream] 30.01.2024 11:55:17 [] (unknown:0) - Good to go
[DEBUG][Qt] 30.01.2024 11:55:18 [] (unknown:0) - Python console user input: t.find_Pathway_Better(start_point, 1)
[INFO][Stream] 30.01.2024 11:55:18 [] (unknown:0) - Good to go
[DEBUG][Qt] 30.01.2024 11:55:18 [] (unknown:0) - Python console user input: t.find_Pathway_Better(start_point, 1)
[INFO][Stream] 30.01.2024 11:55:18 [] (unknown:0) - Good to go
[DEBUG][Qt] 30.01.2024 11:55:19 [] (unknown:0) - Python console user input: t.find_Pathway_Better(start_point, 1)
[DEBUG][Qt] 30.01.2024 11:55:19 [] (unknown:0) - Python console user input: t.find_Pathway_Better(start_point, 1)
[INFO][Stream] 30.01.2024 11:55:19 [] (unknown:0) - Good to go
[DEBUG][Qt] 30.01.2024 11:55:19 [] (unknown:0) - Python console user input: t.find_Pathway_Better(start_point, 1)
[DEBUG][Qt] 30.01.2024 11:55:20 [] (unknown:0) - Python console user input: t.find_Pathway_Better(start_point, 1)
[INFO][Stream] 30.01.2024 11:55:20 [] (unknown:0) - Good to go
[DEBUG][Qt] 30.01.2024 11:55:20 [] (unknown:0) - Python console user input: t.find_Pathway_Better(start_point, 1)
[DEBUG][Qt] 30.01.2024 11:55:21 [] (unknown:0) - Python console user input: t.find_Pathway_Better(start_point, 1)
[INFO][Stream] 30.01.2024 11:55:21 [] (unknown:0) - Good to go
[DEBUG][Qt] 30.01.2024 11:55:21 [] (unknown:0) - Python console user input: t.find_Pathway_Better(start_point, 1)
[DEBUG][Qt] 30.01.2024 11:55:21 [] (unknown:0) - Python console user input: t.find_Pathway_Better(start_point, 1)
[DEBUG][Qt] 30.01.2024 11:55:22 [] (unknown:0) - Python console user input: t.find_Pathway_Better(start_point, 1)
[DEBUG][Qt] 30.01.2024 11:55:22 [] (unknown:0) - Python console user input: t.find_Pathway_Better(start_point, 1)
[INFO][Stream] 30.01.2024 11:55:22 [] (unknown:0) - Good to go
[DEBUG][Qt] 30.01.2024 11:55:22 [] (unknown:0) - Python console user input: t.find_Pathway_Better(start_point, 1)
[INFO][Stream] 30.01.2024 11:55:23 [] (unknown:0) - Good to go
[DEBUG][Qt] 30.01.2024 11:55:23 [] (unknown:0) - Python console user input: t.find_Pathway_Better(start_point, 1)
[DEBUG][Qt] 30.01.2024 11:55:23 [] (unknown:0) - Python console user input: t.find_Pathway_Better(start_point, 1)
[DEBUG][Qt] 30.01.2024 11:55:24 [] (unknown:0) - Python console user input: t.find_Pathway_Better(start_point, 1)
[DEBUG][Qt] 30.01.2024 11:55:24 [] (unknown:0) - Python console user input: t.find_Pathway_Better(start_point, 1)
[DEBUG][Qt] 30.01.2024 11:55:25 [] (unknown:0) - Python console user input: t.find_Pathway_Better(start_point, 1)
[INFO][Stream] 30.01.2024 11:55:25 [] (unknown:0) - Good to go
[DEBUG][Qt] 30.01.2024 11:55:25 [] (unknown:0) - Python console user input: t.find_Pathway_Better(start_point, 1)
[DEBUG][Qt] 30.01.2024 11:55:26 [] (unknown:0) - Python console user input: t.find_Pathway_Better(start_point, 1)
[DEBUG][Qt] 30.01.2024 11:55:26 [] (unknown:0) - Python console user input: t.find_Pathway_Better(start_point, 1)
[INFO][Stream] 30.01.2024 11:55:26 [] (unknown:0) - Good to go
[DEBUG][Qt] 30.01.2024 11:55:32 [] (unknown:0) - Python console user input: t.find_Pathway_Better(start_point, 1)
[INFO][Stream] 30.01.2024 11:55:32 [] (unknown:0) - Good to go
[DEBUG][Qt] 30.01.2024 11:55:33 [] (unknown:0) - Python console user input: t.find_Pathway_Better(start_point, 1)
[DEBUG][Qt] 30.01.2024 11:55:33 [] (unknown:0) - Python console user input: t.find_Pathway_Better(start_point, 1)
[INFO][Stream] 30.01.2024 11:55:33 [] (unknown:0) - Good to go
[DEBUG][Qt] 30.01.2024 11:55:34 [] (unknown:0) - Python console user input: t.find_Pathway_Better(start_point, 1)
[INFO][Stream] 30.01.2024 11:55:34 [] (unknown:0) - Good to go
[DEBUG][Qt] 30.01.2024 11:55:34 [] (unknown:0) - Python console user input: t.find_Pathway_Better(start_point, 1)
[DEBUG][Qt] 30.01.2024 11:55:34 [] (unknown:0) - Python console user input: t.find_Pathway_Better(start_point, 1)
[DEBUG][Qt] 30.01.2024 11:55:35 [] (unknown:0) - Python console user input: t.find_Pathway_Better(start_point, 1)
[INFO][Stream] 30.01.2024 11:55:35 [] (unknown:0) - Good to go
[DEBUG][Qt] 30.01.2024 11:55:35 [] (unknown:0) - Python console user input: t.find_Pathway_Better(start_point, 1)
[INFO][Stream] 30.01.2024 11:55:35 [] (unknown:0) - Good to go
[DEBUG][Qt] 30.01.2024 11:55:35 [] (unknown:0) - Python console user input: t.find_Pathway_Better(start_point, 1)
[INFO][Stream] 30.01.2024 11:55:35 [] (unknown:0) - Good to go
[DEBUG][Qt] 30.01.2024 11:55:35 [] (unknown:0) - Python console user input: t.find_Pathway_Better(start_point, 1)
[DEBUG][Qt] 30.01.2024 11:55:36 [] (unknown:0) - Python console user input: t.find_Pathway_Better(start_point, 1)
[DEBUG][Qt] 30.01.2024 11:55:36 [] (unknown:0) - Python console user input: t.find_Pathway_Better(start_point, 1)
[DEBUG][Qt] 30.01.2024 11:55:36 [] (unknown:0) - Python console user input: t.find_Pathway_Better(start_point, 1)
[DEBUG][Qt] 30.01.2024 11:55:37 [] (unknown:0) - Python console user input: t.find_Pathway_Better(start_point, 1)
[DEBUG][Qt] 30.01.2024 11:55:37 [] (unknown:0) - Python console user input: t.find_Pathway_Better(start_point, 1)
[INFO][Stream] 30.01.2024 11:55:37 [] (unknown:0) - Good to go
[DEBUG][Qt] 30.01.2024 11:55:37 [] (unknown:0) - Python console user input: t.find_Pathway_Better(start_point, 1)
[CRITICAL][Stream] 30.01.2024 11:55:37 [] (unknown:0) - Traceback (most recent call last):
[CRITICAL][Stream] 30.01.2024 11:55:37 [] (unknown:0) -   File "<console>", line 1, in <module>
[CRITICAL][Stream] 30.01.2024 11:55:37 [] (unknown:0) -   File "C:/Users/DANG THE HUNG/OneDrive - King's College London/Msc study/7MRI0070 - Navigation in Robotic/Module/My_extension/My_function/My_function.py", line 489, in find_Pathway_Better
[CRITICAL][Stream] 30.01.2024 11:55:37 [] (unknown:0) -     random_item = random.choice(self.randomlist)
[CRITICAL][Stream] 30.01.2024 11:55:37 [] (unknown:0) -   File "D:\Program\Slicer 5.6.1\lib\Python\Lib\random.py", line 346, in choice
[CRITICAL][Stream] 30.01.2024 11:55:37 [] (unknown:0) -     return seq[self._randbelow(len(seq))]
[CRITICAL][Stream] 30.01.2024 11:55:37 [] (unknown:0) - IndexError: list index out of range
[DEBUG][Qt] 30.01.2024 11:55:37 [] (unknown:0) - Python console user input: t.find_Pathway_Better(start_point, 1)
[CRITICAL][Stream] 30.01.2024 11:55:37 [] (unknown:0) - Traceback (most recent call last):
[CRITICAL][Stream] 30.01.2024 11:55:37 [] (unknown:0) -   File "<console>", line 1, in <module>
[CRITICAL][Stream] 30.01.2024 11:55:37 [] (unknown:0) -   File "C:/Users/DANG THE HUNG/OneDrive - King's College London/Msc study/7MRI0070 - Navigation in Robotic/Module/My_extension/My_function/My_function.py", line 489, in find_Pathway_Better
[CRITICAL][Stream] 30.01.2024 11:55:37 [] (unknown:0) -     random_item = random.choice(self.randomlist)
[CRITICAL][Stream] 30.01.2024 11:55:37 [] (unknown:0) -   File "D:\Program\Slicer 5.6.1\lib\Python\Lib\random.py", line 346, in choice
[CRITICAL][Stream] 30.01.2024 11:55:37 [] (unknown:0) -     return seq[self._randbelow(len(seq))]
[CRITICAL][Stream] 30.01.2024 11:55:37 [] (unknown:0) - IndexError: list index out of range
[DEBUG][Qt] 30.01.2024 11:55:38 [] (unknown:0) - Python console user input: t.find_Pathway_Better(start_point, 1)
[CRITICAL][Stream] 30.01.2024 11:55:38 [] (unknown:0) - Traceback (most recent call last):
[CRITICAL][Stream] 30.01.2024 11:55:38 [] (unknown:0) -   File "<console>", line 1, in <module>
[CRITICAL][Stream] 30.01.2024 11:55:38 [] (unknown:0) -   File "C:/Users/DANG THE HUNG/OneDrive - King's College London/Msc study/7MRI0070 - Navigation in Robotic/Module/My_extension/My_function/My_function.py", line 489, in find_Pathway_Better
[CRITICAL][Stream] 30.01.2024 11:55:38 [] (unknown:0) -     random_item = random.choice(self.randomlist)
[CRITICAL][Stream] 30.01.2024 11:55:38 [] (unknown:0) -   File "D:\Program\Slicer 5.6.1\lib\Python\Lib\random.py", line 346, in choice
[CRITICAL][Stream] 30.01.2024 11:55:38 [] (unknown:0) -     return seq[self._randbelow(len(seq))]
[CRITICAL][Stream] 30.01.2024 11:55:38 [] (unknown:0) - IndexError: list index out of range
[CRITICAL][Qt] 30.01.2024 11:56:33 [] (unknown:0) - bool __cdecl qMRMLSubjectHierarchyModel::reparent(__int64,__int64) : Failed to reparent virtual item  qualified_Line_angle_15.7_degree_distance: -10.20773172961489 mm Copy  under parent  SegmentationvesselsTestDilate1
[WARNING][Qt] 30.01.2024 11:56:52 [] (unknown:0) - QSortFilterProxyModel: inconsistent changes reported by source model
[DEBUG][Qt] 30.01.2024 11:57:35 [] (unknown:0) - Switch to module:  "My_function"
[CRITICAL][Stream] 30.01.2024 11:57:35 [] (unknown:0) - D:\Program\Slicer 5.6.1\bin\Python\slicer\util.py:2786: UserWarning: does not have observer
[CRITICAL][Stream] 30.01.2024 11:57:35 [] (unknown:0) -   warn("does not have observer")
[INFO][Stream] 30.01.2024 11:57:36 [] (unknown:0) -
[INFO][Stream] 30.01.2024 11:57:36 [] (unknown:0) -
[INFO][Stream] 30.01.2024 11:57:36 [] (unknown:0) -
[INFO][Stream] 30.01.2024 11:57:36 [] (unknown:0) - ------------------------------
[INFO][Stream] 30.01.2024 11:57:36 [] (unknown:0) - Reloading module: My_function
[INFO][Stream] 30.01.2024 11:57:36 [] (unknown:0) - ------------------------------
[INFO][Stream] 30.01.2024 11:57:36 [] (unknown:0) -
[INFO][Stream] 30.01.2024 11:57:36 [] (unknown:0) -
[INFO][Stream] 30.01.2024 11:57:36 [] (unknown:0) -
[DEBUG][Qt] 30.01.2024 11:57:49 [] (unknown:0) - Switch to module:  "Data"
[DEBUG][Qt] 30.01.2024 11:58:07 [] (unknown:0) - Python console user input: t.find_Pathway_Better(start_point, 1)
[DEBUG][Qt] 30.01.2024 11:58:09 [] (unknown:0) - Python console user input: t.find_Pathway_Better(start_point, 1)
[INFO][Stream] 30.01.2024 11:58:09 [] (unknown:0) - Good to go
[DEBUG][Qt] 30.01.2024 11:58:09 [] (unknown:0) - Python console user input: t.find_Pathway_Better(start_point, 1)
[DEBUG][Qt] 30.01.2024 11:58:09 [] (unknown:0) - Python console user input: t.find_Pathway_Better(start_point, 1)
[INFO][Stream] 30.01.2024 11:58:09 [] (unknown:0) - Good to go
[DEBUG][Qt] 30.01.2024 11:58:09 [] (unknown:0) - Python console user input: t.find_Pathway_Better(start_point, 1)
[INFO][Stream] 30.01.2024 11:58:09 [] (unknown:0) - Good to go
[DEBUG][Qt] 30.01.2024 11:58:10 [] (unknown:0) - Python console user input: t.find_Pathway_Better(start_point, 1)
[INFO][Stream] 30.01.2024 11:58:10 [] (unknown:0) - Good to go
[DEBUG][Qt] 30.01.2024 11:58:10 [] (unknown:0) - Python console user input: t.find_Pathway_Better(start_point, 1)
[DEBUG][Qt] 30.01.2024 11:58:10 [] (unknown:0) - Python console user input: t.find_Pathway_Better(start_point, 1)
[DEBUG][Qt] 30.01.2024 11:58:10 [] (unknown:0) - Python console user input: t.find_Pathway_Better(start_point, 1)
[DEBUG][Qt] 30.01.2024 11:58:10 [] (unknown:0) - Python console user input: t.find_Pathway_Better(start_point, 1)
[DEBUG][Qt] 30.01.2024 11:58:11 [] (unknown:0) - Python console user input: t.find_Pathway_Better(start_point, 1)
[INFO][Stream] 30.01.2024 11:58:11 [] (unknown:0) - Good to go
[DEBUG][Qt] 30.01.2024 11:58:11 [] (unknown:0) - Python console user input: t.find_Pathway_Better(start_point, 1)
[DEBUG][Qt] 30.01.2024 11:58:11 [] (unknown:0) - Python console user input: t.find_Pathway_Better(start_point, 1)
[INFO][Stream] 30.01.2024 11:58:11 [] (unknown:0) - Good to go
[DEBUG][Qt] 30.01.2024 11:58:11 [] (unknown:0) - Python console user input: t.find_Pathway_Better(start_point, 1)
[DEBUG][Qt] 30.01.2024 11:58:11 [] (unknown:0) - Python console user input: t.find_Pathway_Better(start_point, 1)
[DEBUG][Qt] 30.01.2024 11:58:38 [] (unknown:0) - Switch to module:  ""
