[DEBUG][Qt] 06.02.2024 11:52:27 [] (unknown:0) - Session start time .......: 20240206_115227
[DEBUG][Qt] 06.02.2024 11:52:27 [] (unknown:0) - Slicer version ...........: 5.6.1 (revision 32438 / 117ce5f) win-amd64 - installed release
[DEBUG][Qt] 06.02.2024 11:52:27 [] (unknown:0) - Operating system .........: Windows /  Personal / (Build 22621, Code Page 65001) - 64-bit
[DEBUG][Qt] 06.02.2024 11:52:27 [] (unknown:0) - Memory ...................: 7834 MB physical, 12954 MB virtual
[DEBUG][Qt] 06.02.2024 11:52:27 [] (unknown:0) - CPU ......................: GenuineIntel , 8 cores, 8 logical processors
[DEBUG][Qt] 06.02.2024 11:52:27 [] (unknown:0) - VTK configuration ........: OpenGL2 rendering, TBB threading
[DEBUG][Qt] 06.02.2024 11:52:27 [] (unknown:0) - Qt configuration .........: version 5.15.2, with SSL, requested OpenGL 3.2 (compatibility profile)
[DEBUG][Qt] 06.02.2024 11:52:27 [] (unknown:0) - Internationalization .....: disabled, language=
[DEBUG][Qt] 06.02.2024 11:52:27 [] (unknown:0) - Developer mode ...........: enabled
[DEBUG][Qt] 06.02.2024 11:52:27 [] (unknown:0) - Application path .........: D:/Program/Slicer 5.6.1/bin
[DEBUG][Qt] 06.02.2024 11:52:27 [] (unknown:0) - Additional module paths ..: C:/Users/DANG THE HUNG/OneDrive - King's College London/Msc study/7MRI0070 - Navigation in Robotic/Module\My_extension\ImageThreshold, slicer.org/Extensions-32438/DebuggingTools/lib/Slicer-5.6/qt-scripted-modules, C:/Users/DANG THE HUNG/OneDrive - King's College London/Msc study/7MRI0070 - Navigation in Robotic/Module/My_extension\Print_hello_world, C:/Users/DANG THE HUNG/OneDrive - King's College London/Msc study/7MRI0070 - Navigation in Robotic/Module/My_extension\Guided_examples, C:/Users/DANG THE HUNG/OneDrive - King's College London/Msc study/7MRI0070 - Navigation in Robotic/Module/My_extension\Segmentation_k_mean, C:/Users/DANG THE HUNG/OneDrive - King's College London/Msc study/7MRI0070 - Navigation in Robotic/Module/My_extension\My_function
[DEBUG][Python] 06.02.2024 11:52:30 [Python] (D:\Program\Slicer 5.6.1\lib\Slicer-5.6\qt-scripted-modules\SubjectHierarchyPlugins\AbstractScriptedSubjectHierarchyPlugin.py:39) - Scripted subject hierarchy plugin registered: SegmentEditor
[DEBUG][Python] 06.02.2024 11:52:30 [Python] (D:\Program\Slicer 5.6.1\lib\Slicer-5.6\qt-scripted-modules\SubjectHierarchyPlugins\AbstractScriptedSubjectHierarchyPlugin.py:39) - Scripted subject hierarchy plugin registered: SegmentStatistics
[DEBUG][Qt] 06.02.2024 11:52:30 [] (unknown:0) - Switch to module:  "Welcome"
[DEBUG][Qt] 06.02.2024 11:52:36 [] (unknown:0) - Switch to module:  "My_function"
[DEBUG][Qt] 06.02.2024 11:54:53 [] (unknown:0) - Switch to module:  "ExtensionWizard"
[DEBUG][Python] 06.02.2024 11:55:10 [Python] (D:\Program\Slicer 5.6.1\lib\Python\Lib\site-packages\git\cmd.py:977) - Popen(['git', 'version'], cwd=D:\Program\Slicer 5.6.1, universal_newlines=False, shell=None, istream=None)
[DEBUG][Python] 06.02.2024 11:55:10 [Python] (D:\Program\Slicer 5.6.1\lib\Python\Lib\site-packages\git\cmd.py:977) - Popen(['git', 'version'], cwd=D:\Program\Slicer 5.6.1, universal_newlines=False, shell=None, istream=None)
[DEBUG][Python] 06.02.2024 11:55:10 [Python] (D:\Program\Slicer 5.6.1\bin\Python\SlicerWizard\Utilities.py:429) - "C:/Users/DANG THE HUNG/OneDrive - King's College London/Msc study/7MRI0070 - Navigation in Robotic/Module/My_extension" is not a git repository
[DEBUG][Python] 06.02.2024 11:55:10 [Python] (D:\Program\Slicer 5.6.1\bin\Python\SlicerWizard\Utilities.py:438) - "C:/Users/DANG THE HUNG/OneDrive - King's College London/Msc study/7MRI0070 - Navigation in Robotic/Module/My_extension" is not a svn repository
[DEBUG][Python] 06.02.2024 11:55:10 [Python] (D:\Program\Slicer 5.6.1\lib\Python\Lib\site-packages\charset_normalizer\api.py:439) - Encoding detection: ascii is most likely the one.
[DEBUG][Python] 06.02.2024 11:55:10 [Python] (D:\Program\Slicer 5.6.1\lib\Python\Lib\site-packages\charset_normalizer\api.py:439) - Encoding detection: ascii is most likely the one.
[INFO][Python] 06.02.2024 11:55:25 [Python] (D:\Program\Slicer 5.6.1\bin\Python\SlicerWizard\TemplateManager.py:175) - copy template 'D:\Program\Slicer 5.6.1\share\Slicer-5.6\Wizard\Templates\Modules\Scripted' to 'C:/Users/DANG THE HUNG/OneDrive - King's College London/Msc study/7MRI0070 - Navigation in Robotic/Module/My_extension\Pathway_planning', replacing 'TemplateKey' -> 'Pathway_planning'
[INFO][Python] 06.02.2024 11:55:25 [Python] (D:\Program\Slicer 5.6.1\bin\Python\SlicerWizard\TemplateManager.py:83) - creating 'C:/Users/DANG THE HUNG/OneDrive - King's College London/Msc study/7MRI0070 - Navigation in Robotic/Module/My_extension\Pathway_planning\CMakeLists.txt'
[DEBUG][Python] 06.02.2024 11:55:25 [Python] (D:\Program\Slicer 5.6.1\lib\Python\Lib\site-packages\charset_normalizer\api.py:439) - Encoding detection: ascii is most likely the one.
[INFO][Python] 06.02.2024 11:55:25 [Python] (D:\Program\Slicer 5.6.1\bin\Python\SlicerWizard\TemplateManager.py:83) - creating 'C:/Users/DANG THE HUNG/OneDrive - King's College London/Msc study/7MRI0070 - Navigation in Robotic/Module/My_extension\Pathway_planning\Pathway_planning.py'
[DEBUG][Python] 06.02.2024 11:55:25 [Python] (D:\Program\Slicer 5.6.1\lib\Python\Lib\site-packages\charset_normalizer\api.py:439) - Encoding detection: ascii is most likely the one.
[INFO][Python] 06.02.2024 11:55:25 [Python] (D:\Program\Slicer 5.6.1\bin\Python\SlicerWizard\TemplateManager.py:83) - creating 'C:/Users/DANG THE HUNG/OneDrive - King's College London/Msc study/7MRI0070 - Navigation in Robotic/Module/My_extension\Pathway_planning\Resources\Icons\Pathway_planning.png'
[DEBUG][Python] 06.02.2024 11:55:25 [Python] (D:\Program\Slicer 5.6.1\lib\Python\Lib\site-packages\charset_normalizer\api.py:493) - Encoding detection: Unable to determine any suitable charset.
[INFO][Python] 06.02.2024 11:55:25 [Python] (D:\Program\Slicer 5.6.1\bin\Python\SlicerWizard\TemplateManager.py:83) - creating 'C:/Users/DANG THE HUNG/OneDrive - King's College London/Msc study/7MRI0070 - Navigation in Robotic/Module/My_extension\Pathway_planning\Resources\UI\Pathway_planning.ui'
[DEBUG][Python] 06.02.2024 11:55:25 [Python] (D:\Program\Slicer 5.6.1\lib\Python\Lib\site-packages\charset_normalizer\api.py:439) - Encoding detection: utf_8 is most likely the one.
[INFO][Python] 06.02.2024 11:55:25 [Python] (D:\Program\Slicer 5.6.1\bin\Python\SlicerWizard\TemplateManager.py:83) - creating 'C:/Users/DANG THE HUNG/OneDrive - King's College London/Msc study/7MRI0070 - Navigation in Robotic/Module/My_extension\Pathway_planning\Testing\CMakeLists.txt'
[DEBUG][Python] 06.02.2024 11:55:25 [Python] (D:\Program\Slicer 5.6.1\lib\Python\Lib\site-packages\charset_normalizer\api.py:439) - Encoding detection: ascii is most likely the one.
[INFO][Python] 06.02.2024 11:55:25 [Python] (D:\Program\Slicer 5.6.1\bin\Python\SlicerWizard\TemplateManager.py:83) - creating 'C:/Users/DANG THE HUNG/OneDrive - King's College London/Msc study/7MRI0070 - Navigation in Robotic/Module/My_extension\Pathway_planning\Testing\Python\CMakeLists.txt'
[DEBUG][Python] 06.02.2024 11:55:25 [Python] (D:\Program\Slicer 5.6.1\lib\Python\Lib\site-packages\charset_normalizer\api.py:439) - Encoding detection: ascii is most likely the one.
[DEBUG][Qt] 06.02.2024 11:55:45 [] (unknown:0) - Switch to module:  "Pathway_planning"
[DEBUG][Qt] 06.02.2024 12:01:24 [] (unknown:0) - Switch to module:  ""
