[DEBUG][Qt] 23.03.2024 20:34:27 [] (unknown:0) - Session start time .......: 20240323_203427
[DEBUG][Qt] 23.03.2024 20:34:27 [] (unknown:0) - Slicer version ...........: 5.6.1 (revision 32438 / 117ce5f) win-amd64 - installed release
[DEBUG][Qt] 23.03.2024 20:34:27 [] (unknown:0) - Operating system .........: Windows /  Personal / (Build 22621, Code Page 65001) - 64-bit
[DEBUG][Qt] 23.03.2024 20:34:27 [] (unknown:0) - Memory ...................: 7834 MB physical, 12186 MB virtual
[DEBUG][Qt] 23.03.2024 20:34:27 [] (unknown:0) - CPU ......................: GenuineIntel , 8 cores, 8 logical processors
[DEBUG][Qt] 23.03.2024 20:34:27 [] (unknown:0) - VTK configuration ........: OpenGL2 rendering, TBB threading
[DEBUG][Qt] 23.03.2024 20:34:27 [] (unknown:0) - Qt configuration .........: version 5.15.2, with SSL, requested OpenGL 3.2 (compatibility profile)
[DEBUG][Qt] 23.03.2024 20:34:27 [] (unknown:0) - Internationalization .....: disabled, language=
[DEBUG][Qt] 23.03.2024 20:34:27 [] (unknown:0) - Developer mode ...........: enabled
[DEBUG][Qt] 23.03.2024 20:34:27 [] (unknown:0) - Application path .........: D:/Program/Slicer 5.6.1/bin
[DEBUG][Qt] 23.03.2024 20:34:27 [] (unknown:0) - Additional module paths ..: C:/Users/DANG THE HUNG/OneDrive - King's College London/Msc study/7MRI0070 - Navigation in Robotic/Module\My_extension\ImageThreshold, slicer.org/Extensions-32438/DebuggingTools/lib/Slicer-5.6/qt-scripted-modules, C:/Users/DANG THE HUNG/OneDrive - King's College London/Msc study/7MRI0070 - Navigation in Robotic/Module/My_extension\Print_hello_world, C:/Users/DANG THE HUNG/OneDrive - King's College London/Msc study/7MRI0070 - Navigation in Robotic/Module/My_extension\Guided_examples, C:/Users/DANG THE HUNG/OneDrive - King's College London/Msc study/7MRI0070 - Navigation in Robotic/Module/My_extension\Segmentation_k_mean, C:/Users/DANG THE HUNG/OneDrive - King's College London/Msc study/7MRI0070 - Navigation in Robotic/Module/My_extension\My_function, C:/Users/DANG THE HUNG/OneDrive - King's College London/Msc study/7MRI0070 - Navigation in Robotic/Module/My_extension\Pathway_planning
[DEBUG][Python] 23.03.2024 20:34:43 [Python] (D:\Program\Slicer 5.6.1\lib\Slicer-5.6\qt-scripted-modules\SubjectHierarchyPlugins\AbstractScriptedSubjectHierarchyPlugin.py:39) - Scripted subject hierarchy plugin registered: SegmentEditor
[DEBUG][Python] 23.03.2024 20:34:43 [Python] (D:\Program\Slicer 5.6.1\lib\Slicer-5.6\qt-scripted-modules\SubjectHierarchyPlugins\AbstractScriptedSubjectHierarchyPlugin.py:39) - Scripted subject hierarchy plugin registered: SegmentStatistics
[DEBUG][Qt] 23.03.2024 20:34:43 [] (unknown:0) - Switch to module:  "Welcome"
[DEBUG][Qt] 23.03.2024 20:37:45 [] (unknown:0) - "Volume" Reader has successfully read the file "D:/Code/3D_slicer/Navigation_robotics/Data/BrainParcellation/brainstem.nii.gz" "[0.08s]"
[DEBUG][Qt] 23.03.2024 20:37:45 [] (unknown:0) - "Volume" Reader has successfully read the file "D:/Code/3D_slicer/Navigation_robotics/Data/BrainParcellation/cortex.nii.gz" "[0.03s]"
[DEBUG][Qt] 23.03.2024 20:37:45 [] (unknown:0) - "Markups" Reader has successfully read the file "D:/Code/3D_slicer/Navigation_robotics/Data/BrainParcellation/entries.fcsv" "[0.03s]"
[DEBUG][Qt] 23.03.2024 20:37:45 [] (unknown:0) - "Volume" Reader has successfully read the file "D:/Code/3D_slicer/Navigation_robotics/Data/BrainParcellation/fakeBrain.nii.gz" "[0.25s]"
[DEBUG][Qt] 23.03.2024 20:37:45 [] (unknown:0) - "Volume" Reader has successfully read the file "D:/Code/3D_slicer/Navigation_robotics/Data/BrainParcellation/parcellation.nii.gz" "[0.13s]"
[DEBUG][Qt] 23.03.2024 20:37:45 [] (unknown:0) - "Volume" Reader has successfully read the file "D:/Code/3D_slicer/Navigation_robotics/Data/BrainParcellation/r_hippo.nii.gz" "[0.03s]"
[DEBUG][Qt] 23.03.2024 20:37:45 [] (unknown:0) - "Volume" Reader has successfully read the file "D:/Code/3D_slicer/Navigation_robotics/Data/BrainParcellation/r_mtg.nii.gz" "[0.03s]"
[DEBUG][Qt] 23.03.2024 20:37:45 [] (unknown:0) - "Markups" Reader has successfully read the file "D:/Code/3D_slicer/Navigation_robotics/Data/BrainParcellation/targets.fcsv" "[0.02s]"
[DEBUG][Qt] 23.03.2024 20:37:45 [] (unknown:0) - "Volume" Reader has successfully read the file "D:/Code/3D_slicer/Navigation_robotics/Data/BrainParcellation/ventricles.nii.gz" "[0.03s]"
[DEBUG][Qt] 23.03.2024 20:37:45 [] (unknown:0) - "Volume" Reader has successfully read the file "D:/Code/3D_slicer/Navigation_robotics/Data/BrainParcellation/vessels.nii.gz" "[0.04s]"
[DEBUG][Qt] 23.03.2024 20:37:47 [] (unknown:0) - Switch to module:  "Data"
[DEBUG][Qt] 23.03.2024 20:38:22 [] (unknown:0) - void __cdecl qSlicerSaveDataDialogPrivate::updateStatusIconFromMessageCollection(int,class vtkMRMLMessageCollection *,bool) Data save information: ""
[DEBUG][Qt] 23.03.2024 20:38:57 [] (unknown:0) - Python console user input: slicer.util.loadScene("D:\Code\3D_slicer\Navigation_robotics\Data\BrainParcellation\2024-03-23-Scene.mrml")
[CRITICAL][Stream] 23.03.2024 20:38:57 [] (unknown:0) -   File "<console>", line 1
[CRITICAL][Stream] 23.03.2024 20:38:57 [] (unknown:0) -     slicer.util.loadScene("D:\Code\3D_slicer\Navigation_robotics\Data\BrainParcellation\2024-03-23-Scene.mrml")
[CRITICAL][Stream] 23.03.2024 20:38:57 [] (unknown:0) -                                                                                                               ^
[CRITICAL][Stream] 23.03.2024 20:38:57 [] (unknown:0) - SyntaxError: (unicode error) 'unicodeescape' codec can't decode bytes in position 17-18: malformed \N character escape
[DEBUG][Qt] 23.03.2024 20:39:13 [] (unknown:0) - Python console user input: slicer.util.loadScene("D:\\Code\\3D_slicer\\Navigation_robotics\\Data\\BrainParcellation\\2024-03-23-Scene.mrml")
[DEBUG][Qt] 23.03.2024 20:39:14 [] (unknown:0) - "MRML Scene" Reader has successfully read the file "D:\\Code\\3D_slicer\\Navigation_robotics\\Data\\BrainParcellation\\2024-03-23-Scene.mrml" "[0.60s]"
[DEBUG][Qt] 23.03.2024 20:39:51 [] (unknown:0) - Python console user input: slicer.util.loadScene("D:\\Code\\3D_slicer\\Navigation_robotics\\Data\\BrainParcellation\\2024-03-23-Scene.mrml")
[DEBUG][Qt] 23.03.2024 20:39:51 [] (unknown:0) - "MRML Scene" Reader has successfully read the file "D:\\Code\\3D_slicer\\Navigation_robotics\\Data\\BrainParcellation\\2024-03-23-Scene.mrml" "[0.57s]"
[DEBUG][Qt] 23.03.2024 20:39:56 [] (unknown:0) - Switch to module:  "Welcome"
[DEBUG][Qt] 23.03.2024 20:40:00 [] (unknown:0) - Switch to module:  "Pathway_planning"
[INFO][Stream] 23.03.2024 20:40:07 [] (unknown:0) -
[INFO][Stream] 23.03.2024 20:40:07 [] (unknown:0) -
[INFO][Stream] 23.03.2024 20:40:07 [] (unknown:0) -
[INFO][Stream] 23.03.2024 20:40:07 [] (unknown:0) - ------------------------------
[INFO][Stream] 23.03.2024 20:40:07 [] (unknown:0) - Reloading module: Pathway_planning
[INFO][Stream] 23.03.2024 20:40:07 [] (unknown:0) - ------------------------------
[INFO][Stream] 23.03.2024 20:40:07 [] (unknown:0) -
[INFO][Stream] 23.03.2024 20:40:07 [] (unknown:0) -
[INFO][Stream] 23.03.2024 20:40:07 [] (unknown:0) -
[INFO][Python] 23.03.2024 20:40:27 [Python] (C:/Users/DANG THE HUNG/OneDrive - King's College London/Msc study/7MRI0070 - Navigation in Robotic/Module/My_extension/Pathway_planning/Pathway_planning.py:469) - Processing started
[ERROR][Python] 23.03.2024 20:40:27 [Python] (D:\Program\Slicer 5.6.1\bin\Python\slicer\util.py:3009) - Failed to compute results.

'Pathway_planningLogic' object has no attribute 'delayDisplay'
[CRITICAL][Stream] 23.03.2024 20:40:30 [] (unknown:0) - Traceback (most recent call last):
[CRITICAL][Stream] 23.03.2024 20:40:30 [] (unknown:0) -   File "C:/Users/DANG THE HUNG/OneDrive - King's College London/Msc study/7MRI0070 - Navigation in Robotic/Module/My_extension/Pathway_planning/Pathway_planning.py", line 239, in onApplyButton
[CRITICAL][Stream] 23.03.2024 20:40:30 [] (unknown:0) -     self.logic.process(entryPoints = self._parameterNode.entryPoints,
[CRITICAL][Stream] 23.03.2024 20:40:30 [] (unknown:0) -   File "C:/Users/DANG THE HUNG/OneDrive - King's College London/Msc study/7MRI0070 - Navigation in Robotic/Module/My_extension/Pathway_planning/Pathway_planning.py", line 481, in process
[CRITICAL][Stream] 23.03.2024 20:40:30 [] (unknown:0) -     self.delayDisplay("First steps: Done")
[CRITICAL][Stream] 23.03.2024 20:40:30 [] (unknown:0) - AttributeError: 'Pathway_planningLogic' object has no attribute 'delayDisplay'
[INFO][Stream] 23.03.2024 20:43:34 [] (unknown:0) -
[INFO][Stream] 23.03.2024 20:43:34 [] (unknown:0) -
[INFO][Stream] 23.03.2024 20:43:34 [] (unknown:0) -
[INFO][Stream] 23.03.2024 20:43:34 [] (unknown:0) - ------------------------------
[INFO][Stream] 23.03.2024 20:43:34 [] (unknown:0) - Reloading module: Pathway_planning
[INFO][Stream] 23.03.2024 20:43:34 [] (unknown:0) - ------------------------------
[INFO][Stream] 23.03.2024 20:43:34 [] (unknown:0) -
[INFO][Stream] 23.03.2024 20:43:34 [] (unknown:0) -
[INFO][Stream] 23.03.2024 20:43:34 [] (unknown:0) -
[INFO][Python] 23.03.2024 20:43:36 [Python] (C:/Users/DANG THE HUNG/OneDrive - King's College London/Msc study/7MRI0070 - Navigation in Robotic/Module/My_extension/Pathway_planning/Pathway_planning.py:469) - Processing started
[INFO][Stream] 23.03.2024 20:43:36 [] (unknown:0) - Hi
[INFO][Python] 23.03.2024 20:43:37 [Python] (C:/Users/DANG THE HUNG/OneDrive - King's College London/Msc study/7MRI0070 - Navigation in Robotic/Module/My_extension/Pathway_planning/Pathway_planning.py:526) - Processing completed in 1.04 seconds
[INFO][Stream] 23.03.2024 20:43:37 [] (unknown:0) - Processing completed in 1.04 seconds
[INFO][Stream] 23.03.2024 20:43:51 [] (unknown:0) -
[INFO][Stream] 23.03.2024 20:43:51 [] (unknown:0) -
[INFO][Stream] 23.03.2024 20:43:51 [] (unknown:0) -
[INFO][Stream] 23.03.2024 20:43:51 [] (unknown:0) - ------------------------------
[INFO][Stream] 23.03.2024 20:43:51 [] (unknown:0) - Reloading module: Pathway_planning
[INFO][Stream] 23.03.2024 20:43:51 [] (unknown:0) - ------------------------------
[INFO][Stream] 23.03.2024 20:43:51 [] (unknown:0) -
[INFO][Stream] 23.03.2024 20:43:51 [] (unknown:0) -
[INFO][Stream] 23.03.2024 20:43:51 [] (unknown:0) -
[INFO][Python] 23.03.2024 20:43:52 [Python] (C:/Users/DANG THE HUNG/OneDrive - King's College London/Msc study/7MRI0070 - Navigation in Robotic/Module/My_extension/Pathway_planning/Pathway_planning.py:469) - Processing started
[INFO][Stream] 23.03.2024 20:43:52 [] (unknown:0) - Hi
[INFO][Stream] 23.03.2024 20:43:53 [] (unknown:0) - Hi
[INFO][Python] 23.03.2024 20:43:54 [Python] (C:/Users/DANG THE HUNG/OneDrive - King's College London/Msc study/7MRI0070 - Navigation in Robotic/Module/My_extension/Pathway_planning/Pathway_planning.py:528) - Processing completed in 2.05 seconds
[INFO][Stream] 23.03.2024 20:43:54 [] (unknown:0) - Processing completed in 2.05 seconds
[INFO][Stream] 23.03.2024 20:50:06 [] (unknown:0) -
[INFO][Stream] 23.03.2024 20:50:06 [] (unknown:0) -
[INFO][Stream] 23.03.2024 20:50:06 [] (unknown:0) -
[INFO][Stream] 23.03.2024 20:50:06 [] (unknown:0) - ------------------------------
[INFO][Stream] 23.03.2024 20:50:06 [] (unknown:0) - Reloading module: Pathway_planning
[INFO][Stream] 23.03.2024 20:50:06 [] (unknown:0) - ------------------------------
[INFO][Stream] 23.03.2024 20:50:06 [] (unknown:0) -
[INFO][Stream] 23.03.2024 20:50:06 [] (unknown:0) -
[INFO][Stream] 23.03.2024 20:50:06 [] (unknown:0) -
[INFO][Python] 23.03.2024 20:50:07 [Python] (C:/Users/DANG THE HUNG/OneDrive - King's College London/Msc study/7MRI0070 - Navigation in Robotic/Module/My_extension/Pathway_planning/Pathway_planning.py:469) - Processing started
[INFO][Python] 23.03.2024 20:50:07 [Python] (C:/Users/DANG THE HUNG/OneDrive - King's College London/Msc study/7MRI0070 - Navigation in Robotic/Module/My_extension/Pathway_planning/Pathway_planning.py:522) - Processing completed in 0.13 seconds
[INFO][Stream] 23.03.2024 20:50:07 [] (unknown:0) - Processing completed in 0.13 seconds
[INFO][Stream] 23.03.2024 20:50:13 [] (unknown:0) -
[INFO][Stream] 23.03.2024 20:50:13 [] (unknown:0) -
[INFO][Stream] 23.03.2024 20:50:13 [] (unknown:0) -
[INFO][Stream] 23.03.2024 20:50:13 [] (unknown:0) - ------------------------------
[INFO][Stream] 23.03.2024 20:50:13 [] (unknown:0) - Reloading module: Pathway_planning
[INFO][Stream] 23.03.2024 20:50:13 [] (unknown:0) - ------------------------------
[INFO][Stream] 23.03.2024 20:50:13 [] (unknown:0) -
[INFO][Stream] 23.03.2024 20:50:13 [] (unknown:0) -
[INFO][Stream] 23.03.2024 20:50:13 [] (unknown:0) -
[INFO][Python] 23.03.2024 20:50:14 [Python] (C:/Users/DANG THE HUNG/OneDrive - King's College London/Msc study/7MRI0070 - Navigation in Robotic/Module/My_extension/Pathway_planning/Pathway_planning.py:469) - Processing started
[INFO][Stream] 23.03.2024 20:50:14 [] (unknown:0) - (11520, 2, 3)
[INFO][Python] 23.03.2024 20:50:14 [Python] (C:/Users/DANG THE HUNG/OneDrive - King's College London/Msc study/7MRI0070 - Navigation in Robotic/Module/My_extension/Pathway_planning/Pathway_planning.py:522) - Processing completed in 0.03 seconds
[INFO][Stream] 23.03.2024 20:50:14 [] (unknown:0) - Processing completed in 0.03 seconds
[DEBUG][Qt] 23.03.2024 20:50:39 [] (unknown:0) - Switch to module:  "Data"
[DEBUG][Qt] 23.03.2024 20:50:44 [] (unknown:0) - Switch to module:  "Pathway_planning"
[CRITICAL][Stream] 23.03.2024 20:50:44 [] (unknown:0) - D:\Program\Slicer 5.6.1\bin\Python\slicer\util.py:2786: UserWarning: does not have observer
[CRITICAL][Stream] 23.03.2024 20:50:44 [] (unknown:0) -   warn("does not have observer")
[INFO][Stream] 23.03.2024 20:51:04 [] (unknown:0) -
[INFO][Stream] 23.03.2024 20:51:04 [] (unknown:0) -
[INFO][Stream] 23.03.2024 20:51:04 [] (unknown:0) -
[INFO][Stream] 23.03.2024 20:51:04 [] (unknown:0) - ------------------------------
[INFO][Stream] 23.03.2024 20:51:04 [] (unknown:0) - Reloading module: Pathway_planning
[INFO][Stream] 23.03.2024 20:51:04 [] (unknown:0) - ------------------------------
[INFO][Stream] 23.03.2024 20:51:04 [] (unknown:0) -
[INFO][Stream] 23.03.2024 20:51:04 [] (unknown:0) -
[INFO][Stream] 23.03.2024 20:51:04 [] (unknown:0) -
[DEBUG][Qt] 23.03.2024 20:51:04 [] (unknown:0) - "Markups" Reader has successfully read the file "D:\\Code\\3D_slicer\\Navigation_robotics\\Data\\Week_2_4_TestSet_Path_planning\\entriesSubsample.fcsv" "[0.03s]"
[DEBUG][Qt] 23.03.2024 20:51:04 [] (unknown:0) - "Markups" Reader has successfully read the file "D:\\Code\\3D_slicer\\Navigation_robotics\\Data\\Week_2_4_TestSet_Path_planning\\targetsSubsample.fcsv" "[0.02s]"
[DEBUG][Qt] 23.03.2024 20:51:05 [] (unknown:0) - "Volume" Reader has successfully read the file "D:\\Code\\3D_slicer\\Navigation_robotics\\Data\\Week_2_4_TestSet_Path_planning\\r_cortexTest.nii.gz" "[0.04s]"
[DEBUG][Qt] 23.03.2024 20:51:05 [] (unknown:0) - "Volume" Reader has successfully read the file "D:\\Code\\3D_slicer\\Navigation_robotics\\Data\\Week_2_4_TestSet_Path_planning\\r_hippoTest.nii.gz" "[0.02s]"
[DEBUG][Qt] 23.03.2024 20:51:05 [] (unknown:0) - "Volume" Reader has successfully read the file "D:\\Code\\3D_slicer\\Navigation_robotics\\Data\\Week_2_4_TestSet_Path_planning\\ventriclesTest.nii.gz" "[0.03s]"
[DEBUG][Qt] 23.03.2024 20:51:05 [] (unknown:0) - "Volume" Reader has successfully read the file "D:\\Code\\3D_slicer\\Navigation_robotics\\Data\\Week_2_4_TestSet_Path_planning\\vesselsTestDilate1.nii.gz" "[0.02s]"
[DEBUG][Qt] 23.03.2024 20:51:05 [] (unknown:0) - "Volume" Reader has successfully read the file "D:\\Code\\3D_slicer\\Navigation_robotics\\Data\\Week_2_4_TestSet_Path_planning\\fakeBrainTest.nii.gz" "[0.04s]"
[INFO][Stream] 23.03.2024 20:51:05 [] (unknown:0) - Number of entries is: 48
[INFO][Stream] 23.03.2024 20:51:05 [] (unknown:0) - Number of targets is: 21
[CRITICAL][Stream] 23.03.2024 20:51:05 [] (unknown:0) - Test passed: Model Creation
[INFO][Python] 23.03.2024 20:51:05 [Python] (C:/Users/DANG THE HUNG/OneDrive - King's College London/Msc study/7MRI0070 - Navigation in Robotic/Module/My_extension/Pathway_planning/Pathway_planning.py:1100) - Test passed: Model Creation
[INFO][Python] 23.03.2024 20:51:05 [Python] (D:\Program\Slicer 5.6.1\bin\Python\slicer\util.py:2877) - Test passed: Model Creation
[CRITICAL][Stream] 23.03.2024 20:51:06 [] (unknown:0) - Test passed: Check a Point in List is in a Label Volume Node
[INFO][Python] 23.03.2024 20:51:06 [Python] (C:/Users/DANG THE HUNG/OneDrive - King's College London/Msc study/7MRI0070 - Navigation in Robotic/Module/My_extension/Pathway_planning/Pathway_planning.py:1100) - Test passed: Check a Point in List is in a Label Volume Node
[INFO][Python] 23.03.2024 20:51:06 [Python] (D:\Program\Slicer 5.6.1\bin\Python\slicer\util.py:2877) - Test passed: Check a Point in List is in a Label Volume Node
[CRITICAL][Stream] 23.03.2024 20:51:07 [] (unknown:0) - Test passed: Get Distance from a Line in List to a Label Volume Node
[INFO][Python] 23.03.2024 20:51:07 [Python] (C:/Users/DANG THE HUNG/OneDrive - King's College London/Msc study/7MRI0070 - Navigation in Robotic/Module/My_extension/Pathway_planning/Pathway_planning.py:1100) - Test passed: Get Distance from a Line in List to a Label Volume Node
[INFO][Python] 23.03.2024 20:51:07 [Python] (D:\Program\Slicer 5.6.1\bin\Python\slicer\util.py:2877) - Test passed: Get Distance from a Line in List to a Label Volume Node
[CRITICAL][Stream] 23.03.2024 20:51:07 [] (unknown:0) - Unit test passed: Convert IJK to RAS
[INFO][Python] 23.03.2024 20:51:07 [Python] (C:/Users/DANG THE HUNG/OneDrive - King's College London/Msc study/7MRI0070 - Navigation in Robotic/Module/My_extension/Pathway_planning/Pathway_planning.py:1107) - Unit test passed: Convert IJK to RAS
[CRITICAL][Stream] 23.03.2024 20:51:07 [] (unknown:0) - Unit test passed: Convert RAS to IJK
[INFO][Python] 23.03.2024 20:51:07 [Python] (C:/Users/DANG THE HUNG/OneDrive - King's College London/Msc study/7MRI0070 - Navigation in Robotic/Module/My_extension/Pathway_planning/Pathway_planning.py:1107) - Unit test passed: Convert RAS to IJK
[CRITICAL][Stream] 23.03.2024 20:51:07 [] (unknown:0) - Unit test passed: Get 3x3x3 Matrix at one Position from a bigger Matrix
[INFO][Python] 23.03.2024 20:51:07 [Python] (C:/Users/DANG THE HUNG/OneDrive - King's College London/Msc study/7MRI0070 - Navigation in Robotic/Module/My_extension/Pathway_planning/Pathway_planning.py:1107) - Unit test passed: Get 3x3x3 Matrix at one Position from a bigger Matrix
[CRITICAL][Stream] 23.03.2024 20:51:07 [] (unknown:0) - Unit test passed: Get 2x2x2 Matrix at one Position from a bigger Matrix
[INFO][Python] 23.03.2024 20:51:07 [Python] (C:/Users/DANG THE HUNG/OneDrive - King's College London/Msc study/7MRI0070 - Navigation in Robotic/Module/My_extension/Pathway_planning/Pathway_planning.py:1107) - Unit test passed: Get 2x2x2 Matrix at one Position from a bigger Matrix
[DEBUG][Qt] 23.03.2024 20:51:08 [] (unknown:0) - Switch to module:  "Welcome"
[DEBUG][Qt] 23.03.2024 20:51:10 [] (unknown:0) - Switch to module:  "Pathway_planning"
[INFO][Python] 23.03.2024 20:51:23 [Python] (C:/Users/DANG THE HUNG/OneDrive - King's College London/Msc study/7MRI0070 - Navigation in Robotic/Module/My_extension/Pathway_planning/Pathway_planning.py:469) - Processing started
[INFO][Stream] 23.03.2024 20:51:23 [] (unknown:0) - (48, 2, 3)
[INFO][Python] 23.03.2024 20:51:23 [Python] (C:/Users/DANG THE HUNG/OneDrive - King's College London/Msc study/7MRI0070 - Navigation in Robotic/Module/My_extension/Pathway_planning/Pathway_planning.py:522) - Processing completed in 0.01 seconds
[INFO][Stream] 23.03.2024 20:51:23 [] (unknown:0) - Processing completed in 0.01 seconds
[INFO][Stream] 23.03.2024 20:52:17 [] (unknown:0) -
[INFO][Stream] 23.03.2024 20:52:17 [] (unknown:0) -
[INFO][Stream] 23.03.2024 20:52:17 [] (unknown:0) -
[INFO][Stream] 23.03.2024 20:52:17 [] (unknown:0) - ------------------------------
[INFO][Stream] 23.03.2024 20:52:17 [] (unknown:0) - Reloading module: Pathway_planning
[INFO][Stream] 23.03.2024 20:52:17 [] (unknown:0) - ------------------------------
[INFO][Stream] 23.03.2024 20:52:17 [] (unknown:0) -
[INFO][Stream] 23.03.2024 20:52:17 [] (unknown:0) -
[INFO][Stream] 23.03.2024 20:52:17 [] (unknown:0) -
[INFO][Python] 23.03.2024 20:52:18 [Python] (C:/Users/DANG THE HUNG/OneDrive - King's College London/Msc study/7MRI0070 - Navigation in Robotic/Module/My_extension/Pathway_planning/Pathway_planning.py:469) - Processing started
[INFO][Stream] 23.03.2024 20:52:18 [] (unknown:0) - (3,)
[INFO][Python] 23.03.2024 20:52:18 [Python] (C:/Users/DANG THE HUNG/OneDrive - King's College London/Msc study/7MRI0070 - Navigation in Robotic/Module/My_extension/Pathway_planning/Pathway_planning.py:522) - Processing completed in 0.01 seconds
[INFO][Stream] 23.03.2024 20:52:18 [] (unknown:0) - Processing completed in 0.01 seconds
[INFO][Python] 23.03.2024 20:52:20 [Python] (C:/Users/DANG THE HUNG/OneDrive - King's College London/Msc study/7MRI0070 - Navigation in Robotic/Module/My_extension/Pathway_planning/Pathway_planning.py:469) - Processing started
[INFO][Stream] 23.03.2024 20:52:20 [] (unknown:0) - (3,)
[INFO][Python] 23.03.2024 20:52:20 [Python] (C:/Users/DANG THE HUNG/OneDrive - King's College London/Msc study/7MRI0070 - Navigation in Robotic/Module/My_extension/Pathway_planning/Pathway_planning.py:522) - Processing completed in 0.01 seconds
[INFO][Stream] 23.03.2024 20:52:20 [] (unknown:0) - Processing completed in 0.01 seconds
[INFO][Stream] 23.03.2024 20:52:35 [] (unknown:0) -
[INFO][Stream] 23.03.2024 20:52:35 [] (unknown:0) -
[INFO][Stream] 23.03.2024 20:52:35 [] (unknown:0) -
[INFO][Stream] 23.03.2024 20:52:35 [] (unknown:0) - ------------------------------
[INFO][Stream] 23.03.2024 20:52:35 [] (unknown:0) - Reloading module: Pathway_planning
[INFO][Stream] 23.03.2024 20:52:35 [] (unknown:0) - ------------------------------
[INFO][Stream] 23.03.2024 20:52:35 [] (unknown:0) -
[INFO][Stream] 23.03.2024 20:52:35 [] (unknown:0) -
[INFO][Stream] 23.03.2024 20:52:35 [] (unknown:0) -
[INFO][Python] 23.03.2024 20:52:36 [Python] (C:/Users/DANG THE HUNG/OneDrive - King's College London/Msc study/7MRI0070 - Navigation in Robotic/Module/My_extension/Pathway_planning/Pathway_planning.py:469) - Processing started
[INFO][Stream] 23.03.2024 20:52:36 [] (unknown:0) - (1, 3)
[INFO][Python] 23.03.2024 20:52:36 [Python] (C:/Users/DANG THE HUNG/OneDrive - King's College London/Msc study/7MRI0070 - Navigation in Robotic/Module/My_extension/Pathway_planning/Pathway_planning.py:522) - Processing completed in 0.01 seconds
[INFO][Stream] 23.03.2024 20:52:36 [] (unknown:0) - Processing completed in 0.01 seconds
[INFO][Python] 23.03.2024 20:52:37 [Python] (C:/Users/DANG THE HUNG/OneDrive - King's College London/Msc study/7MRI0070 - Navigation in Robotic/Module/My_extension/Pathway_planning/Pathway_planning.py:469) - Processing started
[INFO][Stream] 23.03.2024 20:52:37 [] (unknown:0) - (1, 3)
[INFO][Python] 23.03.2024 20:52:37 [Python] (C:/Users/DANG THE HUNG/OneDrive - King's College London/Msc study/7MRI0070 - Navigation in Robotic/Module/My_extension/Pathway_planning/Pathway_planning.py:522) - Processing completed in 0.01 seconds
[INFO][Stream] 23.03.2024 20:52:37 [] (unknown:0) - Processing completed in 0.01 seconds
[INFO][Stream] 23.03.2024 20:52:53 [] (unknown:0) -
[INFO][Stream] 23.03.2024 20:52:53 [] (unknown:0) -
[INFO][Stream] 23.03.2024 20:52:53 [] (unknown:0) -
[INFO][Stream] 23.03.2024 20:52:53 [] (unknown:0) - ------------------------------
[INFO][Stream] 23.03.2024 20:52:53 [] (unknown:0) - Reloading module: Pathway_planning
[INFO][Stream] 23.03.2024 20:52:53 [] (unknown:0) - ------------------------------
[INFO][Stream] 23.03.2024 20:52:53 [] (unknown:0) -
[INFO][Stream] 23.03.2024 20:52:53 [] (unknown:0) -
[INFO][Stream] 23.03.2024 20:52:53 [] (unknown:0) -
[INFO][Python] 23.03.2024 20:52:54 [Python] (C:/Users/DANG THE HUNG/OneDrive - King's College London/Msc study/7MRI0070 - Navigation in Robotic/Module/My_extension/Pathway_planning/Pathway_planning.py:469) - Processing started
[INFO][Stream] 23.03.2024 20:52:54 [] (unknown:0) - [16. 16. 16. 16. 16. 16. 16. 16. 16. 16.]
[INFO][Python] 23.03.2024 20:52:54 [Python] (C:/Users/DANG THE HUNG/OneDrive - King's College London/Msc study/7MRI0070 - Navigation in Robotic/Module/My_extension/Pathway_planning/Pathway_planning.py:520) - Processing completed in 0.10 seconds
[INFO][Stream] 23.03.2024 20:52:54 [] (unknown:0) - Processing completed in 0.10 seconds
[CRITICAL][Stream] 23.03.2024 21:07:16 [] (unknown:0) -   File "<string>", line 6
[CRITICAL][Stream] 23.03.2024 21:07:16 [] (unknown:0) -     int main(int, char*[])
[CRITICAL][Stream] 23.03.2024 21:07:16 [] (unknown:0) -         ^
[CRITICAL][Stream] 23.03.2024 21:07:16 [] (unknown:0) - SyntaxError: invalid syntax
[DEBUG][Qt] 23.03.2024 21:07:39 [] (unknown:0) - Python console user input: vtkNew
[CRITICAL][Stream] 23.03.2024 21:07:39 [] (unknown:0) - Traceback (most recent call last):
[CRITICAL][Stream] 23.03.2024 21:07:39 [] (unknown:0) -   File "<console>", line 1, in <module>
[CRITICAL][Stream] 23.03.2024 21:07:39 [] (unknown:0) - NameError: name 'vtkNew' is not defined
[DEBUG][Qt] 23.03.2024 21:09:19 [] (unknown:0) - Python console user input: vtk.vtkSphereSource()
[INFO][Stream] 23.03.2024 21:09:19 [] (unknown:0) - <vtkmodules.vtkFiltersSources.vtkSphereSource(0x0000020ADBB1BAB0) at 0x0000020AB1A2D040>
[DEBUG][Qt] 23.03.2024 21:09:24 [] (unknown:0) - Switch to module:  "Data"
[DEBUG][Qt] 23.03.2024 21:09:31 [] (unknown:0) - Python console user input: sphere = vtk.vtkSphereSource()
[DEBUG][Qt] 23.03.2024 21:10:00 [] (unknown:0) - Python console user input: sphereSource = vtk.vtkSphereSource()
[DEBUG][Qt] 23.03.2024 21:10:06 [] (unknown:0) - Python console user input: sphereSource.Update()
[DEBUG][Qt] 23.03.2024 21:10:29 [] (unknown:0) - Python console user input: tree = vtk.vtkOBBTree()
[DEBUG][Qt] 23.03.2024 21:10:54 [] (unknown:0) - Python console user input: tree.SetDataSet(sphereSource.GetOutput()
[DEBUG][Qt] 23.03.2024 21:10:58 [] (unknown:0) - Python console user input: )
[DEBUG][Qt] 23.03.2024 21:11:04 [] (unknown:0) - Python console user input: tree.BuildLocator()
[DEBUG][Qt] 23.03.2024 21:12:23 [] (unknown:0) - Python console user input: lineP0[3] = {0,0,0}
[CRITICAL][Stream] 23.03.2024 21:12:23 [] (unknown:0) - Traceback (most recent call last):
[CRITICAL][Stream] 23.03.2024 21:12:23 [] (unknown:0) -   File "<console>", line 1, in <module>
[CRITICAL][Stream] 23.03.2024 21:12:23 [] (unknown:0) - NameError: name 'lineP0' is not defined
[DEBUG][Qt] 23.03.2024 21:12:38 [] (unknown:0) - Python console user input: lineP0 = (0,0,0)
[DEBUG][Qt] 23.03.2024 21:12:46 [] (unknown:0) - Python console user input: lineP1 = (0,0,2)
[DEBUG][Qt] 23.03.2024 21:13:15 [] (unknown:0) - Python console user input: intersectPoints = vtk.vtkPoints()
[DEBUG][Qt] 23.03.2024 21:13:42 [] (unknown:0) - Python console user input: tree.IntersectWithLine(lineP0, lineP1, intersectPoints)
[CRITICAL][Stream] 23.03.2024 21:13:42 [] (unknown:0) - Traceback (most recent call last):
[CRITICAL][Stream] 23.03.2024 21:13:42 [] (unknown:0) -   File "<console>", line 1, in <module>
[CRITICAL][Stream] 23.03.2024 21:13:42 [] (unknown:0) - TypeError: no overloads of IntersectWithLine() take 3 arguments
[DEBUG][Qt] 23.03.2024 21:13:49 [] (unknown:0) - Python console user input: tree.IntersectWithLine(lineP0, lineP1, intersectPoints, NULL)
[CRITICAL][Stream] 23.03.2024 21:13:49 [] (unknown:0) - Traceback (most recent call last):
[CRITICAL][Stream] 23.03.2024 21:13:49 [] (unknown:0) -   File "<console>", line 1, in <module>
[CRITICAL][Stream] 23.03.2024 21:13:49 [] (unknown:0) - NameError: name 'NULL' is not defined
[DEBUG][Qt] 23.03.2024 21:13:53 [] (unknown:0) - Python console user input: tree.IntersectWithLine(lineP0, lineP1, intersectPoints, None)
[INFO][Stream] 23.03.2024 21:13:53 [] (unknown:0) - -1
[DEBUG][Qt] 23.03.2024 21:14:17 [] (unknown:0) - Python console user input: intersectPoints.GetNumberOfPoints()
[INFO][Stream] 23.03.2024 21:14:17 [] (unknown:0) - 1
[DEBUG][Qt] 23.03.2024 21:14:43 [] (unknown:0) - Python console user input: intersectPoints.GetPoint(0)
[INFO][Stream] 23.03.2024 21:14:43 [] (unknown:0) - (0.0, 0.0, 0.5)
[DEBUG][Qt] 23.03.2024 21:14:45 [] (unknown:0) - Python console user input: intersectPoints.GetPoint(1)
[CRITICAL][Stream] 23.03.2024 21:14:45 [] (unknown:0) - Traceback (most recent call last):
[CRITICAL][Stream] 23.03.2024 21:14:45 [] (unknown:0) -   File "<console>", line 1, in <module>
[CRITICAL][Stream] 23.03.2024 21:14:45 [] (unknown:0) - ValueError: expects 0 <= id && id < GetNumberOfPoints()
[DEBUG][Qt] 23.03.2024 21:14:48 [] (unknown:0) - Python console user input: intersectPoints.GetPoint(0)
[INFO][Stream] 23.03.2024 21:14:48 [] (unknown:0) - (0.0, 0.0, 0.5)
[DEBUG][Qt] 23.03.2024 21:17:23 [] (unknown:0) - Python console user input: sphereSource.GetOutput()
[INFO][Stream] 23.03.2024 21:17:23 [] (unknown:0) - <vtkmodules.vtkCommonDataModel.vtkPolyData(0x0000020AF1020C90) at 0x0000020AACBB2580>
[DEBUG][Qt] 23.03.2024 21:17:31 [] (unknown:0) - Python console user input: sphereSource.GetOutput().GetNumberOfPoints()
[INFO][Stream] 23.03.2024 21:17:31 [] (unknown:0) - 50
[DEBUG][Qt] 23.03.2024 21:30:11 [] (unknown:0) - Switch to module:  "Pathway_planning"
[CRITICAL][Stream] 23.03.2024 21:30:11 [] (unknown:0) - D:\Program\Slicer 5.6.1\bin\Python\slicer\util.py:2786: UserWarning: does not have observer
[CRITICAL][Stream] 23.03.2024 21:30:11 [] (unknown:0) -   warn("does not have observer")
[DEBUG][Qt] 23.03.2024 21:30:19 [] (unknown:0) - Switch to module:  "Data"
[DEBUG][Qt] 23.03.2024 21:30:27 [] (unknown:0) - Python console user input: model =
[CRITICAL][Stream] 23.03.2024 21:30:27 [] (unknown:0) -   File "<console>", line 1
[CRITICAL][Stream] 23.03.2024 21:30:27 [] (unknown:0) -     model =
[CRITICAL][Stream] 23.03.2024 21:30:27 [] (unknown:0) -             ^
[CRITICAL][Stream] 23.03.2024 21:30:27 [] (unknown:0) - SyntaxError: invalid syntax
[DEBUG][Qt] 23.03.2024 21:30:40 [] (unknown:0) - Python console user input: model = getNode("Test_Model_Standard")
[DEBUG][Qt] 23.03.2024 21:31:04 [] (unknown:0) - Python console user input: model.GetPolyData()
[INFO][Stream] 23.03.2024 21:31:04 [] (unknown:0) - <vtkmodules.vtkCommonDataModel.vtkPolyData(0x0000020ABBC59CC0) at 0x0000020AA7F8D700>
[DEBUG][Qt] 23.03.2024 21:31:14 [] (unknown:0) - Python console user input: model.GetPolyData()tree = vtk.vtkOBBTree()
[CRITICAL][Stream] 23.03.2024 21:31:14 [] (unknown:0) -   File "<console>", line 1
[CRITICAL][Stream] 23.03.2024 21:31:14 [] (unknown:0) -     model.GetPolyData()tree = vtk.vtkOBBTree()
[CRITICAL][Stream] 23.03.2024 21:31:14 [] (unknown:0) -                        ^
[CRITICAL][Stream] 23.03.2024 21:31:14 [] (unknown:0) - SyntaxError: invalid syntax
[DEBUG][Qt] 23.03.2024 21:31:15 [] (unknown:0) - Python console user input: tree.SetDataSet(model.GetPolyData()) tree = vtk.vtkOBBTree()
[CRITICAL][Stream] 23.03.2024 21:31:15 [] (unknown:0) -   File "<console>", line 1
[CRITICAL][Stream] 23.03.2024 21:31:15 [] (unknown:0) -     tree.SetDataSet(model.GetPolyData()) tree = vtk.vtkOBBTree()
[CRITICAL][Stream] 23.03.2024 21:31:15 [] (unknown:0) -                                          ^
[CRITICAL][Stream] 23.03.2024 21:31:15 [] (unknown:0) - SyntaxError: invalid syntax
[DEBUG][Qt] 23.03.2024 21:31:16 [] (unknown:0) - Python console user input: tree.SetDataSet(model.GetPolyData())
[DEBUG][Qt] 23.03.2024 21:33:41 [] (unknown:0) - Python console user input: intersectPoints = vtk.vtkPoints()
[DEBUG][Qt] 23.03.2024 21:33:47 [] (unknown:0) - Python console user input: tree.IntersectWithLine((3,0,10), (0,3,10), intersectPoints, 0.01)
[CRITICAL][Stream] 23.03.2024 21:33:47 [] (unknown:0) - Traceback (most recent call last):
[CRITICAL][Stream] 23.03.2024 21:33:47 [] (unknown:0) -   File "<console>", line 1, in <module>
[CRITICAL][Stream] 23.03.2024 21:33:47 [] (unknown:0) - TypeError: IntersectWithLine argument 4: method requires a VTK object
