[DEBUG][Qt] 30.01.2024 09:32:52 [] (unknown:0) - Session start time .......: 20240130_093252
[DEBUG][Qt] 30.01.2024 09:32:52 [] (unknown:0) - Slicer version ...........: 5.6.1 (revision 32438 / 117ce5f) win-amd64 - installed release
[DEBUG][Qt] 30.01.2024 09:32:52 [] (unknown:0) - Operating system .........: Windows /  Personal / (Build 22621, Code Page 65001) - 64-bit
[DEBUG][Qt] 30.01.2024 09:32:52 [] (unknown:0) - Memory ...................: 7834 MB physical, 12954 MB virtual
[DEBUG][Qt] 30.01.2024 09:32:52 [] (unknown:0) - CPU ......................: GenuineIntel , 8 cores, 8 logical processors
[DEBUG][Qt] 30.01.2024 09:32:52 [] (unknown:0) - VTK configuration ........: OpenGL2 rendering, TBB threading
[DEBUG][Qt] 30.01.2024 09:32:52 [] (unknown:0) - Qt configuration .........: version 5.15.2, with SSL, requested OpenGL 3.2 (compatibility profile)
[DEBUG][Qt] 30.01.2024 09:32:52 [] (unknown:0) - Internationalization .....: disabled, language=
[DEBUG][Qt] 30.01.2024 09:32:52 [] (unknown:0) - Developer mode ...........: enabled
[DEBUG][Qt] 30.01.2024 09:32:52 [] (unknown:0) - Application path .........: D:/Program/Slicer 5.6.1/bin
[DEBUG][Qt] 30.01.2024 09:32:52 [] (unknown:0) - Additional module paths ..: C:/Users/DANG THE HUNG/OneDrive - King's College London/Msc study/7MRI0070 - Navigation in Robotic/Module\My_extension\ImageThreshold, slicer.org/Extensions-32438/DebuggingTools/lib/Slicer-5.6/qt-scripted-modules, C:/Users/DANG THE HUNG/OneDrive - King's College London/Msc study/7MRI0070 - Navigation in Robotic/Module/My_extension\Print_hello_world, C:/Users/DANG THE HUNG/OneDrive - King's College London/Msc study/7MRI0070 - Navigation in Robotic/Module/My_extension\Guided_examples, C:/Users/DANG THE HUNG/OneDrive - King's College London/Msc study/7MRI0070 - Navigation in Robotic/Module/My_extension\Segmentation_k_mean, C:/Users/DANG THE HUNG/OneDrive - King's College London/Msc study/7MRI0070 - Navigation in Robotic/Module/My_extension\My_function
[DEBUG][Python] 30.01.2024 09:33:09 [Python] (D:\Program\Slicer 5.6.1\lib\Slicer-5.6\qt-scripted-modules\SubjectHierarchyPlugins\AbstractScriptedSubjectHierarchyPlugin.py:39) - Scripted subject hierarchy plugin registered: SegmentEditor
[DEBUG][Python] 30.01.2024 09:33:09 [Python] (D:\Program\Slicer 5.6.1\lib\Slicer-5.6\qt-scripted-modules\SubjectHierarchyPlugins\AbstractScriptedSubjectHierarchyPlugin.py:39) - Scripted subject hierarchy plugin registered: SegmentStatistics
[DEBUG][Qt] 30.01.2024 09:33:09 [] (unknown:0) - Switch to module:  "Welcome"
[DEBUG][Qt] 30.01.2024 09:34:02 [] (unknown:0) - Switch to module:  "My_function"
[INFO][Stream] 30.01.2024 09:34:06 [] (unknown:0) - check_Projection_in_middle
[INFO][Stream] 30.01.2024 09:34:06 [] (unknown:0) - convert_IJK_to_RAS
[INFO][Stream] 30.01.2024 09:34:06 [] (unknown:0) - convert_RAS_to_IJK
[INFO][Stream] 30.01.2024 09:34:06 [] (unknown:0) - createParameterNode
[INFO][Stream] 30.01.2024 09:34:06 [] (unknown:0) - find_Intersection_Line_and_Model
[INFO][Stream] 30.01.2024 09:34:06 [] (unknown:0) - find_Triangle_Height
[INFO][Stream] 30.01.2024 09:34:06 [] (unknown:0) - find_Unit_Normal_Vector_of_Cell_from_model
[INFO][Stream] 30.01.2024 09:34:06 [] (unknown:0) - find_nearest_Cell
[INFO][Stream] 30.01.2024 09:34:06 [] (unknown:0) - getAllParameterNodes
[INFO][Stream] 30.01.2024 09:34:06 [] (unknown:0) - getParameterNode
[INFO][Stream] 30.01.2024 09:34:06 [] (unknown:0) - process
[ERROR][Python] 30.01.2024 09:34:07 [Python] (D:\Program\Slicer 5.6.1\bin\Python\slicer\util.py:3009) - Failed to open file:

C:/Users/DANG THE HUNG/OneDrive - King's College London/Msc study/7MRI0070 - Navigation in Robotic/Module/My_extension/My_function/My_function.py

using editor: C:/Program Files/Microsoft VS Code/Code.exe
[ERROR][Python] 30.01.2024 09:34:17 [Python] (D:\Program\Slicer 5.6.1\bin\Python\slicer\util.py:3009) - Failed to open file:

C:/Users/DANG THE HUNG/OneDrive - King's College London/Msc study/7MRI0070 - Navigation in Robotic/Module/My_extension/My_function/My_function.py

using editor: C:/Program Files/Microsoft VS Code/Code.exe
[INFO][Stream] 30.01.2024 09:35:22 [] (unknown:0) - check_Projection_in_middle
[INFO][Stream] 30.01.2024 09:35:22 [] (unknown:0) - convert_IJK_to_RAS
[INFO][Stream] 30.01.2024 09:35:22 [] (unknown:0) - convert_RAS_to_IJK
[INFO][Stream] 30.01.2024 09:35:22 [] (unknown:0) - createParameterNode
[INFO][Stream] 30.01.2024 09:35:22 [] (unknown:0) - find_Intersection_Line_and_Model
[INFO][Stream] 30.01.2024 09:35:22 [] (unknown:0) - find_Triangle_Height
[INFO][Stream] 30.01.2024 09:35:22 [] (unknown:0) - find_Unit_Normal_Vector_of_Cell_from_model
[INFO][Stream] 30.01.2024 09:35:22 [] (unknown:0) - find_nearest_Cell
[INFO][Stream] 30.01.2024 09:35:22 [] (unknown:0) - getAllParameterNodes
[INFO][Stream] 30.01.2024 09:35:22 [] (unknown:0) - getParameterNode
[INFO][Stream] 30.01.2024 09:35:22 [] (unknown:0) - process
[DEBUG][Qt] 30.01.2024 09:36:12 [] (unknown:0) - Python console user input: slicer.util.loadScene("C:\\Users\\DANG THE HUNG\\OneDrive - King's College London\\Msc study\\7MRI0070 - Navigation in Robotic\\Working\\Week_2_4_test_2024-01-23.mrb")
[DEBUG][Qt] 30.01.2024 09:36:13 [] (unknown:0) - "MRB Slicer Data Bundle" Reader has successfully read the file "C:\\Users\\DANG THE HUNG\\OneDrive - King's College London\\Msc study\\7MRI0070 - Navigation in Robotic\\Working\\Week_2_4_test_2024-01-23.mrb" "[1.00s]"
[DEBUG][Qt] 30.01.2024 09:36:16 [] (unknown:0) - Switch to module:  "Data"
[DEBUG][Qt] 30.01.2024 09:40:32 [] (unknown:0) - Python console user input: label_function = vtk.vtkImplicitPolyDataDistance()
[DEBUG][Qt] 30.01.2024 09:41:25 [] (unknown:0) - Python console user input: label = model1
[DEBUG][Qt] 30.01.2024 09:41:33 [] (unknown:0) - Python console user input: label_function.SetInput(label)
[CRITICAL][Stream] 30.01.2024 09:41:33 [] (unknown:0) - Traceback (most recent call last):
[CRITICAL][Stream] 30.01.2024 09:41:33 [] (unknown:0) -   File "<console>", line 1, in <module>
[CRITICAL][Stream] 30.01.2024 09:41:33 [] (unknown:0) - TypeError: SetInput argument 1: method requires a vtkPolyData, a vtkMRMLModelNode was provided.
[DEBUG][Qt] 30.01.2024 09:41:45 [] (unknown:0) - Python console user input: label_function.SetInput(label.GetPolyData())
[DEBUG][Qt] 30.01.2024 09:42:08 [] (unknown:0) - Python console user input: label_function.EvaluateFunction([0,0,0])
[INFO][Stream] 30.01.2024 09:42:08 [] (unknown:0) - -134.9087339599391
[DEBUG][Qt] 30.01.2024 09:43:33 [] (unknown:0) - Python console user input: import SimpleITK
[DEBUG][Qt] 30.01.2024 09:43:44 [] (unknown:0) - Python console user input: import SimpleITK as sitk
[DEBUG][Qt] 30.01.2024 09:44:37 [] (unknown:0) - Python console user input: import sitkUtils as su
[DEBUG][Qt] 30.01.2024 09:45:22 [] (unknown:0) - Python console user input: sitkInput = su.PullVolumeFromSlicer(getNode("r_cortexTest"))
[DEBUG][Qt] 30.01.2024 09:45:39 [] (unknown:0) - Python console user input: distanceFilter = sitk.DanielssonDistanceMapImageFilter()
[DEBUG][Qt] 30.01.2024 10:17:06 [] (unknown:0) - Python console user input: distanceFilter.Execute()
[CRITICAL][Stream] 30.01.2024 10:17:06 [] (unknown:0) - Traceback (most recent call last):
[CRITICAL][Stream] 30.01.2024 10:17:06 [] (unknown:0) -   File "<console>", line 1, in <module>
[CRITICAL][Stream] 30.01.2024 10:17:06 [] (unknown:0) - TypeError: Execute() missing 1 required positional argument: 'image1'
[DEBUG][Qt] 30.01.2024 10:17:22 [] (unknown:0) - Python console user input: t = getNode("r_cortexTest")
[DEBUG][Qt] 30.01.2024 10:17:26 [] (unknown:0) - Python console user input: distanceFilter.Execute(t)
[CRITICAL][Stream] 30.01.2024 10:17:26 [] (unknown:0) - Traceback (most recent call last):
[CRITICAL][Stream] 30.01.2024 10:17:26 [] (unknown:0) -   File "<console>", line 1, in <module>
[CRITICAL][Stream] 30.01.2024 10:17:26 [] (unknown:0) -   File "D:\Program\Slicer 5.6.1\lib\Python\Lib\site-packages\SimpleITK\SimpleITK.py", line 10818, in Execute
[CRITICAL][Stream] 30.01.2024 10:17:26 [] (unknown:0) -     return _SimpleITK.DanielssonDistanceMapImageFilter_Execute(self, image1)
[CRITICAL][Stream] 30.01.2024 10:17:26 [] (unknown:0) - TypeError: in method 'DanielssonDistanceMapImageFilter_Execute', argument 2 of type 'slicer_itk::simple::Image const &'
[DEBUG][Qt] 30.01.2024 10:17:41 [] (unknown:0) - Python console user input: su.PullVolumeFromSlicer(t)
[INFO][Stream] 30.01.2024 10:17:41 [] (unknown:0) - <SimpleITK.SimpleITK.Image; proxy of <Swig Object of type 'std::vector< slicer_itk::simple::Image >::value_type *' at 0x000002686277DEA0> >
[DEBUG][Qt] 30.01.2024 10:17:46 [] (unknown:0) - Python console user input: k = su.PullVolumeFromSlicer(t)
[DEBUG][Qt] 30.01.2024 10:17:49 [] (unknown:0) - Python console user input: su.PullVolumeFromSlicer(k)
[CRITICAL][Stream] 30.01.2024 10:17:49 [] (unknown:0) - Traceback (most recent call last):
[CRITICAL][Stream] 30.01.2024 10:17:49 [] (unknown:0) -   File "<console>", line 1, in <module>
[CRITICAL][Stream] 30.01.2024 10:17:49 [] (unknown:0) -   File "D:\Program\Slicer 5.6.1\bin\Python\sitkUtils.py", line 35, in PullVolumeFromSlicer
[CRITICAL][Stream] 30.01.2024 10:17:49 [] (unknown:0) -     myNodeFullITKAddress = GetSlicerITKReadWriteAddress(nodeObjectOrName)
[CRITICAL][Stream] 30.01.2024 10:17:49 [] (unknown:0) -   File "D:\Program\Slicer 5.6.1\bin\Python\sitkUtils.py", line 44, in GetSlicerITKReadWriteAddress
[CRITICAL][Stream] 30.01.2024 10:17:49 [] (unknown:0) -     myNode = nodeObjectOrName if isinstance(nodeObjectOrName, slicer.vtkMRMLNode) else slicer.util.getNode(nodeObjectOrName)
[CRITICAL][Stream] 30.01.2024 10:17:49 [] (unknown:0) -   File "D:\Program\Slicer 5.6.1\bin\Python\slicer\util.py", line 1564, in getNode
[CRITICAL][Stream] 30.01.2024 10:17:49 [] (unknown:0) -     nodes = getNodes(pattern, scene)
[CRITICAL][Stream] 30.01.2024 10:17:49 [] (unknown:0) -   File "D:\Program\Slicer 5.6.1\bin\Python\slicer\util.py", line 1547, in getNodes
[CRITICAL][Stream] 30.01.2024 10:17:49 [] (unknown:0) -     if fnmatch.fnmatchcase(name, pattern) or fnmatch.fnmatchcase(id, pattern):
[CRITICAL][Stream] 30.01.2024 10:17:49 [] (unknown:0) -   File "D:\Program\Slicer 5.6.1\lib\Python\Lib\fnmatch.py", line 76, in fnmatchcase
[CRITICAL][Stream] 30.01.2024 10:17:49 [] (unknown:0) -     match = _compile_pattern(pat)
[CRITICAL][Stream] 30.01.2024 10:17:49 [] (unknown:0) - TypeError: unhashable type: 'Image'
[DEBUG][Qt] 30.01.2024 10:17:54 [] (unknown:0) - Python console user input: k
[INFO][Stream] 30.01.2024 10:17:54 [] (unknown:0) - <SimpleITK.SimpleITK.Image; proxy of <Swig Object of type 'std::vector< slicer_itk::simple::Image >::value_type *' at 0x000002686277DD50> >
[DEBUG][Qt] 30.01.2024 10:18:03 [] (unknown:0) - Python console user input: distanceFilter.Execute(k)
[INFO][Stream] 30.01.2024 10:18:03 [] (unknown:0) - <SimpleITK.SimpleITK.Image; proxy of <Swig Object of type 'std::vector< slicer_itk::simple::Image >::value_type *' at 0x000002686277DE40> >
[DEBUG][Qt] 30.01.2024 10:18:10 [] (unknown:0) - Python console user input: h = distanceFilter.Execute(k)
[DEBUG][Qt] 30.01.2024 10:18:12 [] (unknown:0) - Python console user input: h
[INFO][Stream] 30.01.2024 10:18:12 [] (unknown:0) - <SimpleITK.SimpleITK.Image; proxy of <Swig Object of type 'std::vector< slicer_itk::simple::Image >::value_type *' at 0x000002686277DEA0> >
[DEBUG][Qt] 30.01.2024 10:19:37 [] (unknown:0) - Switch to module:  "Segmentation_k_mean"
[DEBUG][Qt] 30.01.2024 10:19:44 [] (unknown:0) - Switch to module:  "Data"
[DEBUG][Qt] 30.01.2024 10:20:03 [] (unknown:0) - Switch to module:  "Segmentation_k_mean"
[CRITICAL][Stream] 30.01.2024 10:20:03 [] (unknown:0) - D:\Program\Slicer 5.6.1\bin\Python\slicer\util.py:2786: UserWarning: does not have observer
[CRITICAL][Stream] 30.01.2024 10:20:03 [] (unknown:0) -   warn("does not have observer")
[INFO][Stream] 30.01.2024 10:20:11 [] (unknown:0) - Processing completed in 0.50 seconds
[INFO][Stream] 30.01.2024 10:20:30 [] (unknown:0) - Processing completed in 0.04 seconds
[INFO][Stream] 30.01.2024 10:20:54 [] (unknown:0) - Processing completed in 0.05 seconds
[INFO][Stream] 30.01.2024 10:21:06 [] (unknown:0) - Processing completed in 0.05 seconds
[DEBUG][Qt] 30.01.2024 10:21:20 [] (unknown:0) - Switch to module:  "Data"
[DEBUG][Qt] 30.01.2024 10:21:45 [] (unknown:0) - Switch to module:  "My_function"
[CRITICAL][Stream] 30.01.2024 10:21:45 [] (unknown:0) - D:\Program\Slicer 5.6.1\bin\Python\slicer\util.py:2786: UserWarning: does not have observer
[CRITICAL][Stream] 30.01.2024 10:21:45 [] (unknown:0) -   warn("does not have observer")
[DEBUG][Qt] 30.01.2024 10:22:40 [] (unknown:0) - Switch to module:  "Data"
[INFO][Stream] 30.01.2024 10:23:43 [] (unknown:0) - Good to go
[INFO][Stream] 30.01.2024 10:23:51 [] (unknown:0) - Good to go
[DEBUG][Qt] 30.01.2024 10:24:15 [] (unknown:0) - Python console user input: t.find_Pathway_Better(start_point, 1)
[INFO][Stream] 30.01.2024 10:24:15 [] (unknown:0) - Good to go
[DEBUG][Qt] 30.01.2024 10:24:17 [] (unknown:0) - Python console user input: t.find_Pathway_Better(start_point, 1)
[DEBUG][Qt] 30.01.2024 10:24:18 [] (unknown:0) - Python console user input: t.find_Pathway_Better(start_point, 1)
[INFO][Stream] 30.01.2024 10:24:18 [] (unknown:0) - Good to go
[DEBUG][Qt] 30.01.2024 10:24:18 [] (unknown:0) - Python console user input: t.find_Pathway_Better(start_point, 1)
[DEBUG][Qt] 30.01.2024 10:24:19 [] (unknown:0) - Python console user input: t.find_Pathway_Better(start_point, 1)
[INFO][Stream] 30.01.2024 10:24:19 [] (unknown:0) - Good to go
[DEBUG][Qt] 30.01.2024 10:24:19 [] (unknown:0) - Python console user input: t.find_Pathway_Better(start_point, 1)
[INFO][Stream] 30.01.2024 10:24:19 [] (unknown:0) - Good to go
[DEBUG][Qt] 30.01.2024 10:24:19 [] (unknown:0) - Python console user input: t.find_Pathway_Better(start_point, 1)
[INFO][Stream] 30.01.2024 10:24:19 [] (unknown:0) - Good to go
[DEBUG][Qt] 30.01.2024 10:24:20 [] (unknown:0) - Python console user input: t.find_Pathway_Better(start_point, 1)
[INFO][Stream] 30.01.2024 10:24:20 [] (unknown:0) - Good to go
[DEBUG][Qt] 30.01.2024 10:24:20 [] (unknown:0) - Python console user input: t.find_Pathway_Better(start_point, 1)
[INFO][Stream] 30.01.2024 10:24:20 [] (unknown:0) - Good to go
[DEBUG][Qt] 30.01.2024 10:24:20 [] (unknown:0) - Python console user input: t.find_Pathway_Better(start_point, 1)
[INFO][Stream] 30.01.2024 10:24:20 [] (unknown:0) - Good to go
[DEBUG][Qt] 30.01.2024 10:24:20 [] (unknown:0) - Python console user input: t.find_Pathway_Better(start_point, 1)
[INFO][Stream] 30.01.2024 10:24:20 [] (unknown:0) - Good to go
[DEBUG][Qt] 30.01.2024 10:24:20 [] (unknown:0) - Python console user input: t.find_Pathway_Better(start_point, 1)
[DEBUG][Qt] 30.01.2024 10:24:21 [] (unknown:0) - Python console user input: t.find_Pathway_Better(start_point, 1)
[DEBUG][Qt] 30.01.2024 10:24:21 [] (unknown:0) - Python console user input: t.find_Pathway_Better(start_point, 1)
[INFO][Stream] 30.01.2024 10:24:21 [] (unknown:0) - Good to go
[DEBUG][Qt] 30.01.2024 10:24:21 [] (unknown:0) - Python console user input: t.find_Pathway_Better(start_point, 1)
[DEBUG][Qt] 30.01.2024 10:24:21 [] (unknown:0) - Python console user input: t.find_Pathway_Better(start_point, 1)
[INFO][Stream] 30.01.2024 10:24:22 [] (unknown:0) - Good to go
[DEBUG][Qt] 30.01.2024 10:24:22 [] (unknown:0) - Python console user input: t.find_Pathway_Better(start_point, 1)
[DEBUG][Qt] 30.01.2024 10:24:22 [] (unknown:0) - Python console user input: t.find_Pathway_Better(start_point, 1)
[INFO][Stream] 30.01.2024 10:24:22 [] (unknown:0) - Good to go
[DEBUG][Qt] 30.01.2024 10:24:22 [] (unknown:0) - Python console user input: t.find_Pathway_Better(start_point, 1)
[INFO][Stream] 30.01.2024 10:24:22 [] (unknown:0) - Good to go
[DEBUG][Qt] 30.01.2024 10:24:23 [] (unknown:0) - Python console user input: t.find_Pathway_Better(start_point, 1)
[INFO][Stream] 30.01.2024 10:24:23 [] (unknown:0) - Good to go
[DEBUG][Qt] 30.01.2024 10:24:23 [] (unknown:0) - Python console user input: t.find_Pathway_Better(start_point, 1)
[INFO][Stream] 30.01.2024 10:24:23 [] (unknown:0) - Good to go
[DEBUG][Qt] 30.01.2024 10:24:23 [] (unknown:0) - Python console user input: t.find_Pathway_Better(start_point, 1)
[DEBUG][Qt] 30.01.2024 10:24:23 [] (unknown:0) - Python console user input: t.find_Pathway_Better(start_point, 1)
[DEBUG][Qt] 30.01.2024 10:24:42 [] (unknown:0) - Python console user input: for i in range(20):
[DEBUG][Qt] 30.01.2024 10:24:46 [] (unknown:0) - Python console user input: 	t.find_Pathway_Better(start_point, 1)
[INFO][Stream] 30.01.2024 10:24:48 [] (unknown:0) - Good to go
[INFO][Stream] 30.01.2024 10:24:48 [] (unknown:0) - Good to go
[INFO][Stream] 30.01.2024 10:24:48 [] (unknown:0) - Good to go
[INFO][Stream] 30.01.2024 10:24:48 [] (unknown:0) - Good to go
[INFO][Stream] 30.01.2024 10:24:48 [] (unknown:0) - Good to go
[INFO][Stream] 30.01.2024 10:24:48 [] (unknown:0) - Good to go
[INFO][Stream] 30.01.2024 10:24:48 [] (unknown:0) - Good to go
[INFO][Stream] 30.01.2024 10:24:48 [] (unknown:0) - Good to go
[INFO][Stream] 30.01.2024 10:24:48 [] (unknown:0) - Good to go
[INFO][Stream] 30.01.2024 10:24:48 [] (unknown:0) - Good to go
[INFO][Stream] 30.01.2024 10:24:48 [] (unknown:0) - Good to go
[INFO][Stream] 30.01.2024 10:24:48 [] (unknown:0) - Good to go
[INFO][Stream] 30.01.2024 10:24:49 [] (unknown:0) - Good to go
[INFO][Stream] 30.01.2024 10:24:49 [] (unknown:0) - Good to go
[INFO][Stream] 30.01.2024 10:24:49 [] (unknown:0) - Good to go
[INFO][Stream] 30.01.2024 10:24:49 [] (unknown:0) - Good to go
[INFO][Stream] 30.01.2024 10:24:49 [] (unknown:0) - Good to go
[DEBUG][Qt] 30.01.2024 10:25:21 [] (unknown:0) - Python console user input: t.randomlist
[INFO][Stream] 30.01.2024 10:25:21 [] (unknown:0) - [(0, 0, 0), (4, 0, 0), (33, 0, 0), (36, 0, 0), (45, 0, 0)]
[DEBUG][Qt] 30.01.2024 10:25:25 [] (unknown:0) - Python console user input: t.find_Pathway_Better(start_point, 1)
[DEBUG][Qt] 30.01.2024 10:25:26 [] (unknown:0) - Python console user input: t.find_Pathway_Better(start_point, 1)
[INFO][Stream] 30.01.2024 10:25:26 [] (unknown:0) - Good to go
[DEBUG][Qt] 30.01.2024 10:25:27 [] (unknown:0) - Python console user input: t.find_Pathway_Better(start_point, 1)
[INFO][Stream] 30.01.2024 10:25:27 [] (unknown:0) - Good to go
[DEBUG][Qt] 30.01.2024 10:25:27 [] (unknown:0) - Python console user input: t.find_Pathway_Better(start_point, 1)
[INFO][Stream] 30.01.2024 10:25:27 [] (unknown:0) - Good to go
[DEBUG][Qt] 30.01.2024 10:25:27 [] (unknown:0) - Python console user input: t.find_Pathway_Better(start_point, 1)
[INFO][Stream] 30.01.2024 10:25:27 [] (unknown:0) - Good to go
[DEBUG][Qt] 30.01.2024 10:25:28 [] (unknown:0) - Python console user input: t.find_Pathway_Better(start_point, 1)
[CRITICAL][Stream] 30.01.2024 10:25:28 [] (unknown:0) - Traceback (most recent call last):
[CRITICAL][Stream] 30.01.2024 10:25:28 [] (unknown:0) -   File "<console>", line 1, in <module>
[CRITICAL][Stream] 30.01.2024 10:25:28 [] (unknown:0) -   File "C:/Users/DANG THE HUNG/OneDrive - King's College London/Msc study/7MRI0070 - Navigation in Robotic/Module/My_extension/My_function/My_function.py", line 466, in find_Pathway_Better
[CRITICAL][Stream] 30.01.2024 10:25:28 [] (unknown:0) -     Model_formula_target.SetInput(self.find_Pathway_targets[0].GetPolyData())
[CRITICAL][Stream] 30.01.2024 10:25:28 [] (unknown:0) -   File "D:\Program\Slicer 5.6.1\lib\Python\Lib\random.py", line 346, in choice
[CRITICAL][Stream] 30.01.2024 10:25:28 [] (unknown:0) -     return seq[self._randbelow(len(seq))]
[CRITICAL][Stream] 30.01.2024 10:25:28 [] (unknown:0) - IndexError: list index out of range
[DEBUG][Qt] 30.01.2024 10:35:34 [] (unknown:0) - Python console user input: mesh = getNode("Model_r_cortexTest")
[DEBUG][Qt] 30.01.2024 10:36:19 [] (unknown:0) - Python console user input: volumn_node = getNode("r_cortexTest")
[DEBUG][Qt] 30.01.2024 10:36:40 [] (unknown:0) - Python console user input: t = My_function.My_function_for_Projects()
[DEBUG][Qt] 30.01.2024 10:36:59 [] (unknown:0) - Switch to module:  "My_function"
[CRITICAL][Stream] 30.01.2024 10:36:59 [] (unknown:0) - D:\Program\Slicer 5.6.1\bin\Python\slicer\util.py:2786: UserWarning: does not have observer
[CRITICAL][Stream] 30.01.2024 10:36:59 [] (unknown:0) -   warn("does not have observer")
[INFO][Stream] 30.01.2024 10:37:00 [] (unknown:0) -
[INFO][Stream] 30.01.2024 10:37:00 [] (unknown:0) -
[INFO][Stream] 30.01.2024 10:37:00 [] (unknown:0) -
[INFO][Stream] 30.01.2024 10:37:00 [] (unknown:0) - ------------------------------
[INFO][Stream] 30.01.2024 10:37:00 [] (unknown:0) - Reloading module: My_function
[INFO][Stream] 30.01.2024 10:37:00 [] (unknown:0) - ------------------------------
[INFO][Stream] 30.01.2024 10:37:00 [] (unknown:0) -
[INFO][Stream] 30.01.2024 10:37:00 [] (unknown:0) -
[INFO][Stream] 30.01.2024 10:37:00 [] (unknown:0) -
[DEBUG][Qt] 30.01.2024 10:37:01 [] (unknown:0) - Python console user input: t.mea
[CRITICAL][Stream] 30.01.2024 10:37:01 [] (unknown:0) - Traceback (most recent call last):
[CRITICAL][Stream] 30.01.2024 10:37:01 [] (unknown:0) -   File "<console>", line 1, in <module>
[CRITICAL][Stream] 30.01.2024 10:37:01 [] (unknown:0) - AttributeError: 'My_function_for_Projects' object has no attribute 'mea'
[DEBUG][Qt] 30.01.2024 10:37:05 [] (unknown:0) - Python console user input: t = My_function.My_function_for_Projects()
[DEBUG][Qt] 30.01.2024 10:37:23 [] (unknown:0) - Python console user input: t.measure_implement_time_1(mesh)
[CRITICAL][Stream] 30.01.2024 10:37:23 [] (unknown:0) - Traceback (most recent call last):
[CRITICAL][Stream] 30.01.2024 10:37:23 [] (unknown:0) -   File "<console>", line 1, in <module>
[CRITICAL][Stream] 30.01.2024 10:37:23 [] (unknown:0) - TypeError: measure_implement_time_1() takes 1 positional argument but 2 were given
[INFO][Stream] 30.01.2024 10:38:22 [] (unknown:0) -
[INFO][Stream] 30.01.2024 10:38:22 [] (unknown:0) -
[INFO][Stream] 30.01.2024 10:38:22 [] (unknown:0) -
[INFO][Stream] 30.01.2024 10:38:22 [] (unknown:0) - ------------------------------
[INFO][Stream] 30.01.2024 10:38:22 [] (unknown:0) - Reloading module: My_function
[INFO][Stream] 30.01.2024 10:38:22 [] (unknown:0) - ------------------------------
[INFO][Stream] 30.01.2024 10:38:22 [] (unknown:0) -
[INFO][Stream] 30.01.2024 10:38:22 [] (unknown:0) -
[INFO][Stream] 30.01.2024 10:38:22 [] (unknown:0) -
[INFO][Stream] 30.01.2024 10:38:40 [] (unknown:0) -
[INFO][Stream] 30.01.2024 10:38:40 [] (unknown:0) -
[INFO][Stream] 30.01.2024 10:38:40 [] (unknown:0) -
[INFO][Stream] 30.01.2024 10:38:40 [] (unknown:0) - ------------------------------
[INFO][Stream] 30.01.2024 10:38:40 [] (unknown:0) - Reloading module: My_function
[INFO][Stream] 30.01.2024 10:38:40 [] (unknown:0) - ------------------------------
[INFO][Stream] 30.01.2024 10:38:40 [] (unknown:0) -
[INFO][Stream] 30.01.2024 10:38:40 [] (unknown:0) -
[INFO][Stream] 30.01.2024 10:38:40 [] (unknown:0) -
[DEBUG][Qt] 30.01.2024 10:38:48 [] (unknown:0) - Python console user input: t = My_function.My_function_for_Projects()
[DEBUG][Qt] 30.01.2024 10:38:56 [] (unknown:0) - Python console user input: t.measure_implement_time_1(mesh)
[INFO][Stream] 30.01.2024 10:38:56 [] (unknown:0) - Execution time: 0.005689859390258789 seconds
[DEBUG][Qt] 30.01.2024 10:39:07 [] (unknown:0) - Python console user input: t.measure_implement_time_2(volumn_node)
[INFO][Stream] 30.01.2024 10:39:07 [] (unknown:0) - Execution time: 0.06701469421386719 seconds
[DEBUG][Qt] 30.01.2024 10:40:42 [] (unknown:0) - Switch to module:  "Data"
[DEBUG][Qt] 30.01.2024 10:40:55 [] (unknown:0) - Python console user input: qualified_line = slicer.mrmlScene.AddNewNodeByClass("vtkMRMLMarkupsLineNode")
[DEBUG][Qt] 30.01.2024 10:41:16 [] (unknown:0) - Python console user input: qualified_line.SetLineStartPosition([0,0,0])
[DEBUG][Qt] 30.01.2024 10:41:32 [] (unknown:0) - Python console user input: qualified_line.SetLineEndPosition([1000, 1000, 1000])
[DEBUG][Qt] 30.01.2024 10:45:06 [] (unknown:0) - Python console user input: h
[INFO][Stream] 30.01.2024 10:45:06 [] (unknown:0) - <SimpleITK.SimpleITK.Image; proxy of <Swig Object of type 'std::vector< slicer_itk::simple::Image >::value_type *' at 0x000002686277DEA0> >
[DEBUG][Qt] 30.01.2024 10:45:08 [] (unknown:0) - Python console user input: k
[INFO][Stream] 30.01.2024 10:45:08 [] (unknown:0) - <SimpleITK.SimpleITK.Image; proxy of <Swig Object of type 'std::vector< slicer_itk::simple::Image >::value_type *' at 0x000002686277DD50> >
[DEBUG][Qt] 30.01.2024 10:45:10 [] (unknown:0) - Python console user input: h
[INFO][Stream] 30.01.2024 10:45:10 [] (unknown:0) - <SimpleITK.SimpleITK.Image; proxy of <Swig Object of type 'std::vector< slicer_itk::simple::Image >::value_type *' at 0x000002686277DEA0> >
[DEBUG][Qt] 30.01.2024 10:45:20 [] (unknown:0) - Python console user input: h.GetBufferAsDouble()
[CRITICAL][Stream] 30.01.2024 10:45:20 [] (unknown:0) - Traceback (most recent call last):
[CRITICAL][Stream] 30.01.2024 10:45:20 [] (unknown:0) -   File "<console>", line 1, in <module>
[CRITICAL][Stream] 30.01.2024 10:45:20 [] (unknown:0) -   File "D:\Program\Slicer 5.6.1\lib\Python\Lib\site-packages\SimpleITK\SimpleITK.py", line 3437, in GetBufferAsDouble
[CRITICAL][Stream] 30.01.2024 10:45:20 [] (unknown:0) -     return _SimpleITK.Image_GetBufferAsDouble(self, *args)
[CRITICAL][Stream] 30.01.2024 10:45:20 [] (unknown:0) - RuntimeError: Exception thrown in SimpleITK Image_GetBufferAsDouble: D:\D\S\S-0-build\SimpleITK\Code\Common\src\sitkPimpleImageBase.hxx:874:
[CRITICAL][Stream] 30.01.2024 10:45:20 [] (unknown:0) - sitk::ERROR: The image is of type: 32-bit float but the GetBuffer access method requires type: 64-bit float!
[DEBUG][Qt] 30.01.2024 10:47:01 [] (unknown:0) - Python console user input: SimpleITK.GetArrayFromImage(h)
[INFO][Stream] 30.01.2024 10:47:01 [] (unknown:0) - array([[[33.970577, 33.30165 , 32.649654, ..., 31.257   , 31.843367,
[INFO][Stream] 30.01.2024 10:47:01 [] (unknown:0) -          32.449963],
[INFO][Stream] 30.01.2024 10:47:01 [] (unknown:0) -         [33.391617, 32.710854, 32.04684 , ..., 30.561413, 31.160873,
[INFO][Stream] 30.01.2024 10:47:01 [] (unknown:0) -          31.780497],
[INFO][Stream] 30.01.2024 10:47:01 [] (unknown:0) -         [32.83291 , 32.140316, 31.464266, ..., 29.883106, 30.495901,
[INFO][Stream] 30.01.2024 10:47:01 [] (unknown:0) -          31.128765],
[INFO][Stream] 30.01.2024 10:47:01 [] (unknown:0) -         ...,
[INFO][Stream] 30.01.2024 10:47:01 [] (unknown:0) -         [29.681644, 29.051678, 28.442924, ..., 27.092434, 27.730848,
[INFO][Stream] 30.01.2024 10:47:01 [] (unknown:0) -          28.337255],
[INFO][Stream] 30.01.2024 10:47:01 [] (unknown:0) -         [30.298515, 29.681644, 29.017237, ..., 27.748875, 28.337255,
[INFO][Stream] 30.01.2024 10:47:01 [] (unknown:0) -          28.948229],
[INFO][Stream] 30.01.2024 10:47:01 [] (unknown:0) -         [30.903074, 30.232433, 29.580399, ..., 28.372522, 28.948229,
[INFO][Stream] 30.01.2024 10:47:01 [] (unknown:0) -          29.546574]],
[INFO][Stream] 30.01.2024 10:47:01 [] (unknown:0) -
[INFO][Stream] 30.01.2024 10:47:01 [] (unknown:0) -        [[33.54102 , 32.863354, 32.202484, ..., 30.805843, 31.400637,
[INFO][Stream] 30.01.2024 10:47:01 [] (unknown:0) -          32.01562 ],
[INFO][Stream] 30.01.2024 10:47:01 [] (unknown:0) -         [32.954514, 32.26453 , 31.591139, ..., 30.149628, 30.757113,
[INFO][Stream] 30.01.2024 10:47:01 [] (unknown:0) -          31.38471 ],
[INFO][Stream] 30.01.2024 10:47:01 [] (unknown:0) -         [32.38827 , 31.685959, 31.      , ..., 29.46184 , 30.083218,
[INFO][Stream] 30.01.2024 10:47:01 [] (unknown:0) -          30.724583],
[INFO][Stream] 30.01.2024 10:47:01 [] (unknown:0) -         ...,
[INFO][Stream] 30.01.2024 10:47:01 [] (unknown:0) -         [29.223278, 28.583212, 27.964262, ..., 26.608269, 27.221315,
[INFO][Stream] 30.01.2024 10:47:01 [] (unknown:0) -          27.820856],
[INFO][Stream] 30.01.2024 10:47:01 [] (unknown:0) -         [29.849623, 29.18904 , 28.513155, ..., 27.221315, 27.820856,
[INFO][Stream] 30.01.2024 10:47:01 [] (unknown:0) -          28.442924],
[INFO][Stream] 30.01.2024 10:47:01 [] (unknown:0) -         [30.430248, 29.74895 , 29.086079, ..., 27.856777, 28.442924,
[INFO][Stream] 30.01.2024 10:47:01 [] (unknown:0) -          29.051678]],
[INFO][Stream] 30.01.2024 10:47:01 [] (unknown:0) -
[INFO][Stream] 30.01.2024 10:47:01 [] (unknown:0) -        [[33.13608 , 32.449963, 31.780497, ..., 30.331501, 30.935417,
[INFO][Stream] 30.01.2024 10:47:01 [] (unknown:0) -          31.559467],
[INFO][Stream] 30.01.2024 10:47:01 [] (unknown:0) -         [32.54228 , 31.843367, 31.160873, ..., 29.681644, 30.298515,
[INFO][Stream] 30.01.2024 10:47:01 [] (unknown:0) -          30.935417],
[INFO][Stream] 30.01.2024 10:47:01 [] (unknown:0) -         [31.968735, 31.257   , 30.561413, ..., 29.051678, 29.681644,
[INFO][Stream] 30.01.2024 10:47:01 [] (unknown:0) -          30.331501],
[INFO][Stream] 30.01.2024 10:47:01 [] (unknown:0) -         ...,
[INFO][Stream] 30.01.2024 10:47:01 [] (unknown:0) -         [28.79236 , 28.142494, 27.477262, ..., 26.095976, 26.720778,
[INFO][Stream] 30.01.2024 10:47:01 [] (unknown:0) -          27.3313  ],
[INFO][Stream] 30.01.2024 10:47:01 [] (unknown:0) -         [29.427877, 28.722813, 28.035692, ..., 26.720778, 27.3313  ,
[INFO][Stream] 30.01.2024 10:47:01 [] (unknown:0) -          27.964262],
[INFO][Stream] 30.01.2024 10:47:01 [] (unknown:0) -         [29.983328, 29.291637, 28.618176, ..., 27.367865, 27.964262,
[INFO][Stream] 30.01.2024 10:47:01 [] (unknown:0) -          28.583212]],
[INFO][Stream] 30.01.2024 10:47:01 [] (unknown:0) -
[INFO][Stream] 30.01.2024 10:47:01 [] (unknown:0) -        ...,
[INFO][Stream] 30.01.2024 10:47:01 [] (unknown:0) -
[INFO][Stream] 30.01.2024 10:47:01 [] (unknown:0) -        [[40.137264, 39.623226, 39.10243 , ..., 38.118237, 38.600517,
[INFO][Stream] 30.01.2024 10:47:01 [] (unknown:0) -          39.10243 ],
[INFO][Stream] 30.01.2024 10:47:01 [] (unknown:0) -         [39.471508, 38.948685, 38.418747, ..., 37.416573, 37.907784,
[INFO][Stream] 30.01.2024 10:47:01 [] (unknown:0) -          38.418747],
[INFO][Stream] 30.01.2024 10:47:01 [] (unknown:0) -         [38.8201  , 38.28838 , 37.749172, ..., 36.728737, 37.22902 ,
[INFO][Stream] 30.01.2024 10:47:01 [] (unknown:0) -          37.749172],
[INFO][Stream] 30.01.2024 10:47:01 [] (unknown:0) -         ...,
[INFO][Stream] 30.01.2024 10:47:01 [] (unknown:0) -         [30.594116, 29.883106, 29.18904 , ..., 28.513155, 29.18904 ,
[INFO][Stream] 30.01.2024 10:47:01 [] (unknown:0) -          29.883106],
[INFO][Stream] 30.01.2024 10:47:01 [] (unknown:0) -         [31.128765, 30.430248, 29.74895 , ..., 29.086079, 29.74895 ,
[INFO][Stream] 30.01.2024 10:47:01 [] (unknown:0) -          30.430248],
[INFO][Stream] 30.01.2024 10:47:01 [] (unknown:0) -         [31.685959, 31.      , 30.331501, ..., 29.681644, 30.331501,
[INFO][Stream] 30.01.2024 10:47:01 [] (unknown:0) -          31.      ]],
[INFO][Stream] 30.01.2024 10:47:01 [] (unknown:0) -
[INFO][Stream] 30.01.2024 10:47:01 [] (unknown:0) -        [[40.6694  , 40.137264, 39.623226, ..., 38.652298, 39.127995,
[INFO][Stream] 30.01.2024 10:47:01 [] (unknown:0) -          39.623226],
[INFO][Stream] 30.01.2024 10:47:01 [] (unknown:0) -         [40.012497, 39.471508, 38.948685, ..., 37.960506, 38.444767,
[INFO][Stream] 30.01.2024 10:47:01 [] (unknown:0) -          38.948685],
[INFO][Stream] 30.01.2024 10:47:01 [] (unknown:0) -         [39.37004 , 38.8201  , 38.28838 , ..., 37.282703, 37.775654,
[INFO][Stream] 30.01.2024 10:47:01 [] (unknown:0) -          38.28838 ],
[INFO][Stream] 30.01.2024 10:47:01 [] (unknown:0) -         ...,
[INFO][Stream] 30.01.2024 10:47:01 [] (unknown:0) -         [31.06445 , 30.364452, 29.681644, ..., 29.017237, 29.681644,
[INFO][Stream] 30.01.2024 10:47:01 [] (unknown:0) -          30.364452],
[INFO][Stream] 30.01.2024 10:47:01 [] (unknown:0) -         [31.591139, 30.903074, 30.232433, ..., 29.580399, 30.232433,
[INFO][Stream] 30.01.2024 10:47:01 [] (unknown:0) -          30.903074],
[INFO][Stream] 30.01.2024 10:47:01 [] (unknown:0) -         [32.140316, 31.464266, 30.805843, ..., 30.166206, 30.805843,
[INFO][Stream] 30.01.2024 10:47:01 [] (unknown:0) -          31.464266]],
[INFO][Stream] 30.01.2024 10:47:01 [] (unknown:0) -
[INFO][Stream] 30.01.2024 10:47:01 [] (unknown:0) -        [[41.19466 , 40.6694  , 40.16217 , ..., 39.20459 , 39.673668,
[INFO][Stream] 30.01.2024 10:47:01 [] (unknown:0) -          40.16217 ],
[INFO][Stream] 30.01.2024 10:47:01 [] (unknown:0) -         [40.54627 , 40.012497, 39.496834, ..., 38.52272 , 39.      ,
[INFO][Stream] 30.01.2024 10:47:01 [] (unknown:0) -          39.496834],
[INFO][Stream] 30.01.2024 10:47:01 [] (unknown:0) -         [39.912403, 39.37004 , 38.845848, ..., 37.85499 , 38.34058 ,
[INFO][Stream] 30.01.2024 10:47:01 [] (unknown:0) -          38.845848],
[INFO][Stream] 30.01.2024 10:47:01 [] (unknown:0) -         ...,
[INFO][Stream] 30.01.2024 10:47:01 [] (unknown:0) -         [31.559467, 30.870699, 30.199337, ..., 29.546574, 30.199337,
[INFO][Stream] 30.01.2024 10:47:01 [] (unknown:0) -          30.870699],
[INFO][Stream] 30.01.2024 10:47:01 [] (unknown:0) -         [32.07803 , 31.400637, 30.740852, ..., 30.099834, 30.740852,
[INFO][Stream] 30.01.2024 10:47:01 [] (unknown:0) -          31.400637],
[INFO][Stream] 30.01.2024 10:47:01 [] (unknown:0) -         [32.619015, 31.95309 , 31.304953, ..., 30.675724, 31.304953,
[INFO][Stream] 30.01.2024 10:47:01 [] (unknown:0) -          31.95309 ]]], dtype=float32)
[DEBUG][Qt] 30.01.2024 10:47:09 [] (unknown:0) - Python console user input: t = SimpleITK.GetArrayFromImage(h)
[DEBUG][Qt] 30.01.2024 10:47:12 [] (unknown:0) - Python console user input: t.shape
[INFO][Stream] 30.01.2024 10:47:12 [] (unknown:0) - (55, 64, 64)
[DEBUG][Qt] 30.01.2024 10:47:26 [] (unknown:0) - Python console user input: t2 = SimpleITK.GetArrayFromImage(k)
[DEBUG][Qt] 30.01.2024 10:47:29 [] (unknown:0) - Python console user input: t2.shape
[INFO][Stream] 30.01.2024 10:47:29 [] (unknown:0) - (55, 64, 64)
[DEBUG][Qt] 30.01.2024 10:48:26 [] (unknown:0) - Python console user input: h.GetSpacing()
[INFO][Stream] 30.01.2024 10:48:26 [] (unknown:0) - (4.0, 4.0, 4.0)
[DEBUG][Qt] 30.01.2024 10:48:41 [] (unknown:0) - Python console user input: h.GetOrigin()
[INFO][Stream] 30.01.2024 10:48:41 [] (unknown:0) - (0.0, 0.0, 0.0)
[DEBUG][Qt] 30.01.2024 11:02:03 [] (unknown:0) - Python console user input: h.GetWidth()
[INFO][Stream] 30.01.2024 11:02:03 [] (unknown:0) - 64
[DEBUG][Qt] 30.01.2024 11:02:19 [] (unknown:0) - Python console user input: label_function
[INFO][Stream] 30.01.2024 11:02:19 [] (unknown:0) - <vtkmodules.vtkFiltersCore.vtkImplicitPolyDataDistance(0x0000026804933DA0) at 0x00000268625F95E0>
[DEBUG][Qt] 30.01.2024 11:02:38 [] (unknown:0) - Python console user input: distanceFilter
[INFO][Stream] 30.01.2024 11:02:38 [] (unknown:0) - <SimpleITK.SimpleITK.DanielssonDistanceMapImageFilter; proxy of <Swig Object of type 'slicer_itk::simple::DanielssonDistanceMapImageFilter *' at 0x000002686277DE70> >
[DEBUG][Qt] 30.01.2024 11:03:47 [] (unknown:0) - Python console user input: distanceFilter.SetSquaredDistance(0)
[CRITICAL][Stream] 30.01.2024 11:03:47 [] (unknown:0) - Traceback (most recent call last):
[CRITICAL][Stream] 30.01.2024 11:03:47 [] (unknown:0) -   File "<console>", line 1, in <module>
[CRITICAL][Stream] 30.01.2024 11:03:47 [] (unknown:0) -   File "D:\Program\Slicer 5.6.1\lib\Python\Lib\site-packages\SimpleITK\SimpleITK.py", line 10770, in SetSquaredDistance
[CRITICAL][Stream] 30.01.2024 11:03:47 [] (unknown:0) -     return _SimpleITK.DanielssonDistanceMapImageFilter_SetSquaredDistance(self, SquaredDistance)
[CRITICAL][Stream] 30.01.2024 11:03:47 [] (unknown:0) - TypeError: in method 'DanielssonDistanceMapImageFilter_SetSquaredDistance', argument 2 of type 'bool'
[DEBUG][Qt] 30.01.2024 11:03:51 [] (unknown:0) - Python console user input: distanceFilter.SetSquaredDistance(False)
[DEBUG][Qt] 30.01.2024 11:09:26 [] (unknown:0) - Python console user input: distanceFilter.SetUseImageSpacingOn
[CRITICAL][Stream] 30.01.2024 11:09:26 [] (unknown:0) - Traceback (most recent call last):
[CRITICAL][Stream] 30.01.2024 11:09:26 [] (unknown:0) -   File "<console>", line 1, in <module>
[CRITICAL][Stream] 30.01.2024 11:09:26 [] (unknown:0) - AttributeError: 'DanielssonDistanceMapImageFilter' object has no attribute 'SetUseImageSpacingOn'
[DEBUG][Qt] 30.01.2024 11:09:32 [] (unknown:0) - Python console user input: distanceFilter.UseImageSpacingOn()
[CRITICAL][Stream] 30.01.2024 11:10:58 [] (unknown:0) - Traceback (most recent call last):
[CRITICAL][Stream] 30.01.2024 11:10:58 [] (unknown:0) -   File "<string>", line 4, in <module>
[CRITICAL][Stream] 30.01.2024 11:10:58 [] (unknown:0) - NameError: name 'sitkUtils' is not defined
[DEBUG][Qt] 30.01.2024 11:11:07 [] (unknown:0) - Python console user input: import sitkUtils
[CRITICAL][Stream] 30.01.2024 11:11:12 [] (unknown:0) - Traceback (most recent call last):
[CRITICAL][Stream] 30.01.2024 11:11:12 [] (unknown:0) -   File "<string>", line 6, in <module>
[CRITICAL][Stream] 30.01.2024 11:11:12 [] (unknown:0) -   File "D:\Program\Slicer 5.6.1\lib\Python\Lib\site-packages\SimpleITK\extra.py", line 267, in GetArrayFromImage
[CRITICAL][Stream] 30.01.2024 11:11:12 [] (unknown:0) -     array_view = GetArrayViewFromImage(image)
[CRITICAL][Stream] 30.01.2024 11:11:12 [] (unknown:0) -   File "D:\Program\Slicer 5.6.1\lib\Python\Lib\site-packages\SimpleITK\extra.py", line 242, in GetArrayViewFromImage
[CRITICAL][Stream] 30.01.2024 11:11:12 [] (unknown:0) -     pixel_id = image.GetPixelIDValue()
[CRITICAL][Stream] 30.01.2024 11:11:12 [] (unknown:0) - AttributeError: 'MRMLCorePython.vtkMRMLScalarVolumeNode' object has no attribute 'GetPixelIDValue'
[CRITICAL][Stream] 30.01.2024 11:11:13 [] (unknown:0) - Traceback (most recent call last):
[CRITICAL][Stream] 30.01.2024 11:11:13 [] (unknown:0) -   File "<string>", line 6, in <module>
[CRITICAL][Stream] 30.01.2024 11:11:13 [] (unknown:0) -   File "D:\Program\Slicer 5.6.1\lib\Python\Lib\site-packages\SimpleITK\extra.py", line 267, in GetArrayFromImage
[CRITICAL][Stream] 30.01.2024 11:11:13 [] (unknown:0) -     array_view = GetArrayViewFromImage(image)
[CRITICAL][Stream] 30.01.2024 11:11:13 [] (unknown:0) -   File "D:\Program\Slicer 5.6.1\lib\Python\Lib\site-packages\SimpleITK\extra.py", line 242, in GetArrayViewFromImage
[CRITICAL][Stream] 30.01.2024 11:11:13 [] (unknown:0) -     pixel_id = image.GetPixelIDValue()
[CRITICAL][Stream] 30.01.2024 11:11:13 [] (unknown:0) - AttributeError: 'MRMLCorePython.vtkMRMLScalarVolumeNode' object has no attribute 'GetPixelIDValue'
[DEBUG][Qt] 30.01.2024 11:11:28 [] (unknown:0) - Python console user input: output
[INFO][Stream] 30.01.2024 11:11:28 [] (unknown:0) - <MRMLCorePython.vtkMRMLScalarVolumeNode(0x000002685B7272A0) at 0x000002680A2AB8E0>
[DEBUG][Qt] 30.01.2024 11:12:04 [] (unknown:0) - Python console user input: array
[INFO][Stream] 30.01.2024 11:12:04 [] (unknown:0) - array([[[135.88231 , 133.2066  , 130.59862 , ..., 125.028   ,
[INFO][Stream] 30.01.2024 11:12:04 [] (unknown:0) -          127.37347 , 129.79985 ],
[INFO][Stream] 30.01.2024 11:12:04 [] (unknown:0) -         [133.56647 , 130.84341 , 128.18736 , ..., 122.24565 ,
[INFO][Stream] 30.01.2024 11:12:04 [] (unknown:0) -          124.64349 , 127.12199 ],
[INFO][Stream] 30.01.2024 11:12:04 [] (unknown:0) -         [131.33163 , 128.56126 , 125.85706 , ..., 119.532425,
[INFO][Stream] 30.01.2024 11:12:04 [] (unknown:0) -          121.983604, 124.51506 ],
[INFO][Stream] 30.01.2024 11:12:04 [] (unknown:0) -         ...,
[INFO][Stream] 30.01.2024 11:12:04 [] (unknown:0) -         [118.72658 , 116.20671 , 113.7717  , ..., 108.369736,
[INFO][Stream] 30.01.2024 11:12:04 [] (unknown:0) -          110.92339 , 113.34902 ],
[INFO][Stream] 30.01.2024 11:12:04 [] (unknown:0) -         [121.19406 , 118.72658 , 116.06895 , ..., 110.9955  ,
[INFO][Stream] 30.01.2024 11:12:04 [] (unknown:0) -          113.34902 , 115.792915],
[INFO][Stream] 30.01.2024 11:12:04 [] (unknown:0) -         [123.6123  , 120.92973 , 118.321594, ..., 113.49009 ,
[INFO][Stream] 30.01.2024 11:12:04 [] (unknown:0) -          115.792915, 118.186295]],
[INFO][Stream] 30.01.2024 11:12:04 [] (unknown:0) -
[INFO][Stream] 30.01.2024 11:12:04 [] (unknown:0) -        [[134.16408 , 131.45341 , 128.80994 , ..., 123.22337 ,
[INFO][Stream] 30.01.2024 11:12:04 [] (unknown:0) -          125.60255 , 128.06248 ],
[INFO][Stream] 30.01.2024 11:12:04 [] (unknown:0) -         [131.81805 , 129.05812 , 126.364555, ..., 120.59851 ,
[INFO][Stream] 30.01.2024 11:12:04 [] (unknown:0) -          123.02845 , 125.53884 ],
[INFO][Stream] 30.01.2024 11:12:04 [] (unknown:0) -         [129.55309 , 126.743835, 124.      , ..., 117.84736 ,
[INFO][Stream] 30.01.2024 11:12:04 [] (unknown:0) -          120.33287 , 122.89833 ],
[INFO][Stream] 30.01.2024 11:12:04 [] (unknown:0) -         ...,
[INFO][Stream] 30.01.2024 11:12:04 [] (unknown:0) -         [116.89311 , 114.33285 , 111.85705 , ..., 106.433075,
[INFO][Stream] 30.01.2024 11:12:04 [] (unknown:0) -          108.88526 , 111.283424],
[INFO][Stream] 30.01.2024 11:12:04 [] (unknown:0) -         [119.39849 , 116.75616 , 114.05262 , ..., 108.88526 ,
[INFO][Stream] 30.01.2024 11:12:04 [] (unknown:0) -          111.283424, 113.7717  ],
[INFO][Stream] 30.01.2024 11:12:04 [] (unknown:0) -         [121.72099 , 118.9958  , 116.344315, ..., 111.42711 ,
[INFO][Stream] 30.01.2024 11:12:04 [] (unknown:0) -          113.7717  , 116.20671 ]],
[INFO][Stream] 30.01.2024 11:12:04 [] (unknown:0) -
[INFO][Stream] 30.01.2024 11:12:04 [] (unknown:0) -        [[132.54433 , 129.79985 , 127.12199 , ..., 121.326004,
[INFO][Stream] 30.01.2024 11:12:04 [] (unknown:0) -          123.74167 , 126.23787 ],
[INFO][Stream] 30.01.2024 11:12:04 [] (unknown:0) -         [130.16911 , 127.37347 , 124.64349 , ..., 118.72658 ,
[INFO][Stream] 30.01.2024 11:12:04 [] (unknown:0) -          121.19406 , 123.74167 ],
[INFO][Stream] 30.01.2024 11:12:04 [] (unknown:0) -         [127.87494 , 125.028   , 122.24565 , ..., 116.20671 ,
[INFO][Stream] 30.01.2024 11:12:04 [] (unknown:0) -          118.72658 , 121.326004],
[INFO][Stream] 30.01.2024 11:12:04 [] (unknown:0) -         ...,
[INFO][Stream] 30.01.2024 11:12:04 [] (unknown:0) -         [115.16944 , 112.56998 , 109.90905 , ..., 104.3839  ,
[INFO][Stream] 30.01.2024 11:12:04 [] (unknown:0) -          106.88311 , 109.3252  ],
[INFO][Stream] 30.01.2024 11:12:04 [] (unknown:0) -         [117.71151 , 114.89125 , 112.14277 , ..., 106.88311 ,
[INFO][Stream] 30.01.2024 11:12:04 [] (unknown:0) -          109.3252  , 111.85705 ],
[INFO][Stream] 30.01.2024 11:12:04 [] (unknown:0) -         [119.93331 , 117.16655 , 114.4727  , ..., 109.47146 ,
[INFO][Stream] 30.01.2024 11:12:04 [] (unknown:0) -          111.85705 , 114.33285 ]],
[INFO][Stream] 30.01.2024 11:12:04 [] (unknown:0) -
[INFO][Stream] 30.01.2024 11:12:04 [] (unknown:0) -        ...,
[INFO][Stream] 30.01.2024 11:12:04 [] (unknown:0) -
[INFO][Stream] 30.01.2024 11:12:04 [] (unknown:0) -        [[160.54906 , 158.4929  , 156.40971 , ..., 152.47295 ,
[INFO][Stream] 30.01.2024 11:12:04 [] (unknown:0) -          154.40207 , 156.40971 ],
[INFO][Stream] 30.01.2024 11:12:04 [] (unknown:0) -         [157.88603 , 155.79474 , 153.67499 , ..., 149.66629 ,
[INFO][Stream] 30.01.2024 11:12:04 [] (unknown:0) -          151.63113 , 153.67499 ],
[INFO][Stream] 30.01.2024 11:12:04 [] (unknown:0) -         [155.2804  , 153.15352 , 150.99669 , ..., 146.91495 ,
[INFO][Stream] 30.01.2024 11:12:04 [] (unknown:0) -          148.91608 , 150.99669 ],
[INFO][Stream] 30.01.2024 11:12:04 [] (unknown:0) -         ...,
[INFO][Stream] 30.01.2024 11:12:04 [] (unknown:0) -         [122.376465, 119.532425, 116.75616 , ..., 114.05262 ,
[INFO][Stream] 30.01.2024 11:12:04 [] (unknown:0) -          116.75616 , 119.532425],
[INFO][Stream] 30.01.2024 11:12:04 [] (unknown:0) -         [124.51506 , 121.72099 , 118.9958  , ..., 116.344315,
[INFO][Stream] 30.01.2024 11:12:04 [] (unknown:0) -          118.9958  , 121.72099 ],
[INFO][Stream] 30.01.2024 11:12:04 [] (unknown:0) -         [126.743835, 124.      , 121.326004, ..., 118.72658 ,
[INFO][Stream] 30.01.2024 11:12:04 [] (unknown:0) -          121.326004, 124.      ]],
[INFO][Stream] 30.01.2024 11:12:04 [] (unknown:0) -
[INFO][Stream] 30.01.2024 11:12:04 [] (unknown:0) -        [[162.6776  , 160.54906 , 158.4929  , ..., 154.60919 ,
[INFO][Stream] 30.01.2024 11:12:04 [] (unknown:0) -          156.51198 , 158.4929  ],
[INFO][Stream] 30.01.2024 11:12:04 [] (unknown:0) -         [160.04999 , 157.88603 , 155.79474 , ..., 151.84203 ,
[INFO][Stream] 30.01.2024 11:12:04 [] (unknown:0) -          153.77907 , 155.79474 ],
[INFO][Stream] 30.01.2024 11:12:04 [] (unknown:0) -         [157.48016 , 155.2804  , 153.15352 , ..., 149.13081 ,
[INFO][Stream] 30.01.2024 11:12:04 [] (unknown:0) -          151.10262 , 153.15352 ],
[INFO][Stream] 30.01.2024 11:12:04 [] (unknown:0) -         ...,
[INFO][Stream] 30.01.2024 11:12:04 [] (unknown:0) -         [124.2578  , 121.45781 , 118.72658 , ..., 116.06895 ,
[INFO][Stream] 30.01.2024 11:12:04 [] (unknown:0) -          118.72658 , 121.45781 ],
[INFO][Stream] 30.01.2024 11:12:04 [] (unknown:0) -         [126.364555, 123.6123  , 120.92973 , ..., 118.321594,
[INFO][Stream] 30.01.2024 11:12:04 [] (unknown:0) -          120.92973 , 123.6123  ],
[INFO][Stream] 30.01.2024 11:12:04 [] (unknown:0) -         [128.56126 , 125.85706 , 123.22337 , ..., 120.664825,
[INFO][Stream] 30.01.2024 11:12:04 [] (unknown:0) -          123.22337 , 125.85706 ]],
[INFO][Stream] 30.01.2024 11:12:04 [] (unknown:0) -
[INFO][Stream] 30.01.2024 11:12:04 [] (unknown:0) -        [[164.77864 , 162.6776  , 160.64868 , ..., 156.81836 ,
[INFO][Stream] 30.01.2024 11:12:04 [] (unknown:0) -          158.69467 , 160.64868 ],
[INFO][Stream] 30.01.2024 11:12:04 [] (unknown:0) -         [162.18507 , 160.04999 , 157.98734 , ..., 154.09088 ,
[INFO][Stream] 30.01.2024 11:12:04 [] (unknown:0) -          156.      , 157.98734 ],
[INFO][Stream] 30.01.2024 11:12:04 [] (unknown:0) -         [159.64961 , 157.48016 , 155.38339 , ..., 151.41995 ,
[INFO][Stream] 30.01.2024 11:12:04 [] (unknown:0) -          153.36232 , 155.38339 ],
[INFO][Stream] 30.01.2024 11:12:04 [] (unknown:0) -         ...,
[INFO][Stream] 30.01.2024 11:12:04 [] (unknown:0) -         [126.23787 , 123.482796, 120.79735 , ..., 118.186295,
[INFO][Stream] 30.01.2024 11:12:04 [] (unknown:0) -          120.79735 , 123.482796],
[INFO][Stream] 30.01.2024 11:12:04 [] (unknown:0) -         [128.31212 , 125.60255 , 122.96341 , ..., 120.39934 ,
[INFO][Stream] 30.01.2024 11:12:04 [] (unknown:0) -          122.96341 , 125.60255 ],
[INFO][Stream] 30.01.2024 11:12:04 [] (unknown:0) -         [130.47606 , 127.81236 , 125.21981 , ..., 122.702896,
[INFO][Stream] 30.01.2024 11:12:04 [] (unknown:0) -          125.21981 , 127.81236 ]]], dtype=float32)
[DEBUG][Qt] 30.01.2024 11:12:15 [] (unknown:0) - Python console user input: array
[INFO][Stream] 30.01.2024 11:12:15 [] (unknown:0) - array([[[18464., 17744., 17056., ..., 15632., 16224., 16848.],
[INFO][Stream] 30.01.2024 11:12:15 [] (unknown:0) -         [17840., 17120., 16432., ..., 14944., 15536., 16160.],
[INFO][Stream] 30.01.2024 11:12:15 [] (unknown:0) -         [17248., 16528., 15840., ..., 14288., 14880., 15504.],
[INFO][Stream] 30.01.2024 11:12:15 [] (unknown:0) -         ...,
[INFO][Stream] 30.01.2024 11:12:15 [] (unknown:0) -         [14096., 13504., 12944., ..., 11744., 12304., 12848.],
[INFO][Stream] 30.01.2024 11:12:15 [] (unknown:0) -         [14688., 14096., 13472., ..., 12320., 12848., 13408.],
[INFO][Stream] 30.01.2024 11:12:15 [] (unknown:0) -         [15280., 14624., 14000., ..., 12880., 13408., 13968.]],
[INFO][Stream] 30.01.2024 11:12:15 [] (unknown:0) -
[INFO][Stream] 30.01.2024 11:12:15 [] (unknown:0) -        [[18000., 17280., 16592., ..., 15184., 15776., 16400.],
[INFO][Stream] 30.01.2024 11:12:15 [] (unknown:0) -         [17376., 16656., 15968., ..., 14544., 15136., 15760.],
[INFO][Stream] 30.01.2024 11:12:15 [] (unknown:0) -         [16784., 16064., 15376., ..., 13888., 14480., 15104.],
[INFO][Stream] 30.01.2024 11:12:15 [] (unknown:0) -         ...,
[INFO][Stream] 30.01.2024 11:12:15 [] (unknown:0) -         [13664., 13072., 12512., ..., 11328., 11856., 12384.],
[INFO][Stream] 30.01.2024 11:12:15 [] (unknown:0) -         [14256., 13632., 13008., ..., 11856., 12384., 12944.],
[INFO][Stream] 30.01.2024 11:12:15 [] (unknown:0) -         [14816., 14160., 13536., ..., 12416., 12944., 13504.]],
[INFO][Stream] 30.01.2024 11:12:15 [] (unknown:0) -
[INFO][Stream] 30.01.2024 11:12:15 [] (unknown:0) -        [[17568., 16848., 16160., ..., 14720., 15312., 15936.],
[INFO][Stream] 30.01.2024 11:12:15 [] (unknown:0) -         [16944., 16224., 15536., ..., 14096., 14688., 15312.],
[INFO][Stream] 30.01.2024 11:12:15 [] (unknown:0) -         [16352., 15632., 14944., ..., 13504., 14096., 14720.],
[INFO][Stream] 30.01.2024 11:12:15 [] (unknown:0) -         ...,
[INFO][Stream] 30.01.2024 11:12:15 [] (unknown:0) -         [13264., 12672., 12080., ..., 10896., 11424., 11952.],
[INFO][Stream] 30.01.2024 11:12:15 [] (unknown:0) -         [13856., 13200., 12576., ..., 11424., 11952., 12512.],
[INFO][Stream] 30.01.2024 11:12:15 [] (unknown:0) -         [14384., 13728., 13104., ..., 11984., 12512., 13072.]],
[INFO][Stream] 30.01.2024 11:12:15 [] (unknown:0) -
[INFO][Stream] 30.01.2024 11:12:15 [] (unknown:0) -        ...,
[INFO][Stream] 30.01.2024 11:12:15 [] (unknown:0) -
[INFO][Stream] 30.01.2024 11:12:15 [] (unknown:0) -        [[25776., 25120., 24464., ..., 23248., 23840., 24464.],
[INFO][Stream] 30.01.2024 11:12:15 [] (unknown:0) -         [24928., 24272., 23616., ..., 22400., 22992., 23616.],
[INFO][Stream] 30.01.2024 11:12:15 [] (unknown:0) -         [24112., 23456., 22800., ..., 21584., 22176., 22800.],
[INFO][Stream] 30.01.2024 11:12:15 [] (unknown:0) -         ...,
[INFO][Stream] 30.01.2024 11:12:15 [] (unknown:0) -         [14976., 14288., 13632., ..., 13008., 13632., 14288.],
[INFO][Stream] 30.01.2024 11:12:15 [] (unknown:0) -         [15504., 14816., 14160., ..., 13536., 14160., 14816.],
[INFO][Stream] 30.01.2024 11:12:15 [] (unknown:0) -         [16064., 15376., 14720., ..., 14096., 14720., 15376.]],
[INFO][Stream] 30.01.2024 11:12:15 [] (unknown:0) -
[INFO][Stream] 30.01.2024 11:12:15 [] (unknown:0) -        [[26464., 25776., 25120., ..., 23904., 24496., 25120.],
[INFO][Stream] 30.01.2024 11:12:15 [] (unknown:0) -         [25616., 24928., 24272., ..., 23056., 23648., 24272.],
[INFO][Stream] 30.01.2024 11:12:15 [] (unknown:0) -         [24800., 24112., 23456., ..., 22240., 22832., 23456.],
[INFO][Stream] 30.01.2024 11:12:15 [] (unknown:0) -         ...,
[INFO][Stream] 30.01.2024 11:12:15 [] (unknown:0) -         [15440., 14752., 14096., ..., 13472., 14096., 14752.],
[INFO][Stream] 30.01.2024 11:12:15 [] (unknown:0) -         [15968., 15280., 14624., ..., 14000., 14624., 15280.],
[INFO][Stream] 30.01.2024 11:12:15 [] (unknown:0) -         [16528., 15840., 15184., ..., 14560., 15184., 15840.]],
[INFO][Stream] 30.01.2024 11:12:15 [] (unknown:0) -
[INFO][Stream] 30.01.2024 11:12:15 [] (unknown:0) -        [[27152., 26464., 25808., ..., 24592., 25184., 25808.],
[INFO][Stream] 30.01.2024 11:12:15 [] (unknown:0) -         [26304., 25616., 24960., ..., 23744., 24336., 24960.],
[INFO][Stream] 30.01.2024 11:12:15 [] (unknown:0) -         [25488., 24800., 24144., ..., 22928., 23520., 24144.],
[INFO][Stream] 30.01.2024 11:12:15 [] (unknown:0) -         ...,
[INFO][Stream] 30.01.2024 11:12:15 [] (unknown:0) -         [15936., 15248., 14592., ..., 13968., 14592., 15248.],
[INFO][Stream] 30.01.2024 11:12:15 [] (unknown:0) -         [16464., 15776., 15120., ..., 14496., 15120., 15776.],
[INFO][Stream] 30.01.2024 11:12:15 [] (unknown:0) -         [17024., 16336., 15680., ..., 15056., 15680., 16336.]]],
[INFO][Stream] 30.01.2024 11:12:15 [] (unknown:0) -       dtype=float32)
[DEBUG][Qt] 30.01.2024 11:12:25 [] (unknown:0) - Python console user input: array.max()
[INFO][Stream] 30.01.2024 11:12:25 [] (unknown:0) - 27152.0
[DEBUG][Qt] 30.01.2024 11:12:49 [] (unknown:0) - Python console user input: array.max()
[INFO][Stream] 30.01.2024 11:12:49 [] (unknown:0) - 164.77864
[DEBUG][Qt] 30.01.2024 11:12:53 [] (unknown:0) - Python console user input: array.max()**2
[INFO][Stream] 30.01.2024 11:12:53 [] (unknown:0) - 27152.00044645206
[DEBUG][Qt] 30.01.2024 11:13:13 [] (unknown:0) - Python console user input: array.max()
[INFO][Stream] 30.01.2024 11:13:13 [] (unknown:0) - 41.19466
[DEBUG][Qt] 30.01.2024 11:13:18 [] (unknown:0) - Python console user input: array.max()*4
[INFO][Stream] 30.01.2024 11:13:18 [] (unknown:0) - 164.7786407470703
[DEBUG][Qt] 30.01.2024 11:13:46 [] (unknown:0) - Python console user input: array.max()
[INFO][Stream] 30.01.2024 11:13:46 [] (unknown:0) - 27152.0
[DEBUG][Qt] 30.01.2024 11:30:35 [] (unknown:0) - Python console user input: distance_label_map = getNode("r_cortexTest")
[DEBUG][Qt] 30.01.2024 11:31:13 [] (unknown:0) - Python console user input:  slicer.util.arrayFromVolume(distance_label_map)
[CRITICAL][Stream] 30.01.2024 11:31:13 [] (unknown:0) -   File "<console>", line 1
[CRITICAL][Stream] 30.01.2024 11:31:13 [] (unknown:0) -     slicer.util.arrayFromVolume(distance_label_map)
[CRITICAL][Stream] 30.01.2024 11:31:13 [] (unknown:0) - IndentationError: unexpected indent
[DEBUG][Qt] 30.01.2024 11:31:20 [] (unknown:0) - Python console user input:  slicer.util.arrayFromVolume(distance_label_map)
[CRITICAL][Stream] 30.01.2024 11:31:20 [] (unknown:0) -   File "<console>", line 1
[CRITICAL][Stream] 30.01.2024 11:31:20 [] (unknown:0) -     slicer.util.arrayFromVolume(distance_label_map)
[CRITICAL][Stream] 30.01.2024 11:31:20 [] (unknown:0) - IndentationError: unexpected indent
[DEBUG][Qt] 30.01.2024 11:31:26 [] (unknown:0) - Python console user input:  slicer.util.arrayFromVolume()
[CRITICAL][Stream] 30.01.2024 11:31:26 [] (unknown:0) -   File "<console>", line 1
[CRITICAL][Stream] 30.01.2024 11:31:26 [] (unknown:0) -     slicer.util.arrayFromVolume()
[CRITICAL][Stream] 30.01.2024 11:31:26 [] (unknown:0) - IndentationError: unexpected indent
[DEBUG][Qt] 30.01.2024 11:31:37 [] (unknown:0) - Python console user input:  slicer.util.arrayFromVolume(distance_map
[CRITICAL][Stream] 30.01.2024 11:31:37 [] (unknown:0) -   File "<console>", line 1
[CRITICAL][Stream] 30.01.2024 11:31:37 [] (unknown:0) -     slicer.util.arrayFromVolume(distance_map
[CRITICAL][Stream] 30.01.2024 11:31:37 [] (unknown:0) - IndentationError: unexpected indent
[DEBUG][Qt] 30.01.2024 11:31:39 [] (unknown:0) - Python console user input:  slicer.util.arrayFromVolume(distance_map)
[CRITICAL][Stream] 30.01.2024 11:31:39 [] (unknown:0) -   File "<console>", line 1
[CRITICAL][Stream] 30.01.2024 11:31:39 [] (unknown:0) -     slicer.util.arrayFromVolume(distance_map)
[CRITICAL][Stream] 30.01.2024 11:31:39 [] (unknown:0) - IndentationError: unexpected indent
[DEBUG][Qt] 30.01.2024 11:31:53 [] (unknown:0) - Python console user input: array("r_cortexTest")
[CRITICAL][Stream] 30.01.2024 11:31:53 [] (unknown:0) - Traceback (most recent call last):
[CRITICAL][Stream] 30.01.2024 11:31:53 [] (unknown:0) -   File "<console>", line 1, in <module>
[CRITICAL][Stream] 30.01.2024 11:31:53 [] (unknown:0) - TypeError: 'numpy.ndarray' object is not callable
[DEBUG][Qt] 30.01.2024 11:32:09 [] (unknown:0) - Python console user input: import numpy as np
[DEBUG][Qt] 30.01.2024 11:32:11 [] (unknown:0) - Python console user input: array("r_cortexTest")
[CRITICAL][Stream] 30.01.2024 11:32:11 [] (unknown:0) - Traceback (most recent call last):
[CRITICAL][Stream] 30.01.2024 11:32:11 [] (unknown:0) -   File "<console>", line 1, in <module>
[CRITICAL][Stream] 30.01.2024 11:32:11 [] (unknown:0) - TypeError: 'numpy.ndarray' object is not callable
[DEBUG][Qt] 30.01.2024 11:32:26 [] (unknown:0) - Python console user input: array("fakeBrainTest")
[CRITICAL][Stream] 30.01.2024 11:32:26 [] (unknown:0) - Traceback (most recent call last):
[CRITICAL][Stream] 30.01.2024 11:32:26 [] (unknown:0) -   File "<console>", line 1, in <module>
[CRITICAL][Stream] 30.01.2024 11:32:26 [] (unknown:0) - TypeError: 'numpy.ndarray' object is not callable
[DEBUG][Qt] 30.01.2024 11:32:32 [] (unknown:0) - Switch to module:  ""
