[DEBUG][Qt] 26.01.2024 16:20:24 [] (unknown:0) - Session start time .......: 20240126_162024
[DEBUG][Qt] 26.01.2024 16:20:24 [] (unknown:0) - Slicer version ...........: 5.6.1 (revision 32438 / 117ce5f) win-amd64 - installed release
[DEBUG][Qt] 26.01.2024 16:20:24 [] (unknown:0) - Operating system .........: Windows /  Personal / (Build 22621, Code Page 65001) - 64-bit
[DEBUG][Qt] 26.01.2024 16:20:24 [] (unknown:0) - Memory ...................: 7834 MB physical, 12954 MB virtual
[DEBUG][Qt] 26.01.2024 16:20:24 [] (unknown:0) - CPU ......................: GenuineIntel , 8 cores, 8 logical processors
[DEBUG][Qt] 26.01.2024 16:20:24 [] (unknown:0) - VTK configuration ........: OpenGL2 rendering, TBB threading
[DEBUG][Qt] 26.01.2024 16:20:24 [] (unknown:0) - Qt configuration .........: version 5.15.2, with SSL, requested OpenGL 3.2 (compatibility profile)
[DEBUG][Qt] 26.01.2024 16:20:24 [] (unknown:0) - Internationalization .....: disabled, language=
[DEBUG][Qt] 26.01.2024 16:20:24 [] (unknown:0) - Developer mode ...........: enabled
[DEBUG][Qt] 26.01.2024 16:20:24 [] (unknown:0) - Application path .........: D:/Program/Slicer 5.6.1/bin
[DEBUG][Qt] 26.01.2024 16:20:24 [] (unknown:0) - Additional module paths ..: C:/Users/DANG THE HUNG/OneDrive - King's College London/Msc study/7MRI0070 - Navigation in Robotic/Module\My_extension\ImageThreshold, slicer.org/Extensions-32438/DebuggingTools/lib/Slicer-5.6/qt-scripted-modules, C:/Users/DANG THE HUNG/OneDrive - King's College London/Msc study/7MRI0070 - Navigation in Robotic/Module/My_extension\Print_hello_world, C:/Users/DANG THE HUNG/OneDrive - King's College London/Msc study/7MRI0070 - Navigation in Robotic/Module/My_extension\Guided_examples, C:/Users/DANG THE HUNG/OneDrive - King's College London/Msc study/7MRI0070 - Navigation in Robotic/Module/My_extension\Segmentation_k_mean, C:/Users/DANG THE HUNG/OneDrive - King's College London/Msc study/7MRI0070 - Navigation in Robotic/Module/My_extension\My_function
[DEBUG][Python] 26.01.2024 16:20:39 [Python] (D:\Program\Slicer 5.6.1\lib\Slicer-5.6\qt-scripted-modules\SubjectHierarchyPlugins\AbstractScriptedSubjectHierarchyPlugin.py:39) - Scripted subject hierarchy plugin registered: SegmentEditor
[DEBUG][Python] 26.01.2024 16:20:39 [Python] (D:\Program\Slicer 5.6.1\lib\Slicer-5.6\qt-scripted-modules\SubjectHierarchyPlugins\AbstractScriptedSubjectHierarchyPlugin.py:39) - Scripted subject hierarchy plugin registered: SegmentStatistics
[DEBUG][Qt] 26.01.2024 16:20:39 [] (unknown:0) - Switch to module:  "Welcome"
[CRITICAL][Stream] 26.01.2024 16:20:41 [] (unknown:0) - Traceback (most recent call last):
[CRITICAL][Stream] 26.01.2024 16:20:41 [] (unknown:0) -   File "<string>", line 2, in <module>
[CRITICAL][Stream] 26.01.2024 16:20:41 [] (unknown:0) -   File "D:\Program\Slicer 5.6.1\bin\Python\slicer\util.py", line 1566, in getNode
[CRITICAL][Stream] 26.01.2024 16:20:41 [] (unknown:0) -     raise MRMLNodeNotFoundException("could not find nodes in the scene by name or id '%s'" % (pattern if (isinstance(pattern, str)) else ""))
[CRITICAL][Stream] 26.01.2024 16:20:41 [] (unknown:0) - slicer.util.MRMLNodeNotFoundException: could not find nodes in the scene by name or id 'r_hippoTest'
[CRITICAL][Stream] 26.01.2024 16:20:43 [] (unknown:0) - Traceback (most recent call last):
[CRITICAL][Stream] 26.01.2024 16:20:43 [] (unknown:0) -   File "<string>", line 2, in <module>
[CRITICAL][Stream] 26.01.2024 16:20:43 [] (unknown:0) -   File "D:\Program\Slicer 5.6.1\bin\Python\slicer\util.py", line 1566, in getNode
[CRITICAL][Stream] 26.01.2024 16:20:43 [] (unknown:0) -     raise MRMLNodeNotFoundException("could not find nodes in the scene by name or id '%s'" % (pattern if (isinstance(pattern, str)) else ""))
[CRITICAL][Stream] 26.01.2024 16:20:43 [] (unknown:0) - slicer.util.MRMLNodeNotFoundException: could not find nodes in the scene by name or id 'r_hippoTest'
[DEBUG][Qt] 26.01.2024 16:20:48 [] (unknown:0) - "MRB Slicer Data Bundle" Reader has successfully read the file "C:\\Users\\DANG THE HUNG\\OneDrive - King's College London\\Msc study\\7MRI0070 - Navigation in Robotic\\Working\\Week_2_4_test_2024-01-23.mrb" "[0.24s]"
[DEBUG][Qt] 26.01.2024 16:20:50 [] (unknown:0) - Python console user input: a
[CRITICAL][Stream] 26.01.2024 16:20:50 [] (unknown:0) - Traceback (most recent call last):
[CRITICAL][Stream] 26.01.2024 16:20:50 [] (unknown:0) -   File "<console>", line 1, in <module>
[CRITICAL][Stream] 26.01.2024 16:20:50 [] (unknown:0) - NameError: name 'a' is not defined
[DEBUG][Qt] 26.01.2024 16:20:52 [] (unknown:0) - Python console user input: a = model
[DEBUG][Qt] 26.01.2024 16:20:56 [] (unknown:0) - Switch to module:  "Data"
[DEBUG][Qt] 26.01.2024 16:22:12 [] (unknown:0) - Python console user input: a.GetMesh()
[INFO][Stream] 26.01.2024 16:22:12 [] (unknown:0) - <vtkmodules.vtkCommonDataModel.vtkPolyData(0x0000020BB7EDA270) at 0x0000020BB3FCE3A0>
[DEBUG][Qt] 26.01.2024 16:22:15 [] (unknown:0) - Python console user input: b=a.GetMesh()
[DEBUG][Qt] 26.01.2024 16:22:31 [] (unknown:0) - Python console user input: b.GetCellPoints(0)
[CRITICAL][Stream] 26.01.2024 16:22:31 [] (unknown:0) - Traceback (most recent call last):
[CRITICAL][Stream] 26.01.2024 16:22:31 [] (unknown:0) -   File "<console>", line 1, in <module>
[CRITICAL][Stream] 26.01.2024 16:22:31 [] (unknown:0) - TypeError: no overloads of GetCellPoints() take 1 argument
[DEBUG][Qt] 26.01.2024 16:22:39 [] (unknown:0) - Python console user input: b.GetCellPoints(1)
[CRITICAL][Stream] 26.01.2024 16:22:39 [] (unknown:0) - Traceback (most recent call last):
[CRITICAL][Stream] 26.01.2024 16:22:39 [] (unknown:0) -   File "<console>", line 1, in <module>
[CRITICAL][Stream] 26.01.2024 16:22:39 [] (unknown:0) - TypeError: no overloads of GetCellPoints() take 1 argument
[DEBUG][Qt] 26.01.2024 16:23:02 [] (unknown:0) - Python console user input: b.GetCell(0)
[INFO][Stream] 26.01.2024 16:23:02 [] (unknown:0) - <vtkmodules.vtkCommonDataModel.vtkTriangle(0x0000020BCF52EBB0) at 0x0000020BB3F17820>
[DEBUG][Qt] 26.01.2024 16:31:28 [] (unknown:0) - Python console user input: b.GetCellPoints()
[CRITICAL][Stream] 26.01.2024 16:31:28 [] (unknown:0) - Traceback (most recent call last):
[CRITICAL][Stream] 26.01.2024 16:31:28 [] (unknown:0) -   File "<console>", line 1, in <module>
[CRITICAL][Stream] 26.01.2024 16:31:28 [] (unknown:0) - TypeError: no overloads of GetCellPoints() take 0 arguments
[DEBUG][Qt] 26.01.2024 16:32:00 [] (unknown:0) - Python console user input: ptIds = vtk.vtkIdList()
[DEBUG][Qt] 26.01.2024 16:32:09 [] (unknown:0) - Python console user input: b.GetCellPoints(0,ptIds)
[DEBUG][Qt] 26.01.2024 16:32:16 [] (unknown:0) - Python console user input: ptIds
[INFO][Stream] 26.01.2024 16:32:16 [] (unknown:0) - <vtkmodules.vtkCommonCore.vtkIdList(0x0000020BCEF06EF0) at 0x0000020BB4480160>
[DEBUG][Qt] 26.01.2024 16:32:26 [] (unknown:0) - Python console user input: ptIds.GetId()
[CRITICAL][Stream] 26.01.2024 16:32:26 [] (unknown:0) - Traceback (most recent call last):
[CRITICAL][Stream] 26.01.2024 16:32:26 [] (unknown:0) -   File "<console>", line 1, in <module>
[CRITICAL][Stream] 26.01.2024 16:32:26 [] (unknown:0) - TypeError: GetId() takes exactly 1 argument (0 given)
[DEBUG][Qt] 26.01.2024 16:32:28 [] (unknown:0) - Python console user input: ptIds.GetId(0)
[INFO][Stream] 26.01.2024 16:32:28 [] (unknown:0) - 0
[DEBUG][Qt] 26.01.2024 16:32:30 [] (unknown:0) - Python console user input: ptIds.GetId(1)
[INFO][Stream] 26.01.2024 16:32:30 [] (unknown:0) - 5
[DEBUG][Qt] 26.01.2024 16:32:33 [] (unknown:0) - Python console user input: ptIds.GetId(2)
[INFO][Stream] 26.01.2024 16:32:33 [] (unknown:0) - 7
[DEBUG][Qt] 26.01.2024 16:32:44 [] (unknown:0) - Python console user input: ptIds.GetId(3)
[CRITICAL][Stream] 26.01.2024 16:32:44 [] (unknown:0) - Traceback (most recent call last):
[CRITICAL][Stream] 26.01.2024 16:32:44 [] (unknown:0) -   File "<console>", line 1, in <module>
[CRITICAL][Stream] 26.01.2024 16:32:44 [] (unknown:0) - ValueError: expects 0 <= i && i < GetNumberOfIds()
[DEBUG][Qt] 26.01.2024 16:37:40 [] (unknown:0) - Python console user input: b.GetCellPoints(1,ptIds)
[DEBUG][Qt] 26.01.2024 16:37:43 [] (unknown:0) - Python console user input: ptIds.GetId(0)
[INFO][Stream] 26.01.2024 16:37:43 [] (unknown:0) - 0
[DEBUG][Qt] 26.01.2024 16:37:45 [] (unknown:0) - Python console user input: ptIds.GetId(1)
[INFO][Stream] 26.01.2024 16:37:45 [] (unknown:0) - 1
[DEBUG][Qt] 26.01.2024 16:37:47 [] (unknown:0) - Python console user input: ptIds.GetId(3)
[CRITICAL][Stream] 26.01.2024 16:37:47 [] (unknown:0) - Traceback (most recent call last):
[CRITICAL][Stream] 26.01.2024 16:37:47 [] (unknown:0) -   File "<console>", line 1, in <module>
[CRITICAL][Stream] 26.01.2024 16:37:47 [] (unknown:0) - ValueError: expects 0 <= i && i < GetNumberOfIds()
[DEBUG][Qt] 26.01.2024 16:37:49 [] (unknown:0) - Python console user input: ptIds.GetId(2)
[INFO][Stream] 26.01.2024 16:37:49 [] (unknown:0) - 6
[DEBUG][Qt] 26.01.2024 16:38:20 [] (unknown:0) - Python console user input: b.GetCell(0)
[INFO][Stream] 26.01.2024 16:38:20 [] (unknown:0) - <vtkmodules.vtkCommonDataModel.vtkTriangle(0x0000020BCF52EBB0) at 0x0000020BB3F17820>
[DEBUG][Qt] 26.01.2024 16:38:40 [] (unknown:0) - Python console user input: double x
[CRITICAL][Stream] 26.01.2024 16:38:40 [] (unknown:0) -   File "<console>", line 1
[CRITICAL][Stream] 26.01.2024 16:38:40 [] (unknown:0) -     double x
[CRITICAL][Stream] 26.01.2024 16:38:40 [] (unknown:0) -            ^
[CRITICAL][Stream] 26.01.2024 16:38:40 [] (unknown:0) - SyntaxError: invalid syntax
[DEBUG][Qt] 26.01.2024 16:39:01 [] (unknown:0) - Python console user input: double x;
[CRITICAL][Stream] 26.01.2024 16:39:01 [] (unknown:0) -   File "<console>", line 1
[CRITICAL][Stream] 26.01.2024 16:39:01 [] (unknown:0) -     double x;
[CRITICAL][Stream] 26.01.2024 16:39:01 [] (unknown:0) -            ^
[CRITICAL][Stream] 26.01.2024 16:39:01 [] (unknown:0) - SyntaxError: invalid syntax
[DEBUG][Qt] 26.01.2024 16:39:13 [] (unknown:0) - Python console user input: double myDouble = 3.14;
[CRITICAL][Stream] 26.01.2024 16:39:13 [] (unknown:0) -   File "<console>", line 1
[CRITICAL][Stream] 26.01.2024 16:39:13 [] (unknown:0) -     double myDouble = 3.14;
[CRITICAL][Stream] 26.01.2024 16:39:13 [] (unknown:0) -            ^
[CRITICAL][Stream] 26.01.2024 16:39:13 [] (unknown:0) - SyntaxError: invalid syntax
[DEBUG][Qt] 26.01.2024 16:41:01 [] (unknown:0) - Python console user input: b.BuildLinks()
[DEBUG][Qt] 26.01.2024 16:42:11 [] (unknown:0) - Python console user input: b.GetCellNeighbors(0,)
[CRITICAL][Stream] 26.01.2024 16:42:11 [] (unknown:0) - Traceback (most recent call last):
[CRITICAL][Stream] 26.01.2024 16:42:11 [] (unknown:0) -   File "<console>", line 1, in <module>
[CRITICAL][Stream] 26.01.2024 16:42:11 [] (unknown:0) - TypeError: GetCellNeighbors() takes exactly 3 arguments (1 given)
[DEBUG][Qt] 26.01.2024 16:42:14 [] (unknown:0) - Python console user input: x
[CRITICAL][Stream] 26.01.2024 16:42:14 [] (unknown:0) - Traceback (most recent call last):
[CRITICAL][Stream] 26.01.2024 16:42:14 [] (unknown:0) -   File "<console>", line 1, in <module>
[CRITICAL][Stream] 26.01.2024 16:42:14 [] (unknown:0) - NameError: name 'x' is not defined
[DEBUG][Qt] 26.01.2024 16:42:39 [] (unknown:0) - Python console user input: x=vtk.vtkIdList()
[DEBUG][Qt] 26.01.2024 16:42:41 [] (unknown:0) - Python console user input: y=vtk.vtkIdList()
