[DEBUG][Qt] 23.03.2024 20:16:51 [] (unknown:0) - Session start time .......: 20240323_201651
[DEBUG][Qt] 23.03.2024 20:16:51 [] (unknown:0) - Slicer version ...........: 5.6.1 (revision 32438 / 117ce5f) win-amd64 - installed release
[DEBUG][Qt] 23.03.2024 20:16:52 [] (unknown:0) - Operating system .........: Windows /  Personal / (Build 22621, Code Page 65001) - 64-bit
[DEBUG][Qt] 23.03.2024 20:16:52 [] (unknown:0) - Memory ...................: 7834 MB physical, 12186 MB virtual
[DEBUG][Qt] 23.03.2024 20:16:52 [] (unknown:0) - CPU ......................: GenuineIntel , 8 cores, 8 logical processors
[DEBUG][Qt] 23.03.2024 20:16:52 [] (unknown:0) - VTK configuration ........: OpenGL2 rendering, TBB threading
[DEBUG][Qt] 23.03.2024 20:16:52 [] (unknown:0) - Qt configuration .........: version 5.15.2, with SSL, requested OpenGL 3.2 (compatibility profile)
[DEBUG][Qt] 23.03.2024 20:16:52 [] (unknown:0) - Internationalization .....: disabled, language=
[DEBUG][Qt] 23.03.2024 20:16:52 [] (unknown:0) - Developer mode ...........: enabled
[DEBUG][Qt] 23.03.2024 20:16:52 [] (unknown:0) - Application path .........: D:/Program/Slicer 5.6.1/bin
[DEBUG][Qt] 23.03.2024 20:16:52 [] (unknown:0) - Additional module paths ..: C:/Users/DANG THE HUNG/OneDrive - King's College London/Msc study/7MRI0070 - Navigation in Robotic/Module\My_extension\ImageThreshold, slicer.org/Extensions-32438/DebuggingTools/lib/Slicer-5.6/qt-scripted-modules, C:/Users/DANG THE HUNG/OneDrive - King's College London/Msc study/7MRI0070 - Navigation in Robotic/Module/My_extension\Print_hello_world, C:/Users/DANG THE HUNG/OneDrive - King's College London/Msc study/7MRI0070 - Navigation in Robotic/Module/My_extension\Guided_examples, C:/Users/DANG THE HUNG/OneDrive - King's College London/Msc study/7MRI0070 - Navigation in Robotic/Module/My_extension\Segmentation_k_mean, C:/Users/DANG THE HUNG/OneDrive - King's College London/Msc study/7MRI0070 - Navigation in Robotic/Module/My_extension\My_function, C:/Users/DANG THE HUNG/OneDrive - King's College London/Msc study/7MRI0070 - Navigation in Robotic/Module/My_extension\Pathway_planning
[DEBUG][Python] 23.03.2024 20:17:07 [Python] (D:\Program\Slicer 5.6.1\lib\Slicer-5.6\qt-scripted-modules\SubjectHierarchyPlugins\AbstractScriptedSubjectHierarchyPlugin.py:39) - Scripted subject hierarchy plugin registered: SegmentEditor
[DEBUG][Python] 23.03.2024 20:17:07 [Python] (D:\Program\Slicer 5.6.1\lib\Slicer-5.6\qt-scripted-modules\SubjectHierarchyPlugins\AbstractScriptedSubjectHierarchyPlugin.py:39) - Scripted subject hierarchy plugin registered: SegmentStatistics
[DEBUG][Qt] 23.03.2024 20:17:07 [] (unknown:0) - Switch to module:  "Welcome"
[DEBUG][Qt] 23.03.2024 20:17:21 [] (unknown:0) - Switch to module:  "Pathway_planning"
[INFO][Stream] 23.03.2024 20:17:27 [] (unknown:0) -
[INFO][Stream] 23.03.2024 20:17:27 [] (unknown:0) -
[INFO][Stream] 23.03.2024 20:17:27 [] (unknown:0) -
[INFO][Stream] 23.03.2024 20:17:27 [] (unknown:0) - ------------------------------
[INFO][Stream] 23.03.2024 20:17:27 [] (unknown:0) - Reloading module: Pathway_planning
[INFO][Stream] 23.03.2024 20:17:27 [] (unknown:0) - ------------------------------
[INFO][Stream] 23.03.2024 20:17:27 [] (unknown:0) -
[INFO][Stream] 23.03.2024 20:17:27 [] (unknown:0) -
[INFO][Stream] 23.03.2024 20:17:27 [] (unknown:0) -
[DEBUG][Qt] 23.03.2024 20:17:27 [] (unknown:0) - "Markups" Reader has successfully read the file "D:\\Code\\3D_slicer\\Navigation_robotics\\Data\\Week_2_4_TestSet_Path_planning\\entriesSubsample.fcsv" "[0.10s]"
[DEBUG][Qt] 23.03.2024 20:17:27 [] (unknown:0) - "Markups" Reader has successfully read the file "D:\\Code\\3D_slicer\\Navigation_robotics\\Data\\Week_2_4_TestSet_Path_planning\\targetsSubsample.fcsv" "[0.05s]"
[DEBUG][Qt] 23.03.2024 20:17:27 [] (unknown:0) - "Volume" Reader has successfully read the file "D:\\Code\\3D_slicer\\Navigation_robotics\\Data\\Week_2_4_TestSet_Path_planning\\r_cortexTest.nii.gz" "[0.11s]"
[DEBUG][Qt] 23.03.2024 20:17:27 [] (unknown:0) - "Volume" Reader has successfully read the file "D:\\Code\\3D_slicer\\Navigation_robotics\\Data\\Week_2_4_TestSet_Path_planning\\r_hippoTest.nii.gz" "[0.06s]"
[DEBUG][Qt] 23.03.2024 20:17:27 [] (unknown:0) - "Volume" Reader has successfully read the file "D:\\Code\\3D_slicer\\Navigation_robotics\\Data\\Week_2_4_TestSet_Path_planning\\ventriclesTest.nii.gz" "[0.04s]"
[DEBUG][Qt] 23.03.2024 20:17:28 [] (unknown:0) - "Volume" Reader has successfully read the file "D:\\Code\\3D_slicer\\Navigation_robotics\\Data\\Week_2_4_TestSet_Path_planning\\vesselsTestDilate1.nii.gz" "[0.05s]"
[DEBUG][Qt] 23.03.2024 20:17:28 [] (unknown:0) - "Volume" Reader has successfully read the file "D:\\Code\\3D_slicer\\Navigation_robotics\\Data\\Week_2_4_TestSet_Path_planning\\fakeBrainTest.nii.gz" "[0.09s]"
[INFO][Stream] 23.03.2024 20:17:28 [] (unknown:0) - Number of entries is: 48
[INFO][Stream] 23.03.2024 20:17:28 [] (unknown:0) - Number of targets is: 21
[CRITICAL][Stream] 23.03.2024 20:17:28 [] (unknown:0) - Test passed: Model Creation
[INFO][Python] 23.03.2024 20:17:28 [Python] (C:/Users/DANG THE HUNG/OneDrive - King's College London/Msc study/7MRI0070 - Navigation in Robotic/Module/My_extension/Pathway_planning/Pathway_planning.py:1094) - Test passed: Model Creation
[INFO][Python] 23.03.2024 20:17:28 [Python] (D:\Program\Slicer 5.6.1\bin\Python\slicer\util.py:2877) - Test passed: Model Creation
[CRITICAL][Stream] 23.03.2024 20:17:29 [] (unknown:0) - Test passed: Check a Point in List is in a Label Volume Node
[INFO][Python] 23.03.2024 20:17:29 [Python] (C:/Users/DANG THE HUNG/OneDrive - King's College London/Msc study/7MRI0070 - Navigation in Robotic/Module/My_extension/Pathway_planning/Pathway_planning.py:1094) - Test passed: Check a Point in List is in a Label Volume Node
[INFO][Python] 23.03.2024 20:17:29 [Python] (D:\Program\Slicer 5.6.1\bin\Python\slicer\util.py:2877) - Test passed: Check a Point in List is in a Label Volume Node
[CRITICAL][Stream] 23.03.2024 20:17:30 [] (unknown:0) - Test passed: Get Distance from a Line in List to a Label Volume Node
[INFO][Python] 23.03.2024 20:17:30 [Python] (C:/Users/DANG THE HUNG/OneDrive - King's College London/Msc study/7MRI0070 - Navigation in Robotic/Module/My_extension/Pathway_planning/Pathway_planning.py:1094) - Test passed: Get Distance from a Line in List to a Label Volume Node
[INFO][Python] 23.03.2024 20:17:30 [Python] (D:\Program\Slicer 5.6.1\bin\Python\slicer\util.py:2877) - Test passed: Get Distance from a Line in List to a Label Volume Node
[CRITICAL][Stream] 23.03.2024 20:17:31 [] (unknown:0) - Unit test passed: Convert IJK to RAS
[INFO][Python] 23.03.2024 20:17:31 [Python] (C:/Users/DANG THE HUNG/OneDrive - King's College London/Msc study/7MRI0070 - Navigation in Robotic/Module/My_extension/Pathway_planning/Pathway_planning.py:1101) - Unit test passed: Convert IJK to RAS
[CRITICAL][Stream] 23.03.2024 20:17:31 [] (unknown:0) - Unit test passed: Convert RAS to IJK
[INFO][Python] 23.03.2024 20:17:31 [Python] (C:/Users/DANG THE HUNG/OneDrive - King's College London/Msc study/7MRI0070 - Navigation in Robotic/Module/My_extension/Pathway_planning/Pathway_planning.py:1101) - Unit test passed: Convert RAS to IJK
[CRITICAL][Stream] 23.03.2024 20:17:31 [] (unknown:0) - Unit test passed: Get 3x3x3 Matrix at one Position from a bigger Matrix
[INFO][Python] 23.03.2024 20:17:31 [Python] (C:/Users/DANG THE HUNG/OneDrive - King's College London/Msc study/7MRI0070 - Navigation in Robotic/Module/My_extension/Pathway_planning/Pathway_planning.py:1101) - Unit test passed: Get 3x3x3 Matrix at one Position from a bigger Matrix
[CRITICAL][Stream] 23.03.2024 20:17:31 [] (unknown:0) - Unit test passed: Get 2x2x2 Matrix at one Position from a bigger Matrix
[INFO][Python] 23.03.2024 20:17:31 [Python] (C:/Users/DANG THE HUNG/OneDrive - King's College London/Msc study/7MRI0070 - Navigation in Robotic/Module/My_extension/Pathway_planning/Pathway_planning.py:1101) - Unit test passed: Get 2x2x2 Matrix at one Position from a bigger Matrix
[INFO][Stream] 23.03.2024 20:20:35 [] (unknown:0) -
[INFO][Stream] 23.03.2024 20:20:35 [] (unknown:0) -
[INFO][Stream] 23.03.2024 20:20:35 [] (unknown:0) -
[INFO][Stream] 23.03.2024 20:20:35 [] (unknown:0) - ------------------------------
[INFO][Stream] 23.03.2024 20:20:35 [] (unknown:0) - Reloading module: Pathway_planning
[INFO][Stream] 23.03.2024 20:20:35 [] (unknown:0) - ------------------------------
[INFO][Stream] 23.03.2024 20:20:35 [] (unknown:0) -
[INFO][Stream] 23.03.2024 20:20:35 [] (unknown:0) -
[INFO][Stream] 23.03.2024 20:20:35 [] (unknown:0) -
[ERROR][VTK] 23.03.2024 20:20:36 [vtkMRMLSubjectHierarchyNode (0000018B04655100)] (vtkMRMLSubjectHierarchyNode.cxx:2983) - vtkSubjectHierarchyItem::DataNodeCache inconsistency found
[DEBUG][Qt] 23.03.2024 20:20:36 [] (unknown:0) - "Markups" Reader has successfully read the file "D:\\Code\\3D_slicer\\Navigation_robotics\\Data\\Week_2_4_TestSet_Path_planning\\entriesSubsample.fcsv" "[0.02s]"
[DEBUG][Qt] 23.03.2024 20:20:36 [] (unknown:0) - "Markups" Reader has successfully read the file "D:\\Code\\3D_slicer\\Navigation_robotics\\Data\\Week_2_4_TestSet_Path_planning\\targetsSubsample.fcsv" "[0.01s]"
[DEBUG][Qt] 23.03.2024 20:20:36 [] (unknown:0) - "Volume" Reader has successfully read the file "D:\\Code\\3D_slicer\\Navigation_robotics\\Data\\Week_2_4_TestSet_Path_planning\\r_cortexTest.nii.gz" "[0.03s]"
[DEBUG][Qt] 23.03.2024 20:20:36 [] (unknown:0) - "Volume" Reader has successfully read the file "D:\\Code\\3D_slicer\\Navigation_robotics\\Data\\Week_2_4_TestSet_Path_planning\\r_hippoTest.nii.gz" "[0.02s]"
[ERROR][VTK] 23.03.2024 20:20:36 [vtkMRMLSubjectHierarchyNode (0000018B04655100)] (vtkMRMLSubjectHierarchyNode.cxx:2983) - vtkSubjectHierarchyItem::DataNodeCache inconsistency found
[DEBUG][Qt] 23.03.2024 20:20:36 [] (unknown:0) - "Volume" Reader has successfully read the file "D:\\Code\\3D_slicer\\Navigation_robotics\\Data\\Week_2_4_TestSet_Path_planning\\ventriclesTest.nii.gz" "[0.02s]"
[DEBUG][Qt] 23.03.2024 20:20:36 [] (unknown:0) - "Volume" Reader has successfully read the file "D:\\Code\\3D_slicer\\Navigation_robotics\\Data\\Week_2_4_TestSet_Path_planning\\vesselsTestDilate1.nii.gz" "[0.02s]"
[DEBUG][Qt] 23.03.2024 20:20:36 [] (unknown:0) - "Volume" Reader has successfully read the file "D:\\Code\\3D_slicer\\Navigation_robotics\\Data\\Week_2_4_TestSet_Path_planning\\fakeBrainTest.nii.gz" "[0.03s]"
[INFO][Stream] 23.03.2024 20:20:36 [] (unknown:0) - Number of entries is: 48
[INFO][Stream] 23.03.2024 20:20:36 [] (unknown:0) - Number of targets is: 21
[CRITICAL][Stream] 23.03.2024 20:20:36 [] (unknown:0) - Test passed: Model Creation
[INFO][Python] 23.03.2024 20:20:36 [Python] (C:/Users/DANG THE HUNG/OneDrive - King's College London/Msc study/7MRI0070 - Navigation in Robotic/Module/My_extension/Pathway_planning/Pathway_planning.py:1096) - Test passed: Model Creation
[INFO][Python] 23.03.2024 20:20:36 [Python] (D:\Program\Slicer 5.6.1\bin\Python\slicer\util.py:2877) - Test passed: Model Creation
[CRITICAL][Stream] 23.03.2024 20:20:37 [] (unknown:0) - Test passed: Check a Point in List is in a Label Volume Node
[INFO][Python] 23.03.2024 20:20:37 [Python] (C:/Users/DANG THE HUNG/OneDrive - King's College London/Msc study/7MRI0070 - Navigation in Robotic/Module/My_extension/Pathway_planning/Pathway_planning.py:1096) - Test passed: Check a Point in List is in a Label Volume Node
[INFO][Python] 23.03.2024 20:20:37 [Python] (D:\Program\Slicer 5.6.1\bin\Python\slicer\util.py:2877) - Test passed: Check a Point in List is in a Label Volume Node
[CRITICAL][Stream] 23.03.2024 20:20:38 [] (unknown:0) - Test passed: Get Distance from a Line in List to a Label Volume Node
[INFO][Python] 23.03.2024 20:20:38 [Python] (C:/Users/DANG THE HUNG/OneDrive - King's College London/Msc study/7MRI0070 - Navigation in Robotic/Module/My_extension/Pathway_planning/Pathway_planning.py:1096) - Test passed: Get Distance from a Line in List to a Label Volume Node
[INFO][Python] 23.03.2024 20:20:38 [Python] (D:\Program\Slicer 5.6.1\bin\Python\slicer\util.py:2877) - Test passed: Get Distance from a Line in List to a Label Volume Node
[CRITICAL][Stream] 23.03.2024 20:20:38 [] (unknown:0) - Unit test passed: Convert IJK to RAS
[INFO][Python] 23.03.2024 20:20:38 [Python] (C:/Users/DANG THE HUNG/OneDrive - King's College London/Msc study/7MRI0070 - Navigation in Robotic/Module/My_extension/Pathway_planning/Pathway_planning.py:1103) - Unit test passed: Convert IJK to RAS
[CRITICAL][Stream] 23.03.2024 20:20:38 [] (unknown:0) - Unit test passed: Convert RAS to IJK
[INFO][Python] 23.03.2024 20:20:38 [Python] (C:/Users/DANG THE HUNG/OneDrive - King's College London/Msc study/7MRI0070 - Navigation in Robotic/Module/My_extension/Pathway_planning/Pathway_planning.py:1103) - Unit test passed: Convert RAS to IJK
[CRITICAL][Stream] 23.03.2024 20:20:38 [] (unknown:0) - Unit test passed: Get 3x3x3 Matrix at one Position from a bigger Matrix
[INFO][Python] 23.03.2024 20:20:38 [Python] (C:/Users/DANG THE HUNG/OneDrive - King's College London/Msc study/7MRI0070 - Navigation in Robotic/Module/My_extension/Pathway_planning/Pathway_planning.py:1103) - Unit test passed: Get 3x3x3 Matrix at one Position from a bigger Matrix
[CRITICAL][Stream] 23.03.2024 20:20:38 [] (unknown:0) - Unit test passed: Get 2x2x2 Matrix at one Position from a bigger Matrix
[INFO][Python] 23.03.2024 20:20:38 [Python] (C:/Users/DANG THE HUNG/OneDrive - King's College London/Msc study/7MRI0070 - Navigation in Robotic/Module/My_extension/Pathway_planning/Pathway_planning.py:1103) - Unit test passed: Get 2x2x2 Matrix at one Position from a bigger Matrix
[INFO][Python] 23.03.2024 20:21:45 [Python] (C:/Users/DANG THE HUNG/OneDrive - King's College London/Msc study/7MRI0070 - Navigation in Robotic/Module/My_extension/Pathway_planning/Pathway_planning.py:469) - Processing started
[INFO][Stream] 23.03.2024 20:21:45 [] (unknown:0) - (10, 2, 3)
[INFO][Stream] 23.03.2024 20:21:45 [] (unknown:0) - [16. 16. 16. 16. 16. 16. 16. 16. 16. 16.]
[INFO][Python] 23.03.2024 20:21:45 [Python] (C:/Users/DANG THE HUNG/OneDrive - King's College London/Msc study/7MRI0070 - Navigation in Robotic/Module/My_extension/Pathway_planning/Pathway_planning.py:518) - Processing completed in 0.33 seconds
[INFO][Stream] 23.03.2024 20:21:45 [] (unknown:0) - Processing completed in 0.33 seconds
[DEBUG][Qt] 23.03.2024 20:21:53 [] (unknown:0) - Switch to module:  "Data"
[DEBUG][Qt] 23.03.2024 20:21:56 [] (unknown:0) - Switch to module:  "Pathway_planning"
[CRITICAL][Stream] 23.03.2024 20:21:56 [] (unknown:0) - D:\Program\Slicer 5.6.1\bin\Python\slicer\util.py:2786: UserWarning: does not have observer
[CRITICAL][Stream] 23.03.2024 20:21:56 [] (unknown:0) -   warn("does not have observer")
[INFO][Stream] 23.03.2024 20:21:57 [] (unknown:0) - Number of entries is: 48
[INFO][Stream] 23.03.2024 20:21:57 [] (unknown:0) - Number of targets is: 21
[WARNING][VTK] 23.03.2024 20:21:57 [vtkMRMLSubjectHierarchyNode (0000018B04655100)] (vtkMRMLSubjectHierarchyNode.cxx:2128) - SetItemName: Invalid item ID given
[DEBUG][Qt] 23.03.2024 20:21:58 [] (unknown:0) - Switch to module:  "Data"
[DEBUG][Qt] 23.03.2024 20:23:20 [] (unknown:0) - Switch to module:  "Pathway_planning"
[INFO][Python] 23.03.2024 20:23:22 [Python] (C:/Users/DANG THE HUNG/OneDrive - King's College London/Msc study/7MRI0070 - Navigation in Robotic/Module/My_extension/Pathway_planning/Pathway_planning.py:469) - Processing started
[INFO][Stream] 23.03.2024 20:23:22 [] (unknown:0) - (10, 2, 3)
[INFO][Stream] 23.03.2024 20:23:22 [] (unknown:0) - [16. 16. 16. 16. 16. 16. 16. 16. 16. 16.]
[INFO][Python] 23.03.2024 20:23:22 [Python] (C:/Users/DANG THE HUNG/OneDrive - King's College London/Msc study/7MRI0070 - Navigation in Robotic/Module/My_extension/Pathway_planning/Pathway_planning.py:518) - Processing completed in 0.46 seconds
[INFO][Stream] 23.03.2024 20:23:22 [] (unknown:0) - Processing completed in 0.46 seconds
[INFO][Stream] 23.03.2024 20:23:51 [] (unknown:0) -
[INFO][Stream] 23.03.2024 20:23:51 [] (unknown:0) -
[INFO][Stream] 23.03.2024 20:23:51 [] (unknown:0) -
[INFO][Stream] 23.03.2024 20:23:51 [] (unknown:0) - ------------------------------
[INFO][Stream] 23.03.2024 20:23:51 [] (unknown:0) - Reloading module: Pathway_planning
[INFO][Stream] 23.03.2024 20:23:51 [] (unknown:0) - ------------------------------
[INFO][Stream] 23.03.2024 20:23:51 [] (unknown:0) -
[INFO][Stream] 23.03.2024 20:23:51 [] (unknown:0) -
[INFO][Stream] 23.03.2024 20:23:51 [] (unknown:0) -
[INFO][Python] 23.03.2024 20:23:53 [Python] (C:/Users/DANG THE HUNG/OneDrive - King's College London/Msc study/7MRI0070 - Navigation in Robotic/Module/My_extension/Pathway_planning/Pathway_planning.py:469) - Processing started
[INFO][Stream] 23.03.2024 20:23:53 [] (unknown:0) - []
[INFO][Stream] 23.03.2024 20:23:54 [] (unknown:0) - (0,)
[INFO][Stream] 23.03.2024 20:23:54 [] (unknown:0) - []
[INFO][Python] 23.03.2024 20:23:54 [Python] (C:/Users/DANG THE HUNG/OneDrive - King's College London/Msc study/7MRI0070 - Navigation in Robotic/Module/My_extension/Pathway_planning/Pathway_planning.py:519) - Processing completed in 0.06 seconds
[INFO][Stream] 23.03.2024 20:23:54 [] (unknown:0) - Processing completed in 0.06 seconds
[INFO][Stream] 23.03.2024 20:24:41 [] (unknown:0) -
[INFO][Stream] 23.03.2024 20:24:41 [] (unknown:0) -
[INFO][Stream] 23.03.2024 20:24:41 [] (unknown:0) -
[INFO][Stream] 23.03.2024 20:24:41 [] (unknown:0) - ------------------------------
[INFO][Stream] 23.03.2024 20:24:41 [] (unknown:0) - Reloading module: Pathway_planning
[INFO][Stream] 23.03.2024 20:24:41 [] (unknown:0) - ------------------------------
[INFO][Stream] 23.03.2024 20:24:41 [] (unknown:0) -
[INFO][Stream] 23.03.2024 20:24:41 [] (unknown:0) -
[INFO][Stream] 23.03.2024 20:24:41 [] (unknown:0) -
