[DEBUG][Qt] 11.02.2024 20:30:49 [] (unknown:0) - Session start time .......: 20240211_203049
[DEBUG][Qt] 11.02.2024 20:30:49 [] (unknown:0) - Slicer version ...........: 5.6.1 (revision 32438 / 117ce5f) win-amd64 - installed release
[DEBUG][Qt] 11.02.2024 20:30:49 [] (unknown:0) - Operating system .........: Windows /  Personal / (Build 22621, Code Page 65001) - 64-bit
[DEBUG][Qt] 11.02.2024 20:30:49 [] (unknown:0) - Memory ...................: 7834 MB physical, 12954 MB virtual
[DEBUG][Qt] 11.02.2024 20:30:49 [] (unknown:0) - CPU ......................: GenuineIntel , 8 cores, 8 logical processors
[DEBUG][Qt] 11.02.2024 20:30:49 [] (unknown:0) - VTK configuration ........: OpenGL2 rendering, TBB threading
[DEBUG][Qt] 11.02.2024 20:30:49 [] (unknown:0) - Qt configuration .........: version 5.15.2, with SSL, requested OpenGL 3.2 (compatibility profile)
[DEBUG][Qt] 11.02.2024 20:30:49 [] (unknown:0) - Internationalization .....: disabled, language=
[DEBUG][Qt] 11.02.2024 20:30:49 [] (unknown:0) - Developer mode ...........: enabled
[DEBUG][Qt] 11.02.2024 20:30:49 [] (unknown:0) - Application path .........: D:/Program/Slicer 5.6.1/bin
[DEBUG][Qt] 11.02.2024 20:30:49 [] (unknown:0) - Additional module paths ..: C:/Users/DANG THE HUNG/OneDrive - King's College London/Msc study/7MRI0070 - Navigation in Robotic/Module\My_extension\ImageThreshold, slicer.org/Extensions-32438/DebuggingTools/lib/Slicer-5.6/qt-scripted-modules, C:/Users/DANG THE HUNG/OneDrive - King's College London/Msc study/7MRI0070 - Navigation in Robotic/Module/My_extension\Print_hello_world, C:/Users/DANG THE HUNG/OneDrive - King's College London/Msc study/7MRI0070 - Navigation in Robotic/Module/My_extension\Guided_examples, C:/Users/DANG THE HUNG/OneDrive - King's College London/Msc study/7MRI0070 - Navigation in Robotic/Module/My_extension\Segmentation_k_mean, C:/Users/DANG THE HUNG/OneDrive - King's College London/Msc study/7MRI0070 - Navigation in Robotic/Module/My_extension\My_function, C:/Users/DANG THE HUNG/OneDrive - King's College London/Msc study/7MRI0070 - Navigation in Robotic/Module/My_extension\Pathway_planning
[DEBUG][Python] 11.02.2024 20:31:10 [Python] (D:\Program\Slicer 5.6.1\lib\Slicer-5.6\qt-scripted-modules\SubjectHierarchyPlugins\AbstractScriptedSubjectHierarchyPlugin.py:39) - Scripted subject hierarchy plugin registered: SegmentEditor
[DEBUG][Python] 11.02.2024 20:31:10 [Python] (D:\Program\Slicer 5.6.1\lib\Slicer-5.6\qt-scripted-modules\SubjectHierarchyPlugins\AbstractScriptedSubjectHierarchyPlugin.py:39) - Scripted subject hierarchy plugin registered: SegmentStatistics
[DEBUG][Qt] 11.02.2024 20:31:10 [] (unknown:0) - Switch to module:  "Welcome"
[DEBUG][Qt] 11.02.2024 20:31:59 [] (unknown:0) - Switch to module:  "My_function"
[DEBUG][Qt] 11.02.2024 20:37:06 [] (unknown:0) - "Volume" Reader has successfully read the file "C:\\Users\\DANG THE HUNG\\OneDrive - King's College London\\Msc study\\7MRI0070 - Navigation in Robotic\\Module\\Data\\Week_2_4_TestSet_Path_planning\\fakeBrainTest.nii.gz" "[0.18s]"
[DEBUG][Qt] 11.02.2024 20:37:06 [] (unknown:0) - "Markups" Reader has successfully read the file "C:\\Users\\DANG THE HUNG\\OneDrive - King's College London\\Msc study\\7MRI0070 - Navigation in Robotic\\Module\\Data\\Week_2_4_TestSet_Path_planning\\entriesSubsample.fcsv" "[0.05s]"
[DEBUG][Qt] 11.02.2024 20:37:06 [] (unknown:0) - "Markups" Reader has successfully read the file "C:\\Users\\DANG THE HUNG\\OneDrive - King's College London\\Msc study\\7MRI0070 - Navigation in Robotic\\Module\\Data\\Week_2_4_TestSet_Path_planning\\targetsSubsample.fcsv" "[0.02s]"
[DEBUG][Qt] 11.02.2024 20:37:06 [] (unknown:0) - "Volume" Reader has successfully read the file "C:\\Users\\DANG THE HUNG\\OneDrive - King's College London\\Msc study\\7MRI0070 - Navigation in Robotic\\Module\\Data\\Week_2_4_TestSet_Path_planning\\r_cortexTest.nii.gz" "[0.03s]"
[DEBUG][Qt] 11.02.2024 20:37:06 [] (unknown:0) - "Volume" Reader has successfully read the file "C:\\Users\\DANG THE HUNG\\OneDrive - King's College London\\Msc study\\7MRI0070 - Navigation in Robotic\\Module\\Data\\Week_2_4_TestSet_Path_planning\\r_hippoTest.nii.gz" "[0.02s]"
[DEBUG][Qt] 11.02.2024 20:37:06 [] (unknown:0) - "Volume" Reader has successfully read the file "C:\\Users\\DANG THE HUNG\\OneDrive - King's College London\\Msc study\\7MRI0070 - Navigation in Robotic\\Module\\Data\\Week_2_4_TestSet_Path_planning\\ventriclesTest.nii.gz" "[0.02s]"
[DEBUG][Qt] 11.02.2024 20:37:06 [] (unknown:0) - "Volume" Reader has successfully read the file "C:\\Users\\DANG THE HUNG\\OneDrive - King's College London\\Msc study\\7MRI0070 - Navigation in Robotic\\Module\\Data\\Week_2_4_TestSet_Path_planning\\vesselsTestDilate1.nii.gz" "[0.02s]"
[DEBUG][Qt] 11.02.2024 20:37:09 [] (unknown:0) - Switch to module:  "Data"
[DEBUG][Qt] 11.02.2024 20:37:54 [] (unknown:0) - Switch to module:  "Pathway_planning"
[DEBUG][Qt] 11.02.2024 20:39:19 [] (unknown:0) - Switch to module:  "Data"
[CRITICAL][Stream] 11.02.2024 20:41:10 [] (unknown:0) -   File "<string>", line 1
[CRITICAL][Stream] 11.02.2024 20:41:10 [] (unknown:0) -     self.general_volume = slicer.util.loadVolume("C:\\Users\\DANG THE HUNG\\OneDrive - King's College London\\Msc study\\7MRI0070 - Navigation in Robotic\\Module\\Data\\Week_2_4_TestSet_Path_planning\\fakeBrainTest.nii.gz")
[CRITICAL][Stream] 11.02.2024 20:41:10 [] (unknown:0) - IndentationError: unexpected indent
[DEBUG][Qt] 11.02.2024 20:41:20 [] (unknown:0) - Python console user input: self.general_volume = slicer.util.loadVolume("C:\\Users\\DANG THE HUNG\\OneDrive - King's College London\\Msc study\\7MRI0070 - Navigation in Robotic\\Module\\Data\\Week_2_4_TestSet_Path_planning\\fakeBrainTest.nii.gz")
[DEBUG][Qt] 11.02.2024 20:41:20 [] (unknown:0) - "Volume" Reader has successfully read the file "C:\\Users\\DANG THE HUNG\\OneDrive - King's College London\\Msc study\\7MRI0070 - Navigation in Robotic\\Module\\Data\\Week_2_4_TestSet_Path_planning\\fakeBrainTest.nii.gz" "[0.08s]"
[CRITICAL][Stream] 11.02.2024 20:41:20 [] (unknown:0) - Traceback (most recent call last):
[CRITICAL][Stream] 11.02.2024 20:41:20 [] (unknown:0) -   File "<console>", line 1, in <module>
[CRITICAL][Stream] 11.02.2024 20:41:20 [] (unknown:0) - NameError: name 'self' is not defined
[DEBUG][Qt] 11.02.2024 20:41:44 [] (unknown:0) - Python console user input: cortex_label_map
[INFO][Stream] 11.02.2024 20:41:44 [] (unknown:0) - <MRMLCorePython.vtkMRMLLabelMapVolumeNode(0x0000014DF40F3700) at 0x0000014DF427C280>
[DEBUG][Qt] 11.02.2024 20:42:03 [] (unknown:0) - Python console user input: cortex_label_map.GetDisplayNode().SetVisibility(0)
[DEBUG][Qt] 11.02.2024 20:42:09 [] (unknown:0) - Python console user input: cortex_label_map.GetDisplayNode().SetVisibility(0)
[DEBUG][Qt] 11.02.2024 20:42:15 [] (unknown:0) - Python console user input: cortex_label_map
[INFO][Stream] 11.02.2024 20:42:15 [] (unknown:0) - <MRMLCorePython.vtkMRMLLabelMapVolumeNode(0x0000014DF40F3700) at 0x0000014DF427C280>
[DEBUG][Qt] 11.02.2024 20:42:30 [] (unknown:0) - "Volume" Reader has successfully read the file "C:\\Users\\DANG THE HUNG\\OneDrive - King's College London\\Msc study\\7MRI0070 - Navigation in Robotic\\Module\\Data\\Week_2_4_TestSet_Path_planning\\fakeBrainTest.nii.gz" "[0.06s]"
[DEBUG][Qt] 11.02.2024 20:42:30 [] (unknown:0) - "Markups" Reader has successfully read the file "C:\\Users\\DANG THE HUNG\\OneDrive - King's College London\\Msc study\\7MRI0070 - Navigation in Robotic\\Module\\Data\\Week_2_4_TestSet_Path_planning\\entriesSubsample.fcsv" "[0.02s]"
[DEBUG][Qt] 11.02.2024 20:42:30 [] (unknown:0) - "Markups" Reader has successfully read the file "C:\\Users\\DANG THE HUNG\\OneDrive - King's College London\\Msc study\\7MRI0070 - Navigation in Robotic\\Module\\Data\\Week_2_4_TestSet_Path_planning\\targetsSubsample.fcsv" "[0.02s]"
[DEBUG][Qt] 11.02.2024 20:42:30 [] (unknown:0) - "Volume" Reader has successfully read the file "C:\\Users\\DANG THE HUNG\\OneDrive - King's College London\\Msc study\\7MRI0070 - Navigation in Robotic\\Module\\Data\\Week_2_4_TestSet_Path_planning\\r_cortexTest.nii.gz" "[0.02s]"
[DEBUG][Qt] 11.02.2024 20:42:30 [] (unknown:0) - "Volume" Reader has successfully read the file "C:\\Users\\DANG THE HUNG\\OneDrive - King's College London\\Msc study\\7MRI0070 - Navigation in Robotic\\Module\\Data\\Week_2_4_TestSet_Path_planning\\r_hippoTest.nii.gz" "[0.02s]"
[DEBUG][Qt] 11.02.2024 20:42:30 [] (unknown:0) - "Volume" Reader has successfully read the file "C:\\Users\\DANG THE HUNG\\OneDrive - King's College London\\Msc study\\7MRI0070 - Navigation in Robotic\\Module\\Data\\Week_2_4_TestSet_Path_planning\\ventriclesTest.nii.gz" "[0.02s]"
[DEBUG][Qt] 11.02.2024 20:42:30 [] (unknown:0) - "Volume" Reader has successfully read the file "C:\\Users\\DANG THE HUNG\\OneDrive - King's College London\\Msc study\\7MRI0070 - Navigation in Robotic\\Module\\Data\\Week_2_4_TestSet_Path_planning\\vesselsTestDilate1.nii.gz" "[0.02s]"
[DEBUG][Qt] 11.02.2024 20:42:37 [] (unknown:0) - Python console user input: cortex_label_map.GetDisplayNode().SetVisibility(0)
[DEBUG][Qt] 11.02.2024 20:42:41 [] (unknown:0) - Python console user input: cortex_label_map.GetDisplayNode().SetVisibility(1)
[DEBUG][Qt] 11.02.2024 20:43:02 [] (unknown:0) - Python console user input: general_volume
[INFO][Stream] 11.02.2024 20:43:02 [] (unknown:0) - <MRMLCorePython.vtkMRMLScalarVolumeNode(0x0000014DF4101500) at 0x0000014DED0AD640>
[DEBUG][Qt] 11.02.2024 20:43:30 [] (unknown:0) - Python console user input: general_volume.GetDisplayNode()
[INFO][Stream] 11.02.2024 20:43:30 [] (unknown:0) - <MRMLCorePython.vtkMRMLScalarVolumeDisplayNode(0x0000014DEF44B2A0) at 0x0000014D833B6F40>
[DEBUG][Qt] 11.02.2024 20:43:40 [] (unknown:0) - Python console user input: general_volume.GetDisplayNode().SetVisibility(0)
[DEBUG][Qt] 11.02.2024 20:44:45 [] (unknown:0) - Switch to module:  "My_function"
[CRITICAL][Stream] 11.02.2024 20:44:45 [] (unknown:0) - D:\Program\Slicer 5.6.1\bin\Python\slicer\util.py:2786: UserWarning: does not have observer
[CRITICAL][Stream] 11.02.2024 20:44:45 [] (unknown:0) -   warn("does not have observer")
[DEBUG][Qt] 11.02.2024 20:45:25 [] (unknown:0) - Python console user input: general_volume.GetDisplayNode()
[INFO][Stream] 11.02.2024 20:45:25 [] (unknown:0) - <MRMLCorePython.vtkMRMLScalarVolumeDisplayNode(0x0000014DEF44B2A0) at 0x0000014D833B6F40>
[DEBUG][Qt] 11.02.2024 20:47:14 [] (unknown:0) - Python console user input: general_volume.GetDisplayNode().SetShowMode(0)
[DEBUG][Qt] 11.02.2024 20:47:17 [] (unknown:0) - Switch to module:  "Data"
[DEBUG][Qt] 11.02.2024 20:47:22 [] (unknown:0) - Python console user input: general_volume.GetDisplayNode().SetShowMode(`)
[CRITICAL][Stream] 11.02.2024 20:47:22 [] (unknown:0) -   File "<console>", line 1
[CRITICAL][Stream] 11.02.2024 20:47:22 [] (unknown:0) -     general_volume.GetDisplayNode().SetShowMode(`)
[CRITICAL][Stream] 11.02.2024 20:47:22 [] (unknown:0) -                                                 ^
[CRITICAL][Stream] 11.02.2024 20:47:22 [] (unknown:0) - SyntaxError: invalid syntax
[DEBUG][Qt] 11.02.2024 20:47:24 [] (unknown:0) - Python console user input: general_volume.GetDisplayNode().SetShowMode(1)
[DEBUG][Qt] 11.02.2024 20:48:09 [] (unknown:0) - Python console user input: general_volume.GetDisplayNode().GetVisibility()
[INFO][Stream] 11.02.2024 20:48:09 [] (unknown:0) - 0
[DEBUG][Qt] 11.02.2024 20:48:14 [] (unknown:0) - Python console user input: general_volume.GetDisplayNode().GetVisibility2D()
[INFO][Stream] 11.02.2024 20:48:14 [] (unknown:0) - 0
[DEBUG][Qt] 11.02.2024 20:48:17 [] (unknown:0) - Python console user input: general_volume.GetDisplayNode().GetVisibility3D()
[INFO][Stream] 11.02.2024 20:48:17 [] (unknown:0) - 1
[DEBUG][Qt] 11.02.2024 20:48:27 [] (unknown:0) - Python console user input: general_volume.GetDisplayNode().SetVisibility3D()
[CRITICAL][Stream] 11.02.2024 20:48:27 [] (unknown:0) - Traceback (most recent call last):
[CRITICAL][Stream] 11.02.2024 20:48:27 [] (unknown:0) -   File "<console>", line 1, in <module>
[CRITICAL][Stream] 11.02.2024 20:48:27 [] (unknown:0) - TypeError: SetVisibility3D() takes exactly 1 argument (0 given)
[DEBUG][Qt] 11.02.2024 20:48:29 [] (unknown:0) - Python console user input: general_volume.GetDisplayNode().SetVisibility3D(0)
[DEBUG][Qt] 11.02.2024 20:48:32 [] (unknown:0) - Python console user input: general_volume.GetDisplayNode().GetVisibility3D()
[INFO][Stream] 11.02.2024 20:48:32 [] (unknown:0) - 0
[DEBUG][Qt] 11.02.2024 20:49:08 [] (unknown:0) - Python console user input: general_volume.GetDisplayNode().Visibility2DOff()
[DEBUG][Qt] 11.02.2024 20:49:11 [] (unknown:0) - Python console user input: general_volume.GetDisplayNode().Visibility3DOff()
[DEBUG][Qt] 11.02.2024 20:49:30 [] (unknown:0) - Python console user input: print(general_volume)
[INFO][Stream] 11.02.2024 20:49:30 [] (unknown:0) - vtkMRMLScalarVolumeNode (0000014DF4101500)
[INFO][Stream] 11.02.2024 20:49:30 [] (unknown:0) -   ID: vtkMRMLScalarVolumeNode1
[INFO][Stream] 11.02.2024 20:49:30 [] (unknown:0) -   ClassName: vtkMRMLScalarVolumeNode
[INFO][Stream] 11.02.2024 20:49:30 [] (unknown:0) -   Name: fakeBrainTest_2
[INFO][Stream] 11.02.2024 20:49:30 [] (unknown:0) -   Debug: false
[INFO][Stream] 11.02.2024 20:49:30 [] (unknown:0) -   MTime: 1069133
[INFO][Stream] 11.02.2024 20:49:30 [] (unknown:0) -   Description: (none)
[INFO][Stream] 11.02.2024 20:49:30 [] (unknown:0) -   SingletonTag: (none)
[INFO][Stream] 11.02.2024 20:49:30 [] (unknown:0) -   HideFromEditors: false
[INFO][Stream] 11.02.2024 20:49:30 [] (unknown:0) -   Selectable: true
[INFO][Stream] 11.02.2024 20:49:30 [] (unknown:0) -   Selected: false
[INFO][Stream] 11.02.2024 20:49:30 [] (unknown:0) -   UndoEnabled: false
[INFO][Stream] 11.02.2024 20:49:30 [] (unknown:0) -   Node references:
[INFO][Stream] 11.02.2024 20:49:30 [] (unknown:0) -     display [displayNodeRef]: vtkMRMLScalarVolumeDisplayNode1
[INFO][Stream] 11.02.2024 20:49:30 [] (unknown:0) -     storage [storageNodeRef]: vtkMRMLVolumeArchetypeStorageNode4
[INFO][Stream] 11.02.2024 20:49:30 [] (unknown:0) -     transform [transformNodeRef]: (none)
[INFO][Stream] 11.02.2024 20:49:30 [] (unknown:0) -   StorageNodeIDs[0]: vtkMRMLVolumeArchetypeStorageNode4
[INFO][Stream] 11.02.2024 20:49:30 [] (unknown:0) -   TransformNodeID: (none)
[INFO][Stream] 11.02.2024 20:49:30 [] (unknown:0) -   DisplayNodeIDs[0]: vtkMRMLScalarVolumeDisplayNode1
[INFO][Stream] 11.02.2024 20:49:30 [] (unknown:0) -   Spacing: (4, 4, 4)
[INFO][Stream] 11.02.2024 20:49:30 [] (unknown:0) -   Origin: (0, 0, 0)
[INFO][Stream] 11.02.2024 20:49:30 [] (unknown:0) -   VoxelVectorType: undefined
[INFO][Stream] 11.02.2024 20:49:30 [] (unknown:0) -   IJKToRASDirections:
[INFO][Stream] 11.02.2024 20:49:30 [] (unknown:0) -     1 0 0
[INFO][Stream] 11.02.2024 20:49:30 [] (unknown:0) -     0 -0 1
[INFO][Stream] 11.02.2024 20:49:30 [] (unknown:0) -     0 1 -0
[INFO][Stream] 11.02.2024 20:49:30 [] (unknown:0) -   ImageData:
[INFO][Stream] 11.02.2024 20:49:30 [] (unknown:0) -     Debug: Off
[INFO][Stream] 11.02.2024 20:49:30 [] (unknown:0) -     Modified Time: 1068203
[INFO][Stream] 11.02.2024 20:49:30 [] (unknown:0) -     Reference Count: 16
[INFO][Stream] 11.02.2024 20:49:30 [] (unknown:0) -     Registered Events:
[INFO][Stream] 11.02.2024 20:49:30 [] (unknown:0) -       Registered Observers:
[INFO][Stream] 11.02.2024 20:49:30 [] (unknown:0) -         vtkObserver (0000014D8494A380)
[INFO][Stream] 11.02.2024 20:49:30 [] (unknown:0) -           Event: 33
[INFO][Stream] 11.02.2024 20:49:30 [] (unknown:0) -           EventName: ModifiedEvent
[INFO][Stream] 11.02.2024 20:49:30 [] (unknown:0) -           Command: 0000014D82842640
[INFO][Stream] 11.02.2024 20:49:30 [] (unknown:0) -           Priority: 0
[INFO][Stream] 11.02.2024 20:49:30 [] (unknown:0) -           Tag: 1
[INFO][Stream] 11.02.2024 20:49:30 [] (unknown:0) -     Information: 0000014D824F77C0
[INFO][Stream] 11.02.2024 20:49:30 [] (unknown:0) -     Data Released: False
[INFO][Stream] 11.02.2024 20:49:30 [] (unknown:0) -     Global Release Data: Off
[INFO][Stream] 11.02.2024 20:49:30 [] (unknown:0) -     UpdateTime: 1118877
[INFO][Stream] 11.02.2024 20:49:30 [] (unknown:0) -     Field Data:
[INFO][Stream] 11.02.2024 20:49:30 [] (unknown:0) -       Debug: Off
[INFO][Stream] 11.02.2024 20:49:30 [] (unknown:0) -       Modified Time: 1068156
[INFO][Stream] 11.02.2024 20:49:30 [] (unknown:0) -       Reference Count: 1
[INFO][Stream] 11.02.2024 20:49:30 [] (unknown:0) -       Registered Events: (none)
[INFO][Stream] 11.02.2024 20:49:30 [] (unknown:0) -       Number Of Arrays: 0
[INFO][Stream] 11.02.2024 20:49:30 [] (unknown:0) -       Number Of Components: 0
[INFO][Stream] 11.02.2024 20:49:30 [] (unknown:0) -       Number Of Tuples: 0
[INFO][Stream] 11.02.2024 20:49:30 [] (unknown:0) -     Number Of Points: 225280
[INFO][Stream] 11.02.2024 20:49:30 [] (unknown:0) -     Number Of Cells: 214326
[INFO][Stream] 11.02.2024 20:49:30 [] (unknown:0) -     Cell Data:
[INFO][Stream] 11.02.2024 20:49:30 [] (unknown:0) -       Debug: Off
[INFO][Stream] 11.02.2024 20:49:30 [] (unknown:0) -       Modified Time: 1068198
[INFO][Stream] 11.02.2024 20:49:30 [] (unknown:0) -       Reference Count: 1
[INFO][Stream] 11.02.2024 20:49:30 [] (unknown:0) -       Registered Events:
[INFO][Stream] 11.02.2024 20:49:30 [] (unknown:0) -         Registered Observers:
[INFO][Stream] 11.02.2024 20:49:30 [] (unknown:0) -           vtkObserver (0000014D8494A110)
[INFO][Stream] 11.02.2024 20:49:30 [] (unknown:0) -             Event: 33
[INFO][Stream] 11.02.2024 20:49:30 [] (unknown:0) -             EventName: ModifiedEvent
[INFO][Stream] 11.02.2024 20:49:30 [] (unknown:0) -             Command: 0000014D847D8010
[INFO][Stream] 11.02.2024 20:49:30 [] (unknown:0) -             Priority: 0
[INFO][Stream] 11.02.2024 20:49:30 [] (unknown:0) -             Tag: 1
[INFO][Stream] 11.02.2024 20:49:30 [] (unknown:0) -       Number Of Arrays: 0
[INFO][Stream] 11.02.2024 20:49:30 [] (unknown:0) -       Number Of Components: 0
[INFO][Stream] 11.02.2024 20:49:30 [] (unknown:0) -       Number Of Tuples: 0
[INFO][Stream] 11.02.2024 20:49:30 [] (unknown:0) -       Copy Tuple Flags: ( 1 1 1 1 1 0 1 1 1 1 1 1 )
[INFO][Stream] 11.02.2024 20:49:30 [] (unknown:0) -       Interpolate Flags: ( 1 1 1 1 1 0 0 1 1 1 1 0 )
[INFO][Stream] 11.02.2024 20:49:30 [] (unknown:0) -       Pass Through Flags: ( 1 1 1 1 1 1 1 1 1 1 1 1 )
[INFO][Stream] 11.02.2024 20:49:30 [] (unknown:0) -       Scalars: (none)
[INFO][Stream] 11.02.2024 20:49:30 [] (unknown:0) -       Vectors: (none)
[INFO][Stream] 11.02.2024 20:49:30 [] (unknown:0) -       Normals: (none)
[INFO][Stream] 11.02.2024 20:49:30 [] (unknown:0) -       TCoords: (none)
[INFO][Stream] 11.02.2024 20:49:30 [] (unknown:0) -       Tensors: (none)
[INFO][Stream] 11.02.2024 20:49:30 [] (unknown:0) -       GlobalIds: (none)
[INFO][Stream] 11.02.2024 20:49:30 [] (unknown:0) -       PedigreeIds: (none)
[INFO][Stream] 11.02.2024 20:49:30 [] (unknown:0) -       EdgeFlag: (none)
[INFO][Stream] 11.02.2024 20:49:30 [] (unknown:0) -       Tangents: (none)
[INFO][Stream] 11.02.2024 20:49:30 [] (unknown:0) -       RationalWeights: (none)
[INFO][Stream] 11.02.2024 20:49:30 [] (unknown:0) -       HigherOrderDegrees: (none)
[INFO][Stream] 11.02.2024 20:49:30 [] (unknown:0) -       ProcessIds: (none)
[INFO][Stream] 11.02.2024 20:49:30 [] (unknown:0) -     Point Data:
[INFO][Stream] 11.02.2024 20:49:30 [] (unknown:0) -       Debug: Off
[INFO][Stream] 11.02.2024 20:49:30 [] (unknown:0) -       Modified Time: 1068202
[INFO][Stream] 11.02.2024 20:49:30 [] (unknown:0) -       Reference Count: 1
[INFO][Stream] 11.02.2024 20:49:30 [] (unknown:0) -       Registered Events:
[INFO][Stream] 11.02.2024 20:49:30 [] (unknown:0) -         Registered Observers:
[INFO][Stream] 11.02.2024 20:49:30 [] (unknown:0) -           vtkObserver (0000014D8494A2C0)
[INFO][Stream] 11.02.2024 20:49:30 [] (unknown:0) -             Event: 33
[INFO][Stream] 11.02.2024 20:49:30 [] (unknown:0) -             EventName: ModifiedEvent
[INFO][Stream] 11.02.2024 20:49:30 [] (unknown:0) -             Command: 0000014D847D8010
[INFO][Stream] 11.02.2024 20:49:30 [] (unknown:0) -             Priority: 0
[INFO][Stream] 11.02.2024 20:49:30 [] (unknown:0) -             Tag: 1
[INFO][Stream] 11.02.2024 20:49:30 [] (unknown:0) -       Number Of Arrays: 1
[INFO][Stream] 11.02.2024 20:49:30 [] (unknown:0) -       Array 0 name = ImageScalars
[INFO][Stream] 11.02.2024 20:49:30 [] (unknown:0) -       Number Of Components: 1
[INFO][Stream] 11.02.2024 20:49:30 [] (unknown:0) -       Number Of Tuples: 225280
[INFO][Stream] 11.02.2024 20:49:30 [] (unknown:0) -       Copy Tuple Flags: ( 1 1 1 1 1 0 1 1 1 1 1 1 )
[INFO][Stream] 11.02.2024 20:49:30 [] (unknown:0) -       Interpolate Flags: ( 1 1 1 1 1 0 0 1 1 1 1 0 )
[INFO][Stream] 11.02.2024 20:49:30 [] (unknown:0) -       Pass Through Flags: ( 1 1 1 1 1 1 1 1 1 1 1 1 )
[INFO][Stream] 11.02.2024 20:49:30 [] (unknown:0) -       Scalars:
[INFO][Stream] 11.02.2024 20:49:30 [] (unknown:0) -         Debug: Off
[INFO][Stream] 11.02.2024 20:49:30 [] (unknown:0) -         Modified Time: 1067908
[INFO][Stream] 11.02.2024 20:49:30 [] (unknown:0) -         Reference Count: 2
[INFO][Stream] 11.02.2024 20:49:30 [] (unknown:0) -         Registered Events:
[INFO][Stream] 11.02.2024 20:49:30 [] (unknown:0) -           Registered Observers:
[INFO][Stream] 11.02.2024 20:49:30 [] (unknown:0) -             vtkObserver (0000014D8E95B550)
[INFO][Stream] 11.02.2024 20:49:30 [] (unknown:0) -               Event: 33
[INFO][Stream] 11.02.2024 20:49:30 [] (unknown:0) -               EventName: ModifiedEvent
[INFO][Stream] 11.02.2024 20:49:30 [] (unknown:0) -               Command: 0000014D8585E400
[INFO][Stream] 11.02.2024 20:49:30 [] (unknown:0) -               Priority: 0
[INFO][Stream] 11.02.2024 20:49:30 [] (unknown:0) -               Tag: 2
[INFO][Stream] 11.02.2024 20:49:30 [] (unknown:0) -             vtkObserver (0000014D8E95ADA0)
[INFO][Stream] 11.02.2024 20:49:30 [] (unknown:0) -               Event: 2
[INFO][Stream] 11.02.2024 20:49:30 [] (unknown:0) -               EventName: DeleteEvent
[INFO][Stream] 11.02.2024 20:49:30 [] (unknown:0) -               Command: 0000014D8585E400
[INFO][Stream] 11.02.2024 20:49:30 [] (unknown:0) -               Priority: 0
[INFO][Stream] 11.02.2024 20:49:30 [] (unknown:0) -               Tag: 1
[INFO][Stream] 11.02.2024 20:49:30 [] (unknown:0) -         Name: ImageScalars
[INFO][Stream] 11.02.2024 20:49:30 [] (unknown:0) -         Data type: float
[INFO][Stream] 11.02.2024 20:49:30 [] (unknown:0) -         Size: 225280
[INFO][Stream] 11.02.2024 20:49:30 [] (unknown:0) -         MaxId: 225279
[INFO][Stream] 11.02.2024 20:49:30 [] (unknown:0) -         NumberOfComponents: 1
[INFO][Stream] 11.02.2024 20:49:30 [] (unknown:0) -         Information: 0000014D85308A20
[INFO][Stream] 11.02.2024 20:49:30 [] (unknown:0) -           Debug: Off
[INFO][Stream] 11.02.2024 20:49:30 [] (unknown:0) -           Modified Time: 1068568
[INFO][Stream] 11.02.2024 20:49:30 [] (unknown:0) -           Reference Count: 1
[INFO][Stream] 11.02.2024 20:49:30 [] (unknown:0) -           Registered Events: (none)
[INFO][Stream] 11.02.2024 20:49:30 [] (unknown:0) -           PER_COMPONENT: vtkInformationVector(0000014D857E3D40)
[INFO][Stream] 11.02.2024 20:49:30 [] (unknown:0) -         Name: ImageScalars
[INFO][Stream] 11.02.2024 20:49:30 [] (unknown:0) -         Number Of Components: 1
[INFO][Stream] 11.02.2024 20:49:30 [] (unknown:0) -         Number Of Tuples: 225280
[INFO][Stream] 11.02.2024 20:49:30 [] (unknown:0) -         Size: 225280
[INFO][Stream] 11.02.2024 20:49:30 [] (unknown:0) -         MaxId: 225279
[INFO][Stream] 11.02.2024 20:49:30 [] (unknown:0) -         LookupTable: (none)
[INFO][Stream] 11.02.2024 20:49:30 [] (unknown:0) -       Vectors: (none)
[INFO][Stream] 11.02.2024 20:49:30 [] (unknown:0) -       Normals: (none)
[INFO][Stream] 11.02.2024 20:49:30 [] (unknown:0) -       TCoords: (none)
[INFO][Stream] 11.02.2024 20:49:30 [] (unknown:0) -       Tensors: (none)
[INFO][Stream] 11.02.2024 20:49:30 [] (unknown:0) -       GlobalIds: (none)
[INFO][Stream] 11.02.2024 20:49:30 [] (unknown:0) -       PedigreeIds: (none)
[INFO][Stream] 11.02.2024 20:49:30 [] (unknown:0) -       EdgeFlag: (none)
[INFO][Stream] 11.02.2024 20:49:30 [] (unknown:0) -       Tangents: (none)
[INFO][Stream] 11.02.2024 20:49:30 [] (unknown:0) -       RationalWeights: (none)
[INFO][Stream] 11.02.2024 20:49:30 [] (unknown:0) -       HigherOrderDegrees: (none)
[INFO][Stream] 11.02.2024 20:49:30 [] (unknown:0) -       ProcessIds: (none)
[INFO][Stream] 11.02.2024 20:49:30 [] (unknown:0) -     Bounds:
[INFO][Stream] 11.02.2024 20:49:30 [] (unknown:0) -       Xmin,Xmax: (0, 63)
[INFO][Stream] 11.02.2024 20:49:30 [] (unknown:0) -       Ymin,Ymax: (0, 63)
[INFO][Stream] 11.02.2024 20:49:30 [] (unknown:0) -       Zmin,Zmax: (0, 54)
[INFO][Stream] 11.02.2024 20:49:30 [] (unknown:0) -     Compute Time: 1413164
[INFO][Stream] 11.02.2024 20:49:30 [] (unknown:0) -     Spacing: (1, 1, 1)
[INFO][Stream] 11.02.2024 20:49:30 [] (unknown:0) -     Origin: (0, 0, 0)
[INFO][Stream] 11.02.2024 20:49:30 [] (unknown:0) -     Direction: (1, 0, 0, 0, 1, 0, 0, 0, 1)
[INFO][Stream] 11.02.2024 20:49:30 [] (unknown:0) -     Dimensions: (64, 64, 55)
[INFO][Stream] 11.02.2024 20:49:30 [] (unknown:0) -     Increments: (0, 0, 0)
[INFO][Stream] 11.02.2024 20:49:30 [] (unknown:0) -     Extent: (0, 63, 0, 63, 0, 54)
[INFO][Stream] 11.02.2024 20:49:30 [] (unknown:0) -
[INFO][Stream] 11.02.2024 20:49:30 [] (unknown:0) -
[CRITICAL][FD] 11.02.2024 20:50:20 [] (unknown:0) -
[CRITICAL][FD] 11.02.2024 20:50:20 [] (unknown:0) - DevTools listening on ws://127.0.0.1:1337/devtools/browser/8e95c265-7c92-4acc-8293-ef62f18dc312
[WARNING][Qt] 11.02.2024 20:50:20 [] (unknown:0) - Remote debugging server started successfully. Try pointing a Chromium-based browser to http://127.0.0.1:1337
[WARNING][Qt] 11.02.2024 20:50:24 [] (unknown:0) - "https://extensions.slicer.org/catalog/All/32438/win" 0 "Mixed Content: The page at 'https://extensions.slicer.org/catalog/All/32438/win' was loaded over HTTPS, but requested an insecure image 'http://www.slicer.org/slicerWiki/images/b/bc/BaselineFollowupSCANRegisteredCMFreg2.png'. This content should also be served over HTTPS."
[WARNING][Qt] 11.02.2024 20:50:24 [] (unknown:0) - Mixed Content: The page at 'https://extensions.slicer.org/catalog/All/32438/win' was loaded over HTTPS, but requested an insecure image 'http://www.slicer.org/slicerWiki/images/b/bc/BaselineFollowupSCANRegisteredCMFreg2.png'. This content should also be served over HTTPS.
[WARNING][Qt] 11.02.2024 20:50:24 [] (unknown:0) - "https://extensions.slicer.org/catalog/All/32438/win" 0 "Mixed Content: The page at 'https://extensions.slicer.org/catalog/All/32438/win' was loaded over HTTPS, but requested an insecure image 'http://wiki.slicer.org/slicerWiki/images/2/2a/CarreraSliceEffect.png'. This content should also be served over HTTPS."
[WARNING][Qt] 11.02.2024 20:50:24 [] (unknown:0) - Mixed Content: The page at 'https://extensions.slicer.org/catalog/All/32438/win' was loaded over HTTPS, but requested an insecure image 'http://wiki.slicer.org/slicerWiki/images/2/2a/CarreraSliceEffect.png'. This content should also be served over HTTPS.
[WARNING][Qt] 11.02.2024 20:50:24 [] (unknown:0) - "https://extensions.slicer.org/catalog/All/32438/win" 0 "Mixed Content: The page at 'https://extensions.slicer.org/catalog/All/32438/win' was loaded over HTTPS, but requested an insecure image 'http://www.slicer.org/slicerWiki/images/b/b9/ChangeTracker_logo.png'. This content should also be served over HTTPS."
[WARNING][Qt] 11.02.2024 20:50:24 [] (unknown:0) - Mixed Content: The page at 'https://extensions.slicer.org/catalog/All/32438/win' was loaded over HTTPS, but requested an insecure image 'http://www.slicer.org/slicerWiki/images/b/b9/ChangeTracker_logo.png'. This content should also be served over HTTPS.
[WARNING][Qt] 11.02.2024 20:50:24 [] (unknown:0) - "https://extensions.slicer.org/catalog/All/32438/win" 0 "Mixed Content: The page at 'https://extensions.slicer.org/catalog/All/32438/win' was loaded over HTTPS, but requested an insecure image 'http://www.slicer.org/slicerWiki/images/b/b7/CurveMakerIcon.png'. This content should also be served over HTTPS."
[WARNING][Qt] 11.02.2024 20:50:24 [] (unknown:0) - Mixed Content: The page at 'https://extensions.slicer.org/catalog/All/32438/win' was loaded over HTTPS, but requested an insecure image 'http://www.slicer.org/slicerWiki/images/b/b7/CurveMakerIcon.png'. This content should also be served over HTTPS.
[WARNING][Qt] 11.02.2024 20:50:24 [] (unknown:0) - "https://extensions.slicer.org/catalog/All/32438/win" 0 "Mixed Content: The page at 'https://extensions.slicer.org/catalog/All/32438/win' was loaded over HTTPS, but requested an insecure image 'http://slicer.org/slicerWiki/images/9/92/DSC_logo_Resized.png'. This content should also be served over HTTPS."
[WARNING][Qt] 11.02.2024 20:50:24 [] (unknown:0) - Mixed Content: The page at 'https://extensions.slicer.org/catalog/All/32438/win' was loaded over HTTPS, but requested an insecure image 'http://slicer.org/slicerWiki/images/9/92/DSC_logo_Resized.png'. This content should also be served over HTTPS.
[WARNING][Qt] 11.02.2024 20:50:24 [] (unknown:0) - "https://extensions.slicer.org/catalog/All/32438/win" 0 "Mixed Content: The page at 'https://extensions.slicer.org/catalog/All/32438/win' was loaded over HTTPS, but requested an insecure image 'http://www.slicer.org/slicerWiki/images/a/ac/ErodeDilateLabelIcon.png'. This content should also be served over HTTPS."
[WARNING][Qt] 11.02.2024 20:50:24 [] (unknown:0) - Mixed Content: The page at 'https://extensions.slicer.org/catalog/All/32438/win' was loaded over HTTPS, but requested an insecure image 'http://www.slicer.org/slicerWiki/images/a/ac/ErodeDilateLabelIcon.png'. This content should also be served over HTTPS.
[WARNING][Qt] 11.02.2024 20:50:24 [] (unknown:0) - "https://extensions.slicer.org/catalog/All/32438/win" 0 "Mixed Content: The page at 'https://extensions.slicer.org/catalog/All/32438/win' was loaded over HTTPS, but requested an insecure image 'http://www.slicer.org/slicerWiki/images/1/16/FilmDosimetry_Logo_128x128.png'. This content should also be served over HTTPS."
[WARNING][Qt] 11.02.2024 20:50:24 [] (unknown:0) - Mixed Content: The page at 'https://extensions.slicer.org/catalog/All/32438/win' was loaded over HTTPS, but requested an insecure image 'http://www.slicer.org/slicerWiki/images/1/16/FilmDosimetry_Logo_128x128.png'. This content should also be served over HTTPS.
[WARNING][Qt] 11.02.2024 20:50:24 [] (unknown:0) - "https://extensions.slicer.org/catalog/All/32438/win" 0 "Mixed Content: The page at 'https://extensions.slicer.org/catalog/All/32438/win' was loaded over HTTPS, but requested an insecure image 'http://www.slicer.org/slicerWiki/images/f/f1/GelDosimetry_Logo_128x128.png'. This content should also be served over HTTPS."
[WARNING][Qt] 11.02.2024 20:50:24 [] (unknown:0) - Mixed Content: The page at 'https://extensions.slicer.org/catalog/All/32438/win' was loaded over HTTPS, but requested an insecure image 'http://www.slicer.org/slicerWiki/images/f/f1/GelDosimetry_Logo_128x128.png'. This content should also be served over HTTPS.
[WARNING][Qt] 11.02.2024 20:50:24 [] (unknown:0) - "https://extensions.slicer.org/catalog/All/32438/win" 0 "Mixed Content: The page at 'https://extensions.slicer.org/catalog/All/32438/win' was loaded over HTTPS, but requested an insecure image 'http://www.slicer.org/slicerWiki/images/a/a7/GyroGuide.png'. This content should also be served over HTTPS."
[WARNING][Qt] 11.02.2024 20:50:24 [] (unknown:0) - Mixed Content: The page at 'https://extensions.slicer.org/catalog/All/32438/win' was loaded over HTTPS, but requested an insecure image 'http://www.slicer.org/slicerWiki/images/a/a7/GyroGuide.png'. This content should also be served over HTTPS.
[WARNING][Qt] 11.02.2024 20:50:24 [] (unknown:0) - "https://extensions.slicer.org/catalog/All/32438/win" 0 "Mixed Content: The page at 'https://extensions.slicer.org/catalog/All/32438/win' was loaded over HTTPS, but requested an insecure image 'http://www.slicer.org/slicerWiki/images/e/e5/QuickToolsLogo.png'. This content should also be served over HTTPS."
[WARNING][Qt] 11.02.2024 20:50:24 [] (unknown:0) - Mixed Content: The page at 'https://extensions.slicer.org/catalog/All/32438/win' was loaded over HTTPS, but requested an insecure image 'http://www.slicer.org/slicerWiki/images/e/e5/QuickToolsLogo.png'. This content should also be served over HTTPS.
[WARNING][Qt] 11.02.2024 20:50:24 [] (unknown:0) - "https://extensions.slicer.org/catalog/All/32438/win" 0 "Mixed Content: The page at 'https://extensions.slicer.org/catalog/All/32438/win' was loaded over HTTPS, but requested an insecure image 'http://wiki.slicer.org/slicerWiki/images/f/f6/IntensitySegmenterIcon.png'. This content should also be served over HTTPS."
[WARNING][Qt] 11.02.2024 20:50:24 [] (unknown:0) - Mixed Content: The page at 'https://extensions.slicer.org/catalog/All/32438/win' was loaded over HTTPS, but requested an insecure image 'http://wiki.slicer.org/slicerWiki/images/f/f6/IntensitySegmenterIcon.png'. This content should also be served over HTTPS.
[WARNING][Qt] 11.02.2024 20:50:24 [] (unknown:0) - "https://extensions.slicer.org/catalog/All/32438/win" 0 "Mixed Content: The page at 'https://extensions.slicer.org/catalog/All/32438/win' was loaded over HTTPS, but requested an insecure image 'http://www.slicer.org/slicerWiki/images/e/e8/MatlabBridgeLogo.png'. This content should also be served over HTTPS."
[WARNING][Qt] 11.02.2024 20:50:24 [] (unknown:0) - Mixed Content: The page at 'https://extensions.slicer.org/catalog/All/32438/win' was loaded over HTTPS, but requested an insecure image 'http://www.slicer.org/slicerWiki/images/e/e8/MatlabBridgeLogo.png'. This content should also be served over HTTPS.
[WARNING][Qt] 11.02.2024 20:50:24 [] (unknown:0) - "https://extensions.slicer.org/catalog/All/32438/win" 0 "Mixed Content: The page at 'https://extensions.slicer.org/catalog/All/32438/win' was loaded over HTTPS, but requested an insecure image 'http://slicer.org/slicerWiki/images/4/43/Slicer4ExtensionModelToModelDistance.png'. This content should also be served over HTTPS."
[WARNING][Qt] 11.02.2024 20:50:24 [] (unknown:0) - Mixed Content: The page at 'https://extensions.slicer.org/catalog/All/32438/win' was loaded over HTTPS, but requested an insecure image 'http://slicer.org/slicerWiki/images/4/43/Slicer4ExtensionModelToModelDistance.png'. This content should also be served over HTTPS.
[WARNING][Qt] 11.02.2024 20:50:24 [] (unknown:0) - "https://extensions.slicer.org/catalog/All/32438/win" 0 "Mixed Content: The page at 'https://extensions.slicer.org/catalog/All/32438/win' was loaded over HTTPS, but requested an insecure image 'http://www.slicer.org/slicerWiki/images/a/ac/PAAlogo-small.png'. This content should also be served over HTTPS."
[WARNING][Qt] 11.02.2024 20:50:24 [] (unknown:0) - Mixed Content: The page at 'https://extensions.slicer.org/catalog/All/32438/win' was loaded over HTTPS, but requested an insecure image 'http://www.slicer.org/slicerWiki/images/a/ac/PAAlogo-small.png'. This content should also be served over HTTPS.
[WARNING][Qt] 11.02.2024 20:50:24 [] (unknown:0) - "https://extensions.slicer.org/catalog/All/32438/win" 0 "Mixed Content: The page at 'https://extensions.slicer.org/catalog/All/32438/win' was loaded over HTTPS, but requested an insecure image 'http://www.slicer.org/slicerWiki/images/2/21/PerkTutorLogo.png'. This content should also be served over HTTPS."
[WARNING][Qt] 11.02.2024 20:50:24 [] (unknown:0) - Mixed Content: The page at 'https://extensions.slicer.org/catalog/All/32438/win' was loaded over HTTPS, but requested an insecure image 'http://www.slicer.org/slicerWiki/images/2/21/PerkTutorLogo.png'. This content should also be served over HTTPS.
[WARNING][Qt] 11.02.2024 20:50:24 [] (unknown:0) - "https://extensions.slicer.org/catalog/All/32438/win" 0 "Mixed Content: The page at 'https://extensions.slicer.org/catalog/All/32438/win' was loaded over HTTPS, but requested an insecure image 'http://www.slicer.org/slicerWiki/images/b/b1/DPetBrainQuantification.png'. This content should also be served over HTTPS."
[WARNING][Qt] 11.02.2024 20:50:24 [] (unknown:0) - Mixed Content: The page at 'https://extensions.slicer.org/catalog/All/32438/win' was loaded over HTTPS, but requested an insecure image 'http://www.slicer.org/slicerWiki/images/b/b1/DPetBrainQuantification.png'. This content should also be served over HTTPS.
[WARNING][Qt] 11.02.2024 20:50:24 [] (unknown:0) - "https://extensions.slicer.org/catalog/All/32438/win" 0 "Mixed Content: The page at 'https://extensions.slicer.org/catalog/All/32438/win' was loaded over HTTPS, but requested an insecure image 'http://wiki.slicer.org/slicerWiki/images/3/34/PkModeling.png'. This content should also be served over HTTPS."
[WARNING][Qt] 11.02.2024 20:50:24 [] (unknown:0) - Mixed Content: The page at 'https://extensions.slicer.org/catalog/All/32438/win' was loaded over HTTPS, but requested an insecure image 'http://wiki.slicer.org/slicerWiki/images/3/34/PkModeling.png'. This content should also be served over HTTPS.
[WARNING][Qt] 11.02.2024 20:50:24 [] (unknown:0) - "https://extensions.slicer.org/catalog/All/32438/win" 0 "Mixed Content: The page at 'https://extensions.slicer.org/catalog/All/32438/win' was loaded over HTTPS, but requested an insecure image 'http://www.slicer.org/slicerWiki/images/a/a7/Portplacement_icon.png'. This content should also be served over HTTPS."
[WARNING][Qt] 11.02.2024 20:50:24 [] (unknown:0) - Mixed Content: The page at 'https://extensions.slicer.org/catalog/All/32438/win' was loaded over HTTPS, but requested an insecure image 'http://www.slicer.org/slicerWiki/images/a/a7/Portplacement_icon.png'. This content should also be served over HTTPS.
[WARNING][Qt] 11.02.2024 20:50:24 [] (unknown:0) - "https://extensions.slicer.org/catalog/All/32438/win" 0 "Mixed Content: The page at 'https://extensions.slicer.org/catalog/All/32438/win' was loaded over HTTPS, but requested an insecure image 'http://wiki.slicer.org/slicerWiki/images/d/d6/ResectionPlannerLogo.png'. This content should also be served over HTTPS."
[WARNING][Qt] 11.02.2024 20:50:24 [] (unknown:0) - Mixed Content: The page at 'https://extensions.slicer.org/catalog/All/32438/win' was loaded over HTTPS, but requested an insecure image 'http://wiki.slicer.org/slicerWiki/images/d/d6/ResectionPlannerLogo.png'. This content should also be served over HTTPS.
[WARNING][Qt] 11.02.2024 20:50:24 [] (unknown:0) - "https://extensions.slicer.org/catalog/All/32438/win" 0 "Mixed Content: The page at 'https://extensions.slicer.org/catalog/All/32438/win' was loaded over HTTPS, but requested an insecure image 'http://www.slicer.org/slicerWiki/images/b/ba/SegAidedRegSquareFocus128.png'. This content should also be served over HTTPS."
[WARNING][Qt] 11.02.2024 20:50:24 [] (unknown:0) - Mixed Content: The page at 'https://extensions.slicer.org/catalog/All/32438/win' was loaded over HTTPS, but requested an insecure image 'http://www.slicer.org/slicerWiki/images/b/ba/SegAidedRegSquareFocus128.png'. This content should also be served over HTTPS.
[WARNING][Qt] 11.02.2024 20:50:24 [] (unknown:0) - "https://extensions.slicer.org/catalog/All/32438/win" 0 "Mixed Content: The page at 'https://extensions.slicer.org/catalog/All/32438/win' was loaded over HTTPS, but requested an insecure image 'http://www.slicer.org/slicerWiki/images/f/f2/SkullStripper.png'. This content should also be served over HTTPS."
[WARNING][Qt] 11.02.2024 20:50:24 [] (unknown:0) - Mixed Content: The page at 'https://extensions.slicer.org/catalog/All/32438/win' was loaded over HTTPS, but requested an insecure image 'http://www.slicer.org/slicerWiki/images/f/f2/SkullStripper.png'. This content should also be served over HTTPS.
[WARNING][Qt] 11.02.2024 20:50:24 [] (unknown:0) - "https://extensions.slicer.org/catalog/All/32438/win" 0 "Mixed Content: The page at 'https://extensions.slicer.org/catalog/All/32438/win' was loaded over HTTPS, but requested an insecure image 'http://raw.githubusercontent.com/SlicerDMRI/slicerdmri.github.io/master/images/DMRI_3D_SLICER-icon.png'. This content should also be served over HTTPS."
[WARNING][Qt] 11.02.2024 20:50:24 [] (unknown:0) - Mixed Content: The page at 'https://extensions.slicer.org/catalog/All/32438/win' was loaded over HTTPS, but requested an insecure image 'http://raw.githubusercontent.com/SlicerDMRI/slicerdmri.github.io/master/images/DMRI_3D_SLICER-icon.png'. This content should also be served over HTTPS.
[WARNING][Qt] 11.02.2024 20:50:24 [] (unknown:0) - "https://extensions.slicer.org/catalog/All/32438/win" 0 "Mixed Content: The page at 'https://extensions.slicer.org/catalog/All/32438/win' was loaded over HTTPS, but requested an insecure image 'http://raw.githubusercontent.com/QIICR/SlicerDevelopmentToolbox/master/Resources/Icons/SlicerDevelopmentToolbox.png'. This content should also be served over HTTPS."
[WARNING][Qt] 11.02.2024 20:50:24 [] (unknown:0) - Mixed Content: The page at 'https://extensions.slicer.org/catalog/All/32438/win' was loaded over HTTPS, but requested an insecure image 'http://raw.githubusercontent.com/QIICR/SlicerDevelopmentToolbox/master/Resources/Icons/SlicerDevelopmentToolbox.png'. This content should also be served over HTTPS.
[WARNING][Qt] 11.02.2024 20:50:24 [] (unknown:0) - "https://extensions.slicer.org/catalog/All/32438/win" 0 "Mixed Content: The page at 'https://extensions.slicer.org/catalog/All/32438/win' was loaded over HTTPS, but requested an insecure image 'http://www.slicer.org/slicerWiki/images/2/2b/SlicerIGTLogo.png'. This content should also be served over HTTPS."
[WARNING][Qt] 11.02.2024 20:50:24 [] (unknown:0) - Mixed Content: The page at 'https://extensions.slicer.org/catalog/All/32438/win' was loaded over HTTPS, but requested an insecure image 'http://www.slicer.org/slicerWiki/images/2/2b/SlicerIGTLogo.png'. This content should also be served over HTTPS.
[WARNING][Qt] 11.02.2024 20:50:24 [] (unknown:0) - "https://extensions.slicer.org/catalog/All/32438/win" 0 "Mixed Content: The page at 'https://extensions.slicer.org/catalog/All/32438/win' was loaded over HTTPS, but requested an insecure image 'http://wiki.slicer.org/slicerWiki/images/8/87/SlicerProstate_Logo_1.0_128x128.png'. This content should also be served over HTTPS."
[WARNING][Qt] 11.02.2024 20:50:24 [] (unknown:0) - Mixed Content: The page at 'https://extensions.slicer.org/catalog/All/32438/win' was loaded over HTTPS, but requested an insecure image 'http://wiki.slicer.org/slicerWiki/images/8/87/SlicerProstate_Logo_1.0_128x128.png'. This content should also be served over HTTPS.
[WARNING][Qt] 11.02.2024 20:50:24 [] (unknown:0) - "https://extensions.slicer.org/catalog/All/32438/win" 0 "Mixed Content: The page at 'https://extensions.slicer.org/catalog/All/32438/win' was loaded over HTTPS, but requested an insecure image 'http://www.slicer.org/slicerWiki/images/2/29/SlicerRT_Logo_3.0_128x128.png'. This content should also be served over HTTPS."
[WARNING][Qt] 11.02.2024 20:50:24 [] (unknown:0) - Mixed Content: The page at 'https://extensions.slicer.org/catalog/All/32438/win' was loaded over HTTPS, but requested an insecure image 'http://www.slicer.org/slicerWiki/images/2/29/SlicerRT_Logo_3.0_128x128.png'. This content should also be served over HTTPS.
[WARNING][Qt] 11.02.2024 20:50:24 [] (unknown:0) - "https://extensions.slicer.org/catalog/All/32438/win" 0 "Mixed Content: The page at 'https://extensions.slicer.org/catalog/All/32438/win' was loaded over HTTPS, but requested an insecure image 'http://www.example.com/Slicer/Extensions/SlicerSurfaceLearner.png'. This content should also be served over HTTPS."
[WARNING][Qt] 11.02.2024 20:50:24 [] (unknown:0) - Mixed Content: The page at 'https://extensions.slicer.org/catalog/All/32438/win' was loaded over HTTPS, but requested an insecure image 'http://www.example.com/Slicer/Extensions/SlicerSurfaceLearner.png'. This content should also be served over HTTPS.
[WARNING][Qt] 11.02.2024 20:50:24 [] (unknown:0) - "https://extensions.slicer.org/catalog/All/32438/win" 0 "Mixed Content: The page at 'https://extensions.slicer.org/catalog/All/32438/win' was loaded over HTTPS, but requested an insecure image 'http://www.slicer.org/slicerWiki/images/6/64/SlicerToKiwiExporterLogo.png'. This content should also be served over HTTPS."
[WARNING][Qt] 11.02.2024 20:50:24 [] (unknown:0) - Mixed Content: The page at 'https://extensions.slicer.org/catalog/All/32438/win' was loaded over HTTPS, but requested an insecure image 'http://www.slicer.org/slicerWiki/images/6/64/SlicerToKiwiExporterLogo.png'. This content should also be served over HTTPS.
[WARNING][Qt] 11.02.2024 20:50:24 [] (unknown:0) - "https://extensions.slicer.org/catalog/All/32438/win" 0 "Mixed Content: The page at 'https://extensions.slicer.org/catalog/All/32438/win' was loaded over HTTPS, but requested an insecure image 'http://www.nitrc.org/project/screenshot.php?group_id=196&screenshot_id=269'. This content should also be served over HTTPS."
[WARNING][Qt] 11.02.2024 20:50:24 [] (unknown:0) - Mixed Content: The page at 'https://extensions.slicer.org/catalog/All/32438/win' was loaded over HTTPS, but requested an insecure image 'http://www.nitrc.org/project/screenshot.php?group_id=196&screenshot_id=269'. This content should also be served over HTTPS.
[WARNING][Qt] 11.02.2024 20:50:24 [] (unknown:0) - "https://extensions.slicer.org/catalog/All/32438/win" 0 "Mixed Content: The page at 'https://extensions.slicer.org/catalog/All/32438/win' was loaded over HTTPS, but requested an insecure image 'http://slicer.org/slicerWiki/images/3/32/T1_Mapping_Logo_Resized.png'. This content should also be served over HTTPS."
[WARNING][Qt] 11.02.2024 20:50:24 [] (unknown:0) - Mixed Content: The page at 'https://extensions.slicer.org/catalog/All/32438/win' was loaded over HTTPS, but requested an insecure image 'http://slicer.org/slicerWiki/images/3/32/T1_Mapping_Logo_Resized.png'. This content should also be served over HTTPS.
[WARNING][Qt] 11.02.2024 20:50:24 [] (unknown:0) - "https://extensions.slicer.org/catalog/All/32438/win" 0 "Mixed Content: The page at 'https://extensions.slicer.org/catalog/All/32438/win' was loaded over HTTPS, but requested an insecure image 'http://www.slicer.org/slicerWiki/images/c/c2/VolumeClipLogo.png'. This content should also be served over HTTPS."
[WARNING][Qt] 11.02.2024 20:50:24 [] (unknown:0) - Mixed Content: The page at 'https://extensions.slicer.org/catalog/All/32438/win' was loaded over HTTPS, but requested an insecure image 'http://www.slicer.org/slicerWiki/images/c/c2/VolumeClipLogo.png'. This content should also be served over HTTPS.
[DEBUG][Qt] 11.02.2024 20:50:29 [] (unknown:0) - Python console user input: print(general_volume)
[INFO][Stream] 11.02.2024 20:50:29 [] (unknown:0) - vtkMRMLScalarVolumeNode (0000014DF4101500)
[INFO][Stream] 11.02.2024 20:50:29 [] (unknown:0) -   ID: vtkMRMLScalarVolumeNode1
[INFO][Stream] 11.02.2024 20:50:29 [] (unknown:0) -   ClassName: vtkMRMLScalarVolumeNode
[INFO][Stream] 11.02.2024 20:50:29 [] (unknown:0) -   Name: fakeBrainTest_2
[INFO][Stream] 11.02.2024 20:50:29 [] (unknown:0) -   Debug: false
[INFO][Stream] 11.02.2024 20:50:29 [] (unknown:0) -   MTime: 1069133
[INFO][Stream] 11.02.2024 20:50:29 [] (unknown:0) -   Description: (none)
[INFO][Stream] 11.02.2024 20:50:29 [] (unknown:0) -   SingletonTag: (none)
[INFO][Stream] 11.02.2024 20:50:29 [] (unknown:0) -   HideFromEditors: false
[INFO][Stream] 11.02.2024 20:50:29 [] (unknown:0) -   Selectable: true
[INFO][Stream] 11.02.2024 20:50:29 [] (unknown:0) -   Selected: false
[INFO][Stream] 11.02.2024 20:50:29 [] (unknown:0) -   UndoEnabled: false
[INFO][Stream] 11.02.2024 20:50:29 [] (unknown:0) -   Node references:
[INFO][Stream] 11.02.2024 20:50:29 [] (unknown:0) -     display [displayNodeRef]: vtkMRMLScalarVolumeDisplayNode1
[INFO][Stream] 11.02.2024 20:50:29 [] (unknown:0) -     storage [storageNodeRef]: vtkMRMLVolumeArchetypeStorageNode4
[INFO][Stream] 11.02.2024 20:50:29 [] (unknown:0) -     transform [transformNodeRef]: (none)
[INFO][Stream] 11.02.2024 20:50:29 [] (unknown:0) -   StorageNodeIDs[0]: vtkMRMLVolumeArchetypeStorageNode4
[INFO][Stream] 11.02.2024 20:50:29 [] (unknown:0) -   TransformNodeID: (none)
[INFO][Stream] 11.02.2024 20:50:29 [] (unknown:0) -   DisplayNodeIDs[0]: vtkMRMLScalarVolumeDisplayNode1
[INFO][Stream] 11.02.2024 20:50:29 [] (unknown:0) -   Spacing: (4, 4, 4)
[INFO][Stream] 11.02.2024 20:50:29 [] (unknown:0) -   Origin: (0, 0, 0)
[INFO][Stream] 11.02.2024 20:50:29 [] (unknown:0) -   VoxelVectorType: undefined
[INFO][Stream] 11.02.2024 20:50:29 [] (unknown:0) -   IJKToRASDirections:
[INFO][Stream] 11.02.2024 20:50:29 [] (unknown:0) -     1 0 0
[INFO][Stream] 11.02.2024 20:50:29 [] (unknown:0) -     0 -0 1
[INFO][Stream] 11.02.2024 20:50:29 [] (unknown:0) -     0 1 -0
[INFO][Stream] 11.02.2024 20:50:29 [] (unknown:0) -   ImageData:
[INFO][Stream] 11.02.2024 20:50:29 [] (unknown:0) -     Debug: Off
[INFO][Stream] 11.02.2024 20:50:29 [] (unknown:0) -     Modified Time: 1068203
[INFO][Stream] 11.02.2024 20:50:29 [] (unknown:0) -     Reference Count: 16
[INFO][Stream] 11.02.2024 20:50:29 [] (unknown:0) -     Registered Events:
[INFO][Stream] 11.02.2024 20:50:29 [] (unknown:0) -       Registered Observers:
[INFO][Stream] 11.02.2024 20:50:29 [] (unknown:0) -         vtkObserver (0000014D8494A380)
[INFO][Stream] 11.02.2024 20:50:29 [] (unknown:0) -           Event: 33
[INFO][Stream] 11.02.2024 20:50:29 [] (unknown:0) -           EventName: ModifiedEvent
[INFO][Stream] 11.02.2024 20:50:29 [] (unknown:0) -           Command: 0000014D82842640
[INFO][Stream] 11.02.2024 20:50:29 [] (unknown:0) -           Priority: 0
[INFO][Stream] 11.02.2024 20:50:29 [] (unknown:0) -           Tag: 1
[INFO][Stream] 11.02.2024 20:50:29 [] (unknown:0) -     Information: 0000014D824F77C0
[INFO][Stream] 11.02.2024 20:50:29 [] (unknown:0) -     Data Released: False
[INFO][Stream] 11.02.2024 20:50:29 [] (unknown:0) -     Global Release Data: Off
[INFO][Stream] 11.02.2024 20:50:29 [] (unknown:0) -     UpdateTime: 1118877
[INFO][Stream] 11.02.2024 20:50:29 [] (unknown:0) -     Field Data:
[INFO][Stream] 11.02.2024 20:50:29 [] (unknown:0) -       Debug: Off
[INFO][Stream] 11.02.2024 20:50:29 [] (unknown:0) -       Modified Time: 1068156
[INFO][Stream] 11.02.2024 20:50:29 [] (unknown:0) -       Reference Count: 1
[INFO][Stream] 11.02.2024 20:50:29 [] (unknown:0) -       Registered Events: (none)
[INFO][Stream] 11.02.2024 20:50:29 [] (unknown:0) -       Number Of Arrays: 0
[INFO][Stream] 11.02.2024 20:50:29 [] (unknown:0) -       Number Of Components: 0
[INFO][Stream] 11.02.2024 20:50:29 [] (unknown:0) -       Number Of Tuples: 0
[INFO][Stream] 11.02.2024 20:50:29 [] (unknown:0) -     Number Of Points: 225280
[INFO][Stream] 11.02.2024 20:50:29 [] (unknown:0) -     Number Of Cells: 214326
[INFO][Stream] 11.02.2024 20:50:29 [] (unknown:0) -     Cell Data:
[INFO][Stream] 11.02.2024 20:50:29 [] (unknown:0) -       Debug: Off
[INFO][Stream] 11.02.2024 20:50:29 [] (unknown:0) -       Modified Time: 1068198
[INFO][Stream] 11.02.2024 20:50:29 [] (unknown:0) -       Reference Count: 1
[INFO][Stream] 11.02.2024 20:50:29 [] (unknown:0) -       Registered Events:
[INFO][Stream] 11.02.2024 20:50:29 [] (unknown:0) -         Registered Observers:
[INFO][Stream] 11.02.2024 20:50:29 [] (unknown:0) -           vtkObserver (0000014D8494A110)
[INFO][Stream] 11.02.2024 20:50:29 [] (unknown:0) -             Event: 33
[INFO][Stream] 11.02.2024 20:50:29 [] (unknown:0) -             EventName: ModifiedEvent
[INFO][Stream] 11.02.2024 20:50:29 [] (unknown:0) -             Command: 0000014D847D8010
[INFO][Stream] 11.02.2024 20:50:29 [] (unknown:0) -             Priority: 0
[INFO][Stream] 11.02.2024 20:50:29 [] (unknown:0) -             Tag: 1
[INFO][Stream] 11.02.2024 20:50:29 [] (unknown:0) -       Number Of Arrays: 0
[INFO][Stream] 11.02.2024 20:50:29 [] (unknown:0) -       Number Of Components: 0
[INFO][Stream] 11.02.2024 20:50:29 [] (unknown:0) -       Number Of Tuples: 0
[INFO][Stream] 11.02.2024 20:50:29 [] (unknown:0) -       Copy Tuple Flags: ( 1 1 1 1 1 0 1 1 1 1 1 1 )
[INFO][Stream] 11.02.2024 20:50:29 [] (unknown:0) -       Interpolate Flags: ( 1 1 1 1 1 0 0 1 1 1 1 0 )
[INFO][Stream] 11.02.2024 20:50:29 [] (unknown:0) -       Pass Through Flags: ( 1 1 1 1 1 1 1 1 1 1 1 1 )
[INFO][Stream] 11.02.2024 20:50:29 [] (unknown:0) -       Scalars: (none)
[INFO][Stream] 11.02.2024 20:50:29 [] (unknown:0) -       Vectors: (none)
[INFO][Stream] 11.02.2024 20:50:29 [] (unknown:0) -       Normals: (none)
[INFO][Stream] 11.02.2024 20:50:29 [] (unknown:0) -       TCoords: (none)
[INFO][Stream] 11.02.2024 20:50:29 [] (unknown:0) -       Tensors: (none)
[INFO][Stream] 11.02.2024 20:50:29 [] (unknown:0) -       GlobalIds: (none)
[INFO][Stream] 11.02.2024 20:50:29 [] (unknown:0) -       PedigreeIds: (none)
[INFO][Stream] 11.02.2024 20:50:29 [] (unknown:0) -       EdgeFlag: (none)
[INFO][Stream] 11.02.2024 20:50:29 [] (unknown:0) -       Tangents: (none)
[INFO][Stream] 11.02.2024 20:50:29 [] (unknown:0) -       RationalWeights: (none)
[INFO][Stream] 11.02.2024 20:50:29 [] (unknown:0) -       HigherOrderDegrees: (none)
[INFO][Stream] 11.02.2024 20:50:29 [] (unknown:0) -       ProcessIds: (none)
[INFO][Stream] 11.02.2024 20:50:29 [] (unknown:0) -     Point Data:
[INFO][Stream] 11.02.2024 20:50:29 [] (unknown:0) -       Debug: Off
[INFO][Stream] 11.02.2024 20:50:29 [] (unknown:0) -       Modified Time: 1068202
[INFO][Stream] 11.02.2024 20:50:29 [] (unknown:0) -       Reference Count: 1
[INFO][Stream] 11.02.2024 20:50:29 [] (unknown:0) -       Registered Events:
[INFO][Stream] 11.02.2024 20:50:29 [] (unknown:0) -         Registered Observers:
[INFO][Stream] 11.02.2024 20:50:29 [] (unknown:0) -           vtkObserver (0000014D8494A2C0)
[INFO][Stream] 11.02.2024 20:50:29 [] (unknown:0) -             Event: 33
[INFO][Stream] 11.02.2024 20:50:29 [] (unknown:0) -             EventName: ModifiedEvent
[INFO][Stream] 11.02.2024 20:50:29 [] (unknown:0) -             Command: 0000014D847D8010
[INFO][Stream] 11.02.2024 20:50:29 [] (unknown:0) -             Priority: 0
[INFO][Stream] 11.02.2024 20:50:29 [] (unknown:0) -             Tag: 1
[INFO][Stream] 11.02.2024 20:50:29 [] (unknown:0) -       Number Of Arrays: 1
[INFO][Stream] 11.02.2024 20:50:29 [] (unknown:0) -       Array 0 name = ImageScalars
[INFO][Stream] 11.02.2024 20:50:29 [] (unknown:0) -       Number Of Components: 1
[INFO][Stream] 11.02.2024 20:50:29 [] (unknown:0) -       Number Of Tuples: 225280
[INFO][Stream] 11.02.2024 20:50:29 [] (unknown:0) -       Copy Tuple Flags: ( 1 1 1 1 1 0 1 1 1 1 1 1 )
[INFO][Stream] 11.02.2024 20:50:29 [] (unknown:0) -       Interpolate Flags: ( 1 1 1 1 1 0 0 1 1 1 1 0 )
[INFO][Stream] 11.02.2024 20:50:29 [] (unknown:0) -       Pass Through Flags: ( 1 1 1 1 1 1 1 1 1 1 1 1 )
[INFO][Stream] 11.02.2024 20:50:29 [] (unknown:0) -       Scalars:
[INFO][Stream] 11.02.2024 20:50:29 [] (unknown:0) -         Debug: Off
[INFO][Stream] 11.02.2024 20:50:29 [] (unknown:0) -         Modified Time: 1067908
[INFO][Stream] 11.02.2024 20:50:29 [] (unknown:0) -         Reference Count: 2
[INFO][Stream] 11.02.2024 20:50:29 [] (unknown:0) -         Registered Events:
[INFO][Stream] 11.02.2024 20:50:29 [] (unknown:0) -           Registered Observers:
[INFO][Stream] 11.02.2024 20:50:29 [] (unknown:0) -             vtkObserver (0000014D8E95B550)
[INFO][Stream] 11.02.2024 20:50:29 [] (unknown:0) -               Event: 33
[INFO][Stream] 11.02.2024 20:50:29 [] (unknown:0) -               EventName: ModifiedEvent
[INFO][Stream] 11.02.2024 20:50:29 [] (unknown:0) -               Command: 0000014D8585E400
[INFO][Stream] 11.02.2024 20:50:29 [] (unknown:0) -               Priority: 0
[INFO][Stream] 11.02.2024 20:50:29 [] (unknown:0) -               Tag: 2
[INFO][Stream] 11.02.2024 20:50:29 [] (unknown:0) -             vtkObserver (0000014D8E95ADA0)
[INFO][Stream] 11.02.2024 20:50:29 [] (unknown:0) -               Event: 2
[INFO][Stream] 11.02.2024 20:50:29 [] (unknown:0) -               EventName: DeleteEvent
[INFO][Stream] 11.02.2024 20:50:29 [] (unknown:0) -               Command: 0000014D8585E400
[INFO][Stream] 11.02.2024 20:50:29 [] (unknown:0) -               Priority: 0
[INFO][Stream] 11.02.2024 20:50:29 [] (unknown:0) -               Tag: 1
[INFO][Stream] 11.02.2024 20:50:29 [] (unknown:0) -         Name: ImageScalars
[INFO][Stream] 11.02.2024 20:50:29 [] (unknown:0) -         Data type: float
[INFO][Stream] 11.02.2024 20:50:29 [] (unknown:0) -         Size: 225280
[INFO][Stream] 11.02.2024 20:50:29 [] (unknown:0) -         MaxId: 225279
[INFO][Stream] 11.02.2024 20:50:29 [] (unknown:0) -         NumberOfComponents: 1
[INFO][Stream] 11.02.2024 20:50:29 [] (unknown:0) -         Information: 0000014D85308A20
[INFO][Stream] 11.02.2024 20:50:29 [] (unknown:0) -           Debug: Off
[INFO][Stream] 11.02.2024 20:50:29 [] (unknown:0) -           Modified Time: 1068568
[INFO][Stream] 11.02.2024 20:50:29 [] (unknown:0) -           Reference Count: 1
[INFO][Stream] 11.02.2024 20:50:29 [] (unknown:0) -           Registered Events: (none)
[INFO][Stream] 11.02.2024 20:50:29 [] (unknown:0) -           PER_COMPONENT: vtkInformationVector(0000014D857E3D40)
[INFO][Stream] 11.02.2024 20:50:29 [] (unknown:0) -         Name: ImageScalars
[INFO][Stream] 11.02.2024 20:50:29 [] (unknown:0) -         Number Of Components: 1
[INFO][Stream] 11.02.2024 20:50:29 [] (unknown:0) -         Number Of Tuples: 225280
[INFO][Stream] 11.02.2024 20:50:29 [] (unknown:0) -         Size: 225280
[INFO][Stream] 11.02.2024 20:50:29 [] (unknown:0) -         MaxId: 225279
[INFO][Stream] 11.02.2024 20:50:29 [] (unknown:0) -         LookupTable: (none)
[INFO][Stream] 11.02.2024 20:50:29 [] (unknown:0) -       Vectors: (none)
[INFO][Stream] 11.02.2024 20:50:29 [] (unknown:0) -       Normals: (none)
[INFO][Stream] 11.02.2024 20:50:29 [] (unknown:0) -       TCoords: (none)
[INFO][Stream] 11.02.2024 20:50:29 [] (unknown:0) -       Tensors: (none)
[INFO][Stream] 11.02.2024 20:50:29 [] (unknown:0) -       GlobalIds: (none)
[INFO][Stream] 11.02.2024 20:50:29 [] (unknown:0) -       PedigreeIds: (none)
[INFO][Stream] 11.02.2024 20:50:29 [] (unknown:0) -       EdgeFlag: (none)
[INFO][Stream] 11.02.2024 20:50:29 [] (unknown:0) -       Tangents: (none)
[INFO][Stream] 11.02.2024 20:50:29 [] (unknown:0) -       RationalWeights: (none)
[INFO][Stream] 11.02.2024 20:50:29 [] (unknown:0) -       HigherOrderDegrees: (none)
[INFO][Stream] 11.02.2024 20:50:29 [] (unknown:0) -       ProcessIds: (none)
[INFO][Stream] 11.02.2024 20:50:29 [] (unknown:0) -     Bounds:
[INFO][Stream] 11.02.2024 20:50:29 [] (unknown:0) -       Xmin,Xmax: (0, 63)
[INFO][Stream] 11.02.2024 20:50:29 [] (unknown:0) -       Ymin,Ymax: (0, 63)
[INFO][Stream] 11.02.2024 20:50:29 [] (unknown:0) -       Zmin,Zmax: (0, 54)
[INFO][Stream] 11.02.2024 20:50:29 [] (unknown:0) -     Compute Time: 1413164
[INFO][Stream] 11.02.2024 20:50:29 [] (unknown:0) -     Spacing: (1, 1, 1)
[INFO][Stream] 11.02.2024 20:50:29 [] (unknown:0) -     Origin: (0, 0, 0)
[INFO][Stream] 11.02.2024 20:50:29 [] (unknown:0) -     Direction: (1, 0, 0, 0, 1, 0, 0, 0, 1)
[INFO][Stream] 11.02.2024 20:50:29 [] (unknown:0) -     Dimensions: (64, 64, 55)
[INFO][Stream] 11.02.2024 20:50:29 [] (unknown:0) -     Increments: (0, 0, 0)
[INFO][Stream] 11.02.2024 20:50:29 [] (unknown:0) -     Extent: (0, 63, 0, 63, 0, 54)
[INFO][Stream] 11.02.2024 20:50:29 [] (unknown:0) -
[INFO][Stream] 11.02.2024 20:50:29 [] (unknown:0) -
[WARNING][Qt] 11.02.2024 20:50:30 [] (unknown:0) - "https://extensions.slicer.org/catalog/All/32438/win" 0 "A cookie associated with a cross-site resource at http://www.nitrc.org/ was set without the `SameSite` attribute. A future release of Chrome will only deliver cookies with cross-site requests if they are set with `SameSite=None` and `Secure`. You can review cookies in developer tools under Application>Storage>Cookies and see more details at https://www.chromestatus.com/feature/5088147346030592 and https://www.chromestatus.com/feature/5633521622188032."
[WARNING][Qt] 11.02.2024 20:50:30 [] (unknown:0) - A cookie associated with a cross-site resource at http://www.nitrc.org/ was set without the `SameSite` attribute. A future release of Chrome will only deliver cookies with cross-site requests if they are set with `SameSite=None` and `Secure`. You can review cookies in developer tools under Application>Storage>Cookies and see more details at https://www.chromestatus.com/feature/5088147346030592 and https://www.chromestatus.com/feature/5633521622188032.
[DEBUG][Qt] 11.02.2024 20:50:41 [] (unknown:0) - Python console user input: general_volume.GetDisplayNode()
[INFO][Stream] 11.02.2024 20:50:41 [] (unknown:0) - <MRMLCorePython.vtkMRMLScalarVolumeDisplayNode(0x0000014DEF44B2A0) at 0x0000014D833B6F40>
[DEBUG][Qt] 11.02.2024 20:50:49 [] (unknown:0) - Python console user input: general_volume.GetDisplayVisibility()
[INFO][Stream] 11.02.2024 20:50:49 [] (unknown:0) - 0
[DEBUG][Qt] 11.02.2024 20:51:42 [] (unknown:0) - Python console user input: general_volume.RemoveAllDisplayNodeIDs()
[DEBUG][Qt] 11.02.2024 20:52:00 [] (unknown:0) - Python console user input: general_volume.GetDisplayNode().RemoveViewNodeID()
[CRITICAL][Stream] 11.02.2024 20:52:00 [] (unknown:0) - Traceback (most recent call last):
[CRITICAL][Stream] 11.02.2024 20:52:00 [] (unknown:0) -   File "<console>", line 1, in <module>
[CRITICAL][Stream] 11.02.2024 20:52:00 [] (unknown:0) - TypeError: RemoveViewNodeID() takes exactly 1 argument (0 given)
[DEBUG][Qt] 11.02.2024 20:52:05 [] (unknown:0) - Python console user input: general_volume.GetDisplayNode().RemoveViewNodeID(0)
[CRITICAL][Stream] 11.02.2024 20:52:05 [] (unknown:0) - Traceback (most recent call last):
[CRITICAL][Stream] 11.02.2024 20:52:05 [] (unknown:0) -   File "<console>", line 1, in <module>
[CRITICAL][Stream] 11.02.2024 20:52:05 [] (unknown:0) - TypeError: RemoveViewNodeID argument 1: expected a sequence of 0 values, got int
[DEBUG][Qt] 11.02.2024 20:52:38 [] (unknown:0) - Python console user input: general_volume.GetDisplayNode().RemoveAllViewNodeIDs()
[DEBUG][Qt] 11.02.2024 20:53:03 [] (unknown:0) - Python console user input: general_volume.GetDisplayNode().VisibilityOn()
[DEBUG][Qt] 11.02.2024 20:53:25 [] (unknown:0) - Python console user input: general_volume.GetDisplayNode().ViewNodeIDs()
[CRITICAL][Stream] 11.02.2024 20:53:25 [] (unknown:0) - Traceback (most recent call last):
[CRITICAL][Stream] 11.02.2024 20:53:25 [] (unknown:0) -   File "<console>", line 1, in <module>
[CRITICAL][Stream] 11.02.2024 20:53:25 [] (unknown:0) - AttributeError: 'MRMLCorePython.vtkMRMLScalarVolumeDisplayNode' object has no attribute 'ViewNodeIDs'
[DEBUG][Qt] 11.02.2024 20:56:32 [] (unknown:0) - Switch to module:  "Segmentation_k_mean"
[DEBUG][Qt] 11.02.2024 20:57:31 [] (unknown:0) - Python console user input: ]vrDisplayNode = slicer.modules.volumerendering.logic().GetFirstVolumeRenderingDisplayNode(volumeNode
[CRITICAL][Stream] 11.02.2024 20:57:31 [] (unknown:0) -   File "<console>", line 1
[CRITICAL][Stream] 11.02.2024 20:57:31 [] (unknown:0) -     ]vrDisplayNode = slicer.modules.volumerendering.logic().GetFirstVolumeRenderingDisplayNode(volumeNode
[CRITICAL][Stream] 11.02.2024 20:57:31 [] (unknown:0) -     ^
[CRITICAL][Stream] 11.02.2024 20:57:31 [] (unknown:0) - SyntaxError: unmatched ']'
[DEBUG][Qt] 11.02.2024 20:57:33 [] (unknown:0) - Python console user input: vrDisplayNode = slicer.modules.volumerendering.logic().GetFirstVolumeRenderingDisplayNode(volumeNode)
[CRITICAL][Stream] 11.02.2024 20:57:33 [] (unknown:0) - Traceback (most recent call last):
[CRITICAL][Stream] 11.02.2024 20:57:33 [] (unknown:0) -   File "<console>", line 1, in <module>
[CRITICAL][Stream] 11.02.2024 20:57:33 [] (unknown:0) - NameError: name 'volumeNode' is not defined
[DEBUG][Qt] 11.02.2024 20:58:19 [] (unknown:0) - Switch to module:  "Data"
[DEBUG][Qt] 11.02.2024 20:58:34 [] (unknown:0) - Python console user input: general_volume.GetDisplayNode().SetVisibility(0)
[DEBUG][Qt] 11.02.2024 20:58:37 [] (unknown:0) - Python console user input: general_volume.GetDisplayNode().SetVisibility(False)
[DEBUG][Qt] 11.02.2024 20:59:21 [] (unknown:0) - Python console user input: general_volume.GetDisplayNode().SetShowMode(slicer.vtkMRMLDisplayNode.ShowIgnore)
[DEBUG][Qt] 11.02.2024 20:59:23 [] (unknown:0) - Python console user input: general_volume.GetDisplayNode().SetShowMode(slicer.vtkMRMLDisplayNode.ShowIgnore)
[CRITICAL][Stream] 11.02.2024 20:59:47 [] (unknown:0) - Traceback (most recent call last):
[CRITICAL][Stream] 11.02.2024 20:59:47 [] (unknown:0) -   File "<string>", line 3, in <module>
[CRITICAL][Stream] 11.02.2024 20:59:47 [] (unknown:0) - AttributeError: 'NoneType' object has no attribute 'SetVisibility'
[INFO][VTK] 11.02.2024 21:05:01 [vtkMRMLModelStorageNode (0000014D8237A540)] (D:\D\S\S-0\Libs\MRML\Core\vtkMRMLModelStorageNode.cxx:415) - ReadDataInternal ((unknown)): File C:/Users/DANG THE HUNG/OneDrive - King's College London/Msc study/7MRI0070 - Navigation in Robotic/Tutorials/Week 1  Tutorial-20240114/brain.stl does not contain coordinate system information. Assuming LPS.
[DEBUG][Qt] 11.02.2024 21:05:01 [] (unknown:0) - "Model" Reader has successfully read the file "C:/Users/DANG THE HUNG/OneDrive - King's College London/Msc study/7MRI0070 - Navigation in Robotic/Tutorials/Week 1  Tutorial-20240114/brain.stl" "[1.98s]"
[DEBUG][Qt] 11.02.2024 21:05:13 [] (unknown:0) - Python console user input: brain = getNode("brain")
[DEBUG][Qt] 11.02.2024 21:05:32 [] (unknown:0) - Python console user input: brain.GetDisplayNode().SetVisibility(0)
[DEBUG][Qt] 11.02.2024 21:05:54 [] (unknown:0) - Python console user input: general_volume.GetDisplayNode().SetVisibility(0)
[DEBUG][Qt] 11.02.2024 21:05:59 [] (unknown:0) - Python console user input: general_volume.GetDisplayNode().SetVectorVisibility(0)
[DEBUG][Qt] 11.02.2024 21:08:58 [] (unknown:0) - Python console user input: volItem = shNode.GetItemByDataNode(volNode)
[DEBUG][Qt] 11.02.2024 21:09:02 [] (unknown:0) - Python console user input: volItem
[INFO][Stream] 11.02.2024 21:09:02 [] (unknown:0) - 29
[DEBUG][Qt] 11.02.2024 21:09:14 [] (unknown:0) - Python console user input: pluginHandler = slicer.qSlicerSubjectHierarchyPluginHandler().instance()
[DEBUG][Qt] 11.02.2024 21:10:07 [] (unknown:0) - Python console user input: volPlugin = pluginHandler.getOwnerPluginForSubjectHierarchyItem(volItem)
[DEBUG][Qt] 11.02.2024 21:10:11 [] (unknown:0) - Python console user input: volPlugin
[INFO][Stream] 11.02.2024 21:10:11 [] (unknown:0) - qSlicerSubjectHierarchyVolumesPlugin (qSlicerSubjectHierarchyVolumesPlugin at: 0x0000014DF1C7BF60)
[DEBUG][Qt] 11.02.2024 21:10:47 [] (unknown:0) - Python console user input: volPlugin.setDisplayVisibility(volItem, 0)
[DEBUG][Qt] 11.02.2024 21:12:21 [] (unknown:0) - Python console user input: vrDisplayNode = slicer.modules.volumerendering.logic().GetFirstVolumeRenderingDisplayNode(volumeNode)
[CRITICAL][Stream] 11.02.2024 21:12:21 [] (unknown:0) - Traceback (most recent call last):
[CRITICAL][Stream] 11.02.2024 21:12:21 [] (unknown:0) -   File "<console>", line 1, in <module>
[CRITICAL][Stream] 11.02.2024 21:12:21 [] (unknown:0) - NameError: name 'volumeNode' is not defined
[DEBUG][Qt] 11.02.2024 21:12:25 [] (unknown:0) - Python console user input: vrDisplayNode = slicer.modules.volumerendering.logic().GetFirstVolumeRenderingDisplayNode()
[CRITICAL][Stream] 11.02.2024 21:12:25 [] (unknown:0) - Traceback (most recent call last):
[CRITICAL][Stream] 11.02.2024 21:12:25 [] (unknown:0) -   File "<console>", line 1, in <module>
[CRITICAL][Stream] 11.02.2024 21:12:25 [] (unknown:0) - TypeError: GetFirstVolumeRenderingDisplayNode() takes exactly 1 argument (0 given)
[DEBUG][Qt] 11.02.2024 21:13:20 [] (unknown:0) - Python console user input: volumeNode = vtk.vtkVolume()
[DEBUG][Qt] 11.02.2024 21:13:25 [] (unknown:0) - Python console user input: general_volume
[INFO][Stream] 11.02.2024 21:13:25 [] (unknown:0) - <MRMLCorePython.vtkMRMLScalarVolumeNode(0x0000014DF4101500) at 0x0000014DED0AD640>
[DEBUG][Qt] 11.02.2024 21:13:45 [] (unknown:0) - Python console user input: )vtkMRML
[CRITICAL][Stream] 11.02.2024 21:13:45 [] (unknown:0) -   File "<console>", line 1
[CRITICAL][Stream] 11.02.2024 21:13:45 [] (unknown:0) -     )vtkMRML
[CRITICAL][Stream] 11.02.2024 21:13:45 [] (unknown:0) -     ^
[CRITICAL][Stream] 11.02.2024 21:13:45 [] (unknown:0) - SyntaxError: unmatched ')'
[DEBUG][Qt] 11.02.2024 21:15:02 [] (unknown:0) - Python console user input: volumeNode = slicer.mrmlScene.CreateNodeByClass("vtkMRMLVolumeNode")
[DEBUG][Qt] 11.02.2024 21:15:07 [] (unknown:0) - Python console user input: vol
[CRITICAL][Stream] 11.02.2024 21:15:07 [] (unknown:0) - Traceback (most recent call last):
[CRITICAL][Stream] 11.02.2024 21:15:07 [] (unknown:0) -   File "<console>", line 1, in <module>
[CRITICAL][Stream] 11.02.2024 21:15:07 [] (unknown:0) - NameError: name 'vol' is not defined
[DEBUG][Qt] 11.02.2024 21:15:11 [] (unknown:0) - Python console user input: volumeNode
[DEBUG][Qt] 11.02.2024 21:15:17 [] (unknown:0) - Python console user input: volumeNode = slicer.mrmlScene.CreateNodeByClass("vtkMRMLVolumeNode")
[DEBUG][Qt] 11.02.2024 21:15:29 [] (unknown:0) - Python console user input: volumeNode = slicer.mrmlScene.CreateNodeByClass("vtkMRMLScalarVolumeNode")
[DEBUG][Qt] 11.02.2024 21:15:36 [] (unknown:0) - Python console user input: volumeNode
[INFO][Stream] 11.02.2024 21:15:36 [] (unknown:0) - <MRMLCorePython.vtkMRMLScalarVolumeNode(0x0000014D95435810) at 0x0000014DEE65B400>
[DEBUG][Qt] 11.02.2024 21:15:44 [] (unknown:0) - Python console user input: vrDisplayNode = slicer.modules.volumerendering.logic().GetFirstVolumeRenderingDisplayNode(volumeNode)
[DEBUG][Qt] 11.02.2024 21:15:53 [] (unknown:0) - Python console user input: vrDisplayNode
[DEBUG][Qt] 11.02.2024 21:15:55 [] (unknown:0) - Python console user input: vrDisplayNode
[DEBUG][Qt] 11.02.2024 21:15:59 [] (unknown:0) - Python console user input: volumeNode
[INFO][Stream] 11.02.2024 21:15:59 [] (unknown:0) - <MRMLCorePython.vtkMRMLScalarVolumeNode(0x0000014D95435810) at 0x0000014DEE65B400>
[DEBUG][Qt] 11.02.2024 21:20:10 [] (unknown:0) - Switch to module:  "Pathway_planning"
[CRITICAL][Stream] 11.02.2024 21:20:10 [] (unknown:0) - D:\Program\Slicer 5.6.1\bin\Python\slicer\util.py:2786: UserWarning: does not have observer
[CRITICAL][Stream] 11.02.2024 21:20:10 [] (unknown:0) -   warn("does not have observer")
[INFO][Stream] 11.02.2024 21:20:11 [] (unknown:0) -
[INFO][Stream] 11.02.2024 21:20:11 [] (unknown:0) -
[INFO][Stream] 11.02.2024 21:20:11 [] (unknown:0) -
[INFO][Stream] 11.02.2024 21:20:11 [] (unknown:0) - ------------------------------
[INFO][Stream] 11.02.2024 21:20:11 [] (unknown:0) - Reloading module: Pathway_planning
[INFO][Stream] 11.02.2024 21:20:11 [] (unknown:0) - ------------------------------
[INFO][Stream] 11.02.2024 21:20:11 [] (unknown:0) -
[INFO][Stream] 11.02.2024 21:20:11 [] (unknown:0) -
[INFO][Stream] 11.02.2024 21:20:11 [] (unknown:0) -
[DEBUG][Qt] 11.02.2024 21:20:12 [] (unknown:0) - "Markups" Reader has successfully read the file "C:\\Users\\DANG THE HUNG\\OneDrive - King's College London\\Msc study\\7MRI0070 - Navigation in Robotic\\Module\\Data\\Week_2_4_TestSet_Path_planning\\entriesSubsample.fcsv" "[0.01s]"
[DEBUG][Qt] 11.02.2024 21:20:12 [] (unknown:0) - "Markups" Reader has successfully read the file "C:\\Users\\DANG THE HUNG\\OneDrive - King's College London\\Msc study\\7MRI0070 - Navigation in Robotic\\Module\\Data\\Week_2_4_TestSet_Path_planning\\targetsSubsample.fcsv" "[0.01s]"
[DEBUG][Qt] 11.02.2024 21:20:12 [] (unknown:0) - "Volume" Reader has successfully read the file "C:\\Users\\DANG THE HUNG\\OneDrive - King's College London\\Msc study\\7MRI0070 - Navigation in Robotic\\Module\\Data\\Week_2_4_TestSet_Path_planning\\r_cortexTest.nii.gz" "[0.02s]"
[DEBUG][Qt] 11.02.2024 21:20:12 [] (unknown:0) - "Volume" Reader has successfully read the file "C:\\Users\\DANG THE HUNG\\OneDrive - King's College London\\Msc study\\7MRI0070 - Navigation in Robotic\\Module\\Data\\Week_2_4_TestSet_Path_planning\\r_hippoTest.nii.gz" "[0.02s]"
[DEBUG][Qt] 11.02.2024 21:20:12 [] (unknown:0) - "Volume" Reader has successfully read the file "C:\\Users\\DANG THE HUNG\\OneDrive - King's College London\\Msc study\\7MRI0070 - Navigation in Robotic\\Module\\Data\\Week_2_4_TestSet_Path_planning\\ventriclesTest.nii.gz" "[0.02s]"
[DEBUG][Qt] 11.02.2024 21:20:12 [] (unknown:0) - "Volume" Reader has successfully read the file "C:\\Users\\DANG THE HUNG\\OneDrive - King's College London\\Msc study\\7MRI0070 - Navigation in Robotic\\Module\\Data\\Week_2_4_TestSet_Path_planning\\vesselsTestDilate1.nii.gz" "[0.02s]"
[DEBUG][Qt] 11.02.2024 21:20:12 [] (unknown:0) - "Volume" Reader has successfully read the file "C:\\Users\\DANG THE HUNG\\OneDrive - King's College London\\Msc study\\7MRI0070 - Navigation in Robotic\\Module\\Data\\Week_2_4_TestSet_Path_planning\\fakeBrainTest.nii.gz" "[0.05s]"
[ERROR][Python] 11.02.2024 21:20:12 [Python] (D:\Program\Slicer 5.6.1\bin\Python\slicer\util.py:3009) - Reload and Test failed.

name 'shNode' is not defined
[CRITICAL][Stream] 11.02.2024 21:20:15 [] (unknown:0) - Traceback (most recent call last):
[CRITICAL][Stream] 11.02.2024 21:20:15 [] (unknown:0) -   File "D:\Program\Slicer 5.6.1\bin\Python\slicer\ScriptedLoadableModule.py", line 265, in onReloadAndTest
[CRITICAL][Stream] 11.02.2024 21:20:15 [] (unknown:0) -     test(msec=int(slicer.app.userSettings().value("Developer/SelfTestDisplayMessageDelay")), **kwargs)
[CRITICAL][Stream] 11.02.2024 21:20:15 [] (unknown:0) -   File "D:\Program\Slicer 5.6.1\bin\Python\slicer\ScriptedLoadableModule.py", line 83, in runTest
[CRITICAL][Stream] 11.02.2024 21:20:15 [] (unknown:0) -     testCase.runTest(**kwargs)
[CRITICAL][Stream] 11.02.2024 21:20:15 [] (unknown:0) -   File "C:/Users/DANG THE HUNG/OneDrive - King's College London/Msc study/7MRI0070 - Navigation in Robotic/Module/My_extension/Pathway_planning/Pathway_planning.py", line 282, in runTest
[CRITICAL][Stream] 11.02.2024 21:20:15 [] (unknown:0) -     self.load_Data()
[CRITICAL][Stream] 11.02.2024 21:20:15 [] (unknown:0) -   File "C:/Users/DANG THE HUNG/OneDrive - King's College London/Msc study/7MRI0070 - Navigation in Robotic/Module/My_extension/Pathway_planning/Pathway_planning.py", line 293, in load_Data
[CRITICAL][Stream] 11.02.2024 21:20:15 [] (unknown:0) -     volItem = shNode.GetItemByDataNode(self.general_volume)
[CRITICAL][Stream] 11.02.2024 21:20:15 [] (unknown:0) - NameError: name 'shNode' is not defined
[INFO][Stream] 11.02.2024 21:20:23 [] (unknown:0) -
[INFO][Stream] 11.02.2024 21:20:23 [] (unknown:0) -
[INFO][Stream] 11.02.2024 21:20:23 [] (unknown:0) -
[INFO][Stream] 11.02.2024 21:20:23 [] (unknown:0) - ------------------------------
[INFO][Stream] 11.02.2024 21:20:23 [] (unknown:0) - Reloading module: Pathway_planning
[INFO][Stream] 11.02.2024 21:20:23 [] (unknown:0) - ------------------------------
[INFO][Stream] 11.02.2024 21:20:23 [] (unknown:0) -
[INFO][Stream] 11.02.2024 21:20:23 [] (unknown:0) -
[INFO][Stream] 11.02.2024 21:20:23 [] (unknown:0) -
[DEBUG][Qt] 11.02.2024 21:20:23 [] (unknown:0) - "Markups" Reader has successfully read the file "C:\\Users\\DANG THE HUNG\\OneDrive - King's College London\\Msc study\\7MRI0070 - Navigation in Robotic\\Module\\Data\\Week_2_4_TestSet_Path_planning\\entriesSubsample.fcsv" "[0.02s]"
[DEBUG][Qt] 11.02.2024 21:20:23 [] (unknown:0) - "Markups" Reader has successfully read the file "C:\\Users\\DANG THE HUNG\\OneDrive - King's College London\\Msc study\\7MRI0070 - Navigation in Robotic\\Module\\Data\\Week_2_4_TestSet_Path_planning\\targetsSubsample.fcsv" "[0.01s]"
[DEBUG][Qt] 11.02.2024 21:20:24 [] (unknown:0) - "Volume" Reader has successfully read the file "C:\\Users\\DANG THE HUNG\\OneDrive - King's College London\\Msc study\\7MRI0070 - Navigation in Robotic\\Module\\Data\\Week_2_4_TestSet_Path_planning\\r_cortexTest.nii.gz" "[0.02s]"
[DEBUG][Qt] 11.02.2024 21:20:24 [] (unknown:0) - "Volume" Reader has successfully read the file "C:\\Users\\DANG THE HUNG\\OneDrive - King's College London\\Msc study\\7MRI0070 - Navigation in Robotic\\Module\\Data\\Week_2_4_TestSet_Path_planning\\r_hippoTest.nii.gz" "[0.02s]"
[DEBUG][Qt] 11.02.2024 21:20:24 [] (unknown:0) - "Volume" Reader has successfully read the file "C:\\Users\\DANG THE HUNG\\OneDrive - King's College London\\Msc study\\7MRI0070 - Navigation in Robotic\\Module\\Data\\Week_2_4_TestSet_Path_planning\\ventriclesTest.nii.gz" "[0.02s]"
[DEBUG][Qt] 11.02.2024 21:20:24 [] (unknown:0) - "Volume" Reader has successfully read the file "C:\\Users\\DANG THE HUNG\\OneDrive - King's College London\\Msc study\\7MRI0070 - Navigation in Robotic\\Module\\Data\\Week_2_4_TestSet_Path_planning\\vesselsTestDilate1.nii.gz" "[0.02s]"
[DEBUG][Qt] 11.02.2024 21:20:24 [] (unknown:0) - "Volume" Reader has successfully read the file "C:\\Users\\DANG THE HUNG\\OneDrive - King's College London\\Msc study\\7MRI0070 - Navigation in Robotic\\Module\\Data\\Week_2_4_TestSet_Path_planning\\fakeBrainTest.nii.gz" "[0.04s]"
[ERROR][Python] 11.02.2024 21:20:24 [Python] (D:\Program\Slicer 5.6.1\bin\Python\slicer\util.py:3009) - Reload and Test failed.

name 'shNode' is not defined
[CRITICAL][Stream] 11.02.2024 21:20:34 [] (unknown:0) - Traceback (most recent call last):
[CRITICAL][Stream] 11.02.2024 21:20:34 [] (unknown:0) -   File "D:\Program\Slicer 5.6.1\bin\Python\slicer\ScriptedLoadableModule.py", line 265, in onReloadAndTest
[CRITICAL][Stream] 11.02.2024 21:20:34 [] (unknown:0) -     test(msec=int(slicer.app.userSettings().value("Developer/SelfTestDisplayMessageDelay")), **kwargs)
[CRITICAL][Stream] 11.02.2024 21:20:34 [] (unknown:0) -   File "D:\Program\Slicer 5.6.1\bin\Python\slicer\ScriptedLoadableModule.py", line 83, in runTest
[CRITICAL][Stream] 11.02.2024 21:20:34 [] (unknown:0) -     testCase.runTest(**kwargs)
[CRITICAL][Stream] 11.02.2024 21:20:34 [] (unknown:0) -   File "C:/Users/DANG THE HUNG/OneDrive - King's College London/Msc study/7MRI0070 - Navigation in Robotic/Module/My_extension/Pathway_planning/Pathway_planning.py", line 282, in runTest
[CRITICAL][Stream] 11.02.2024 21:20:34 [] (unknown:0) -     self.load_Data()
[CRITICAL][Stream] 11.02.2024 21:20:34 [] (unknown:0) -   File "C:/Users/DANG THE HUNG/OneDrive - King's College London/Msc study/7MRI0070 - Navigation in Robotic/Module/My_extension/Pathway_planning/Pathway_planning.py", line 293, in load_Data
[CRITICAL][Stream] 11.02.2024 21:20:34 [] (unknown:0) -     volItem = shNode.GetItemByDataNode(self.general_volume)
[CRITICAL][Stream] 11.02.2024 21:20:34 [] (unknown:0) - NameError: name 'shNode' is not defined
[INFO][Stream] 11.02.2024 21:20:54 [] (unknown:0) -
[INFO][Stream] 11.02.2024 21:20:54 [] (unknown:0) -
[INFO][Stream] 11.02.2024 21:20:54 [] (unknown:0) -
[INFO][Stream] 11.02.2024 21:20:54 [] (unknown:0) - ------------------------------
[INFO][Stream] 11.02.2024 21:20:54 [] (unknown:0) - Reloading module: Pathway_planning
[INFO][Stream] 11.02.2024 21:20:54 [] (unknown:0) - ------------------------------
[INFO][Stream] 11.02.2024 21:20:54 [] (unknown:0) -
[INFO][Stream] 11.02.2024 21:20:54 [] (unknown:0) -
[INFO][Stream] 11.02.2024 21:20:54 [] (unknown:0) -
[DEBUG][Qt] 11.02.2024 21:20:54 [] (unknown:0) - "Markups" Reader has successfully read the file "C:\\Users\\DANG THE HUNG\\OneDrive - King's College London\\Msc study\\7MRI0070 - Navigation in Robotic\\Module\\Data\\Week_2_4_TestSet_Path_planning\\entriesSubsample.fcsv" "[0.01s]"
[DEBUG][Qt] 11.02.2024 21:20:54 [] (unknown:0) - "Markups" Reader has successfully read the file "C:\\Users\\DANG THE HUNG\\OneDrive - King's College London\\Msc study\\7MRI0070 - Navigation in Robotic\\Module\\Data\\Week_2_4_TestSet_Path_planning\\targetsSubsample.fcsv" "[0.01s]"
[DEBUG][Qt] 11.02.2024 21:20:54 [] (unknown:0) - "Volume" Reader has successfully read the file "C:\\Users\\DANG THE HUNG\\OneDrive - King's College London\\Msc study\\7MRI0070 - Navigation in Robotic\\Module\\Data\\Week_2_4_TestSet_Path_planning\\r_cortexTest.nii.gz" "[0.03s]"
[DEBUG][Qt] 11.02.2024 21:20:54 [] (unknown:0) - "Volume" Reader has successfully read the file "C:\\Users\\DANG THE HUNG\\OneDrive - King's College London\\Msc study\\7MRI0070 - Navigation in Robotic\\Module\\Data\\Week_2_4_TestSet_Path_planning\\r_hippoTest.nii.gz" "[0.02s]"
[DEBUG][Qt] 11.02.2024 21:20:54 [] (unknown:0) - "Volume" Reader has successfully read the file "C:\\Users\\DANG THE HUNG\\OneDrive - King's College London\\Msc study\\7MRI0070 - Navigation in Robotic\\Module\\Data\\Week_2_4_TestSet_Path_planning\\ventriclesTest.nii.gz" "[0.02s]"
[DEBUG][Qt] 11.02.2024 21:20:54 [] (unknown:0) - "Volume" Reader has successfully read the file "C:\\Users\\DANG THE HUNG\\OneDrive - King's College London\\Msc study\\7MRI0070 - Navigation in Robotic\\Module\\Data\\Week_2_4_TestSet_Path_planning\\vesselsTestDilate1.nii.gz" "[0.02s]"
[DEBUG][Qt] 11.02.2024 21:20:54 [] (unknown:0) - "Volume" Reader has successfully read the file "C:\\Users\\DANG THE HUNG\\OneDrive - King's College London\\Msc study\\7MRI0070 - Navigation in Robotic\\Module\\Data\\Week_2_4_TestSet_Path_planning\\fakeBrainTest.nii.gz" "[0.04s]"
[DEBUG][Qt] 11.02.2024 21:20:59 [] (unknown:0) - Switch to module:  "Data"
[DEBUG][Qt] 11.02.2024 21:21:03 [] (unknown:0) - Switch to module:  "Pathway_planning"
[CRITICAL][Stream] 11.02.2024 21:21:03 [] (unknown:0) - D:\Program\Slicer 5.6.1\bin\Python\slicer\util.py:2786: UserWarning: does not have observer
[CRITICAL][Stream] 11.02.2024 21:21:03 [] (unknown:0) -   warn("does not have observer")
[INFO][Stream] 11.02.2024 21:21:05 [] (unknown:0) -
[INFO][Stream] 11.02.2024 21:21:05 [] (unknown:0) -
[INFO][Stream] 11.02.2024 21:21:05 [] (unknown:0) -
[INFO][Stream] 11.02.2024 21:21:05 [] (unknown:0) - ------------------------------
[INFO][Stream] 11.02.2024 21:21:05 [] (unknown:0) - Reloading module: Pathway_planning
[INFO][Stream] 11.02.2024 21:21:05 [] (unknown:0) - ------------------------------
[INFO][Stream] 11.02.2024 21:21:05 [] (unknown:0) -
[INFO][Stream] 11.02.2024 21:21:05 [] (unknown:0) -
[INFO][Stream] 11.02.2024 21:21:05 [] (unknown:0) -
[DEBUG][Qt] 11.02.2024 21:21:06 [] (unknown:0) - "Markups" Reader has successfully read the file "C:\\Users\\DANG THE HUNG\\OneDrive - King's College London\\Msc study\\7MRI0070 - Navigation in Robotic\\Module\\Data\\Week_2_4_TestSet_Path_planning\\entriesSubsample.fcsv" "[0.01s]"
[DEBUG][Qt] 11.02.2024 21:21:06 [] (unknown:0) - "Markups" Reader has successfully read the file "C:\\Users\\DANG THE HUNG\\OneDrive - King's College London\\Msc study\\7MRI0070 - Navigation in Robotic\\Module\\Data\\Week_2_4_TestSet_Path_planning\\targetsSubsample.fcsv" "[0.01s]"
[DEBUG][Qt] 11.02.2024 21:21:06 [] (unknown:0) - "Volume" Reader has successfully read the file "C:\\Users\\DANG THE HUNG\\OneDrive - King's College London\\Msc study\\7MRI0070 - Navigation in Robotic\\Module\\Data\\Week_2_4_TestSet_Path_planning\\r_cortexTest.nii.gz" "[0.02s]"
[DEBUG][Qt] 11.02.2024 21:21:06 [] (unknown:0) - "Volume" Reader has successfully read the file "C:\\Users\\DANG THE HUNG\\OneDrive - King's College London\\Msc study\\7MRI0070 - Navigation in Robotic\\Module\\Data\\Week_2_4_TestSet_Path_planning\\r_hippoTest.nii.gz" "[0.02s]"
[DEBUG][Qt] 11.02.2024 21:21:06 [] (unknown:0) - "Volume" Reader has successfully read the file "C:\\Users\\DANG THE HUNG\\OneDrive - King's College London\\Msc study\\7MRI0070 - Navigation in Robotic\\Module\\Data\\Week_2_4_TestSet_Path_planning\\ventriclesTest.nii.gz" "[0.02s]"
[DEBUG][Qt] 11.02.2024 21:21:06 [] (unknown:0) - "Volume" Reader has successfully read the file "C:\\Users\\DANG THE HUNG\\OneDrive - King's College London\\Msc study\\7MRI0070 - Navigation in Robotic\\Module\\Data\\Week_2_4_TestSet_Path_planning\\vesselsTestDilate1.nii.gz" "[0.02s]"
[DEBUG][Qt] 11.02.2024 21:21:06 [] (unknown:0) - "Volume" Reader has successfully read the file "C:\\Users\\DANG THE HUNG\\OneDrive - King's College London\\Msc study\\7MRI0070 - Navigation in Robotic\\Module\\Data\\Week_2_4_TestSet_Path_planning\\fakeBrainTest.nii.gz" "[0.04s]"
[DEBUG][Qt] 11.02.2024 21:21:10 [] (unknown:0) - Switch to module:  "Data"
[DEBUG][Qt] 11.02.2024 21:22:21 [] (unknown:0) - Switch to module:  "Pathway_planning"
[CRITICAL][Stream] 11.02.2024 21:22:21 [] (unknown:0) - D:\Program\Slicer 5.6.1\bin\Python\slicer\util.py:2786: UserWarning: does not have observer
[CRITICAL][Stream] 11.02.2024 21:22:21 [] (unknown:0) -   warn("does not have observer")
[INFO][Stream] 11.02.2024 21:22:23 [] (unknown:0) -
[INFO][Stream] 11.02.2024 21:22:23 [] (unknown:0) -
[INFO][Stream] 11.02.2024 21:22:23 [] (unknown:0) -
[INFO][Stream] 11.02.2024 21:22:23 [] (unknown:0) - ------------------------------
[INFO][Stream] 11.02.2024 21:22:23 [] (unknown:0) - Reloading module: Pathway_planning
[INFO][Stream] 11.02.2024 21:22:23 [] (unknown:0) - ------------------------------
[INFO][Stream] 11.02.2024 21:22:23 [] (unknown:0) -
[INFO][Stream] 11.02.2024 21:22:23 [] (unknown:0) -
[INFO][Stream] 11.02.2024 21:22:23 [] (unknown:0) -
[DEBUG][Qt] 11.02.2024 21:22:23 [] (unknown:0) - "Markups" Reader has successfully read the file "C:\\Users\\DANG THE HUNG\\OneDrive - King's College London\\Msc study\\7MRI0070 - Navigation in Robotic\\Module\\Data\\Week_2_4_TestSet_Path_planning\\entriesSubsample.fcsv" "[0.01s]"
[DEBUG][Qt] 11.02.2024 21:22:23 [] (unknown:0) - "Markups" Reader has successfully read the file "C:\\Users\\DANG THE HUNG\\OneDrive - King's College London\\Msc study\\7MRI0070 - Navigation in Robotic\\Module\\Data\\Week_2_4_TestSet_Path_planning\\targetsSubsample.fcsv" "[0.01s]"
[DEBUG][Qt] 11.02.2024 21:22:23 [] (unknown:0) - "Volume" Reader has successfully read the file "C:\\Users\\DANG THE HUNG\\OneDrive - King's College London\\Msc study\\7MRI0070 - Navigation in Robotic\\Module\\Data\\Week_2_4_TestSet_Path_planning\\r_cortexTest.nii.gz" "[0.02s]"
[DEBUG][Qt] 11.02.2024 21:22:23 [] (unknown:0) - "Volume" Reader has successfully read the file "C:\\Users\\DANG THE HUNG\\OneDrive - King's College London\\Msc study\\7MRI0070 - Navigation in Robotic\\Module\\Data\\Week_2_4_TestSet_Path_planning\\r_hippoTest.nii.gz" "[0.02s]"
[DEBUG][Qt] 11.02.2024 21:22:23 [] (unknown:0) - "Volume" Reader has successfully read the file "C:\\Users\\DANG THE HUNG\\OneDrive - King's College London\\Msc study\\7MRI0070 - Navigation in Robotic\\Module\\Data\\Week_2_4_TestSet_Path_planning\\ventriclesTest.nii.gz" "[0.02s]"
[DEBUG][Qt] 11.02.2024 21:22:23 [] (unknown:0) - "Volume" Reader has successfully read the file "C:\\Users\\DANG THE HUNG\\OneDrive - King's College London\\Msc study\\7MRI0070 - Navigation in Robotic\\Module\\Data\\Week_2_4_TestSet_Path_planning\\vesselsTestDilate1.nii.gz" "[0.02s]"
[DEBUG][Qt] 11.02.2024 21:22:23 [] (unknown:0) - "Volume" Reader has successfully read the file "C:\\Users\\DANG THE HUNG\\OneDrive - King's College London\\Msc study\\7MRI0070 - Navigation in Robotic\\Module\\Data\\Week_2_4_TestSet_Path_planning\\fakeBrainTest.nii.gz" "[0.04s]"
[DEBUG][Qt] 11.02.2024 21:22:25 [] (unknown:0) - Switch to module:  "Data"
[DEBUG][Qt] 11.02.2024 21:23:23 [] (unknown:0) - Python console user input: start_point.GetDisplayNode().SetVisibility(0)
[DEBUG][Qt] 11.02.2024 21:24:06 [] (unknown:0) - Switch to module:  "Pathway_planning"
[CRITICAL][Stream] 11.02.2024 21:24:06 [] (unknown:0) - D:\Program\Slicer 5.6.1\bin\Python\slicer\util.py:2786: UserWarning: does not have observer
[CRITICAL][Stream] 11.02.2024 21:24:06 [] (unknown:0) -   warn("does not have observer")
[INFO][Stream] 11.02.2024 21:24:07 [] (unknown:0) -
[INFO][Stream] 11.02.2024 21:24:07 [] (unknown:0) -
[INFO][Stream] 11.02.2024 21:24:07 [] (unknown:0) -
[INFO][Stream] 11.02.2024 21:24:07 [] (unknown:0) - ------------------------------
[INFO][Stream] 11.02.2024 21:24:07 [] (unknown:0) - Reloading module: Pathway_planning
[INFO][Stream] 11.02.2024 21:24:07 [] (unknown:0) - ------------------------------
[INFO][Stream] 11.02.2024 21:24:07 [] (unknown:0) -
[INFO][Stream] 11.02.2024 21:24:07 [] (unknown:0) -
[INFO][Stream] 11.02.2024 21:24:07 [] (unknown:0) -
[DEBUG][Qt] 11.02.2024 21:24:07 [] (unknown:0) - "Markups" Reader has successfully read the file "C:\\Users\\DANG THE HUNG\\OneDrive - King's College London\\Msc study\\7MRI0070 - Navigation in Robotic\\Module\\Data\\Week_2_4_TestSet_Path_planning\\entriesSubsample.fcsv" "[0.01s]"
[DEBUG][Qt] 11.02.2024 21:24:07 [] (unknown:0) - "Markups" Reader has successfully read the file "C:\\Users\\DANG THE HUNG\\OneDrive - King's College London\\Msc study\\7MRI0070 - Navigation in Robotic\\Module\\Data\\Week_2_4_TestSet_Path_planning\\targetsSubsample.fcsv" "[0.01s]"
[DEBUG][Qt] 11.02.2024 21:24:07 [] (unknown:0) - "Volume" Reader has successfully read the file "C:\\Users\\DANG THE HUNG\\OneDrive - King's College London\\Msc study\\7MRI0070 - Navigation in Robotic\\Module\\Data\\Week_2_4_TestSet_Path_planning\\r_cortexTest.nii.gz" "[0.02s]"
[DEBUG][Qt] 11.02.2024 21:24:07 [] (unknown:0) - "Volume" Reader has successfully read the file "C:\\Users\\DANG THE HUNG\\OneDrive - King's College London\\Msc study\\7MRI0070 - Navigation in Robotic\\Module\\Data\\Week_2_4_TestSet_Path_planning\\r_hippoTest.nii.gz" "[0.02s]"
[DEBUG][Qt] 11.02.2024 21:24:07 [] (unknown:0) - "Volume" Reader has successfully read the file "C:\\Users\\DANG THE HUNG\\OneDrive - King's College London\\Msc study\\7MRI0070 - Navigation in Robotic\\Module\\Data\\Week_2_4_TestSet_Path_planning\\ventriclesTest.nii.gz" "[0.02s]"
[DEBUG][Qt] 11.02.2024 21:24:07 [] (unknown:0) - "Volume" Reader has successfully read the file "C:\\Users\\DANG THE HUNG\\OneDrive - King's College London\\Msc study\\7MRI0070 - Navigation in Robotic\\Module\\Data\\Week_2_4_TestSet_Path_planning\\vesselsTestDilate1.nii.gz" "[0.02s]"
[DEBUG][Qt] 11.02.2024 21:24:08 [] (unknown:0) - "Volume" Reader has successfully read the file "C:\\Users\\DANG THE HUNG\\OneDrive - King's College London\\Msc study\\7MRI0070 - Navigation in Robotic\\Module\\Data\\Week_2_4_TestSet_Path_planning\\fakeBrainTest.nii.gz" "[0.04s]"
[DEBUG][Qt] 11.02.2024 21:24:12 [] (unknown:0) - Switch to module:  "Data"
[DEBUG][Qt] 11.02.2024 21:24:41 [] (unknown:0) - Switch to module:  "Pathway_planning"
[INFO][Stream] 11.02.2024 21:24:42 [] (unknown:0) -
[INFO][Stream] 11.02.2024 21:24:42 [] (unknown:0) -
[INFO][Stream] 11.02.2024 21:24:42 [] (unknown:0) -
[INFO][Stream] 11.02.2024 21:24:42 [] (unknown:0) - ------------------------------
[INFO][Stream] 11.02.2024 21:24:42 [] (unknown:0) - Reloading module: Pathway_planning
[INFO][Stream] 11.02.2024 21:24:42 [] (unknown:0) - ------------------------------
[INFO][Stream] 11.02.2024 21:24:42 [] (unknown:0) -
[INFO][Stream] 11.02.2024 21:24:42 [] (unknown:0) -
[INFO][Stream] 11.02.2024 21:24:42 [] (unknown:0) -
[DEBUG][Qt] 11.02.2024 21:24:42 [] (unknown:0) - "Markups" Reader has successfully read the file "C:\\Users\\DANG THE HUNG\\OneDrive - King's College London\\Msc study\\7MRI0070 - Navigation in Robotic\\Module\\Data\\Week_2_4_TestSet_Path_planning\\entriesSubsample.fcsv" "[0.01s]"
[DEBUG][Qt] 11.02.2024 21:24:42 [] (unknown:0) - "Markups" Reader has successfully read the file "C:\\Users\\DANG THE HUNG\\OneDrive - King's College London\\Msc study\\7MRI0070 - Navigation in Robotic\\Module\\Data\\Week_2_4_TestSet_Path_planning\\targetsSubsample.fcsv" "[0.01s]"
[DEBUG][Qt] 11.02.2024 21:24:42 [] (unknown:0) - "Volume" Reader has successfully read the file "C:\\Users\\DANG THE HUNG\\OneDrive - King's College London\\Msc study\\7MRI0070 - Navigation in Robotic\\Module\\Data\\Week_2_4_TestSet_Path_planning\\r_cortexTest.nii.gz" "[0.03s]"
[DEBUG][Qt] 11.02.2024 21:24:42 [] (unknown:0) - "Volume" Reader has successfully read the file "C:\\Users\\DANG THE HUNG\\OneDrive - King's College London\\Msc study\\7MRI0070 - Navigation in Robotic\\Module\\Data\\Week_2_4_TestSet_Path_planning\\r_hippoTest.nii.gz" "[0.02s]"
[DEBUG][Qt] 11.02.2024 21:24:42 [] (unknown:0) - "Volume" Reader has successfully read the file "C:\\Users\\DANG THE HUNG\\OneDrive - King's College London\\Msc study\\7MRI0070 - Navigation in Robotic\\Module\\Data\\Week_2_4_TestSet_Path_planning\\ventriclesTest.nii.gz" "[0.02s]"
[DEBUG][Qt] 11.02.2024 21:24:42 [] (unknown:0) - "Volume" Reader has successfully read the file "C:\\Users\\DANG THE HUNG\\OneDrive - King's College London\\Msc study\\7MRI0070 - Navigation in Robotic\\Module\\Data\\Week_2_4_TestSet_Path_planning\\vesselsTestDilate1.nii.gz" "[0.02s]"
[DEBUG][Qt] 11.02.2024 21:24:42 [] (unknown:0) - "Volume" Reader has successfully read the file "C:\\Users\\DANG THE HUNG\\OneDrive - King's College London\\Msc study\\7MRI0070 - Navigation in Robotic\\Module\\Data\\Week_2_4_TestSet_Path_planning\\fakeBrainTest.nii.gz" "[0.04s]"
[INFO][Python] 11.02.2024 21:24:42 [Python] (D:\Program\Slicer 5.6.1\bin\Python\slicer\util.py:2877) - Test passed
[INFO][Stream] 11.02.2024 21:44:09 [] (unknown:0) -
[INFO][Stream] 11.02.2024 21:44:09 [] (unknown:0) -
[INFO][Stream] 11.02.2024 21:44:09 [] (unknown:0) -
[INFO][Stream] 11.02.2024 21:44:09 [] (unknown:0) - ------------------------------
[INFO][Stream] 11.02.2024 21:44:09 [] (unknown:0) - Reloading module: Pathway_planning
[INFO][Stream] 11.02.2024 21:44:09 [] (unknown:0) - ------------------------------
[INFO][Stream] 11.02.2024 21:44:09 [] (unknown:0) -
[INFO][Stream] 11.02.2024 21:44:09 [] (unknown:0) -
[INFO][Stream] 11.02.2024 21:44:09 [] (unknown:0) -
[DEBUG][Qt] 11.02.2024 21:44:09 [] (unknown:0) - "Markups" Reader has successfully read the file "C:\\Users\\DANG THE HUNG\\OneDrive - King's College London\\Msc study\\7MRI0070 - Navigation in Robotic\\Module\\Data\\Week_2_4_TestSet_Path_planning\\entriesSubsample.fcsv" "[0.01s]"
[DEBUG][Qt] 11.02.2024 21:44:09 [] (unknown:0) - "Markups" Reader has successfully read the file "C:\\Users\\DANG THE HUNG\\OneDrive - King's College London\\Msc study\\7MRI0070 - Navigation in Robotic\\Module\\Data\\Week_2_4_TestSet_Path_planning\\targetsSubsample.fcsv" "[0.01s]"
[DEBUG][Qt] 11.02.2024 21:44:09 [] (unknown:0) - "Volume" Reader has successfully read the file "C:\\Users\\DANG THE HUNG\\OneDrive - King's College London\\Msc study\\7MRI0070 - Navigation in Robotic\\Module\\Data\\Week_2_4_TestSet_Path_planning\\r_cortexTest.nii.gz" "[0.02s]"
[DEBUG][Qt] 11.02.2024 21:44:09 [] (unknown:0) - "Volume" Reader has successfully read the file "C:\\Users\\DANG THE HUNG\\OneDrive - King's College London\\Msc study\\7MRI0070 - Navigation in Robotic\\Module\\Data\\Week_2_4_TestSet_Path_planning\\r_hippoTest.nii.gz" "[0.02s]"
[DEBUG][Qt] 11.02.2024 21:44:09 [] (unknown:0) - "Volume" Reader has successfully read the file "C:\\Users\\DANG THE HUNG\\OneDrive - King's College London\\Msc study\\7MRI0070 - Navigation in Robotic\\Module\\Data\\Week_2_4_TestSet_Path_planning\\ventriclesTest.nii.gz" "[0.02s]"
[DEBUG][Qt] 11.02.2024 21:44:09 [] (unknown:0) - "Volume" Reader has successfully read the file "C:\\Users\\DANG THE HUNG\\OneDrive - King's College London\\Msc study\\7MRI0070 - Navigation in Robotic\\Module\\Data\\Week_2_4_TestSet_Path_planning\\vesselsTestDilate1.nii.gz" "[0.02s]"
[DEBUG][Qt] 11.02.2024 21:44:09 [] (unknown:0) - "Volume" Reader has successfully read the file "C:\\Users\\DANG THE HUNG\\OneDrive - King's College London\\Msc study\\7MRI0070 - Navigation in Robotic\\Module\\Data\\Week_2_4_TestSet_Path_planning\\fakeBrainTest.nii.gz" "[0.04s]"
[INFO][Python] 11.02.2024 21:44:09 [Python] (D:\Program\Slicer 5.6.1\bin\Python\slicer\util.py:2877) - Starting the test
[INFO][Python] 11.02.2024 21:44:10 [Python] (D:\Program\Slicer 5.6.1\bin\Python\slicer\util.py:2877) - Test passed
[INFO][Stream] 11.02.2024 21:44:12 [] (unknown:0) -
[INFO][Stream] 11.02.2024 21:44:12 [] (unknown:0) -
[INFO][Stream] 11.02.2024 21:44:12 [] (unknown:0) -
[INFO][Stream] 11.02.2024 21:44:12 [] (unknown:0) - ------------------------------
[INFO][Stream] 11.02.2024 21:44:12 [] (unknown:0) - Reloading module: Pathway_planning
[INFO][Stream] 11.02.2024 21:44:12 [] (unknown:0) - ------------------------------
[INFO][Stream] 11.02.2024 21:44:12 [] (unknown:0) -
[INFO][Stream] 11.02.2024 21:44:12 [] (unknown:0) -
[INFO][Stream] 11.02.2024 21:44:12 [] (unknown:0) -
[DEBUG][Qt] 11.02.2024 21:44:14 [] (unknown:0) - Switch to module:  ""
