[DEBUG][Qt] 21.03.2024 14:38:40 [] (unknown:0) - Session start time .......: 20240321_143840
[DEBUG][Qt] 21.03.2024 14:38:40 [] (unknown:0) - Slicer version ...........: 5.6.1 (revision 32438 / 117ce5f) win-amd64 - installed release
[DEBUG][Qt] 21.03.2024 14:38:40 [] (unknown:0) - Operating system .........: Windows /  Personal / (Build 22621, Code Page 65001) - 64-bit
[DEBUG][Qt] 21.03.2024 14:38:40 [] (unknown:0) - Memory ...................: 7834 MB physical, 12186 MB virtual
[DEBUG][Qt] 21.03.2024 14:38:40 [] (unknown:0) - CPU ......................: GenuineIntel , 8 cores, 8 logical processors
[DEBUG][Qt] 21.03.2024 14:38:40 [] (unknown:0) - VTK configuration ........: OpenGL2 rendering, TBB threading
[DEBUG][Qt] 21.03.2024 14:38:40 [] (unknown:0) - Qt configuration .........: version 5.15.2, with SSL, requested OpenGL 3.2 (compatibility profile)
[DEBUG][Qt] 21.03.2024 14:38:40 [] (unknown:0) - Internationalization .....: disabled, language=
[DEBUG][Qt] 21.03.2024 14:38:40 [] (unknown:0) - Developer mode ...........: enabled
[DEBUG][Qt] 21.03.2024 14:38:40 [] (unknown:0) - Application path .........: D:/Program/Slicer 5.6.1/bin
[DEBUG][Qt] 21.03.2024 14:38:40 [] (unknown:0) - Additional module paths ..: C:/Users/DANG THE HUNG/OneDrive - King's College London/Msc study/7MRI0070 - Navigation in Robotic/Module\My_extension\ImageThreshold, slicer.org/Extensions-32438/DebuggingTools/lib/Slicer-5.6/qt-scripted-modules, C:/Users/DANG THE HUNG/OneDrive - King's College London/Msc study/7MRI0070 - Navigation in Robotic/Module/My_extension\Print_hello_world, C:/Users/DANG THE HUNG/OneDrive - King's College London/Msc study/7MRI0070 - Navigation in Robotic/Module/My_extension\Guided_examples, C:/Users/DANG THE HUNG/OneDrive - King's College London/Msc study/7MRI0070 - Navigation in Robotic/Module/My_extension\Segmentation_k_mean, C:/Users/DANG THE HUNG/OneDrive - King's College London/Msc study/7MRI0070 - Navigation in Robotic/Module/My_extension\My_function, C:/Users/DANG THE HUNG/OneDrive - King's College London/Msc study/7MRI0070 - Navigation in Robotic/Module/My_extension\Pathway_planning
[DEBUG][Python] 21.03.2024 14:38:55 [Python] (D:\Program\Slicer 5.6.1\lib\Slicer-5.6\qt-scripted-modules\SubjectHierarchyPlugins\AbstractScriptedSubjectHierarchyPlugin.py:39) - Scripted subject hierarchy plugin registered: SegmentEditor
[DEBUG][Python] 21.03.2024 14:38:55 [Python] (D:\Program\Slicer 5.6.1\lib\Slicer-5.6\qt-scripted-modules\SubjectHierarchyPlugins\AbstractScriptedSubjectHierarchyPlugin.py:39) - Scripted subject hierarchy plugin registered: SegmentStatistics
[DEBUG][Qt] 21.03.2024 14:38:55 [] (unknown:0) - Switch to module:  "Welcome"
[DEBUG][Qt] 21.03.2024 14:39:03 [] (unknown:0) - Switch to module:  "Pathway_planning"
[DEBUG][Qt] 21.03.2024 14:39:24 [] (unknown:0) - Python console user input: shNode = slicer.mrmlScene.GetSubjectHierarchyNode()
[DEBUG][Qt] 21.03.2024 14:39:34 [] (unknown:0) - Python console user input: shNode.GetSceneItemID()
[INFO][Stream] 21.03.2024 14:39:34 [] (unknown:0) - 3
[DEBUG][Qt] 21.03.2024 14:39:36 [] (unknown:0) - Switch to module:  "Data"
[DEBUG][Qt] 21.03.2024 14:40:03 [] (unknown:0) - Python console user input: shNode.CreateFolderItem(shNode.GetSceneItemID(), "Hung)
[CRITICAL][Stream] 21.03.2024 14:40:03 [] (unknown:0) -   File "<console>", line 1
[CRITICAL][Stream] 21.03.2024 14:40:03 [] (unknown:0) -     shNode.CreateFolderItem(shNode.GetSceneItemID(), "Hung)
[CRITICAL][Stream] 21.03.2024 14:40:03 [] (unknown:0) -                                                            ^
[CRITICAL][Stream] 21.03.2024 14:40:03 [] (unknown:0) - SyntaxError: EOL while scanning string literal
[DEBUG][Qt] 21.03.2024 14:40:05 [] (unknown:0) - Python console user input: shNode.CreateFolderItem(shNode.GetSceneItemID(), "Hung")
[INFO][Stream] 21.03.2024 14:40:05 [] (unknown:0) - 7
[DEBUG][Qt] 21.03.2024 14:40:15 [] (unknown:0) - Switch to module:  "Pathway_planning"
[CRITICAL][Stream] 21.03.2024 14:40:15 [] (unknown:0) - D:\Program\Slicer 5.6.1\bin\Python\slicer\util.py:2786: UserWarning: does not have observer
[CRITICAL][Stream] 21.03.2024 14:40:15 [] (unknown:0) -   warn("does not have observer")
[INFO][Stream] 21.03.2024 14:40:16 [] (unknown:0) -
[INFO][Stream] 21.03.2024 14:40:16 [] (unknown:0) -
[INFO][Stream] 21.03.2024 14:40:16 [] (unknown:0) -
[INFO][Stream] 21.03.2024 14:40:16 [] (unknown:0) - ------------------------------
[INFO][Stream] 21.03.2024 14:40:16 [] (unknown:0) - Reloading module: Pathway_planning
[INFO][Stream] 21.03.2024 14:40:16 [] (unknown:0) - ------------------------------
[INFO][Stream] 21.03.2024 14:40:16 [] (unknown:0) -
[INFO][Stream] 21.03.2024 14:40:16 [] (unknown:0) -
[INFO][Stream] 21.03.2024 14:40:16 [] (unknown:0) -
[DEBUG][Qt] 21.03.2024 14:40:18 [] (unknown:0) - Switch to module:  "Data"
[DEBUG][Qt] 21.03.2024 14:40:48 [] (unknown:0) - Python console user input: shNode.GetItemParent(7)
[INFO][Stream] 21.03.2024 14:40:48 [] (unknown:0) - 3
[DEBUG][Qt] 21.03.2024 14:40:50 [] (unknown:0) - Python console user input: shNode.GetItemParent(7)
[INFO][Stream] 21.03.2024 14:40:50 [] (unknown:0) - 3
[DEBUG][Qt] 21.03.2024 14:41:09 [] (unknown:0) - Python console user input: shNode.RemoveAllItems()
[DEBUG][Qt] 21.03.2024 14:41:12 [] (unknown:0) - Python console user input: shNode.RemoveAllItems()
[DEBUG][Qt] 21.03.2024 14:41:13 [] (unknown:0) - Python console user input: shNode.RemoveAllItems(1)
[DEBUG][Qt] 21.03.2024 14:41:24 [] (unknown:0) - Python console user input: shNode.RemoveAllItems()
[DEBUG][Qt] 21.03.2024 14:41:44 [] (unknown:0) - Python console user input: shNode.GetItemParent(7)
[ERROR][VTK] 21.03.2024 14:41:44 [vtkMRMLSubjectHierarchyNode (000001A5B6D67D60)] (vtkMRMLSubjectHierarchyNode.cxx:2829) - GetItemParent: Failed to find subject hierarchy item by ID 7
[INFO][Stream] 21.03.2024 14:41:44 [] (unknown:0) - 0
[DEBUG][Qt] 21.03.2024 14:41:50 [] (unknown:0) - Python console user input: shNode.GetSceneItemID()
[INFO][Stream] 21.03.2024 14:41:50 [] (unknown:0) - 3
[DEBUG][Qt] 21.03.2024 14:42:27 [] (unknown:0) - Switch to module:  "Pathway_planning"
[CRITICAL][Stream] 21.03.2024 14:42:27 [] (unknown:0) - D:\Program\Slicer 5.6.1\bin\Python\slicer\util.py:2786: UserWarning: does not have observer
[CRITICAL][Stream] 21.03.2024 14:42:27 [] (unknown:0) -   warn("does not have observer")
[INFO][Stream] 21.03.2024 14:42:28 [] (unknown:0) -
[INFO][Stream] 21.03.2024 14:42:28 [] (unknown:0) -
[INFO][Stream] 21.03.2024 14:42:28 [] (unknown:0) -
[INFO][Stream] 21.03.2024 14:42:28 [] (unknown:0) - ------------------------------
[INFO][Stream] 21.03.2024 14:42:28 [] (unknown:0) - Reloading module: Pathway_planning
[INFO][Stream] 21.03.2024 14:42:28 [] (unknown:0) - ------------------------------
[INFO][Stream] 21.03.2024 14:42:28 [] (unknown:0) -
[INFO][Stream] 21.03.2024 14:42:28 [] (unknown:0) -
[INFO][Stream] 21.03.2024 14:42:28 [] (unknown:0) -
[DEBUG][Qt] 21.03.2024 14:42:31 [] (unknown:0) - Switch to module:  "Data"
[DEBUG][Qt] 21.03.2024 14:43:13 [] (unknown:0) - Switch to module:  "Pathway_planning"
[INFO][Stream] 21.03.2024 14:43:14 [] (unknown:0) -
[INFO][Stream] 21.03.2024 14:43:14 [] (unknown:0) -
[INFO][Stream] 21.03.2024 14:43:14 [] (unknown:0) -
[INFO][Stream] 21.03.2024 14:43:14 [] (unknown:0) - ------------------------------
[INFO][Stream] 21.03.2024 14:43:14 [] (unknown:0) - Reloading module: Pathway_planning
[INFO][Stream] 21.03.2024 14:43:14 [] (unknown:0) - ------------------------------
[INFO][Stream] 21.03.2024 14:43:14 [] (unknown:0) -
[INFO][Stream] 21.03.2024 14:43:14 [] (unknown:0) -
[INFO][Stream] 21.03.2024 14:43:14 [] (unknown:0) -
[ERROR][VTK] 21.03.2024 14:43:14 [vtkMRMLSubjectHierarchyNode (000001A5C891E4A0)] (vtkMRMLSubjectHierarchyNode.cxx:2983) - vtkSubjectHierarchyItem::DataNodeCache inconsistency found
[DEBUG][Qt] 21.03.2024 14:43:18 [] (unknown:0) - Switch to module:  "Data"
[DEBUG][Qt] 21.03.2024 14:43:44 [] (unknown:0) - Switch to module:  "Pathway_planning"
[INFO][Stream] 21.03.2024 14:43:45 [] (unknown:0) -
[INFO][Stream] 21.03.2024 14:43:45 [] (unknown:0) -
[INFO][Stream] 21.03.2024 14:43:45 [] (unknown:0) -
[INFO][Stream] 21.03.2024 14:43:45 [] (unknown:0) - ------------------------------
[INFO][Stream] 21.03.2024 14:43:45 [] (unknown:0) - Reloading module: Pathway_planning
[INFO][Stream] 21.03.2024 14:43:45 [] (unknown:0) - ------------------------------
[INFO][Stream] 21.03.2024 14:43:45 [] (unknown:0) -
[INFO][Stream] 21.03.2024 14:43:45 [] (unknown:0) -
[INFO][Stream] 21.03.2024 14:43:45 [] (unknown:0) -
[ERROR][VTK] 21.03.2024 14:43:45 [vtkMRMLSubjectHierarchyNode (000001A5C8924F80)] (vtkMRMLSubjectHierarchyNode.cxx:2983) - vtkSubjectHierarchyItem::DataNodeCache inconsistency found
[DEBUG][Qt] 21.03.2024 14:43:46 [] (unknown:0) - Switch to module:  "Data"
[DEBUG][Qt] 21.03.2024 14:45:08 [] (unknown:0) - Switch to module:  "Pathway_planning"
[INFO][Stream] 21.03.2024 14:45:09 [] (unknown:0) -
[INFO][Stream] 21.03.2024 14:45:09 [] (unknown:0) -
[INFO][Stream] 21.03.2024 14:45:09 [] (unknown:0) -
[INFO][Stream] 21.03.2024 14:45:09 [] (unknown:0) - ------------------------------
[INFO][Stream] 21.03.2024 14:45:09 [] (unknown:0) - Reloading module: Pathway_planning
[INFO][Stream] 21.03.2024 14:45:09 [] (unknown:0) - ------------------------------
[INFO][Stream] 21.03.2024 14:45:09 [] (unknown:0) -
[INFO][Stream] 21.03.2024 14:45:09 [] (unknown:0) -
[INFO][Stream] 21.03.2024 14:45:09 [] (unknown:0) -
[ERROR][VTK] 21.03.2024 14:45:09 [vtkMRMLSubjectHierarchyNode (000001A5C8921ED0)] (vtkMRMLSubjectHierarchyNode.cxx:2983) - vtkSubjectHierarchyItem::DataNodeCache inconsistency found
[DEBUG][Qt] 21.03.2024 14:45:12 [] (unknown:0) - Switch to module:  "Data"
[DEBUG][Qt] 21.03.2024 14:45:19 [] (unknown:0) - Switch to module:  "Pathway_planning"
[INFO][Stream] 21.03.2024 14:45:20 [] (unknown:0) -
[INFO][Stream] 21.03.2024 14:45:20 [] (unknown:0) -
[INFO][Stream] 21.03.2024 14:45:20 [] (unknown:0) -
[INFO][Stream] 21.03.2024 14:45:20 [] (unknown:0) - ------------------------------
[INFO][Stream] 21.03.2024 14:45:20 [] (unknown:0) - Reloading module: Pathway_planning
[INFO][Stream] 21.03.2024 14:45:20 [] (unknown:0) - ------------------------------
[INFO][Stream] 21.03.2024 14:45:20 [] (unknown:0) -
[INFO][Stream] 21.03.2024 14:45:20 [] (unknown:0) -
[INFO][Stream] 21.03.2024 14:45:20 [] (unknown:0) -
[DEBUG][Qt] 21.03.2024 14:45:21 [] (unknown:0) - Switch to module:  "Welcome"
[DEBUG][Qt] 21.03.2024 14:45:24 [] (unknown:0) - Switch to module:  "Pathway_planning"
[INFO][Stream] 21.03.2024 14:45:26 [] (unknown:0) -
[INFO][Stream] 21.03.2024 14:45:26 [] (unknown:0) -
[INFO][Stream] 21.03.2024 14:45:26 [] (unknown:0) -
[INFO][Stream] 21.03.2024 14:45:26 [] (unknown:0) - ------------------------------
[INFO][Stream] 21.03.2024 14:45:26 [] (unknown:0) - Reloading module: Pathway_planning
[INFO][Stream] 21.03.2024 14:45:26 [] (unknown:0) - ------------------------------
[INFO][Stream] 21.03.2024 14:45:26 [] (unknown:0) -
[INFO][Stream] 21.03.2024 14:45:26 [] (unknown:0) -
[INFO][Stream] 21.03.2024 14:45:26 [] (unknown:0) -
[ERROR][VTK] 21.03.2024 14:45:26 [vtkMRMLSubjectHierarchyNode (000001A5C8912440)] (vtkMRMLSubjectHierarchyNode.cxx:2983) - vtkSubjectHierarchyItem::DataNodeCache inconsistency found
[ERROR][VTK] 21.03.2024 14:45:26 [vtkMRMLSubjectHierarchyNode (000001A5C8912440)] (vtkMRMLSubjectHierarchyNode.cxx:2983) - vtkSubjectHierarchyItem::DataNodeCache inconsistency found
[DEBUG][Qt] 21.03.2024 14:45:29 [] (unknown:0) - Switch to module:  "Data"
[DEBUG][Qt] 21.03.2024 14:47:52 [] (unknown:0) - Switch to module:  "Pathway_planning"
[INFO][Stream] 21.03.2024 14:47:52 [] (unknown:0) -
[INFO][Stream] 21.03.2024 14:47:52 [] (unknown:0) -
[INFO][Stream] 21.03.2024 14:47:52 [] (unknown:0) -
[INFO][Stream] 21.03.2024 14:47:52 [] (unknown:0) - ------------------------------
[INFO][Stream] 21.03.2024 14:47:52 [] (unknown:0) - Reloading module: Pathway_planning
[INFO][Stream] 21.03.2024 14:47:52 [] (unknown:0) - ------------------------------
[INFO][Stream] 21.03.2024 14:47:52 [] (unknown:0) -
[INFO][Stream] 21.03.2024 14:47:52 [] (unknown:0) -
[INFO][Stream] 21.03.2024 14:47:52 [] (unknown:0) -
[ERROR][VTK] 21.03.2024 14:47:53 [vtkMRMLSubjectHierarchyNode (000001A5D3729C80)] (vtkMRMLSubjectHierarchyNode.cxx:2983) - vtkSubjectHierarchyItem::DataNodeCache inconsistency found
[ERROR][VTK] 21.03.2024 14:47:53 [vtkMRMLSubjectHierarchyNode (000001A5D3729C80)] (vtkMRMLSubjectHierarchyNode.cxx:2983) - vtkSubjectHierarchyItem::DataNodeCache inconsistency found
[DEBUG][Qt] 21.03.2024 14:47:55 [] (unknown:0) - Switch to module:  "Data"
[DEBUG][Qt] 21.03.2024 14:49:37 [] (unknown:0) - Switch to module:  "Pathway_planning"
[INFO][Stream] 21.03.2024 14:49:38 [] (unknown:0) -
[INFO][Stream] 21.03.2024 14:49:38 [] (unknown:0) -
[INFO][Stream] 21.03.2024 14:49:38 [] (unknown:0) -
[INFO][Stream] 21.03.2024 14:49:38 [] (unknown:0) - ------------------------------
[INFO][Stream] 21.03.2024 14:49:38 [] (unknown:0) - Reloading module: Pathway_planning
[INFO][Stream] 21.03.2024 14:49:38 [] (unknown:0) - ------------------------------
[INFO][Stream] 21.03.2024 14:49:38 [] (unknown:0) -
[INFO][Stream] 21.03.2024 14:49:38 [] (unknown:0) -
[INFO][Stream] 21.03.2024 14:49:38 [] (unknown:0) -
[ERROR][VTK] 21.03.2024 14:49:38 [vtkMRMLSubjectHierarchyNode (000001A5D372CD30)] (vtkMRMLSubjectHierarchyNode.cxx:2983) - vtkSubjectHierarchyItem::DataNodeCache inconsistency found
[DEBUG][Qt] 21.03.2024 14:49:39 [] (unknown:0) - Switch to module:  "Data"
[DEBUG][Qt] 21.03.2024 14:50:49 [] (unknown:0) - Switch to module:  "Pathway_planning"
[INFO][Stream] 21.03.2024 14:50:50 [] (unknown:0) -
[INFO][Stream] 21.03.2024 14:50:50 [] (unknown:0) -
[INFO][Stream] 21.03.2024 14:50:50 [] (unknown:0) -
[INFO][Stream] 21.03.2024 14:50:50 [] (unknown:0) - ------------------------------
[INFO][Stream] 21.03.2024 14:50:50 [] (unknown:0) - Reloading module: Pathway_planning
[INFO][Stream] 21.03.2024 14:50:50 [] (unknown:0) - ------------------------------
[INFO][Stream] 21.03.2024 14:50:50 [] (unknown:0) -
[INFO][Stream] 21.03.2024 14:50:50 [] (unknown:0) -
[INFO][Stream] 21.03.2024 14:50:50 [] (unknown:0) -
[ERROR][VTK] 21.03.2024 14:50:50 [vtkMRMLSubjectHierarchyNode (000001A5D3731340)] (vtkMRMLSubjectHierarchyNode.cxx:2983) - vtkSubjectHierarchyItem::DataNodeCache inconsistency found
[DEBUG][Qt] 21.03.2024 14:50:51 [] (unknown:0) - Switch to module:  "Data"
[DEBUG][Qt] 21.03.2024 14:53:41 [] (unknown:0) - Switch to module:  "Pathway_planning"
[INFO][Stream] 21.03.2024 14:53:42 [] (unknown:0) -
[INFO][Stream] 21.03.2024 14:53:42 [] (unknown:0) -
[INFO][Stream] 21.03.2024 14:53:42 [] (unknown:0) -
[INFO][Stream] 21.03.2024 14:53:42 [] (unknown:0) - ------------------------------
[INFO][Stream] 21.03.2024 14:53:42 [] (unknown:0) - Reloading module: Pathway_planning
[INFO][Stream] 21.03.2024 14:53:42 [] (unknown:0) - ------------------------------
[INFO][Stream] 21.03.2024 14:53:42 [] (unknown:0) -
[INFO][Stream] 21.03.2024 14:53:42 [] (unknown:0) -
[INFO][Stream] 21.03.2024 14:53:42 [] (unknown:0) -
[ERROR][VTK] 21.03.2024 14:53:42 [vtkMRMLSubjectHierarchyNode (000001A5D3734B10)] (vtkMRMLSubjectHierarchyNode.cxx:2983) - vtkSubjectHierarchyItem::DataNodeCache inconsistency found
[DEBUG][Qt] 21.03.2024 14:53:49 [] (unknown:0) - Switch to module:  "Data"
[DEBUG][Qt] 21.03.2024 14:55:27 [] (unknown:0) - Switch to module:  "Pathway_planning"
[INFO][Stream] 21.03.2024 14:55:28 [] (unknown:0) -
[INFO][Stream] 21.03.2024 14:55:28 [] (unknown:0) -
[INFO][Stream] 21.03.2024 14:55:28 [] (unknown:0) -
[INFO][Stream] 21.03.2024 14:55:28 [] (unknown:0) - ------------------------------
[INFO][Stream] 21.03.2024 14:55:28 [] (unknown:0) - Reloading module: Pathway_planning
[INFO][Stream] 21.03.2024 14:55:28 [] (unknown:0) - ------------------------------
[INFO][Stream] 21.03.2024 14:55:28 [] (unknown:0) -
[INFO][Stream] 21.03.2024 14:55:28 [] (unknown:0) -
[INFO][Stream] 21.03.2024 14:55:28 [] (unknown:0) -
[DEBUG][Qt] 21.03.2024 14:55:31 [] (unknown:0) - Switch to module:  "Data"
[DEBUG][Qt] 21.03.2024 14:58:46 [] (unknown:0) - Switch to module:  "Pathway_planning"
[INFO][Stream] 21.03.2024 14:58:47 [] (unknown:0) -
[INFO][Stream] 21.03.2024 14:58:47 [] (unknown:0) -
[INFO][Stream] 21.03.2024 14:58:47 [] (unknown:0) -
[INFO][Stream] 21.03.2024 14:58:47 [] (unknown:0) - ------------------------------
[INFO][Stream] 21.03.2024 14:58:47 [] (unknown:0) - Reloading module: Pathway_planning
[INFO][Stream] 21.03.2024 14:58:47 [] (unknown:0) - ------------------------------
[INFO][Stream] 21.03.2024 14:58:47 [] (unknown:0) -
[INFO][Stream] 21.03.2024 14:58:47 [] (unknown:0) -
[INFO][Stream] 21.03.2024 14:58:47 [] (unknown:0) -
[ERROR][VTK] 21.03.2024 14:58:47 [vtkMRMLSubjectHierarchyNode (000001A5D3742590)] (vtkMRMLSubjectHierarchyNode.cxx:2983) - vtkSubjectHierarchyItem::DataNodeCache inconsistency found
[ERROR][VTK] 21.03.2024 14:58:47 [vtkMRMLSubjectHierarchyNode (000001A5D3742590)] (vtkMRMLSubjectHierarchyNode.cxx:2983) - vtkSubjectHierarchyItem::DataNodeCache inconsistency found
[ERROR][VTK] 21.03.2024 14:58:47 [vtkMRMLSubjectHierarchyNode (000001A5D3742590)] (vtkMRMLSubjectHierarchyNode.cxx:2983) - vtkSubjectHierarchyItem::DataNodeCache inconsistency found
[DEBUG][Qt] 21.03.2024 14:58:48 [] (unknown:0) - Switch to module:  "Data"
[DEBUG][Qt] 21.03.2024 14:58:55 [] (unknown:0) - Python console user input: shNode.RemoveAllItems()sli
[CRITICAL][Stream] 21.03.2024 14:58:55 [] (unknown:0) -   File "<console>", line 1
[CRITICAL][Stream] 21.03.2024 14:58:55 [] (unknown:0) -     shNode.RemoveAllItems()sli
[CRITICAL][Stream] 21.03.2024 14:58:55 [] (unknown:0) -                            ^
[CRITICAL][Stream] 21.03.2024 14:58:55 [] (unknown:0) - SyntaxError: invalid syntax
[DEBUG][Qt] 21.03.2024 14:58:58 [] (unknown:0) - Python console user input: slicer.util
[INFO][Stream] 21.03.2024 14:58:58 [] (unknown:0) - <module 'slicer.util' from 'D:\\Program\\Slicer 5.6.1\\bin\\Python\\slicer\\util.py'>
[DEBUG][Qt] 21.03.2024 15:00:12 [] (unknown:0) - Switch to module:  "Pathway_planning"
[CRITICAL][Stream] 21.03.2024 15:00:12 [] (unknown:0) - D:\Program\Slicer 5.6.1\bin\Python\slicer\util.py:2786: UserWarning: does not have observer
[CRITICAL][Stream] 21.03.2024 15:00:12 [] (unknown:0) -   warn("does not have observer")
[INFO][Stream] 21.03.2024 15:00:13 [] (unknown:0) -
[INFO][Stream] 21.03.2024 15:00:13 [] (unknown:0) -
[INFO][Stream] 21.03.2024 15:00:13 [] (unknown:0) -
[INFO][Stream] 21.03.2024 15:00:13 [] (unknown:0) - ------------------------------
[INFO][Stream] 21.03.2024 15:00:13 [] (unknown:0) - Reloading module: Pathway_planning
[INFO][Stream] 21.03.2024 15:00:13 [] (unknown:0) - ------------------------------
[INFO][Stream] 21.03.2024 15:00:13 [] (unknown:0) -
[INFO][Stream] 21.03.2024 15:00:13 [] (unknown:0) -
[INFO][Stream] 21.03.2024 15:00:13 [] (unknown:0) -
[ERROR][VTK] 21.03.2024 15:00:13 [vtkMRMLSubjectHierarchyNode (000001A5D5D73610)] (vtkMRMLSubjectHierarchyNode.cxx:2983) - vtkSubjectHierarchyItem::DataNodeCache inconsistency found
[DEBUG][Qt] 21.03.2024 15:00:14 [] (unknown:0) - Switch to module:  "Data"
[DEBUG][Qt] 21.03.2024 15:01:12 [] (unknown:0) - Switch to module:  "Pathway_planning"
[INFO][Stream] 21.03.2024 15:01:14 [] (unknown:0) -
[INFO][Stream] 21.03.2024 15:01:14 [] (unknown:0) -
[INFO][Stream] 21.03.2024 15:01:14 [] (unknown:0) -
[INFO][Stream] 21.03.2024 15:01:14 [] (unknown:0) - ------------------------------
[INFO][Stream] 21.03.2024 15:01:14 [] (unknown:0) - Reloading module: Pathway_planning
[INFO][Stream] 21.03.2024 15:01:14 [] (unknown:0) - ------------------------------
[INFO][Stream] 21.03.2024 15:01:14 [] (unknown:0) -
[INFO][Stream] 21.03.2024 15:01:14 [] (unknown:0) -
[INFO][Stream] 21.03.2024 15:01:14 [] (unknown:0) -
[ERROR][VTK] 21.03.2024 15:01:14 [vtkMRMLSubjectHierarchyNode (000001A5D5D72EF0)] (vtkMRMLSubjectHierarchyNode.cxx:2983) - vtkSubjectHierarchyItem::DataNodeCache inconsistency found
[ERROR][VTK] 21.03.2024 15:01:14 [vtkMRMLSubjectHierarchyNode (000001A5D5D72EF0)] (vtkMRMLSubjectHierarchyNode.cxx:2983) - vtkSubjectHierarchyItem::DataNodeCache inconsistency found
[ERROR][VTK] 21.03.2024 15:01:14 [vtkMRMLSubjectHierarchyNode (000001A5D5D72EF0)] (vtkMRMLSubjectHierarchyNode.cxx:2983) - vtkSubjectHierarchyItem::DataNodeCache inconsistency found
[DEBUG][Qt] 21.03.2024 15:01:16 [] (unknown:0) - Switch to module:  "Data"
[DEBUG][Qt] 21.03.2024 15:02:50 [] (unknown:0) - Switch to module:  "Pathway_planning"
[INFO][Stream] 21.03.2024 15:02:51 [] (unknown:0) -
[INFO][Stream] 21.03.2024 15:02:51 [] (unknown:0) -
[INFO][Stream] 21.03.2024 15:02:51 [] (unknown:0) -
[INFO][Stream] 21.03.2024 15:02:51 [] (unknown:0) - ------------------------------
[INFO][Stream] 21.03.2024 15:02:51 [] (unknown:0) - Reloading module: Pathway_planning
[INFO][Stream] 21.03.2024 15:02:51 [] (unknown:0) - ------------------------------
[INFO][Stream] 21.03.2024 15:02:51 [] (unknown:0) -
[INFO][Stream] 21.03.2024 15:02:51 [] (unknown:0) -
[INFO][Stream] 21.03.2024 15:02:51 [] (unknown:0) -
[ERROR][VTK] 21.03.2024 15:02:51 [vtkMRMLSubjectHierarchyNode (000001A5D5D708F0)] (vtkMRMLSubjectHierarchyNode.cxx:2983) - vtkSubjectHierarchyItem::DataNodeCache inconsistency found
[ERROR][VTK] 21.03.2024 15:02:51 [vtkMRMLSubjectHierarchyNode (000001A5D5D708F0)] (vtkMRMLSubjectHierarchyNode.cxx:2983) - vtkSubjectHierarchyItem::DataNodeCache inconsistency found
[ERROR][VTK] 21.03.2024 15:02:51 [vtkMRMLSubjectHierarchyNode (000001A5D5D708F0)] (vtkMRMLSubjectHierarchyNode.cxx:2983) - vtkSubjectHierarchyItem::DataNodeCache inconsistency found
[DEBUG][Qt] 21.03.2024 15:02:53 [] (unknown:0) - Switch to module:  "Data"
[DEBUG][Qt] 21.03.2024 15:03:05 [] (unknown:0) - Switch to module:  "Pathway_planning"
[DEBUG][Qt] 21.03.2024 15:03:06 [] (unknown:0) - Switch to module:  "Data"
[DEBUG][Qt] 21.03.2024 15:03:07 [] (unknown:0) - Switch to module:  "Pathway_planning"
[INFO][Stream] 21.03.2024 15:03:08 [] (unknown:0) -
[INFO][Stream] 21.03.2024 15:03:08 [] (unknown:0) -
[INFO][Stream] 21.03.2024 15:03:08 [] (unknown:0) -
[INFO][Stream] 21.03.2024 15:03:08 [] (unknown:0) - ------------------------------
[INFO][Stream] 21.03.2024 15:03:08 [] (unknown:0) - Reloading module: Pathway_planning
[INFO][Stream] 21.03.2024 15:03:08 [] (unknown:0) - ------------------------------
[INFO][Stream] 21.03.2024 15:03:08 [] (unknown:0) -
[INFO][Stream] 21.03.2024 15:03:08 [] (unknown:0) -
[INFO][Stream] 21.03.2024 15:03:08 [] (unknown:0) -
[ERROR][VTK] 21.03.2024 15:03:08 [vtkMRMLSubjectHierarchyNode (000001A5D5D76590)] (vtkMRMLSubjectHierarchyNode.cxx:2983) - vtkSubjectHierarchyItem::DataNodeCache inconsistency found
[ERROR][VTK] 21.03.2024 15:03:08 [vtkMRMLSubjectHierarchyNode (000001A5D5D76590)] (vtkMRMLSubjectHierarchyNode.cxx:2983) - vtkSubjectHierarchyItem::DataNodeCache inconsistency found
[ERROR][Python] 21.03.2024 15:03:08 [Python] (D:\Program\Slicer 5.6.1\bin\Python\slicer\util.py:3009) - Reload and Test failed.

expects 0 <= i && i < GetNumberOfIds()
[CRITICAL][Stream] 21.03.2024 15:03:17 [] (unknown:0) - Traceback (most recent call last):
[CRITICAL][Stream] 21.03.2024 15:03:17 [] (unknown:0) -   File "D:\Program\Slicer 5.6.1\bin\Python\slicer\ScriptedLoadableModule.py", line 265, in onReloadAndTest
[CRITICAL][Stream] 21.03.2024 15:03:17 [] (unknown:0) -     test(msec=int(slicer.app.userSettings().value("Developer/SelfTestDisplayMessageDelay")), **kwargs)
[CRITICAL][Stream] 21.03.2024 15:03:17 [] (unknown:0) -   File "D:\Program\Slicer 5.6.1\bin\Python\slicer\ScriptedLoadableModule.py", line 83, in runTest
[CRITICAL][Stream] 21.03.2024 15:03:17 [] (unknown:0) -     testCase.runTest(**kwargs)
[CRITICAL][Stream] 21.03.2024 15:03:17 [] (unknown:0) -   File "C:/Users/DANG THE HUNG/OneDrive - King's College London/Msc study/7MRI0070 - Navigation in Robotic/Module/My_extension/Pathway_planning/Pathway_planning.py", line 333, in runTest
[CRITICAL][Stream] 21.03.2024 15:03:17 [] (unknown:0) -     self.object_Creation_For_Testing_Creating_Box_Model("Model")
[CRITICAL][Stream] 21.03.2024 15:03:17 [] (unknown:0) -   File "C:/Users/DANG THE HUNG/OneDrive - King's College London/Msc study/7MRI0070 - Navigation in Robotic/Module/My_extension/Pathway_planning/Pathway_planning.py", line 589, in object_Creation_For_Testing_Creating_Box_Model
[CRITICAL][Stream] 21.03.2024 15:03:17 [] (unknown:0) -     self.shNode.SetItemName(list.GetId(-1), "Test_Model_"+nodeNameEnd)
[CRITICAL][Stream] 21.03.2024 15:03:17 [] (unknown:0) - ValueError: expects 0 <= i && i < GetNumberOfIds()
[DEBUG][Qt] 21.03.2024 15:03:27 [] (unknown:0) - Python console user input: slicer.mrmlScene.RemoveNode()
[CRITICAL][Stream] 21.03.2024 15:03:27 [] (unknown:0) - Traceback (most recent call last):
[CRITICAL][Stream] 21.03.2024 15:03:27 [] (unknown:0) -   File "<console>", line 1, in <module>
[CRITICAL][Stream] 21.03.2024 15:03:27 [] (unknown:0) - TypeError: RemoveNode() takes exactly 1 argument (0 given)
[DEBUG][Qt] 21.03.2024 15:03:29 [] (unknown:0) - Python console user input: list()
[INFO][Stream] 21.03.2024 15:03:29 [] (unknown:0) - []
[DEBUG][Qt] 21.03.2024 15:03:31 [] (unknown:0) - Python console user input: list
[INFO][Stream] 21.03.2024 15:03:31 [] (unknown:0) - <class 'list'>
[DEBUG][Qt] 21.03.2024 15:03:44 [] (unknown:0) - Python console user input: l = vtk.vtkIdList()
[DEBUG][Qt] 21.03.2024 15:03:50 [] (unknown:0) - Python console user input: l.GetNumberOfIds()
[INFO][Stream] 21.03.2024 15:03:50 [] (unknown:0) - 0
[DEBUG][Qt] 21.03.2024 15:04:28 [] (unknown:0) - Switch to module:  "Welcome"
[DEBUG][Qt] 21.03.2024 15:04:29 [] (unknown:0) - Switch to module:  "Data"
[DEBUG][Qt] 21.03.2024 15:04:30 [] (unknown:0) - Switch to module:  "Welcome"
[DEBUG][Qt] 21.03.2024 15:04:31 [] (unknown:0) - Switch to module:  "Data"
[DEBUG][Qt] 21.03.2024 15:04:32 [] (unknown:0) - Switch to module:  "Pathway_planning"
[CRITICAL][Stream] 21.03.2024 15:04:32 [] (unknown:0) - D:\Program\Slicer 5.6.1\bin\Python\slicer\util.py:2786: UserWarning: does not have observer
[CRITICAL][Stream] 21.03.2024 15:04:32 [] (unknown:0) -   warn("does not have observer")
[INFO][Stream] 21.03.2024 15:04:33 [] (unknown:0) -
[INFO][Stream] 21.03.2024 15:04:33 [] (unknown:0) -
[INFO][Stream] 21.03.2024 15:04:33 [] (unknown:0) -
[INFO][Stream] 21.03.2024 15:04:33 [] (unknown:0) - ------------------------------
[INFO][Stream] 21.03.2024 15:04:33 [] (unknown:0) - Reloading module: Pathway_planning
[INFO][Stream] 21.03.2024 15:04:33 [] (unknown:0) - ------------------------------
[INFO][Stream] 21.03.2024 15:04:33 [] (unknown:0) -
[INFO][Stream] 21.03.2024 15:04:33 [] (unknown:0) -
[INFO][Stream] 21.03.2024 15:04:33 [] (unknown:0) -
[ERROR][VTK] 21.03.2024 15:04:33 [vtkMRMLSubjectHierarchyNode (000001A5D5D7F1B0)] (vtkMRMLSubjectHierarchyNode.cxx:2983) - vtkSubjectHierarchyItem::DataNodeCache inconsistency found
[ERROR][VTK] 21.03.2024 15:04:33 [vtkMRMLSubjectHierarchyNode (000001A5D5D7F1B0)] (vtkMRMLSubjectHierarchyNode.cxx:2983) - vtkSubjectHierarchyItem::DataNodeCache inconsistency found
[DEBUG][Qt] 21.03.2024 15:04:34 [] (unknown:0) - Switch to module:  "Data"
[DEBUG][Qt] 21.03.2024 15:05:27 [] (unknown:0) - Switch to module:  "ImageThreshold"
[DEBUG][Qt] 21.03.2024 15:05:28 [] (unknown:0) - Switch to module:  "Data"
[DEBUG][Qt] 21.03.2024 15:05:30 [] (unknown:0) - Switch to module:  "ImageThreshold"
[DEBUG][Qt] 21.03.2024 15:05:32 [] (unknown:0) - Switch to module:  "Data"
[DEBUG][Qt] 21.03.2024 15:05:33 [] (unknown:0) - Switch to module:  "Pathway_planning"
[INFO][Stream] 21.03.2024 15:05:34 [] (unknown:0) -
[INFO][Stream] 21.03.2024 15:05:34 [] (unknown:0) -
[INFO][Stream] 21.03.2024 15:05:34 [] (unknown:0) -
[INFO][Stream] 21.03.2024 15:05:34 [] (unknown:0) - ------------------------------
[INFO][Stream] 21.03.2024 15:05:34 [] (unknown:0) - Reloading module: Pathway_planning
[INFO][Stream] 21.03.2024 15:05:34 [] (unknown:0) - ------------------------------
[INFO][Stream] 21.03.2024 15:05:34 [] (unknown:0) -
[INFO][Stream] 21.03.2024 15:05:34 [] (unknown:0) -
[INFO][Stream] 21.03.2024 15:05:34 [] (unknown:0) -
[ERROR][VTK] 21.03.2024 15:05:34 [vtkMRMLSubjectHierarchyNode (000001A5D5D84BF0)] (vtkMRMLSubjectHierarchyNode.cxx:2983) - vtkSubjectHierarchyItem::DataNodeCache inconsistency found
[ERROR][VTK] 21.03.2024 15:05:34 [vtkMRMLSubjectHierarchyNode (000001A5D5D84BF0)] (vtkMRMLSubjectHierarchyNode.cxx:2983) - vtkSubjectHierarchyItem::DataNodeCache inconsistency found
[ERROR][VTK] 21.03.2024 15:05:34 [vtkMRMLSubjectHierarchyNode (000001A5D5D84BF0)] (vtkMRMLSubjectHierarchyNode.cxx:2983) - vtkSubjectHierarchyItem::DataNodeCache inconsistency found
[ERROR][VTK] 21.03.2024 15:05:34 [vtkMRMLSubjectHierarchyNode (000001A5D5D84BF0)] (vtkMRMLSubjectHierarchyNode.cxx:2983) - vtkSubjectHierarchyItem::DataNodeCache inconsistency found
[DEBUG][Qt] 21.03.2024 15:05:36 [] (unknown:0) - Switch to module:  "Data"
[DEBUG][Qt] 21.03.2024 15:07:08 [] (unknown:0) - Python console user input: l.GetNumberOfIds()
[INFO][Stream] 21.03.2024 15:07:08 [] (unknown:0) - 0
[DEBUG][Qt] 21.03.2024 15:08:16 [] (unknown:0) - Python console user input: slicer.mrmlScene.GetNodeByID(1)
[CRITICAL][Stream] 21.03.2024 15:08:16 [] (unknown:0) - Traceback (most recent call last):
[CRITICAL][Stream] 21.03.2024 15:08:16 [] (unknown:0) -   File "<console>", line 1, in <module>
[CRITICAL][Stream] 21.03.2024 15:08:16 [] (unknown:0) - TypeError: GetNodeByID argument 1: string is required
[DEBUG][Qt] 21.03.2024 15:08:34 [] (unknown:0) - Python console user input: shNode.GetItemByName("Test_Model_Model")
[INFO][Stream] 21.03.2024 15:08:34 [] (unknown:0) - 0
[DEBUG][Qt] 21.03.2024 15:08:43 [] (unknown:0) - Python console user input: shNode.GetItemByName("Test_Model_Model")
[INFO][Stream] 21.03.2024 15:08:43 [] (unknown:0) - 0
[DEBUG][Qt] 21.03.2024 15:08:51 [] (unknown:0) - Python console user input: shNode.GetSceneItemID()
[INFO][Stream] 21.03.2024 15:08:51 [] (unknown:0) - 3
[DEBUG][Qt] 21.03.2024 15:09:14 [] (unknown:0) - Python console user input: x = getNode("Test_Model_Model")
[DEBUG][Qt] 21.03.2024 15:09:15 [] (unknown:0) - Python console user input: x
[INFO][Stream] 21.03.2024 15:09:15 [] (unknown:0) - <MRMLCorePython.vtkMRMLModelNode(0x000001A5C914E400) at 0x000001A5B5AB7580>
[DEBUG][Qt] 21.03.2024 15:09:26 [] (unknown:0) - Python console user input: shNode.GetItemByDataNode(x)
[INFO][Stream] 21.03.2024 15:09:26 [] (unknown:0) - 309
[DEBUG][Qt] 21.03.2024 15:09:42 [] (unknown:0) - Python console user input: slicer.mrmlScene
[INFO][Stream] 21.03.2024 15:09:42 [] (unknown:0) - <MRMLCorePython.vtkMRMLScene(0x000001A58A95A4F0) at 0x000001A5B1D1C640>
[DEBUG][Qt] 21.03.2024 15:09:50 [] (unknown:0) - Python console user input: slicer.mrmlScene.GetNodeByID(309)
[CRITICAL][Stream] 21.03.2024 15:09:50 [] (unknown:0) - Traceback (most recent call last):
[CRITICAL][Stream] 21.03.2024 15:09:50 [] (unknown:0) -   File "<console>", line 1, in <module>
[CRITICAL][Stream] 21.03.2024 15:09:50 [] (unknown:0) - TypeError: GetNodeByID argument 1: string is required
[DEBUG][Qt] 21.03.2024 15:09:54 [] (unknown:0) - Python console user input: slicer.mrmlScene.GetNodeByID("309")
[DEBUG][Qt] 21.03.2024 15:09:59 [] (unknown:0) - Python console user input: k slicer.mrmlScene.GetNodeByID("309")
[CRITICAL][Stream] 21.03.2024 15:09:59 [] (unknown:0) -   File "<console>", line 1
[CRITICAL][Stream] 21.03.2024 15:09:59 [] (unknown:0) -     k slicer.mrmlScene.GetNodeByID("309")
[CRITICAL][Stream] 21.03.2024 15:09:59 [] (unknown:0) -       ^
[CRITICAL][Stream] 21.03.2024 15:09:59 [] (unknown:0) - SyntaxError: invalid syntax
[DEBUG][Qt] 21.03.2024 15:10:03 [] (unknown:0) - Python console user input: k = slicer.mrmlScene.GetNodeByID("309")
[DEBUG][Qt] 21.03.2024 15:10:04 [] (unknown:0) - Python console user input: k
[DEBUG][Qt] 21.03.2024 15:10:17 [] (unknown:0) - Python console user input: shNode.GetScene()
[DEBUG][Qt] 21.03.2024 15:10:21 [] (unknown:0) - Python console user input: shNode.GetSceneItemID()
[INFO][Stream] 21.03.2024 15:10:21 [] (unknown:0) - 3
[DEBUG][Qt] 21.03.2024 15:10:56 [] (unknown:0) - Python console user input: shNode.GetItemDataNode(309)
[INFO][Stream] 21.03.2024 15:10:56 [] (unknown:0) - <MRMLCorePython.vtkMRMLModelNode(0x000001A5C914E400) at 0x000001A5B5AB7580>
[DEBUG][Qt] 21.03.2024 15:12:54 [] (unknown:0) - Switch to module:  "Pathway_planning"
[CRITICAL][Stream] 21.03.2024 15:12:54 [] (unknown:0) - D:\Program\Slicer 5.6.1\bin\Python\slicer\util.py:2786: UserWarning: does not have observer
[CRITICAL][Stream] 21.03.2024 15:12:54 [] (unknown:0) -   warn("does not have observer")
[INFO][Stream] 21.03.2024 15:12:55 [] (unknown:0) -
[INFO][Stream] 21.03.2024 15:12:55 [] (unknown:0) -
[INFO][Stream] 21.03.2024 15:12:55 [] (unknown:0) -
[INFO][Stream] 21.03.2024 15:12:55 [] (unknown:0) - ------------------------------
[INFO][Stream] 21.03.2024 15:12:55 [] (unknown:0) - Reloading module: Pathway_planning
[INFO][Stream] 21.03.2024 15:12:55 [] (unknown:0) - ------------------------------
[INFO][Stream] 21.03.2024 15:12:55 [] (unknown:0) -
[INFO][Stream] 21.03.2024 15:12:55 [] (unknown:0) -
[INFO][Stream] 21.03.2024 15:12:55 [] (unknown:0) -
[ERROR][Python] 21.03.2024 15:12:55 [Python] (D:\Program\Slicer 5.6.1\bin\Python\slicer\util.py:3009) - Reload and Test failed.

invalid syntax (C:/Users/DANG THE HUNG/OneDrive - King's College London/Msc study/7MRI0070 - Navigation in Robotic/Module/My_extension/Pathway_planning/Pathway_planning.py, line 457)
[CRITICAL][Stream] 21.03.2024 15:13:00 [] (unknown:0) - Traceback (most recent call last):
[CRITICAL][Stream] 21.03.2024 15:13:00 [] (unknown:0) -   File "D:\Program\Slicer 5.6.1\bin\Python\slicer\ScriptedLoadableModule.py", line 263, in onReloadAndTest
[CRITICAL][Stream] 21.03.2024 15:13:00 [] (unknown:0) -     self.onReload()
[CRITICAL][Stream] 21.03.2024 15:13:00 [] (unknown:0) -   File "D:\Program\Slicer 5.6.1\bin\Python\slicer\ScriptedLoadableModule.py", line 246, in onReload
[CRITICAL][Stream] 21.03.2024 15:13:00 [] (unknown:0) -     slicer.util.reloadScriptedModule(self.moduleName)
[CRITICAL][Stream] 21.03.2024 15:13:00 [] (unknown:0) -   File "D:\Program\Slicer 5.6.1\bin\Python\slicer\util.py", line 1389, in reloadScriptedModule
[CRITICAL][Stream] 21.03.2024 15:13:00 [] (unknown:0) -     reloaded_module = imp.load_module(
[CRITICAL][Stream] 21.03.2024 15:13:00 [] (unknown:0) -   File "D:\Program\Slicer 5.6.1\lib\Python\Lib\imp.py", line 234, in load_module
[CRITICAL][Stream] 21.03.2024 15:13:00 [] (unknown:0) -     return load_source(name, filename, file)
[CRITICAL][Stream] 21.03.2024 15:13:00 [] (unknown:0) -   File "D:\Program\Slicer 5.6.1\lib\Python\Lib\imp.py", line 169, in load_source
[CRITICAL][Stream] 21.03.2024 15:13:00 [] (unknown:0) -     module = _exec(spec, sys.modules[name])
[CRITICAL][Stream] 21.03.2024 15:13:00 [] (unknown:0) -   File "<frozen importlib._bootstrap>", line 613, in _exec
[CRITICAL][Stream] 21.03.2024 15:13:00 [] (unknown:0) -   File "<frozen importlib._bootstrap_external>", line 846, in exec_module
[CRITICAL][Stream] 21.03.2024 15:13:00 [] (unknown:0) -   File "<frozen importlib._bootstrap_external>", line 983, in get_code
[CRITICAL][Stream] 21.03.2024 15:13:00 [] (unknown:0) -   File "<frozen importlib._bootstrap_external>", line 913, in source_to_code
[CRITICAL][Stream] 21.03.2024 15:13:00 [] (unknown:0) -   File "<frozen importlib._bootstrap>", line 228, in _call_with_frames_removed
[CRITICAL][Stream] 21.03.2024 15:13:00 [] (unknown:0) -   File "C:/Users/DANG THE HUNG/OneDrive - King's College London/Msc study/7MRI0070 - Navigation in Robotic/Module/My_extension/Pathway_planning/Pathway_planning.py", line 457
[CRITICAL][Stream] 21.03.2024 15:13:00 [] (unknown:0) -     self.shNode.SetItemParent(self.modelfortestfolderID, self.shNode.GetSceneItemID())
[CRITICAL][Stream] 21.03.2024 15:13:00 [] (unknown:0) -     ^
[CRITICAL][Stream] 21.03.2024 15:13:00 [] (unknown:0) - SyntaxError: invalid syntax
[INFO][Stream] 21.03.2024 15:13:26 [] (unknown:0) -
[INFO][Stream] 21.03.2024 15:13:26 [] (unknown:0) -
[INFO][Stream] 21.03.2024 15:13:26 [] (unknown:0) -
[INFO][Stream] 21.03.2024 15:13:26 [] (unknown:0) - ------------------------------
[INFO][Stream] 21.03.2024 15:13:26 [] (unknown:0) - Reloading module: Pathway_planning
[INFO][Stream] 21.03.2024 15:13:26 [] (unknown:0) - ------------------------------
[INFO][Stream] 21.03.2024 15:13:26 [] (unknown:0) -
[INFO][Stream] 21.03.2024 15:13:26 [] (unknown:0) -
[INFO][Stream] 21.03.2024 15:13:26 [] (unknown:0) -
[ERROR][Python] 21.03.2024 15:13:26 [Python] (D:\Program\Slicer 5.6.1\bin\Python\slicer\util.py:3009) - Reload and Test failed.

invalid syntax (C:/Users/DANG THE HUNG/OneDrive - King's College London/Msc study/7MRI0070 - Navigation in Robotic/Module/My_extension/Pathway_planning/Pathway_planning.py, line 594)
[CRITICAL][Stream] 21.03.2024 15:13:29 [] (unknown:0) - Traceback (most recent call last):
[CRITICAL][Stream] 21.03.2024 15:13:29 [] (unknown:0) -   File "D:\Program\Slicer 5.6.1\bin\Python\slicer\ScriptedLoadableModule.py", line 263, in onReloadAndTest
[CRITICAL][Stream] 21.03.2024 15:13:29 [] (unknown:0) -     self.onReload()
[CRITICAL][Stream] 21.03.2024 15:13:29 [] (unknown:0) -   File "D:\Program\Slicer 5.6.1\bin\Python\slicer\ScriptedLoadableModule.py", line 246, in onReload
[CRITICAL][Stream] 21.03.2024 15:13:29 [] (unknown:0) -     slicer.util.reloadScriptedModule(self.moduleName)
[CRITICAL][Stream] 21.03.2024 15:13:29 [] (unknown:0) -   File "D:\Program\Slicer 5.6.1\bin\Python\slicer\util.py", line 1389, in reloadScriptedModule
[CRITICAL][Stream] 21.03.2024 15:13:29 [] (unknown:0) -     reloaded_module = imp.load_module(
[CRITICAL][Stream] 21.03.2024 15:13:29 [] (unknown:0) -   File "D:\Program\Slicer 5.6.1\lib\Python\Lib\imp.py", line 234, in load_module
[CRITICAL][Stream] 21.03.2024 15:13:29 [] (unknown:0) -     return load_source(name, filename, file)
[CRITICAL][Stream] 21.03.2024 15:13:29 [] (unknown:0) -   File "D:\Program\Slicer 5.6.1\lib\Python\Lib\imp.py", line 169, in load_source
[CRITICAL][Stream] 21.03.2024 15:13:29 [] (unknown:0) -     module = _exec(spec, sys.modules[name])
[CRITICAL][Stream] 21.03.2024 15:13:29 [] (unknown:0) -   File "<frozen importlib._bootstrap>", line 613, in _exec
[CRITICAL][Stream] 21.03.2024 15:13:29 [] (unknown:0) -   File "<frozen importlib._bootstrap_external>", line 846, in exec_module
[CRITICAL][Stream] 21.03.2024 15:13:29 [] (unknown:0) -   File "<frozen importlib._bootstrap_external>", line 983, in get_code
[CRITICAL][Stream] 21.03.2024 15:13:29 [] (unknown:0) -   File "<frozen importlib._bootstrap_external>", line 913, in source_to_code
[CRITICAL][Stream] 21.03.2024 15:13:29 [] (unknown:0) -   File "<frozen importlib._bootstrap>", line 228, in _call_with_frames_removed
[CRITICAL][Stream] 21.03.2024 15:13:29 [] (unknown:0) -   File "C:/Users/DANG THE HUNG/OneDrive - King's College London/Msc study/7MRI0070 - Navigation in Robotic/Module/My_extension/Pathway_planning/Pathway_planning.py", line 594
[CRITICAL][Stream] 21.03.2024 15:13:29 [] (unknown:0) -     self.shNode.SetItemParent(self.modelfortestfolderID, self.shNode.GetSceneItemID())
[CRITICAL][Stream] 21.03.2024 15:13:29 [] (unknown:0) -     ^
[CRITICAL][Stream] 21.03.2024 15:13:29 [] (unknown:0) - SyntaxError: invalid syntax
[INFO][Stream] 21.03.2024 15:14:28 [] (unknown:0) -
[INFO][Stream] 21.03.2024 15:14:28 [] (unknown:0) -
[INFO][Stream] 21.03.2024 15:14:28 [] (unknown:0) -
[INFO][Stream] 21.03.2024 15:14:28 [] (unknown:0) - ------------------------------
[INFO][Stream] 21.03.2024 15:14:28 [] (unknown:0) - Reloading module: Pathway_planning
[INFO][Stream] 21.03.2024 15:14:28 [] (unknown:0) - ------------------------------
[INFO][Stream] 21.03.2024 15:14:28 [] (unknown:0) -
[INFO][Stream] 21.03.2024 15:14:28 [] (unknown:0) -
[INFO][Stream] 21.03.2024 15:14:28 [] (unknown:0) -
[ERROR][VTK] 21.03.2024 15:14:28 [vtkMRMLSubjectHierarchyNode (000001A5DBF3FDD0)] (vtkMRMLSubjectHierarchyNode.cxx:2983) - vtkSubjectHierarchyItem::DataNodeCache inconsistency found
[ERROR][VTK] 21.03.2024 15:14:28 [vtkMRMLSubjectHierarchyNode (000001A5DBF3FDD0)] (vtkMRMLSubjectHierarchyNode.cxx:2983) - vtkSubjectHierarchyItem::DataNodeCache inconsistency found
[ERROR][VTK] 21.03.2024 15:14:28 [vtkMRMLSubjectHierarchyNode (000001A5DBF3FDD0)] (vtkMRMLSubjectHierarchyNode.cxx:2983) - vtkSubjectHierarchyItem::DataNodeCache inconsistency found
[DEBUG][Qt] 21.03.2024 15:14:33 [] (unknown:0) - Switch to module:  "Data"
[DEBUG][Qt] 21.03.2024 15:14:57 [] (unknown:0) - Switch to module:  "Pathway_planning"
[INFO][Stream] 21.03.2024 15:14:57 [] (unknown:0) -
[INFO][Stream] 21.03.2024 15:14:57 [] (unknown:0) -
[INFO][Stream] 21.03.2024 15:14:57 [] (unknown:0) -
[INFO][Stream] 21.03.2024 15:14:57 [] (unknown:0) - ------------------------------
[INFO][Stream] 21.03.2024 15:14:57 [] (unknown:0) - Reloading module: Pathway_planning
[INFO][Stream] 21.03.2024 15:14:57 [] (unknown:0) - ------------------------------
[INFO][Stream] 21.03.2024 15:14:57 [] (unknown:0) -
[INFO][Stream] 21.03.2024 15:14:57 [] (unknown:0) -
[INFO][Stream] 21.03.2024 15:14:57 [] (unknown:0) -
[ERROR][VTK] 21.03.2024 15:14:58 [vtkMRMLSubjectHierarchyNode (000001A5DBF48B20)] (vtkMRMLSubjectHierarchyNode.cxx:2983) - vtkSubjectHierarchyItem::DataNodeCache inconsistency found
[ERROR][VTK] 21.03.2024 15:14:58 [vtkMRMLSubjectHierarchyNode (000001A5DBF48B20)] (vtkMRMLSubjectHierarchyNode.cxx:2983) - vtkSubjectHierarchyItem::DataNodeCache inconsistency found
[ERROR][VTK] 21.03.2024 15:14:58 [vtkMRMLSubjectHierarchyNode (000001A5DBF48B20)] (vtkMRMLSubjectHierarchyNode.cxx:2983) - vtkSubjectHierarchyItem::DataNodeCache inconsistency found
[ERROR][VTK] 21.03.2024 15:14:58 [vtkMRMLSubjectHierarchyNode (000001A5DBF48B20)] (vtkMRMLSubjectHierarchyNode.cxx:2983) - vtkSubjectHierarchyItem::DataNodeCache inconsistency found
[DEBUG][Qt] 21.03.2024 15:15:12 [] (unknown:0) - Switch to module:  "Welcome"
[DEBUG][Qt] 21.03.2024 15:15:13 [] (unknown:0) - Switch to module:  "Pathway_planning"
[DEBUG][Qt] 21.03.2024 15:15:14 [] (unknown:0) - Switch to module:  "Data"
[DEBUG][Qt] 21.03.2024 15:15:45 [] (unknown:0) - Switch to module:  "Pathway_planning"
[INFO][Stream] 21.03.2024 15:15:46 [] (unknown:0) -
[INFO][Stream] 21.03.2024 15:15:46 [] (unknown:0) -
[INFO][Stream] 21.03.2024 15:15:46 [] (unknown:0) -
[INFO][Stream] 21.03.2024 15:15:46 [] (unknown:0) - ------------------------------
[INFO][Stream] 21.03.2024 15:15:46 [] (unknown:0) - Reloading module: Pathway_planning
[INFO][Stream] 21.03.2024 15:15:46 [] (unknown:0) - ------------------------------
[INFO][Stream] 21.03.2024 15:15:46 [] (unknown:0) -
[INFO][Stream] 21.03.2024 15:15:46 [] (unknown:0) -
[INFO][Stream] 21.03.2024 15:15:46 [] (unknown:0) -
[ERROR][VTK] 21.03.2024 15:15:46 [vtkMRMLSubjectHierarchyNode (000001A5DBF4A410)] (vtkMRMLSubjectHierarchyNode.cxx:2983) - vtkSubjectHierarchyItem::DataNodeCache inconsistency found
[WARNING][Python] 21.03.2024 15:15:46 [Python] (C:/Users/DANG THE HUNG/OneDrive - King's College London/Msc study/7MRI0070 - Navigation in Robotic/Module/My_extension/Pathway_planning/Pathway_planning.py:364) - Test failed: Check A Point Is In A Label Volume Node
[INFO][Stream] 21.03.2024 15:25:27 [] (unknown:0) -
[INFO][Stream] 21.03.2024 15:25:27 [] (unknown:0) -
[INFO][Stream] 21.03.2024 15:25:27 [] (unknown:0) -
[INFO][Stream] 21.03.2024 15:25:27 [] (unknown:0) - ------------------------------
[INFO][Stream] 21.03.2024 15:25:27 [] (unknown:0) - Reloading module: Pathway_planning
[INFO][Stream] 21.03.2024 15:25:27 [] (unknown:0) - ------------------------------
[INFO][Stream] 21.03.2024 15:25:27 [] (unknown:0) -
[INFO][Stream] 21.03.2024 15:25:27 [] (unknown:0) -
[INFO][Stream] 21.03.2024 15:25:27 [] (unknown:0) -
[DEBUG][Qt] 21.03.2024 15:25:28 [] (unknown:0) - "Markups" Reader has successfully read the file "D:\\Code\\3D_slicer\\Navigation_robotics\\Data\\Week_2_4_TestSet_Path_planning\\entriesSubsample.fcsv" "[0.06s]"
[DEBUG][Qt] 21.03.2024 15:25:28 [] (unknown:0) - "Markups" Reader has successfully read the file "D:\\Code\\3D_slicer\\Navigation_robotics\\Data\\Week_2_4_TestSet_Path_planning\\targetsSubsample.fcsv" "[0.03s]"
[DEBUG][Qt] 21.03.2024 15:25:28 [] (unknown:0) - "Volume" Reader has successfully read the file "D:\\Code\\3D_slicer\\Navigation_robotics\\Data\\Week_2_4_TestSet_Path_planning\\r_cortexTest.nii.gz" "[0.10s]"
[DEBUG][Qt] 21.03.2024 15:25:28 [] (unknown:0) - "Volume" Reader has successfully read the file "D:\\Code\\3D_slicer\\Navigation_robotics\\Data\\Week_2_4_TestSet_Path_planning\\r_hippoTest.nii.gz" "[0.03s]"
[DEBUG][Qt] 21.03.2024 15:25:28 [] (unknown:0) - "Volume" Reader has successfully read the file "D:\\Code\\3D_slicer\\Navigation_robotics\\Data\\Week_2_4_TestSet_Path_planning\\ventriclesTest.nii.gz" "[0.04s]"
[DEBUG][Qt] 21.03.2024 15:25:28 [] (unknown:0) - "Volume" Reader has successfully read the file "D:\\Code\\3D_slicer\\Navigation_robotics\\Data\\Week_2_4_TestSet_Path_planning\\vesselsTestDilate1.nii.gz" "[0.04s]"
[ERROR][VTK] 21.03.2024 15:25:28 [vtkMRMLSubjectHierarchyNode (000001A5DBF51870)] (vtkMRMLSubjectHierarchyNode.cxx:2983) - vtkSubjectHierarchyItem::DataNodeCache inconsistency found
[DEBUG][Qt] 21.03.2024 15:25:28 [] (unknown:0) - "Volume" Reader has successfully read the file "D:\\Code\\3D_slicer\\Navigation_robotics\\Data\\Week_2_4_TestSet_Path_planning\\fakeBrainTest.nii.gz" "[0.08s]"
[INFO][Stream] 21.03.2024 15:25:28 [] (unknown:0) - Number of entries is: 48
[INFO][Stream] 21.03.2024 15:25:28 [] (unknown:0) - Number of targets is: 21
[INFO][Python] 21.03.2024 15:25:28 [Python] (D:\Program\Slicer 5.6.1\bin\Python\slicer\util.py:2877) - Test passed: Model Creation
[WARNING][Python] 21.03.2024 15:25:29 [Python] (C:/Users/DANG THE HUNG/OneDrive - King's College London/Msc study/7MRI0070 - Navigation in Robotic/Module/My_extension/Pathway_planning/Pathway_planning.py:364) - Test failed: Check A Point Is In A Label Volume Node
[DEBUG][Qt] 21.03.2024 15:25:32 [] (unknown:0) - Switch to module:  "Data"
[DEBUG][Qt] 21.03.2024 15:26:15 [] (unknown:0) - Switch to module:  "Pathway_planning"
[INFO][Stream] 21.03.2024 15:26:16 [] (unknown:0) -
[INFO][Stream] 21.03.2024 15:26:16 [] (unknown:0) -
[INFO][Stream] 21.03.2024 15:26:16 [] (unknown:0) -
[INFO][Stream] 21.03.2024 15:26:16 [] (unknown:0) - ------------------------------
[INFO][Stream] 21.03.2024 15:26:16 [] (unknown:0) - Reloading module: Pathway_planning
[INFO][Stream] 21.03.2024 15:26:16 [] (unknown:0) - ------------------------------
[INFO][Stream] 21.03.2024 15:26:16 [] (unknown:0) -
[INFO][Stream] 21.03.2024 15:26:16 [] (unknown:0) -
[INFO][Stream] 21.03.2024 15:26:16 [] (unknown:0) -
[WARNING][VTK] 21.03.2024 15:26:16 [] (unknown:0) - Generic Warning: In vtkSlicerSegmentationsModuleLogic.cxx, line 702
vtkSlicerSegmentationsModuleLogic::GetSegmentForSegmentSubjectHierarchyItem: Invalid MRML scene
[ERROR][VTK] 21.03.2024 15:26:16 [vtkMRMLSubjectHierarchyNode (000001A5D5D6D5E0)] (vtkMRMLSubjectHierarchyNode.cxx:2983) - vtkSubjectHierarchyItem::DataNodeCache inconsistency found
[DEBUG][Qt] 21.03.2024 15:26:16 [] (unknown:0) - "Markups" Reader has successfully read the file "D:\\Code\\3D_slicer\\Navigation_robotics\\Data\\Week_2_4_TestSet_Path_planning\\entriesSubsample.fcsv" "[0.03s]"
[DEBUG][Qt] 21.03.2024 15:26:16 [] (unknown:0) - "Markups" Reader has successfully read the file "D:\\Code\\3D_slicer\\Navigation_robotics\\Data\\Week_2_4_TestSet_Path_planning\\targetsSubsample.fcsv" "[0.02s]"
[DEBUG][Qt] 21.03.2024 15:26:16 [] (unknown:0) - "Volume" Reader has successfully read the file "D:\\Code\\3D_slicer\\Navigation_robotics\\Data\\Week_2_4_TestSet_Path_planning\\r_cortexTest.nii.gz" "[0.05s]"
[DEBUG][Qt] 21.03.2024 15:26:16 [] (unknown:0) - "Volume" Reader has successfully read the file "D:\\Code\\3D_slicer\\Navigation_robotics\\Data\\Week_2_4_TestSet_Path_planning\\r_hippoTest.nii.gz" "[0.03s]"
[DEBUG][Qt] 21.03.2024 15:26:17 [] (unknown:0) - "Volume" Reader has successfully read the file "D:\\Code\\3D_slicer\\Navigation_robotics\\Data\\Week_2_4_TestSet_Path_planning\\ventriclesTest.nii.gz" "[0.03s]"
[DEBUG][Qt] 21.03.2024 15:26:17 [] (unknown:0) - "Volume" Reader has successfully read the file "D:\\Code\\3D_slicer\\Navigation_robotics\\Data\\Week_2_4_TestSet_Path_planning\\vesselsTestDilate1.nii.gz" "[0.03s]"
[DEBUG][Qt] 21.03.2024 15:26:17 [] (unknown:0) - "Volume" Reader has successfully read the file "D:\\Code\\3D_slicer\\Navigation_robotics\\Data\\Week_2_4_TestSet_Path_planning\\fakeBrainTest.nii.gz" "[0.04s]"
[INFO][Stream] 21.03.2024 15:26:17 [] (unknown:0) - Number of entries is: 48
[INFO][Stream] 21.03.2024 15:26:17 [] (unknown:0) - Number of targets is: 21
[INFO][Python] 21.03.2024 15:26:17 [Python] (D:\Program\Slicer 5.6.1\bin\Python\slicer\util.py:2877) - Test passed: Model Creation
[WARNING][Python] 21.03.2024 15:26:18 [Python] (C:/Users/DANG THE HUNG/OneDrive - King's College London/Msc study/7MRI0070 - Navigation in Robotic/Module/My_extension/Pathway_planning/Pathway_planning.py:364) - Test failed: Check A Point Is In A Label Volume Node
[DEBUG][Qt] 21.03.2024 15:26:19 [] (unknown:0) - Switch to module:  "Data"
[DEBUG][Qt] 21.03.2024 15:26:33 [] (unknown:0) - Switch to module:  "Pathway_planning"
[INFO][Stream] 21.03.2024 15:26:34 [] (unknown:0) -
[INFO][Stream] 21.03.2024 15:26:34 [] (unknown:0) -
[INFO][Stream] 21.03.2024 15:26:34 [] (unknown:0) -
[INFO][Stream] 21.03.2024 15:26:34 [] (unknown:0) - ------------------------------
[INFO][Stream] 21.03.2024 15:26:34 [] (unknown:0) - Reloading module: Pathway_planning
[INFO][Stream] 21.03.2024 15:26:34 [] (unknown:0) - ------------------------------
[INFO][Stream] 21.03.2024 15:26:34 [] (unknown:0) -
[INFO][Stream] 21.03.2024 15:26:34 [] (unknown:0) -
[INFO][Stream] 21.03.2024 15:26:34 [] (unknown:0) -
[WARNING][VTK] 21.03.2024 15:26:34 [] (unknown:0) - Generic Warning: In vtkSlicerSegmentationsModuleLogic.cxx, line 702
vtkSlicerSegmentationsModuleLogic::GetSegmentForSegmentSubjectHierarchyItem: Invalid MRML scene
[WARNING][Python] 21.03.2024 15:26:34 [Python] (C:/Users/DANG THE HUNG/OneDrive - King's College London/Msc study/7MRI0070 - Navigation in Robotic/Module/My_extension/Pathway_planning/Pathway_planning.py:364) - Test failed: Check A Point Is In A Label Volume Node
[DEBUG][Qt] 21.03.2024 15:26:36 [] (unknown:0) - Switch to module:  "Data"
[DEBUG][Qt] 21.03.2024 15:28:28 [] (unknown:0) - Switch to module:  "Pathway_planning"
[INFO][Stream] 21.03.2024 15:28:29 [] (unknown:0) -
[INFO][Stream] 21.03.2024 15:28:29 [] (unknown:0) -
[INFO][Stream] 21.03.2024 15:28:29 [] (unknown:0) -
[INFO][Stream] 21.03.2024 15:28:29 [] (unknown:0) - ------------------------------
[INFO][Stream] 21.03.2024 15:28:29 [] (unknown:0) - Reloading module: Pathway_planning
[INFO][Stream] 21.03.2024 15:28:29 [] (unknown:0) - ------------------------------
[INFO][Stream] 21.03.2024 15:28:29 [] (unknown:0) -
[INFO][Stream] 21.03.2024 15:28:29 [] (unknown:0) -
[INFO][Stream] 21.03.2024 15:28:29 [] (unknown:0) -
[ERROR][VTK] 21.03.2024 15:28:29 [vtkMRMLSubjectHierarchyNode (000001A5DEE1F080)] (vtkMRMLSubjectHierarchyNode.cxx:2983) - vtkSubjectHierarchyItem::DataNodeCache inconsistency found
[DEBUG][Qt] 21.03.2024 15:28:29 [] (unknown:0) - "Markups" Reader has successfully read the file "D:\\Code\\3D_slicer\\Navigation_robotics\\Data\\Week_2_4_TestSet_Path_planning\\entriesSubsample.fcsv" "[0.03s]"
[DEBUG][Qt] 21.03.2024 15:28:29 [] (unknown:0) - "Markups" Reader has successfully read the file "D:\\Code\\3D_slicer\\Navigation_robotics\\Data\\Week_2_4_TestSet_Path_planning\\targetsSubsample.fcsv" "[0.02s]"
[DEBUG][Qt] 21.03.2024 15:28:29 [] (unknown:0) - "Volume" Reader has successfully read the file "D:\\Code\\3D_slicer\\Navigation_robotics\\Data\\Week_2_4_TestSet_Path_planning\\r_cortexTest.nii.gz" "[0.05s]"
[DEBUG][Qt] 21.03.2024 15:28:29 [] (unknown:0) - "Volume" Reader has successfully read the file "D:\\Code\\3D_slicer\\Navigation_robotics\\Data\\Week_2_4_TestSet_Path_planning\\r_hippoTest.nii.gz" "[0.03s]"
[DEBUG][Qt] 21.03.2024 15:28:29 [] (unknown:0) - "Volume" Reader has successfully read the file "D:\\Code\\3D_slicer\\Navigation_robotics\\Data\\Week_2_4_TestSet_Path_planning\\ventriclesTest.nii.gz" "[0.03s]"
[DEBUG][Qt] 21.03.2024 15:28:29 [] (unknown:0) - "Volume" Reader has successfully read the file "D:\\Code\\3D_slicer\\Navigation_robotics\\Data\\Week_2_4_TestSet_Path_planning\\vesselsTestDilate1.nii.gz" "[0.03s]"
[DEBUG][Qt] 21.03.2024 15:28:30 [] (unknown:0) - "Volume" Reader has successfully read the file "D:\\Code\\3D_slicer\\Navigation_robotics\\Data\\Week_2_4_TestSet_Path_planning\\fakeBrainTest.nii.gz" "[0.04s]"
[INFO][Stream] 21.03.2024 15:28:30 [] (unknown:0) - Number of entries is: 48
[INFO][Stream] 21.03.2024 15:28:30 [] (unknown:0) - Number of targets is: 21
[ERROR][VTK] 21.03.2024 15:28:30 [vtkMRMLSubjectHierarchyNode (000001A5DEE1F080)] (vtkMRMLSubjectHierarchyNode.cxx:2983) - vtkSubjectHierarchyItem::DataNodeCache inconsistency found
[INFO][Python] 21.03.2024 15:28:30 [Python] (D:\Program\Slicer 5.6.1\bin\Python\slicer\util.py:2877) - Test passed: Model Creation
[ERROR][VTK] 21.03.2024 15:28:31 [vtkMRMLSubjectHierarchyNode (000001A5DEE1F080)] (vtkMRMLSubjectHierarchyNode.cxx:2983) - vtkSubjectHierarchyItem::DataNodeCache inconsistency found
[WARNING][Python] 21.03.2024 15:28:31 [Python] (C:/Users/DANG THE HUNG/OneDrive - King's College London/Msc study/7MRI0070 - Navigation in Robotic/Module/My_extension/Pathway_planning/Pathway_planning.py:365) - Test failed: Check A Point Is In A Label Volume Node
[DEBUG][Qt] 21.03.2024 15:28:32 [] (unknown:0) - Switch to module:  "Data"
