[DEBUG][Qt] 27.01.2024 19:00:54 [] (unknown:0) - Session start time .......: 20240127_190054
[DEBUG][Qt] 27.01.2024 19:00:54 [] (unknown:0) - Slicer version ...........: 5.6.1 (revision 32438 / 117ce5f) win-amd64 - installed release
[DEBUG][Qt] 27.01.2024 19:00:54 [] (unknown:0) - Operating system .........: Windows /  Personal / (Build 22621, Code Page 65001) - 64-bit
[DEBUG][Qt] 27.01.2024 19:00:54 [] (unknown:0) - Memory ...................: 7834 MB physical, 12954 MB virtual
[DEBUG][Qt] 27.01.2024 19:00:54 [] (unknown:0) - CPU ......................: GenuineIntel , 8 cores, 8 logical processors
[DEBUG][Qt] 27.01.2024 19:00:54 [] (unknown:0) - VTK configuration ........: OpenGL2 rendering, TBB threading
[DEBUG][Qt] 27.01.2024 19:00:54 [] (unknown:0) - Qt configuration .........: version 5.15.2, with SSL, requested OpenGL 3.2 (compatibility profile)
[DEBUG][Qt] 27.01.2024 19:00:54 [] (unknown:0) - Internationalization .....: disabled, language=
[DEBUG][Qt] 27.01.2024 19:00:54 [] (unknown:0) - Developer mode ...........: enabled
[DEBUG][Qt] 27.01.2024 19:00:54 [] (unknown:0) - Application path .........: D:/Program/Slicer 5.6.1/bin
[DEBUG][Qt] 27.01.2024 19:00:54 [] (unknown:0) - Additional module paths ..: C:/Users/DANG THE HUNG/OneDrive - King's College London/Msc study/7MRI0070 - Navigation in Robotic/Module\My_extension\ImageThreshold, slicer.org/Extensions-32438/DebuggingTools/lib/Slicer-5.6/qt-scripted-modules, C:/Users/DANG THE HUNG/OneDrive - King's College London/Msc study/7MRI0070 - Navigation in Robotic/Module/My_extension\Print_hello_world, C:/Users/DANG THE HUNG/OneDrive - King's College London/Msc study/7MRI0070 - Navigation in Robotic/Module/My_extension\Guided_examples, C:/Users/DANG THE HUNG/OneDrive - King's College London/Msc study/7MRI0070 - Navigation in Robotic/Module/My_extension\Segmentation_k_mean, C:/Users/DANG THE HUNG/OneDrive - King's College London/Msc study/7MRI0070 - Navigation in Robotic/Module/My_extension\My_function
[DEBUG][Python] 27.01.2024 19:01:08 [Python] (D:\Program\Slicer 5.6.1\lib\Slicer-5.6\qt-scripted-modules\SubjectHierarchyPlugins\AbstractScriptedSubjectHierarchyPlugin.py:39) - Scripted subject hierarchy plugin registered: SegmentEditor
[DEBUG][Python] 27.01.2024 19:01:08 [Python] (D:\Program\Slicer 5.6.1\lib\Slicer-5.6\qt-scripted-modules\SubjectHierarchyPlugins\AbstractScriptedSubjectHierarchyPlugin.py:39) - Scripted subject hierarchy plugin registered: SegmentStatistics
[DEBUG][Qt] 27.01.2024 19:01:08 [] (unknown:0) - Switch to module:  "Welcome"
[DEBUG][Qt] 27.01.2024 19:01:19 [] (unknown:0) - Switch to module:  "ExtensionWizard"
[DEBUG][Python] 27.01.2024 19:01:32 [Python] (D:\Program\Slicer 5.6.1\lib\Python\Lib\site-packages\git\cmd.py:977) - Popen(['git', 'version'], cwd=D:\Program\Slicer 5.6.1, universal_newlines=False, shell=None, istream=None)
[DEBUG][Python] 27.01.2024 19:01:32 [Python] (D:\Program\Slicer 5.6.1\lib\Python\Lib\site-packages\git\cmd.py:977) - Popen(['git', 'version'], cwd=D:\Program\Slicer 5.6.1, universal_newlines=False, shell=None, istream=None)
[DEBUG][Python] 27.01.2024 19:01:32 [Python] (D:\Program\Slicer 5.6.1\bin\Python\SlicerWizard\Utilities.py:429) - "C:/Users/DANG THE HUNG/OneDrive - King's College London/Msc study/7MRI0070 - Navigation in Robotic/Module/My_extension" is not a git repository
[DEBUG][Python] 27.01.2024 19:01:32 [Python] (D:\Program\Slicer 5.6.1\bin\Python\SlicerWizard\Utilities.py:438) - "C:/Users/DANG THE HUNG/OneDrive - King's College London/Msc study/7MRI0070 - Navigation in Robotic/Module/My_extension" is not a svn repository
[DEBUG][Python] 27.01.2024 19:01:32 [Python] (D:\Program\Slicer 5.6.1\lib\Python\Lib\site-packages\charset_normalizer\api.py:439) - Encoding detection: ascii is most likely the one.
[DEBUG][Python] 27.01.2024 19:01:32 [Python] (D:\Program\Slicer 5.6.1\lib\Python\Lib\site-packages\charset_normalizer\api.py:439) - Encoding detection: ascii is most likely the one.
[DEBUG][Qt] 27.01.2024 19:01:53 [] (unknown:0) - Switch to module:  "My_function"
[INFO][Stream] 27.01.2024 19:01:57 [] (unknown:0) - check_Projection_in_middle
[INFO][Stream] 27.01.2024 19:01:57 [] (unknown:0) - convert_IJK_to_RAS
[INFO][Stream] 27.01.2024 19:01:57 [] (unknown:0) - convert_RAS_to_IJK
[INFO][Stream] 27.01.2024 19:01:57 [] (unknown:0) - createParameterNode
[INFO][Stream] 27.01.2024 19:01:57 [] (unknown:0) - find_Intersection_Line_and_Model
[INFO][Stream] 27.01.2024 19:01:57 [] (unknown:0) - find_Triangle_Height
[INFO][Stream] 27.01.2024 19:01:57 [] (unknown:0) - find_Unit_Normal_Vector_of_Cell_from_model
[INFO][Stream] 27.01.2024 19:01:57 [] (unknown:0) - find_nearest_Cell
[INFO][Stream] 27.01.2024 19:01:57 [] (unknown:0) - getAllParameterNodes
[INFO][Stream] 27.01.2024 19:01:57 [] (unknown:0) - getParameterNode
[INFO][Stream] 27.01.2024 19:01:57 [] (unknown:0) - process
[DEBUG][Qt] 27.01.2024 19:02:09 [] (unknown:0) - Switch to module:  ""
