[DEBUG][Qt] 23.03.2024 18:54:03 [] (unknown:0) - Session start time .......: 20240323_185403
[DEBUG][Qt] 23.03.2024 18:54:03 [] (unknown:0) - Slicer version ...........: 5.6.1 (revision 32438 / 117ce5f) win-amd64 - installed release
[DEBUG][Qt] 23.03.2024 18:54:03 [] (unknown:0) - Operating system .........: Windows /  Personal / (Build 22621, Code Page 65001) - 64-bit
[DEBUG][Qt] 23.03.2024 18:54:03 [] (unknown:0) - Memory ...................: 7834 MB physical, 12186 MB virtual
[DEBUG][Qt] 23.03.2024 18:54:03 [] (unknown:0) - CPU ......................: GenuineIntel , 8 cores, 8 logical processors
[DEBUG][Qt] 23.03.2024 18:54:03 [] (unknown:0) - VTK configuration ........: OpenGL2 rendering, TBB threading
[DEBUG][Qt] 23.03.2024 18:54:03 [] (unknown:0) - Qt configuration .........: version 5.15.2, with SSL, requested OpenGL 3.2 (compatibility profile)
[DEBUG][Qt] 23.03.2024 18:54:03 [] (unknown:0) - Internationalization .....: disabled, language=
[DEBUG][Qt] 23.03.2024 18:54:03 [] (unknown:0) - Developer mode ...........: enabled
[DEBUG][Qt] 23.03.2024 18:54:03 [] (unknown:0) - Application path .........: D:/Program/Slicer 5.6.1/bin
[DEBUG][Qt] 23.03.2024 18:54:03 [] (unknown:0) - Additional module paths ..: C:/Users/DANG THE HUNG/OneDrive - King's College London/Msc study/7MRI0070 - Navigation in Robotic/Module\My_extension\ImageThreshold, slicer.org/Extensions-32438/DebuggingTools/lib/Slicer-5.6/qt-scripted-modules, C:/Users/DANG THE HUNG/OneDrive - King's College London/Msc study/7MRI0070 - Navigation in Robotic/Module/My_extension\Print_hello_world, C:/Users/DANG THE HUNG/OneDrive - King's College London/Msc study/7MRI0070 - Navigation in Robotic/Module/My_extension\Guided_examples, C:/Users/DANG THE HUNG/OneDrive - King's College London/Msc study/7MRI0070 - Navigation in Robotic/Module/My_extension\Segmentation_k_mean, C:/Users/DANG THE HUNG/OneDrive - King's College London/Msc study/7MRI0070 - Navigation in Robotic/Module/My_extension\My_function, C:/Users/DANG THE HUNG/OneDrive - King's College London/Msc study/7MRI0070 - Navigation in Robotic/Module/My_extension\Pathway_planning
[DEBUG][Python] 23.03.2024 18:54:08 [Python] (D:\Program\Slicer 5.6.1\lib\Slicer-5.6\qt-scripted-modules\SubjectHierarchyPlugins\AbstractScriptedSubjectHierarchyPlugin.py:39) - Scripted subject hierarchy plugin registered: SegmentEditor
[DEBUG][Python] 23.03.2024 18:54:08 [Python] (D:\Program\Slicer 5.6.1\lib\Slicer-5.6\qt-scripted-modules\SubjectHierarchyPlugins\AbstractScriptedSubjectHierarchyPlugin.py:39) - Scripted subject hierarchy plugin registered: SegmentStatistics
[DEBUG][Qt] 23.03.2024 18:54:08 [] (unknown:0) - Switch to module:  "Welcome"
[DEBUG][Qt] 23.03.2024 18:54:34 [] (unknown:0) - Switch to module:  "Pathway_planning"
[INFO][Stream] 23.03.2024 18:54:37 [] (unknown:0) -
[INFO][Stream] 23.03.2024 18:54:37 [] (unknown:0) -
[INFO][Stream] 23.03.2024 18:54:37 [] (unknown:0) -
[INFO][Stream] 23.03.2024 18:54:37 [] (unknown:0) - ------------------------------
[INFO][Stream] 23.03.2024 18:54:37 [] (unknown:0) - Reloading module: Pathway_planning
[INFO][Stream] 23.03.2024 18:54:37 [] (unknown:0) - ------------------------------
[INFO][Stream] 23.03.2024 18:54:37 [] (unknown:0) -
[INFO][Stream] 23.03.2024 18:54:37 [] (unknown:0) -
[INFO][Stream] 23.03.2024 18:54:37 [] (unknown:0) -
[DEBUG][Qt] 23.03.2024 18:54:38 [] (unknown:0) - "Markups" Reader has successfully read the file "D:\\Code\\3D_slicer\\Navigation_robotics\\Data\\Week_2_4_TestSet_Path_planning\\entriesSubsample.fcsv" "[0.03s]"
[DEBUG][Qt] 23.03.2024 18:54:38 [] (unknown:0) - "Markups" Reader has successfully read the file "D:\\Code\\3D_slicer\\Navigation_robotics\\Data\\Week_2_4_TestSet_Path_planning\\targetsSubsample.fcsv" "[0.03s]"
[DEBUG][Qt] 23.03.2024 18:54:38 [] (unknown:0) - "Volume" Reader has successfully read the file "D:\\Code\\3D_slicer\\Navigation_robotics\\Data\\Week_2_4_TestSet_Path_planning\\r_cortexTest.nii.gz" "[0.07s]"
[DEBUG][Qt] 23.03.2024 18:54:38 [] (unknown:0) - "Volume" Reader has successfully read the file "D:\\Code\\3D_slicer\\Navigation_robotics\\Data\\Week_2_4_TestSet_Path_planning\\r_hippoTest.nii.gz" "[0.04s]"
[DEBUG][Qt] 23.03.2024 18:54:38 [] (unknown:0) - "Volume" Reader has successfully read the file "D:\\Code\\3D_slicer\\Navigation_robotics\\Data\\Week_2_4_TestSet_Path_planning\\ventriclesTest.nii.gz" "[0.04s]"
[DEBUG][Qt] 23.03.2024 18:54:38 [] (unknown:0) - "Volume" Reader has successfully read the file "D:\\Code\\3D_slicer\\Navigation_robotics\\Data\\Week_2_4_TestSet_Path_planning\\vesselsTestDilate1.nii.gz" "[0.04s]"
[DEBUG][Qt] 23.03.2024 18:54:38 [] (unknown:0) - "Volume" Reader has successfully read the file "D:\\Code\\3D_slicer\\Navigation_robotics\\Data\\Week_2_4_TestSet_Path_planning\\fakeBrainTest.nii.gz" "[0.08s]"
[INFO][Stream] 23.03.2024 18:54:38 [] (unknown:0) - Number of entries is: 48
[INFO][Stream] 23.03.2024 18:54:38 [] (unknown:0) - Number of targets is: 21
[CRITICAL][Stream] 23.03.2024 18:54:39 [] (unknown:0) - Test passed: Model Creation
[INFO][Python] 23.03.2024 18:54:39 [Python] (C:/Users/DANG THE HUNG/OneDrive - King's College London/Msc study/7MRI0070 - Navigation in Robotic/Module/My_extension/Pathway_planning/Pathway_planning.py:1072) - Test passed: Model Creation
[INFO][Python] 23.03.2024 18:54:39 [Python] (D:\Program\Slicer 5.6.1\bin\Python\slicer\util.py:2877) - Test passed: Model Creation
[CRITICAL][Stream] 23.03.2024 18:54:39 [] (unknown:0) - Test passed: Check a Point in List is in a Label Volume Node
[INFO][Python] 23.03.2024 18:54:39 [Python] (C:/Users/DANG THE HUNG/OneDrive - King's College London/Msc study/7MRI0070 - Navigation in Robotic/Module/My_extension/Pathway_planning/Pathway_planning.py:1072) - Test passed: Check a Point in List is in a Label Volume Node
[INFO][Python] 23.03.2024 18:54:39 [Python] (D:\Program\Slicer 5.6.1\bin\Python\slicer\util.py:2877) - Test passed: Check a Point in List is in a Label Volume Node
[CRITICAL][Stream] 23.03.2024 18:54:40 [] (unknown:0) - Test passed: Get Distance from a Line in List to a Label Volume Node
[INFO][Python] 23.03.2024 18:54:40 [Python] (C:/Users/DANG THE HUNG/OneDrive - King's College London/Msc study/7MRI0070 - Navigation in Robotic/Module/My_extension/Pathway_planning/Pathway_planning.py:1072) - Test passed: Get Distance from a Line in List to a Label Volume Node
[INFO][Python] 23.03.2024 18:54:40 [Python] (D:\Program\Slicer 5.6.1\bin\Python\slicer\util.py:2877) - Test passed: Get Distance from a Line in List to a Label Volume Node
[CRITICAL][Stream] 23.03.2024 18:54:41 [] (unknown:0) - Unit test passed: Convert IJK to RAS
[INFO][Python] 23.03.2024 18:54:41 [Python] (C:/Users/DANG THE HUNG/OneDrive - King's College London/Msc study/7MRI0070 - Navigation in Robotic/Module/My_extension/Pathway_planning/Pathway_planning.py:1079) - Unit test passed: Convert IJK to RAS
[CRITICAL][Stream] 23.03.2024 18:54:41 [] (unknown:0) - Unit test passed: Convert RAS to IJK
[INFO][Python] 23.03.2024 18:54:41 [Python] (C:/Users/DANG THE HUNG/OneDrive - King's College London/Msc study/7MRI0070 - Navigation in Robotic/Module/My_extension/Pathway_planning/Pathway_planning.py:1079) - Unit test passed: Convert RAS to IJK
[CRITICAL][Stream] 23.03.2024 18:54:41 [] (unknown:0) - Unit test passed: Get 3x3x3 Matrix at one Position from a bigger Matrix
[INFO][Python] 23.03.2024 18:54:41 [Python] (C:/Users/DANG THE HUNG/OneDrive - King's College London/Msc study/7MRI0070 - Navigation in Robotic/Module/My_extension/Pathway_planning/Pathway_planning.py:1079) - Unit test passed: Get 3x3x3 Matrix at one Position from a bigger Matrix
[CRITICAL][Stream] 23.03.2024 18:54:41 [] (unknown:0) - Unit test passed: Get 2x2x2 Matrix at one Position from a bigger Matrix
[INFO][Python] 23.03.2024 18:54:41 [Python] (C:/Users/DANG THE HUNG/OneDrive - King's College London/Msc study/7MRI0070 - Navigation in Robotic/Module/My_extension/Pathway_planning/Pathway_planning.py:1079) - Unit test passed: Get 2x2x2 Matrix at one Position from a bigger Matrix
[INFO][Stream] 23.03.2024 18:57:29 [] (unknown:0) -
[INFO][Stream] 23.03.2024 18:57:29 [] (unknown:0) -
[INFO][Stream] 23.03.2024 18:57:29 [] (unknown:0) -
[INFO][Stream] 23.03.2024 18:57:29 [] (unknown:0) - ------------------------------
[INFO][Stream] 23.03.2024 18:57:29 [] (unknown:0) - Reloading module: Pathway_planning
[INFO][Stream] 23.03.2024 18:57:29 [] (unknown:0) - ------------------------------
[INFO][Stream] 23.03.2024 18:57:29 [] (unknown:0) -
[INFO][Stream] 23.03.2024 18:57:29 [] (unknown:0) -
[INFO][Stream] 23.03.2024 18:57:29 [] (unknown:0) -
[INFO][Stream] 23.03.2024 18:58:09 [] (unknown:0) -
[INFO][Stream] 23.03.2024 18:58:09 [] (unknown:0) -
[INFO][Stream] 23.03.2024 18:58:09 [] (unknown:0) -
[INFO][Stream] 23.03.2024 18:58:09 [] (unknown:0) - ------------------------------
[INFO][Stream] 23.03.2024 18:58:09 [] (unknown:0) - Reloading module: Pathway_planning
[INFO][Stream] 23.03.2024 18:58:09 [] (unknown:0) - ------------------------------
[INFO][Stream] 23.03.2024 18:58:09 [] (unknown:0) -
[INFO][Stream] 23.03.2024 18:58:09 [] (unknown:0) -
[INFO][Stream] 23.03.2024 18:58:09 [] (unknown:0) -
[ERROR][VTK] 23.03.2024 18:58:09 [vtkMRMLSubjectHierarchyNode (000002056828F630)] (vtkMRMLSubjectHierarchyNode.cxx:2983) - vtkSubjectHierarchyItem::DataNodeCache inconsistency found
[DEBUG][Qt] 23.03.2024 18:58:09 [] (unknown:0) - "Markups" Reader has successfully read the file "D:\\Code\\3D_slicer\\Navigation_robotics\\Data\\Week_2_4_TestSet_Path_planning\\entriesSubsample.fcsv" "[0.02s]"
[DEBUG][Qt] 23.03.2024 18:58:09 [] (unknown:0) - "Markups" Reader has successfully read the file "D:\\Code\\3D_slicer\\Navigation_robotics\\Data\\Week_2_4_TestSet_Path_planning\\targetsSubsample.fcsv" "[0.01s]"
[DEBUG][Qt] 23.03.2024 18:58:09 [] (unknown:0) - "Volume" Reader has successfully read the file "D:\\Code\\3D_slicer\\Navigation_robotics\\Data\\Week_2_4_TestSet_Path_planning\\r_cortexTest.nii.gz" "[0.03s]"
[DEBUG][Qt] 23.03.2024 18:58:09 [] (unknown:0) - "Volume" Reader has successfully read the file "D:\\Code\\3D_slicer\\Navigation_robotics\\Data\\Week_2_4_TestSet_Path_planning\\r_hippoTest.nii.gz" "[0.02s]"
[DEBUG][Qt] 23.03.2024 18:58:09 [] (unknown:0) - "Volume" Reader has successfully read the file "D:\\Code\\3D_slicer\\Navigation_robotics\\Data\\Week_2_4_TestSet_Path_planning\\ventriclesTest.nii.gz" "[0.02s]"
[DEBUG][Qt] 23.03.2024 18:58:09 [] (unknown:0) - "Volume" Reader has successfully read the file "D:\\Code\\3D_slicer\\Navigation_robotics\\Data\\Week_2_4_TestSet_Path_planning\\vesselsTestDilate1.nii.gz" "[0.02s]"
[DEBUG][Qt] 23.03.2024 18:58:09 [] (unknown:0) - "Volume" Reader has successfully read the file "D:\\Code\\3D_slicer\\Navigation_robotics\\Data\\Week_2_4_TestSet_Path_planning\\fakeBrainTest.nii.gz" "[0.03s]"
[INFO][Stream] 23.03.2024 18:58:09 [] (unknown:0) - Number of entries is: 48
[INFO][Stream] 23.03.2024 18:58:09 [] (unknown:0) - Number of targets is: 21
[CRITICAL][Stream] 23.03.2024 18:58:09 [] (unknown:0) - Test passed: Model Creation
[INFO][Python] 23.03.2024 18:58:09 [Python] (C:/Users/DANG THE HUNG/OneDrive - King's College London/Msc study/7MRI0070 - Navigation in Robotic/Module/My_extension/Pathway_planning/Pathway_planning.py:1074) - Test passed: Model Creation
[INFO][Python] 23.03.2024 18:58:09 [Python] (D:\Program\Slicer 5.6.1\bin\Python\slicer\util.py:2877) - Test passed: Model Creation
[CRITICAL][Stream] 23.03.2024 18:58:10 [] (unknown:0) - Test passed: Check a Point in List is in a Label Volume Node
[INFO][Python] 23.03.2024 18:58:10 [Python] (C:/Users/DANG THE HUNG/OneDrive - King's College London/Msc study/7MRI0070 - Navigation in Robotic/Module/My_extension/Pathway_planning/Pathway_planning.py:1074) - Test passed: Check a Point in List is in a Label Volume Node
[INFO][Python] 23.03.2024 18:58:10 [Python] (D:\Program\Slicer 5.6.1\bin\Python\slicer\util.py:2877) - Test passed: Check a Point in List is in a Label Volume Node
[CRITICAL][Stream] 23.03.2024 18:58:11 [] (unknown:0) - Test passed: Get Distance from a Line in List to a Label Volume Node
[INFO][Python] 23.03.2024 18:58:11 [Python] (C:/Users/DANG THE HUNG/OneDrive - King's College London/Msc study/7MRI0070 - Navigation in Robotic/Module/My_extension/Pathway_planning/Pathway_planning.py:1074) - Test passed: Get Distance from a Line in List to a Label Volume Node
[INFO][Python] 23.03.2024 18:58:11 [Python] (D:\Program\Slicer 5.6.1\bin\Python\slicer\util.py:2877) - Test passed: Get Distance from a Line in List to a Label Volume Node
[CRITICAL][Stream] 23.03.2024 18:58:12 [] (unknown:0) - Unit test passed: Convert IJK to RAS
[INFO][Python] 23.03.2024 18:58:12 [Python] (C:/Users/DANG THE HUNG/OneDrive - King's College London/Msc study/7MRI0070 - Navigation in Robotic/Module/My_extension/Pathway_planning/Pathway_planning.py:1081) - Unit test passed: Convert IJK to RAS
[CRITICAL][Stream] 23.03.2024 18:58:12 [] (unknown:0) - Unit test passed: Convert RAS to IJK
[INFO][Python] 23.03.2024 18:58:12 [Python] (C:/Users/DANG THE HUNG/OneDrive - King's College London/Msc study/7MRI0070 - Navigation in Robotic/Module/My_extension/Pathway_planning/Pathway_planning.py:1081) - Unit test passed: Convert RAS to IJK
[CRITICAL][Stream] 23.03.2024 18:58:12 [] (unknown:0) - Unit test passed: Get 3x3x3 Matrix at one Position from a bigger Matrix
[INFO][Python] 23.03.2024 18:58:12 [Python] (C:/Users/DANG THE HUNG/OneDrive - King's College London/Msc study/7MRI0070 - Navigation in Robotic/Module/My_extension/Pathway_planning/Pathway_planning.py:1081) - Unit test passed: Get 3x3x3 Matrix at one Position from a bigger Matrix
[CRITICAL][Stream] 23.03.2024 18:58:12 [] (unknown:0) - Unit test passed: Get 2x2x2 Matrix at one Position from a bigger Matrix
[INFO][Python] 23.03.2024 18:58:12 [Python] (C:/Users/DANG THE HUNG/OneDrive - King's College London/Msc study/7MRI0070 - Navigation in Robotic/Module/My_extension/Pathway_planning/Pathway_planning.py:1081) - Unit test passed: Get 2x2x2 Matrix at one Position from a bigger Matrix
[INFO][Stream] 23.03.2024 18:58:12 [] (unknown:0) -
[INFO][Stream] 23.03.2024 18:58:12 [] (unknown:0) -
[INFO][Stream] 23.03.2024 18:58:12 [] (unknown:0) -
[INFO][Stream] 23.03.2024 18:58:12 [] (unknown:0) - ------------------------------
[INFO][Stream] 23.03.2024 18:58:12 [] (unknown:0) - Reloading module: Pathway_planning
[INFO][Stream] 23.03.2024 18:58:12 [] (unknown:0) - ------------------------------
[INFO][Stream] 23.03.2024 18:58:12 [] (unknown:0) -
[INFO][Stream] 23.03.2024 18:58:12 [] (unknown:0) -
[INFO][Stream] 23.03.2024 18:58:12 [] (unknown:0) -
[INFO][Python] 23.03.2024 18:58:14 [Python] (C:/Users/DANG THE HUNG/OneDrive - King's College London/Msc study/7MRI0070 - Navigation in Robotic/Module/My_extension/Pathway_planning/Pathway_planning.py:467) - Processing started
[INFO][Stream] 23.03.2024 18:58:14 [] (unknown:0) - []
[INFO][Stream] 23.03.2024 18:58:14 [] (unknown:0) - []
[INFO][Python] 23.03.2024 18:58:14 [Python] (C:/Users/DANG THE HUNG/OneDrive - King's College London/Msc study/7MRI0070 - Navigation in Robotic/Module/My_extension/Pathway_planning/Pathway_planning.py:496) - Processing completed in 0.06 seconds
[INFO][Stream] 23.03.2024 18:58:14 [] (unknown:0) - Processing completed in 0.06 seconds
[INFO][Python] 23.03.2024 18:58:31 [Python] (C:/Users/DANG THE HUNG/OneDrive - King's College London/Msc study/7MRI0070 - Navigation in Robotic/Module/My_extension/Pathway_planning/Pathway_planning.py:467) - Processing started
[INFO][Stream] 23.03.2024 18:58:31 [] (unknown:0) - [-0. -0. -0. -0. -0. -0. -0. -0. -0. -0. -0. -0. -0. -0. -0. -0. -0. -0.
[INFO][Stream] 23.03.2024 18:58:31 [] (unknown:0) -  -0. -0. -0. -0. -0. -0. -0. -0. -0. -0. -0. -0. -0. -0. -0. -0. -0. -0.
[INFO][Stream] 23.03.2024 18:58:31 [] (unknown:0) -  -0. 16. 16. 16. 16. 16. -0. 16. 16. 16. 16. 16.]
[INFO][Stream] 23.03.2024 18:58:31 [] (unknown:0) - [[154. 106. 123.]]
[INFO][Python] 23.03.2024 18:58:31 [Python] (C:/Users/DANG THE HUNG/OneDrive - King's College London/Msc study/7MRI0070 - Navigation in Robotic/Module/My_extension/Pathway_planning/Pathway_planning.py:496) - Processing completed in 0.08 seconds
[INFO][Stream] 23.03.2024 18:58:31 [] (unknown:0) - Processing completed in 0.08 seconds
[INFO][Stream] 23.03.2024 19:00:23 [] (unknown:0) -
[INFO][Stream] 23.03.2024 19:00:23 [] (unknown:0) -
[INFO][Stream] 23.03.2024 19:00:23 [] (unknown:0) -
[INFO][Stream] 23.03.2024 19:00:23 [] (unknown:0) - ------------------------------
[INFO][Stream] 23.03.2024 19:00:23 [] (unknown:0) - Reloading module: Pathway_planning
[INFO][Stream] 23.03.2024 19:00:23 [] (unknown:0) - ------------------------------
[INFO][Stream] 23.03.2024 19:00:23 [] (unknown:0) -
[INFO][Stream] 23.03.2024 19:00:23 [] (unknown:0) -
[INFO][Stream] 23.03.2024 19:00:23 [] (unknown:0) -
[INFO][Python] 23.03.2024 19:00:24 [Python] (C:/Users/DANG THE HUNG/OneDrive - King's College London/Msc study/7MRI0070 - Navigation in Robotic/Module/My_extension/Pathway_planning/Pathway_planning.py:467) - Processing started
[INFO][Stream] 23.03.2024 19:00:24 [] (unknown:0) - (10, 2, 3)
[INFO][Stream] 23.03.2024 19:00:24 [] (unknown:0) - [[154. 106. 123.]]
[INFO][Python] 23.03.2024 19:00:24 [Python] (C:/Users/DANG THE HUNG/OneDrive - King's College London/Msc study/7MRI0070 - Navigation in Robotic/Module/My_extension/Pathway_planning/Pathway_planning.py:498) - Processing completed in 0.07 seconds
[INFO][Stream] 23.03.2024 19:00:24 [] (unknown:0) - Processing completed in 0.07 seconds
[INFO][Stream] 23.03.2024 19:01:37 [] (unknown:0) -
[INFO][Stream] 23.03.2024 19:01:37 [] (unknown:0) -
[INFO][Stream] 23.03.2024 19:01:37 [] (unknown:0) -
[INFO][Stream] 23.03.2024 19:01:37 [] (unknown:0) - ------------------------------
[INFO][Stream] 23.03.2024 19:01:37 [] (unknown:0) - Reloading module: Pathway_planning
[INFO][Stream] 23.03.2024 19:01:37 [] (unknown:0) - ------------------------------
[INFO][Stream] 23.03.2024 19:01:37 [] (unknown:0) -
[INFO][Stream] 23.03.2024 19:01:37 [] (unknown:0) -
[INFO][Stream] 23.03.2024 19:01:37 [] (unknown:0) -
[INFO][Python] 23.03.2024 19:01:38 [Python] (C:/Users/DANG THE HUNG/OneDrive - King's College London/Msc study/7MRI0070 - Navigation in Robotic/Module/My_extension/Pathway_planning/Pathway_planning.py:467) - Processing started
[INFO][Stream] 23.03.2024 19:01:38 [] (unknown:0) - (0, 2, 3)
[INFO][Stream] 23.03.2024 19:01:38 [] (unknown:0) - [[154. 106. 123.]]
[INFO][Python] 23.03.2024 19:01:38 [Python] (C:/Users/DANG THE HUNG/OneDrive - King's College London/Msc study/7MRI0070 - Navigation in Robotic/Module/My_extension/Pathway_planning/Pathway_planning.py:506) - Processing completed in 0.10 seconds
[INFO][Stream] 23.03.2024 19:01:38 [] (unknown:0) - Processing completed in 0.10 seconds
[INFO][Stream] 23.03.2024 19:01:42 [] (unknown:0) -
[INFO][Stream] 23.03.2024 19:01:42 [] (unknown:0) -
[INFO][Stream] 23.03.2024 19:01:42 [] (unknown:0) -
[INFO][Stream] 23.03.2024 19:01:42 [] (unknown:0) - ------------------------------
[INFO][Stream] 23.03.2024 19:01:42 [] (unknown:0) - Reloading module: Pathway_planning
[INFO][Stream] 23.03.2024 19:01:42 [] (unknown:0) - ------------------------------
[INFO][Stream] 23.03.2024 19:01:42 [] (unknown:0) -
[INFO][Stream] 23.03.2024 19:01:42 [] (unknown:0) -
[INFO][Stream] 23.03.2024 19:01:42 [] (unknown:0) -
[INFO][Python] 23.03.2024 19:01:43 [Python] (C:/Users/DANG THE HUNG/OneDrive - King's College London/Msc study/7MRI0070 - Navigation in Robotic/Module/My_extension/Pathway_planning/Pathway_planning.py:467) - Processing started
[INFO][Stream] 23.03.2024 19:01:43 [] (unknown:0) - (0, 2, 3)
[INFO][Stream] 23.03.2024 19:01:43 [] (unknown:0) - [[154. 106. 123.]]
[INFO][Python] 23.03.2024 19:01:44 [Python] (C:/Users/DANG THE HUNG/OneDrive - King's College London/Msc study/7MRI0070 - Navigation in Robotic/Module/My_extension/Pathway_planning/Pathway_planning.py:506) - Processing completed in 0.11 seconds
[INFO][Stream] 23.03.2024 19:01:44 [] (unknown:0) - Processing completed in 0.11 seconds
[DEBUG][Qt] 23.03.2024 19:01:49 [] (unknown:0) - Switch to module:  "Data"
[DEBUG][Qt] 23.03.2024 19:01:58 [] (unknown:0) - Switch to module:  "Pathway_planning"
[CRITICAL][Stream] 23.03.2024 19:01:58 [] (unknown:0) - D:\Program\Slicer 5.6.1\bin\Python\slicer\util.py:2786: UserWarning: does not have observer
[CRITICAL][Stream] 23.03.2024 19:01:58 [] (unknown:0) -   warn("does not have observer")
[INFO][Stream] 23.03.2024 19:02:00 [] (unknown:0) - Number of entries is: 48
[INFO][Stream] 23.03.2024 19:02:00 [] (unknown:0) - Number of targets is: 21
[WARNING][VTK] 23.03.2024 19:02:00 [vtkMRMLSubjectHierarchyNode (000002056828F630)] (vtkMRMLSubjectHierarchyNode.cxx:2128) - SetItemName: Invalid item ID given
[DEBUG][Qt] 23.03.2024 19:02:02 [] (unknown:0) - Switch to module:  "Data"
[ERROR][VTK] 23.03.2024 19:04:23 [vtkMRMLSubjectHierarchyNode (000002056828F630)] (vtkMRMLSubjectHierarchyNode.cxx:2983) - vtkSubjectHierarchyItem::DataNodeCache inconsistency found
[DEBUG][Qt] 23.03.2024 19:04:51 [] (unknown:0) - Switch to module:  "Pathway_planning"
[INFO][Stream] 23.03.2024 19:06:56 [] (unknown:0) -
[INFO][Stream] 23.03.2024 19:06:56 [] (unknown:0) -
[INFO][Stream] 23.03.2024 19:06:56 [] (unknown:0) -
[INFO][Stream] 23.03.2024 19:06:56 [] (unknown:0) - ------------------------------
[INFO][Stream] 23.03.2024 19:06:56 [] (unknown:0) - Reloading module: Pathway_planning
[INFO][Stream] 23.03.2024 19:06:56 [] (unknown:0) - ------------------------------
[INFO][Stream] 23.03.2024 19:06:56 [] (unknown:0) -
[INFO][Stream] 23.03.2024 19:06:56 [] (unknown:0) -
[INFO][Stream] 23.03.2024 19:06:56 [] (unknown:0) -
[INFO][Python] 23.03.2024 19:06:58 [Python] (C:/Users/DANG THE HUNG/OneDrive - King's College London/Msc study/7MRI0070 - Navigation in Robotic/Module/My_extension/Pathway_planning/Pathway_planning.py:467) - Processing started
[INFO][Stream] 23.03.2024 19:06:58 [] (unknown:0) - [-0. -0. -0. -0. -0. -0. -0. -0. -0. -0. -0. -0. -0. -0. -0. -0. -0. -0.
[INFO][Stream] 23.03.2024 19:06:58 [] (unknown:0) -  -0. -0. -0. -0. -0. -0. -0. -0. -0. -0. -0. -0. -0. -0. -0. -0. -0. -0.
[INFO][Stream] 23.03.2024 19:06:58 [] (unknown:0) -  -0. 16. 16. 16. 16. 16. -0. 16. 16. 16. 16. 16.]
[INFO][Stream] 23.03.2024 19:06:58 [] (unknown:0) - [0. 0. 0. 0. 0. 0. 0. 0. 0. 0.]
[INFO][Stream] 23.03.2024 19:06:58 [] (unknown:0) - (0, 2, 3)
[INFO][Stream] 23.03.2024 19:06:58 [] (unknown:0) - [[154. 106. 123.]]
[INFO][Python] 23.03.2024 19:06:58 [Python] (C:/Users/DANG THE HUNG/OneDrive - King's College London/Msc study/7MRI0070 - Navigation in Robotic/Module/My_extension/Pathway_planning/Pathway_planning.py:508) - Processing completed in 0.13 seconds
[INFO][Stream] 23.03.2024 19:06:58 [] (unknown:0) - Processing completed in 0.13 seconds
[INFO][Stream] 23.03.2024 19:07:20 [] (unknown:0) -
[INFO][Stream] 23.03.2024 19:07:20 [] (unknown:0) -
[INFO][Stream] 23.03.2024 19:07:20 [] (unknown:0) -
[INFO][Stream] 23.03.2024 19:07:20 [] (unknown:0) - ------------------------------
[INFO][Stream] 23.03.2024 19:07:20 [] (unknown:0) - Reloading module: Pathway_planning
[INFO][Stream] 23.03.2024 19:07:20 [] (unknown:0) - ------------------------------
[INFO][Stream] 23.03.2024 19:07:20 [] (unknown:0) -
[INFO][Stream] 23.03.2024 19:07:20 [] (unknown:0) -
[INFO][Stream] 23.03.2024 19:07:20 [] (unknown:0) -
[WARNING][VTK] 23.03.2024 19:07:20 [] (unknown:0) - Generic Warning: In vtkSlicerSegmentationsModuleLogic.cxx, line 702
vtkSlicerSegmentationsModuleLogic::GetSegmentForSegmentSubjectHierarchyItem: Invalid MRML scene
[WARNING][VTK] 23.03.2024 19:07:20 [] (unknown:0) - Generic Warning: In vtkSlicerSegmentationsModuleLogic.cxx, line 702
vtkSlicerSegmentationsModuleLogic::GetSegmentForSegmentSubjectHierarchyItem: Invalid MRML scene
[ERROR][VTK] 23.03.2024 19:07:20 [vtkMRMLSubjectHierarchyNode (000002056F563810)] (vtkMRMLSubjectHierarchyNode.cxx:2983) - vtkSubjectHierarchyItem::DataNodeCache inconsistency found
[DEBUG][Qt] 23.03.2024 19:07:20 [] (unknown:0) - "Markups" Reader has successfully read the file "D:\\Code\\3D_slicer\\Navigation_robotics\\Data\\Week_2_4_TestSet_Path_planning\\entriesSubsample.fcsv" "[0.02s]"
[DEBUG][Qt] 23.03.2024 19:07:20 [] (unknown:0) - "Markups" Reader has successfully read the file "D:\\Code\\3D_slicer\\Navigation_robotics\\Data\\Week_2_4_TestSet_Path_planning\\targetsSubsample.fcsv" "[0.02s]"
[DEBUG][Qt] 23.03.2024 19:07:20 [] (unknown:0) - "Volume" Reader has successfully read the file "D:\\Code\\3D_slicer\\Navigation_robotics\\Data\\Week_2_4_TestSet_Path_planning\\r_cortexTest.nii.gz" "[0.04s]"
[DEBUG][Qt] 23.03.2024 19:07:20 [] (unknown:0) - "Volume" Reader has successfully read the file "D:\\Code\\3D_slicer\\Navigation_robotics\\Data\\Week_2_4_TestSet_Path_planning\\r_hippoTest.nii.gz" "[0.02s]"
[DEBUG][Qt] 23.03.2024 19:07:20 [] (unknown:0) - "Volume" Reader has successfully read the file "D:\\Code\\3D_slicer\\Navigation_robotics\\Data\\Week_2_4_TestSet_Path_planning\\ventriclesTest.nii.gz" "[0.02s]"
[DEBUG][Qt] 23.03.2024 19:07:20 [] (unknown:0) - "Volume" Reader has successfully read the file "D:\\Code\\3D_slicer\\Navigation_robotics\\Data\\Week_2_4_TestSet_Path_planning\\vesselsTestDilate1.nii.gz" "[0.02s]"
[DEBUG][Qt] 23.03.2024 19:07:20 [] (unknown:0) - "Volume" Reader has successfully read the file "D:\\Code\\3D_slicer\\Navigation_robotics\\Data\\Week_2_4_TestSet_Path_planning\\fakeBrainTest.nii.gz" "[0.04s]"
[INFO][Stream] 23.03.2024 19:07:21 [] (unknown:0) - Number of entries is: 48
[INFO][Stream] 23.03.2024 19:07:21 [] (unknown:0) - Number of targets is: 21
[CRITICAL][Stream] 23.03.2024 19:07:21 [] (unknown:0) - Test passed: Model Creation
[INFO][Python] 23.03.2024 19:07:21 [Python] (C:/Users/DANG THE HUNG/OneDrive - King's College London/Msc study/7MRI0070 - Navigation in Robotic/Module/My_extension/Pathway_planning/Pathway_planning.py:1083) - Test passed: Model Creation
[INFO][Python] 23.03.2024 19:07:21 [Python] (D:\Program\Slicer 5.6.1\bin\Python\slicer\util.py:2877) - Test passed: Model Creation
[CRITICAL][Stream] 23.03.2024 19:07:22 [] (unknown:0) - Test passed: Check a Point in List is in a Label Volume Node
[INFO][Python] 23.03.2024 19:07:22 [Python] (C:/Users/DANG THE HUNG/OneDrive - King's College London/Msc study/7MRI0070 - Navigation in Robotic/Module/My_extension/Pathway_planning/Pathway_planning.py:1083) - Test passed: Check a Point in List is in a Label Volume Node
[INFO][Python] 23.03.2024 19:07:22 [Python] (D:\Program\Slicer 5.6.1\bin\Python\slicer\util.py:2877) - Test passed: Check a Point in List is in a Label Volume Node
[CRITICAL][Stream] 23.03.2024 19:07:22 [] (unknown:0) - Test passed: Get Distance from a Line in List to a Label Volume Node
[INFO][Python] 23.03.2024 19:07:22 [Python] (C:/Users/DANG THE HUNG/OneDrive - King's College London/Msc study/7MRI0070 - Navigation in Robotic/Module/My_extension/Pathway_planning/Pathway_planning.py:1083) - Test passed: Get Distance from a Line in List to a Label Volume Node
[INFO][Python] 23.03.2024 19:07:22 [Python] (D:\Program\Slicer 5.6.1\bin\Python\slicer\util.py:2877) - Test passed: Get Distance from a Line in List to a Label Volume Node
[CRITICAL][Stream] 23.03.2024 19:07:23 [] (unknown:0) - Unit test passed: Convert IJK to RAS
[INFO][Python] 23.03.2024 19:07:23 [Python] (C:/Users/DANG THE HUNG/OneDrive - King's College London/Msc study/7MRI0070 - Navigation in Robotic/Module/My_extension/Pathway_planning/Pathway_planning.py:1090) - Unit test passed: Convert IJK to RAS
[CRITICAL][Stream] 23.03.2024 19:07:23 [] (unknown:0) - Unit test passed: Convert RAS to IJK
[INFO][Python] 23.03.2024 19:07:23 [Python] (C:/Users/DANG THE HUNG/OneDrive - King's College London/Msc study/7MRI0070 - Navigation in Robotic/Module/My_extension/Pathway_planning/Pathway_planning.py:1090) - Unit test passed: Convert RAS to IJK
[CRITICAL][Stream] 23.03.2024 19:07:23 [] (unknown:0) - Unit test passed: Get 3x3x3 Matrix at one Position from a bigger Matrix
[INFO][Python] 23.03.2024 19:07:23 [Python] (C:/Users/DANG THE HUNG/OneDrive - King's College London/Msc study/7MRI0070 - Navigation in Robotic/Module/My_extension/Pathway_planning/Pathway_planning.py:1090) - Unit test passed: Get 3x3x3 Matrix at one Position from a bigger Matrix
[CRITICAL][Stream] 23.03.2024 19:07:23 [] (unknown:0) - Unit test passed: Get 2x2x2 Matrix at one Position from a bigger Matrix
[INFO][Python] 23.03.2024 19:07:23 [Python] (C:/Users/DANG THE HUNG/OneDrive - King's College London/Msc study/7MRI0070 - Navigation in Robotic/Module/My_extension/Pathway_planning/Pathway_planning.py:1090) - Unit test passed: Get 2x2x2 Matrix at one Position from a bigger Matrix
[INFO][Stream] 23.03.2024 19:07:29 [] (unknown:0) -
[INFO][Stream] 23.03.2024 19:07:29 [] (unknown:0) -
[INFO][Stream] 23.03.2024 19:07:29 [] (unknown:0) -
[INFO][Stream] 23.03.2024 19:07:29 [] (unknown:0) - ------------------------------
[INFO][Stream] 23.03.2024 19:07:29 [] (unknown:0) - Reloading module: Pathway_planning
[INFO][Stream] 23.03.2024 19:07:29 [] (unknown:0) - ------------------------------
[INFO][Stream] 23.03.2024 19:07:29 [] (unknown:0) -
[INFO][Stream] 23.03.2024 19:07:29 [] (unknown:0) -
[INFO][Stream] 23.03.2024 19:07:29 [] (unknown:0) -
[INFO][Python] 23.03.2024 19:07:44 [Python] (C:/Users/DANG THE HUNG/OneDrive - King's College London/Msc study/7MRI0070 - Navigation in Robotic/Module/My_extension/Pathway_planning/Pathway_planning.py:467) - Processing started
[INFO][Stream] 23.03.2024 19:07:44 [] (unknown:0) - [-0. -0. -0. -0. -0. -0. -0. -0. -0. -0. -0. -0. -0. -0. -0. -0. -0. -0.
[INFO][Stream] 23.03.2024 19:07:44 [] (unknown:0) -  -0. -0. -0. -0. -0. -0. -0. -0. -0. -0. -0. -0. -0. -0. -0. -0. -0. -0.
[INFO][Stream] 23.03.2024 19:07:44 [] (unknown:0) -  -0. 16. 16. 16. 16. 16. -0. 16. 16. 16. 16. 16.]
[INFO][Stream] 23.03.2024 19:07:44 [] (unknown:0) - [912. 912. 912. 992. 912. 912. 992. 912. 912. 912.]
[ERROR][VTK] 23.03.2024 19:07:44 [vtkMRMLSubjectHierarchyNode (000002056F563810)] (vtkMRMLSubjectHierarchyNode.cxx:2983) - vtkSubjectHierarchyItem::DataNodeCache inconsistency found
[INFO][Python] 23.03.2024 19:07:44 [Python] (C:/Users/DANG THE HUNG/OneDrive - King's College London/Msc study/7MRI0070 - Navigation in Robotic/Module/My_extension/Pathway_planning/Pathway_planning.py:505) - Processing completed in 0.11 seconds
[INFO][Stream] 23.03.2024 19:07:44 [] (unknown:0) - Processing completed in 0.11 seconds
[DEBUG][Qt] 23.03.2024 19:08:22 [] (unknown:0) - Switch to module:  "Data"
[DEBUG][Qt] 23.03.2024 19:08:31 [] (unknown:0) - Python console user input: name = "fakeBrainTest"
[DEBUG][Qt] 23.03.2024 19:09:00 [] (unknown:0) - Python console user input: getNode(name).GetImageData().GetDimensions()
[INFO][Stream] 23.03.2024 19:09:00 [] (unknown:0) - (64, 64, 55)
[DEBUG][Qt] 23.03.2024 19:09:13 [] (unknown:0) - Python console user input: name = "ventriclesTest"
[DEBUG][Qt] 23.03.2024 19:09:15 [] (unknown:0) - Python console user input: getNode(name).GetImageData().GetDimensions()
[INFO][Stream] 23.03.2024 19:09:15 [] (unknown:0) - (64, 64, 55)
[DEBUG][Qt] 23.03.2024 19:10:55 [] (unknown:0) - Switch to module:  "Pathway_planning"
[CRITICAL][Stream] 23.03.2024 19:10:55 [] (unknown:0) - D:\Program\Slicer 5.6.1\bin\Python\slicer\util.py:2786: UserWarning: does not have observer
[CRITICAL][Stream] 23.03.2024 19:10:55 [] (unknown:0) -   warn("does not have observer")
[INFO][Stream] 23.03.2024 19:10:56 [] (unknown:0) -
[INFO][Stream] 23.03.2024 19:10:56 [] (unknown:0) -
[INFO][Stream] 23.03.2024 19:10:56 [] (unknown:0) -
[INFO][Stream] 23.03.2024 19:10:56 [] (unknown:0) - ------------------------------
[INFO][Stream] 23.03.2024 19:10:56 [] (unknown:0) - Reloading module: Pathway_planning
[INFO][Stream] 23.03.2024 19:10:56 [] (unknown:0) - ------------------------------
[INFO][Stream] 23.03.2024 19:10:56 [] (unknown:0) -
[INFO][Stream] 23.03.2024 19:10:56 [] (unknown:0) -
[INFO][Stream] 23.03.2024 19:10:56 [] (unknown:0) -
[INFO][Python] 23.03.2024 19:10:57 [Python] (C:/Users/DANG THE HUNG/OneDrive - King's College London/Msc study/7MRI0070 - Navigation in Robotic/Module/My_extension/Pathway_planning/Pathway_planning.py:467) - Processing started
[INFO][Stream] 23.03.2024 19:10:58 [] (unknown:0) - (10, 2, 3)
[INFO][Python] 23.03.2024 19:10:58 [Python] (C:/Users/DANG THE HUNG/OneDrive - King's College London/Msc study/7MRI0070 - Navigation in Robotic/Module/My_extension/Pathway_planning/Pathway_planning.py:507) - Processing completed in 0.08 seconds
[INFO][Stream] 23.03.2024 19:10:58 [] (unknown:0) - Processing completed in 0.08 seconds
[INFO][Stream] 23.03.2024 19:11:02 [] (unknown:0) -
[INFO][Stream] 23.03.2024 19:11:02 [] (unknown:0) -
[INFO][Stream] 23.03.2024 19:11:02 [] (unknown:0) -
[INFO][Stream] 23.03.2024 19:11:02 [] (unknown:0) - ------------------------------
[INFO][Stream] 23.03.2024 19:11:02 [] (unknown:0) - Reloading module: Pathway_planning
[INFO][Stream] 23.03.2024 19:11:02 [] (unknown:0) - ------------------------------
[INFO][Stream] 23.03.2024 19:11:02 [] (unknown:0) -
[INFO][Stream] 23.03.2024 19:11:02 [] (unknown:0) -
[INFO][Stream] 23.03.2024 19:11:02 [] (unknown:0) -
[INFO][Python] 23.03.2024 19:11:03 [Python] (C:/Users/DANG THE HUNG/OneDrive - King's College London/Msc study/7MRI0070 - Navigation in Robotic/Module/My_extension/Pathway_planning/Pathway_planning.py:467) - Processing started
[INFO][Stream] 23.03.2024 19:11:03 [] (unknown:0) - (10, 2, 3)
[INFO][Python] 23.03.2024 19:11:03 [Python] (C:/Users/DANG THE HUNG/OneDrive - King's College London/Msc study/7MRI0070 - Navigation in Robotic/Module/My_extension/Pathway_planning/Pathway_planning.py:507) - Processing completed in 0.09 seconds
[INFO][Stream] 23.03.2024 19:11:03 [] (unknown:0) - Processing completed in 0.09 seconds
[INFO][Stream] 23.03.2024 19:11:23 [] (unknown:0) -
[INFO][Stream] 23.03.2024 19:11:23 [] (unknown:0) -
[INFO][Stream] 23.03.2024 19:11:23 [] (unknown:0) -
[INFO][Stream] 23.03.2024 19:11:23 [] (unknown:0) - ------------------------------
[INFO][Stream] 23.03.2024 19:11:23 [] (unknown:0) - Reloading module: Pathway_planning
[INFO][Stream] 23.03.2024 19:11:23 [] (unknown:0) - ------------------------------
[INFO][Stream] 23.03.2024 19:11:23 [] (unknown:0) -
[INFO][Stream] 23.03.2024 19:11:23 [] (unknown:0) -
[INFO][Stream] 23.03.2024 19:11:23 [] (unknown:0) -
[INFO][Python] 23.03.2024 19:11:24 [Python] (C:/Users/DANG THE HUNG/OneDrive - King's College London/Msc study/7MRI0070 - Navigation in Robotic/Module/My_extension/Pathway_planning/Pathway_planning.py:467) - Processing started
[INFO][Stream] 23.03.2024 19:11:24 [] (unknown:0) - (10, 2, 3)
[INFO][Stream] 23.03.2024 19:11:24 [] (unknown:0) - [16. 16. 16. 16. 16. 16. 16. 16. 16. 16.]
[INFO][Python] 23.03.2024 19:11:24 [Python] (C:/Users/DANG THE HUNG/OneDrive - King's College London/Msc study/7MRI0070 - Navigation in Robotic/Module/My_extension/Pathway_planning/Pathway_planning.py:508) - Processing completed in 0.09 seconds
[INFO][Stream] 23.03.2024 19:11:24 [] (unknown:0) - Processing completed in 0.09 seconds
[INFO][Stream] 23.03.2024 19:12:10 [] (unknown:0) -
[INFO][Stream] 23.03.2024 19:12:10 [] (unknown:0) -
[INFO][Stream] 23.03.2024 19:12:10 [] (unknown:0) -
[INFO][Stream] 23.03.2024 19:12:10 [] (unknown:0) - ------------------------------
[INFO][Stream] 23.03.2024 19:12:10 [] (unknown:0) - Reloading module: Pathway_planning
[INFO][Stream] 23.03.2024 19:12:10 [] (unknown:0) - ------------------------------
[INFO][Stream] 23.03.2024 19:12:10 [] (unknown:0) -
[INFO][Stream] 23.03.2024 19:12:10 [] (unknown:0) -
[INFO][Stream] 23.03.2024 19:12:10 [] (unknown:0) -
[INFO][Python] 23.03.2024 19:12:11 [Python] (C:/Users/DANG THE HUNG/OneDrive - King's College London/Msc study/7MRI0070 - Navigation in Robotic/Module/My_extension/Pathway_planning/Pathway_planning.py:467) - Processing started
[INFO][Stream] 23.03.2024 19:12:11 [] (unknown:0) - [-0. -0. -0. -0. -0. -0. -0. -0. -0. -0. -0. -0. -0. -0. -0. -0. -0. -0.
[INFO][Stream] 23.03.2024 19:12:11 [] (unknown:0) -  -0. -0. -0. -0. -0. -0. -0. -0. -0. -0. -0. -0. -0. -0. -0. -0. -0. -0.
[INFO][Stream] 23.03.2024 19:12:11 [] (unknown:0) -  -0. 16. 16. 16. 16. 16. -0. 16. 16. 16. 16. 16.]
[INFO][Stream] 23.03.2024 19:12:11 [] (unknown:0) - (10, 2, 3)
[INFO][Stream] 23.03.2024 19:12:11 [] (unknown:0) - [16. 16. 16. 16. 16. 16. 16. 16. 16. 16.]
[INFO][Python] 23.03.2024 19:12:11 [Python] (C:/Users/DANG THE HUNG/OneDrive - King's College London/Msc study/7MRI0070 - Navigation in Robotic/Module/My_extension/Pathway_planning/Pathway_planning.py:509) - Processing completed in 0.10 seconds
[INFO][Stream] 23.03.2024 19:12:11 [] (unknown:0) - Processing completed in 0.10 seconds
[DEBUG][Qt] 23.03.2024 19:12:18 [] (unknown:0) - Switch to module:  "Data"
[DEBUG][Qt] 23.03.2024 19:12:28 [] (unknown:0) - Switch to module:  "Pathway_planning"
[INFO][Stream] 23.03.2024 19:12:29 [] (unknown:0) - Number of entries is: 48
[INFO][Stream] 23.03.2024 19:12:29 [] (unknown:0) - Number of targets is: 21
[WARNING][VTK] 23.03.2024 19:12:29 [vtkMRMLSubjectHierarchyNode (000002056F563810)] (vtkMRMLSubjectHierarchyNode.cxx:2128) - SetItemName: Invalid item ID given
[DEBUG][Qt] 23.03.2024 19:12:30 [] (unknown:0) - Switch to module:  "Data"
[DEBUG][Qt] 23.03.2024 19:13:26 [] (unknown:0) - Switch to module:  "My_function"
[DEBUG][Qt] 23.03.2024 19:14:02 [] (unknown:0) - Switch to module:  "Data"
[DEBUG][Qt] 23.03.2024 19:14:06 [] (unknown:0) - Python console user input: qualified_line = slicer.mrmlScene.AddNewNodeByClass("vtkMRMLMarkupsLineNode")
[ERROR][VTK] 23.03.2024 19:14:06 [vtkMRMLSubjectHierarchyNode (000002056F563810)] (vtkMRMLSubjectHierarchyNode.cxx:2983) - vtkSubjectHierarchyItem::DataNodeCache inconsistency found
[DEBUG][Qt] 23.03.2024 19:14:23 [] (unknown:0) - Python console user input: qualified_line.SetLineStartPosition([0,0,0])
[DEBUG][Qt] 23.03.2024 19:14:35 [] (unknown:0) - Python console user input: qualified_line.SetLineEndPosition([5,5,5])
[DEBUG][Qt] 23.03.2024 19:15:49 [] (unknown:0) - Switch to module:  "My_function"
[CRITICAL][Stream] 23.03.2024 19:15:49 [] (unknown:0) - D:\Program\Slicer 5.6.1\bin\Python\slicer\util.py:2786: UserWarning: does not have observer
[CRITICAL][Stream] 23.03.2024 19:15:49 [] (unknown:0) -   warn("does not have observer")
[DEBUG][Qt] 23.03.2024 19:15:51 [] (unknown:0) - Switch to module:  "Pathway_planning"
[INFO][Stream] 23.03.2024 19:15:52 [] (unknown:0) -
[INFO][Stream] 23.03.2024 19:15:52 [] (unknown:0) -
[INFO][Stream] 23.03.2024 19:15:52 [] (unknown:0) -
[INFO][Stream] 23.03.2024 19:15:52 [] (unknown:0) - ------------------------------
[INFO][Stream] 23.03.2024 19:15:52 [] (unknown:0) - Reloading module: Pathway_planning
[INFO][Stream] 23.03.2024 19:15:52 [] (unknown:0) - ------------------------------
[INFO][Stream] 23.03.2024 19:15:52 [] (unknown:0) -
[INFO][Stream] 23.03.2024 19:15:52 [] (unknown:0) -
[INFO][Stream] 23.03.2024 19:15:52 [] (unknown:0) -
[INFO][Python] 23.03.2024 19:15:53 [Python] (C:/Users/DANG THE HUNG/OneDrive - King's College London/Msc study/7MRI0070 - Navigation in Robotic/Module/My_extension/Pathway_planning/Pathway_planning.py:467) - Processing started
[INFO][Stream] 23.03.2024 19:15:54 [] (unknown:0) - (10, 2, 3)
[INFO][Stream] 23.03.2024 19:15:54 [] (unknown:0) - [16. 16. 16. 16. 16. 16. 16. 16. 16. 16.]
[ERROR][VTK] 23.03.2024 19:15:54 [vtkMRMLSubjectHierarchyNode (000002056F563810)] (vtkMRMLSubjectHierarchyNode.cxx:2983) - vtkSubjectHierarchyItem::DataNodeCache inconsistency found
[ERROR][VTK] 23.03.2024 19:15:54 [vtkMRMLSubjectHierarchyNode (000002056F563810)] (vtkMRMLSubjectHierarchyNode.cxx:2983) - vtkSubjectHierarchyItem::DataNodeCache inconsistency found
[ERROR][VTK] 23.03.2024 19:15:54 [vtkMRMLSubjectHierarchyNode (000002056F563810)] (vtkMRMLSubjectHierarchyNode.cxx:2983) - vtkSubjectHierarchyItem::DataNodeCache inconsistency found
[ERROR][VTK] 23.03.2024 19:15:54 [vtkMRMLSubjectHierarchyNode (000002056F563810)] (vtkMRMLSubjectHierarchyNode.cxx:2983) - vtkSubjectHierarchyItem::DataNodeCache inconsistency found
[INFO][Python] 23.03.2024 19:15:54 [Python] (C:/Users/DANG THE HUNG/OneDrive - King's College London/Msc study/7MRI0070 - Navigation in Robotic/Module/My_extension/Pathway_planning/Pathway_planning.py:516) - Processing completed in 0.46 seconds
[INFO][Stream] 23.03.2024 19:15:54 [] (unknown:0) - Processing completed in 0.46 seconds
[DEBUG][Qt] 23.03.2024 19:16:38 [] (unknown:0) - Switch to module:  "Volumes"
[DEBUG][Qt] 23.03.2024 19:16:39 [] (unknown:0) - Switch to module:  "Data"
[DEBUG][Qt] 23.03.2024 19:17:25 [] (unknown:0) - Switch to module:  ""
