[DEBUG][Qt] 06.02.2024 11:40:37 [] (unknown:0) - Session start time .......: 20240206_114037
[DEBUG][Qt] 06.02.2024 11:40:37 [] (unknown:0) - Slicer version ...........: 5.6.1 (revision 32438 / 117ce5f) win-amd64 - installed release
[DEBUG][Qt] 06.02.2024 11:40:37 [] (unknown:0) - Operating system .........: Windows /  Personal / (Build 22621, Code Page 65001) - 64-bit
[DEBUG][Qt] 06.02.2024 11:40:37 [] (unknown:0) - Memory ...................: 7834 MB physical, 13985 MB virtual
[DEBUG][Qt] 06.02.2024 11:40:37 [] (unknown:0) - CPU ......................: GenuineIntel , 8 cores, 8 logical processors
[DEBUG][Qt] 06.02.2024 11:40:37 [] (unknown:0) - VTK configuration ........: OpenGL2 rendering, TBB threading
[DEBUG][Qt] 06.02.2024 11:40:37 [] (unknown:0) - Qt configuration .........: version 5.15.2, with SSL, requested OpenGL 3.2 (compatibility profile)
[DEBUG][Qt] 06.02.2024 11:40:37 [] (unknown:0) - Internationalization .....: disabled, language=
[DEBUG][Qt] 06.02.2024 11:40:37 [] (unknown:0) - Developer mode ...........: enabled
[DEBUG][Qt] 06.02.2024 11:40:37 [] (unknown:0) - Application path .........: D:/Program/Slicer 5.6.1/bin
[DEBUG][Qt] 06.02.2024 11:40:37 [] (unknown:0) - Additional module paths ..: C:/Users/DANG THE HUNG/OneDrive - King's College London/Msc study/7MRI0070 - Navigation in Robotic/Module\My_extension\ImageThreshold, slicer.org/Extensions-32438/DebuggingTools/lib/Slicer-5.6/qt-scripted-modules, C:/Users/DANG THE HUNG/OneDrive - King's College London/Msc study/7MRI0070 - Navigation in Robotic/Module/My_extension\Print_hello_world, C:/Users/DANG THE HUNG/OneDrive - King's College London/Msc study/7MRI0070 - Navigation in Robotic/Module/My_extension\Guided_examples, C:/Users/DANG THE HUNG/OneDrive - King's College London/Msc study/7MRI0070 - Navigation in Robotic/Module/My_extension\Segmentation_k_mean, C:/Users/DANG THE HUNG/OneDrive - King's College London/Msc study/7MRI0070 - Navigation in Robotic/Module/My_extension\My_function
[DEBUG][Python] 06.02.2024 11:40:59 [Python] (D:\Program\Slicer 5.6.1\lib\Slicer-5.6\qt-scripted-modules\SubjectHierarchyPlugins\AbstractScriptedSubjectHierarchyPlugin.py:39) - Scripted subject hierarchy plugin registered: SegmentEditor
[DEBUG][Python] 06.02.2024 11:40:59 [Python] (D:\Program\Slicer 5.6.1\lib\Slicer-5.6\qt-scripted-modules\SubjectHierarchyPlugins\AbstractScriptedSubjectHierarchyPlugin.py:39) - Scripted subject hierarchy plugin registered: SegmentStatistics
[DEBUG][Qt] 06.02.2024 11:40:59 [] (unknown:0) - Switch to module:  "Welcome"
[DEBUG][Qt] 06.02.2024 11:41:04 [] (unknown:0) - Switch to module:  "Data"
[DEBUG][Qt] 06.02.2024 11:41:14 [] (unknown:0) - Python console user input: slicer.util.loadScene("C:\\Users\\DANG THE HUNG\\OneDrive - King's College London\\Msc study\\7MRI0070 - Navigation in Robotic\\Working\\Week_2_4_main_2024-01-23.mrb")
[DEBUG][Qt] 06.02.2024 11:41:26 [] (unknown:0) - "MRB Slicer Data Bundle" Reader has successfully read the file "C:\\Users\\DANG THE HUNG\\OneDrive - King's College London\\Msc study\\7MRI0070 - Navigation in Robotic\\Working\\Week_2_4_main_2024-01-23.mrb" "[11.63s]"
[CRITICAL][Stream] 06.02.2024 11:42:08 [] (unknown:0) - Traceback (most recent call last):
[CRITICAL][Stream] 06.02.2024 11:42:08 [] (unknown:0) -   File "<string>", line 3, in <module>
[CRITICAL][Stream] 06.02.2024 11:42:08 [] (unknown:0) - NameError: name 'start_point' is not defined
[DEBUG][Qt] 06.02.2024 11:42:13 [] (unknown:0) - Python console user input: t.find_Pathway_Better(start_point, 1)
[CRITICAL][Stream] 06.02.2024 11:42:13 [] (unknown:0) - Traceback (most recent call last):
[CRITICAL][Stream] 06.02.2024 11:42:13 [] (unknown:0) -   File "<console>", line 1, in <module>
[CRITICAL][Stream] 06.02.2024 11:42:13 [] (unknown:0) - NameError: name 'start_point' is not defined
[DEBUG][Qt] 06.02.2024 11:42:37 [] (unknown:0) - Python console user input: t.find_Pathway_Better(start_point, 1)
[INFO][Stream] 06.02.2024 11:42:38 [] (unknown:0) - Good to go
[DEBUG][Qt] 06.02.2024 11:42:39 [] (unknown:0) - Python console user input: t.find_Pathway_Better(start_point, 1)
[INFO][Stream] 06.02.2024 11:42:40 [] (unknown:0) - Good to go
[DEBUG][Qt] 06.02.2024 11:42:41 [] (unknown:0) - Python console user input: t.find_Pathway_Better(start_point, 1)
[INFO][Stream] 06.02.2024 11:42:41 [] (unknown:0) - Good to go
[DEBUG][Qt] 06.02.2024 11:42:41 [] (unknown:0) - Python console user input: t.find_Pathway_Better(start_point, 1)
[INFO][Stream] 06.02.2024 11:42:42 [] (unknown:0) - Good to go
[DEBUG][Qt] 06.02.2024 11:42:42 [] (unknown:0) - Python console user input: t.find_Pathway_Better(start_point, 1)
[INFO][Stream] 06.02.2024 11:42:42 [] (unknown:0) - Good to go
[DEBUG][Qt] 06.02.2024 11:42:43 [] (unknown:0) - Python console user input: t.find_Pathway_Better(start_point, 1)
[INFO][Stream] 06.02.2024 11:42:47 [] (unknown:0) - Good to go
[DEBUG][Qt] 06.02.2024 11:42:49 [] (unknown:0) - Python console user input: t.find_Pathway_Better(start_point, 1)
[INFO][Stream] 06.02.2024 11:42:49 [] (unknown:0) - Good to go
[DEBUG][Qt] 06.02.2024 11:42:50 [] (unknown:0) - Python console user input: t.find_Pathway_Better(start_point, 1)
[INFO][Stream] 06.02.2024 11:42:51 [] (unknown:0) - Good to go
[DEBUG][Qt] 06.02.2024 11:42:51 [] (unknown:0) - Python console user input: t.find_Pathway_Better(start_point, 1)
[INFO][Stream] 06.02.2024 11:42:52 [] (unknown:0) - Good to go
[DEBUG][Qt] 06.02.2024 11:42:52 [] (unknown:0) - Python console user input: t.find_Pathway_Better(start_point, 1)
