[DEBUG][Qt] 26.01.2024 16:44:11 [] (unknown:0) - Session start time .......: 20240126_164411
[DEBUG][Qt] 26.01.2024 16:44:11 [] (unknown:0) - Slicer version ...........: 5.6.1 (revision 32438 / 117ce5f) win-amd64 - installed release
[DEBUG][Qt] 26.01.2024 16:44:11 [] (unknown:0) - Operating system .........: Windows /  Personal / (Build 22621, Code Page 65001) - 64-bit
[DEBUG][Qt] 26.01.2024 16:44:11 [] (unknown:0) - Memory ...................: 7834 MB physical, 12954 MB virtual
[DEBUG][Qt] 26.01.2024 16:44:11 [] (unknown:0) - CPU ......................: GenuineIntel , 8 cores, 8 logical processors
[DEBUG][Qt] 26.01.2024 16:44:11 [] (unknown:0) - VTK configuration ........: OpenGL2 rendering, TBB threading
[DEBUG][Qt] 26.01.2024 16:44:11 [] (unknown:0) - Qt configuration .........: version 5.15.2, with SSL, requested OpenGL 3.2 (compatibility profile)
[DEBUG][Qt] 26.01.2024 16:44:11 [] (unknown:0) - Internationalization .....: disabled, language=
[DEBUG][Qt] 26.01.2024 16:44:11 [] (unknown:0) - Developer mode ...........: enabled
[DEBUG][Qt] 26.01.2024 16:44:11 [] (unknown:0) - Application path .........: D:/Program/Slicer 5.6.1/bin
[DEBUG][Qt] 26.01.2024 16:44:11 [] (unknown:0) - Additional module paths ..: C:/Users/DANG THE HUNG/OneDrive - King's College London/Msc study/7MRI0070 - Navigation in Robotic/Module\My_extension\ImageThreshold, slicer.org/Extensions-32438/DebuggingTools/lib/Slicer-5.6/qt-scripted-modules, C:/Users/DANG THE HUNG/OneDrive - King's College London/Msc study/7MRI0070 - Navigation in Robotic/Module/My_extension\Print_hello_world, C:/Users/DANG THE HUNG/OneDrive - King's College London/Msc study/7MRI0070 - Navigation in Robotic/Module/My_extension\Guided_examples, C:/Users/DANG THE HUNG/OneDrive - King's College London/Msc study/7MRI0070 - Navigation in Robotic/Module/My_extension\Segmentation_k_mean, C:/Users/DANG THE HUNG/OneDrive - King's College London/Msc study/7MRI0070 - Navigation in Robotic/Module/My_extension\My_function
[DEBUG][Python] 26.01.2024 16:44:14 [Python] (D:\Program\Slicer 5.6.1\lib\Slicer-5.6\qt-scripted-modules\SubjectHierarchyPlugins\AbstractScriptedSubjectHierarchyPlugin.py:39) - Scripted subject hierarchy plugin registered: SegmentEditor
[DEBUG][Python] 26.01.2024 16:44:14 [Python] (D:\Program\Slicer 5.6.1\lib\Slicer-5.6\qt-scripted-modules\SubjectHierarchyPlugins\AbstractScriptedSubjectHierarchyPlugin.py:39) - Scripted subject hierarchy plugin registered: SegmentStatistics
[DEBUG][Qt] 26.01.2024 16:44:14 [] (unknown:0) - Switch to module:  "Welcome"
[DEBUG][Qt] 26.01.2024 16:46:41 [] (unknown:0) - "MRB Slicer Data Bundle" Reader has successfully read the file "C:\\Users\\DANG THE HUNG\\OneDrive - King's College London\\Msc study\\7MRI0070 - Navigation in Robotic\\Working\\Week_2_4_test_2024-01-23.mrb" "[0.30s]"
[DEBUG][Qt] 26.01.2024 16:46:45 [] (unknown:0) - Python console user input: a = model
[DEBUG][Qt] 26.01.2024 16:46:50 [] (unknown:0) - Python console user input: b = a.GetMesh()
[DEBUG][Qt] 26.01.2024 16:47:05 [] (unknown:0) - Python console user input: x = vtk.vtkIdList()
[DEBUG][Qt] 26.01.2024 16:47:07 [] (unknown:0) - Python console user input: y = vtk.vtkIdList()
[DEBUG][Qt] 26.01.2024 16:48:16 [] (unknown:0) - Python console user input: b.GetCellPoints(0,x)
[DEBUG][Qt] 26.01.2024 16:48:31 [] (unknown:0) - Python console user input: x.GetId(0)
[INFO][Stream] 26.01.2024 16:48:31 [] (unknown:0) - 0
[DEBUG][Qt] 26.01.2024 16:48:35 [] (unknown:0) - Python console user input: x.GetId(1)
[INFO][Stream] 26.01.2024 16:48:35 [] (unknown:0) - 5
[DEBUG][Qt] 26.01.2024 16:48:36 [] (unknown:0) - Python console user input: x.GetId(2)
[INFO][Stream] 26.01.2024 16:48:36 [] (unknown:0) - 7
[DEBUG][Qt] 26.01.2024 16:48:49 [] (unknown:0) - Python console user input: b.GetPointCells(0, y)
[DEBUG][Qt] 26.01.2024 16:48:58 [] (unknown:0) - Python console user input: y.GetId(0)
[INFO][Stream] 26.01.2024 16:48:58 [] (unknown:0) - 0
[DEBUG][Qt] 26.01.2024 16:49:10 [] (unknown:0) - Python console user input: y.GetId(1)
[INFO][Stream] 26.01.2024 16:49:10 [] (unknown:0) - 1
[DEBUG][Qt] 26.01.2024 16:49:13 [] (unknown:0) - Python console user input: y.GetId(2)
[INFO][Stream] 26.01.2024 16:49:13 [] (unknown:0) - 2
[DEBUG][Qt] 26.01.2024 16:49:16 [] (unknown:0) - Python console user input: y.GetId(3)
[INFO][Stream] 26.01.2024 16:49:16 [] (unknown:0) - 6
[DEBUG][Qt] 26.01.2024 16:49:19 [] (unknown:0) - Python console user input: y.GetId(4)
[INFO][Stream] 26.01.2024 16:49:19 [] (unknown:0) - 7
[DEBUG][Qt] 26.01.2024 16:49:21 [] (unknown:0) - Python console user input: y.GetId(5)
[INFO][Stream] 26.01.2024 16:49:21 [] (unknown:0) - 8
[DEBUG][Qt] 26.01.2024 16:49:26 [] (unknown:0) - Python console user input: y.GetId(999)
[CRITICAL][Stream] 26.01.2024 16:49:26 [] (unknown:0) - Traceback (most recent call last):
[CRITICAL][Stream] 26.01.2024 16:49:26 [] (unknown:0) -   File "<console>", line 1, in <module>
[CRITICAL][Stream] 26.01.2024 16:49:26 [] (unknown:0) - ValueError: expects 0 <= i && i < GetNumberOfIds()
[DEBUG][Qt] 26.01.2024 16:49:34 [] (unknown:0) - Python console user input: y.GetNumberOfIds()
[INFO][Stream] 26.01.2024 16:49:34 [] (unknown:0) - 7
[DEBUG][Qt] 26.01.2024 16:49:48 [] (unknown:0) - Python console user input: y.GetId(7)
[CRITICAL][Stream] 26.01.2024 16:49:48 [] (unknown:0) - Traceback (most recent call last):
[CRITICAL][Stream] 26.01.2024 16:49:48 [] (unknown:0) -   File "<console>", line 1, in <module>
[CRITICAL][Stream] 26.01.2024 16:49:48 [] (unknown:0) - ValueError: expects 0 <= i && i < GetNumberOfIds()
[DEBUG][Qt] 26.01.2024 16:49:50 [] (unknown:0) - Python console user input: y.GetId(6)
[INFO][Stream] 26.01.2024 16:49:50 [] (unknown:0) - 9
[DEBUG][Qt] 26.01.2024 16:50:03 [] (unknown:0) - Python console user input: b.BuildLinks()
[DEBUG][Qt] 26.01.2024 16:50:07 [] (unknown:0) - Python console user input: b.GetPointCells(0, y)
[DEBUG][Qt] 26.01.2024 16:50:13 [] (unknown:0) - Python console user input: y.GetId(0)
[INFO][Stream] 26.01.2024 16:50:13 [] (unknown:0) - 0
[DEBUG][Qt] 26.01.2024 16:50:15 [] (unknown:0) - Python console user input: y.GetId(1)
[INFO][Stream] 26.01.2024 16:50:15 [] (unknown:0) - 1
[DEBUG][Qt] 26.01.2024 16:50:16 [] (unknown:0) - Python console user input: y.GetId(2)
[INFO][Stream] 26.01.2024 16:50:16 [] (unknown:0) - 2
[DEBUG][Qt] 26.01.2024 16:50:58 [] (unknown:0) - Python console user input: b.GetPointCells([0,5,7], y)
[CRITICAL][Stream] 26.01.2024 16:50:58 [] (unknown:0) - Traceback (most recent call last):
[CRITICAL][Stream] 26.01.2024 16:50:58 [] (unknown:0) -   File "<console>", line 1, in <module>
[CRITICAL][Stream] 26.01.2024 16:50:58 [] (unknown:0) - TypeError: GetPointCells argument 1: an integer is required (got type list)
[DEBUG][Qt] 26.01.2024 16:51:12 [] (unknown:0) - Python console user input: b.GetPointCells(0, y)
[DEBUG][Qt] 26.01.2024 16:51:15 [] (unknown:0) - Python console user input: y
[INFO][Stream] 26.01.2024 16:51:15 [] (unknown:0) - <vtkmodules.vtkCommonCore.vtkIdList(0x000001F1CC2AC960) at 0x000001F1BCAF31C0>
[DEBUG][Qt] 26.01.2024 16:51:47 [] (unknown:0) - Python console user input: b.ComputeBounds()
[DEBUG][Qt] 26.01.2024 16:51:53 [] (unknown:0) - Switch to module:  "Data"
[DEBUG][Qt] 26.01.2024 16:52:44 [] (unknown:0) - Python console user input: b.ComputeBounds(0)
[CRITICAL][Stream] 26.01.2024 16:52:44 [] (unknown:0) - Traceback (most recent call last):
[CRITICAL][Stream] 26.01.2024 16:52:44 [] (unknown:0) -   File "<console>", line 1, in <module>
[CRITICAL][Stream] 26.01.2024 16:52:44 [] (unknown:0) - TypeError: ComputeBounds() takes exactly 0 arguments (1 given)
[DEBUG][Qt] 26.01.2024 16:53:00 [] (unknown:0) - Python console user input: b.GetCellBounds()
[CRITICAL][Stream] 26.01.2024 16:53:00 [] (unknown:0) - Traceback (most recent call last):
[CRITICAL][Stream] 26.01.2024 16:53:00 [] (unknown:0) -   File "<console>", line 1, in <module>
[CRITICAL][Stream] 26.01.2024 16:53:00 [] (unknown:0) - TypeError: GetCellBounds() takes exactly 2 arguments (0 given)
[DEBUG][Qt] 26.01.2024 16:53:11 [] (unknown:0) - Python console user input: b.GetCellBounds(a,b,c,d,e,f)
[CRITICAL][Stream] 26.01.2024 16:53:11 [] (unknown:0) - Traceback (most recent call last):
[CRITICAL][Stream] 26.01.2024 16:53:11 [] (unknown:0) -   File "<console>", line 1, in <module>
[CRITICAL][Stream] 26.01.2024 16:53:11 [] (unknown:0) - NameError: name 'c' is not defined
[DEBUG][Qt] 26.01.2024 16:53:38 [] (unknown:0) - Python console user input: q = double
[CRITICAL][Stream] 26.01.2024 16:53:38 [] (unknown:0) - Traceback (most recent call last):
[CRITICAL][Stream] 26.01.2024 16:53:38 [] (unknown:0) -   File "<console>", line 1, in <module>
[CRITICAL][Stream] 26.01.2024 16:53:38 [] (unknown:0) - NameError: name 'double' is not defined
[DEBUG][Qt] 26.01.2024 16:53:45 [] (unknown:0) - Python console user input: q=0
[DEBUG][Qt] 26.01.2024 16:53:47 [] (unknown:0) - Python console user input: w=0
[DEBUG][Qt] 26.01.2024 16:53:48 [] (unknown:0) - Python console user input: e=0
[DEBUG][Qt] 26.01.2024 16:53:51 [] (unknown:0) - Python console user input: r=0
[DEBUG][Qt] 26.01.2024 16:53:52 [] (unknown:0) - Python console user input: t=0
[DEBUG][Qt] 26.01.2024 16:53:57 [] (unknown:0) - Python console user input: y=0
[DEBUG][Qt] 26.01.2024 16:54:10 [] (unknown:0) - Python console user input: b.GetCellBounds(q,w,e,r,t,y)
[CRITICAL][Stream] 26.01.2024 16:54:10 [] (unknown:0) - Traceback (most recent call last):
[CRITICAL][Stream] 26.01.2024 16:54:10 [] (unknown:0) -   File "<console>", line 1, in <module>
[CRITICAL][Stream] 26.01.2024 16:54:10 [] (unknown:0) - TypeError: GetCellBounds() takes exactly 2 arguments (6 given)
[DEBUG][Qt] 26.01.2024 16:54:14 [] (unknown:0) - Python console user input: b.GetCellBounds(q,w)
[CRITICAL][Stream] 26.01.2024 16:54:14 [] (unknown:0) - Traceback (most recent call last):
[CRITICAL][Stream] 26.01.2024 16:54:14 [] (unknown:0) -   File "<console>", line 1, in <module>
[CRITICAL][Stream] 26.01.2024 16:54:14 [] (unknown:0) - TypeError: GetCellBounds argument 2: expected a sequence of 6 values, got int
[DEBUG][Qt] 26.01.2024 16:54:40 [] (unknown:0) - Python console user input: vtk.vtkDoubleArray()
[INFO][Stream] 26.01.2024 16:54:40 [] (unknown:0) - <vtkmodules.vtkCommonCore.vtkDoubleArray(0x000001F1CB17C7E0) at 0x000001F1B91B9220>
[DEBUG][Qt] 26.01.2024 16:54:46 [] (unknown:0) - Python console user input: q = vtk.vtkDoubleArray()
[DEBUG][Qt] 26.01.2024 16:54:49 [] (unknown:0) - Python console user input: w = vtk.vtkDoubleArray()
[DEBUG][Qt] 26.01.2024 16:54:53 [] (unknown:0) - Python console user input: b.GetCellBounds(q,w)
[CRITICAL][Stream] 26.01.2024 16:54:53 [] (unknown:0) - Traceback (most recent call last):
[CRITICAL][Stream] 26.01.2024 16:54:53 [] (unknown:0) -   File "<console>", line 1, in <module>
[CRITICAL][Stream] 26.01.2024 16:54:53 [] (unknown:0) - TypeError: GetCellBounds argument 1: an integer is required (got type vtkmodules.vtkCommonCore.vtkDoubleArray)
[DEBUG][Qt] 26.01.2024 16:55:25 [] (unknown:0) - Python console user input: typedef double MyDouble
[CRITICAL][Stream] 26.01.2024 16:55:25 [] (unknown:0) -   File "<console>", line 1
[CRITICAL][Stream] 26.01.2024 16:55:25 [] (unknown:0) -     typedef double MyDouble
[CRITICAL][Stream] 26.01.2024 16:55:25 [] (unknown:0) -             ^
[CRITICAL][Stream] 26.01.2024 16:55:25 [] (unknown:0) - SyntaxError: invalid syntax
[DEBUG][Qt] 26.01.2024 16:56:56 [] (unknown:0) - Python console user input: b.GetMaxCellSize()
[INFO][Stream] 26.01.2024 16:56:56 [] (unknown:0) - 3
[DEBUG][Qt] 26.01.2024 16:59:26 [] (unknown:0) - Python console user input: b.GetVerts()
[INFO][Stream] 26.01.2024 16:59:26 [] (unknown:0) - <vtkmodules.vtkCommonDataModel.vtkCellArray(0x000001F182E748C0) at 0x000001F1B91B9220>
[DEBUG][Qt] 26.01.2024 16:59:57 [] (unknown:0) - Python console user input: b.GetVerts().GetOffset()
[CRITICAL][Stream] 26.01.2024 16:59:57 [] (unknown:0) - Traceback (most recent call last):
[CRITICAL][Stream] 26.01.2024 16:59:57 [] (unknown:0) -   File "<console>", line 1, in <module>
[CRITICAL][Stream] 26.01.2024 16:59:57 [] (unknown:0) - TypeError: GetOffset() takes exactly 1 argument (0 given)
[DEBUG][Qt] 26.01.2024 17:00:53 [] (unknown:0) - Python console user input: z = vtk.vtkCellArray()
[DEBUG][Qt] 26.01.2024 17:01:02 [] (unknown:0) - Python console user input: b.SetLines(z)
[DEBUG][Qt] 26.01.2024 17:01:03 [] (unknown:0) - Python console user input: z
[INFO][Stream] 26.01.2024 17:01:03 [] (unknown:0) - <vtkmodules.vtkCommonDataModel.vtkCellArray(0x000001F1CAF3A390) at 0x000001F1B91B90A0>
[DEBUG][Qt] 26.01.2024 17:01:09 [] (unknown:0) - Python console user input: z.GetOffset()
[CRITICAL][Stream] 26.01.2024 17:01:09 [] (unknown:0) - Traceback (most recent call last):
[CRITICAL][Stream] 26.01.2024 17:01:09 [] (unknown:0) -   File "<console>", line 1, in <module>
[CRITICAL][Stream] 26.01.2024 17:01:09 [] (unknown:0) - TypeError: GetOffset() takes exactly 1 argument (0 given)
[DEBUG][Qt] 26.01.2024 17:01:18 [] (unknown:0) - Python console user input: z.GetNumberOfCells()
[INFO][Stream] 26.01.2024 17:01:18 [] (unknown:0) - 0
[DEBUG][Qt] 26.01.2024 17:01:43 [] (unknown:0) - Python console user input: b.GetLines()
[INFO][Stream] 26.01.2024 17:01:43 [] (unknown:0) - <vtkmodules.vtkCommonDataModel.vtkCellArray(0x000001F1CAF3A390) at 0x000001F1B91B90A0>
[DEBUG][Qt] 26.01.2024 17:01:51 [] (unknown:0) - Python console user input: b.GetLines().GetNumberOfCells()
[INFO][Stream] 26.01.2024 17:01:51 [] (unknown:0) - 0
[DEBUG][Qt] 26.01.2024 17:02:02 [] (unknown:0) - Python console user input: b.GetLines().GetNumberOfOffsets()
[INFO][Stream] 26.01.2024 17:02:02 [] (unknown:0) - 1
[DEBUG][Qt] 26.01.2024 17:02:36 [] (unknown:0) - Python console user input: b.GetPolys()
[INFO][Stream] 26.01.2024 17:02:36 [] (unknown:0) - <vtkmodules.vtkCommonDataModel.vtkCellArray(0x000001F1C739A120) at 0x000001F1B91B9220>
[DEBUG][Qt] 26.01.2024 17:02:47 [] (unknown:0) - Python console user input: b.GetPolys().GetNumberOfOffsets()
[INFO][Stream] 26.01.2024 17:02:47 [] (unknown:0) - 397
[DEBUG][Qt] 26.01.2024 17:02:50 [] (unknown:0) - Python console user input: b.GetPolys().GetNumberOfCells()
[INFO][Stream] 26.01.2024 17:02:50 [] (unknown:0) - 396
[DEBUG][Qt] 26.01.2024 17:04:51 [] (unknown:0) - Python console user input: b.GetTrips()
[CRITICAL][Stream] 26.01.2024 17:04:51 [] (unknown:0) - Traceback (most recent call last):
[CRITICAL][Stream] 26.01.2024 17:04:51 [] (unknown:0) -   File "<console>", line 1, in <module>
[CRITICAL][Stream] 26.01.2024 17:04:51 [] (unknown:0) - AttributeError: 'vtkmodules.vtkCommonDataModel.vtkPolyData' object has no attribute 'GetTrips'
[DEBUG][Qt] 26.01.2024 17:04:58 [] (unknown:0) - Python console user input: b.GetStrips()
[INFO][Stream] 26.01.2024 17:04:58 [] (unknown:0) - <vtkmodules.vtkCommonDataModel.vtkCellArray(0x000001F182E748C0) at 0x000001F1B919E520>
[DEBUG][Qt] 26.01.2024 17:05:03 [] (unknown:0) - Python console user input: b.GetStrips().GetNumberOfCells()
[INFO][Stream] 26.01.2024 17:05:03 [] (unknown:0) - 0
[DEBUG][Qt] 26.01.2024 17:05:21 [] (unknown:0) - Python console user input: b.GetStrips().GetNumberOfOffsets()
[INFO][Stream] 26.01.2024 17:05:21 [] (unknown:0) - 1
[DEBUG][Qt] 26.01.2024 17:07:31 [] (unknown:0) - Python console user input: b.GetNumberOfVerts()
[INFO][Stream] 26.01.2024 17:07:31 [] (unknown:0) - 0
[DEBUG][Qt] 26.01.2024 17:08:14 [] (unknown:0) - Python console user input: b.GetNumberOfLines()
[INFO][Stream] 26.01.2024 17:08:14 [] (unknown:0) - 0
[DEBUG][Qt] 26.01.2024 17:08:20 [] (unknown:0) - Python console user input: b.GetNumberOfPoints()
[INFO][Stream] 26.01.2024 17:08:20 [] (unknown:0) - 200
[DEBUG][Qt] 26.01.2024 17:08:26 [] (unknown:0) - Python console user input: b.GetNumberOfPolys()
[INFO][Stream] 26.01.2024 17:08:26 [] (unknown:0) - 396
[DEBUG][Qt] 26.01.2024 17:08:37 [] (unknown:0) - Python console user input: b.GetNumberOfCells()
[INFO][Stream] 26.01.2024 17:08:37 [] (unknown:0) - 396
[DEBUG][Qt] 26.01.2024 17:15:08 [] (unknown:0) - Python console user input: b.BuildLinks()
[DEBUG][Qt] 26.01.2024 17:15:10 [] (unknown:0) - Python console user input: b.GetNumberOfLines()
[INFO][Stream] 26.01.2024 17:15:10 [] (unknown:0) - 0
[DEBUG][Qt] 26.01.2024 17:16:28 [] (unknown:0) - Python console user input: x
[INFO][Stream] 26.01.2024 17:16:28 [] (unknown:0) - <vtkmodules.vtkCommonCore.vtkIdList(0x000001F1CB7ECF10) at 0x000001F1B91E18E0>
[DEBUG][Qt] 26.01.2024 17:16:35 [] (unknown:0) - Python console user input: x.GetId(0)
[INFO][Stream] 26.01.2024 17:16:35 [] (unknown:0) - 0
[DEBUG][Qt] 26.01.2024 17:16:40 [] (unknown:0) - Python console user input: x.GetId(1)
[INFO][Stream] 26.01.2024 17:16:40 [] (unknown:0) - 5
[DEBUG][Qt] 26.01.2024 17:16:42 [] (unknown:0) - Python console user input: x.GetId(2)
[INFO][Stream] 26.01.2024 17:16:42 [] (unknown:0) - 7
[DEBUG][Qt] 26.01.2024 17:16:44 [] (unknown:0) - Python console user input: x.GetId(3)
[CRITICAL][Stream] 26.01.2024 17:16:44 [] (unknown:0) - Traceback (most recent call last):
[CRITICAL][Stream] 26.01.2024 17:16:44 [] (unknown:0) -   File "<console>", line 1, in <module>
[CRITICAL][Stream] 26.01.2024 17:16:44 [] (unknown:0) - ValueError: expects 0 <= i && i < GetNumberOfIds()
[DEBUG][Qt] 26.01.2024 17:16:55 [] (unknown:0) - Python console user input: b.IsTriangle(0,5,7)
[INFO][Stream] 26.01.2024 17:16:55 [] (unknown:0) - 1
[DEBUG][Qt] 26.01.2024 17:16:57 [] (unknown:0) - Python console user input: b.IsTriangle(0,5,6)
[INFO][Stream] 26.01.2024 17:16:57 [] (unknown:0) - 1
[DEBUG][Qt] 26.01.2024 17:17:01 [] (unknown:0) - Python console user input: b.IsTriangle(0,5,4)
[INFO][Stream] 26.01.2024 17:17:01 [] (unknown:0) - 0
[DEBUG][Qt] 26.01.2024 17:17:04 [] (unknown:0) - Python console user input: b.IsTriangle(0,5,9)
[INFO][Stream] 26.01.2024 17:17:04 [] (unknown:0) - 0
[DEBUG][Qt] 26.01.2024 17:17:24 [] (unknown:0) - Python console user input: b.IsTriangle(5,6,7)
[INFO][Stream] 26.01.2024 17:17:24 [] (unknown:0) - 0
[DEBUG][Qt] 26.01.2024 17:17:27 [] (unknown:0) - Python console user input: b.IsTriangle(8,6,7)
[INFO][Stream] 26.01.2024 17:17:27 [] (unknown:0) - 0
[DEBUG][Qt] 26.01.2024 17:17:35 [] (unknown:0) - Python console user input: b.IsTriangle(0,6,5)
[INFO][Stream] 26.01.2024 17:17:35 [] (unknown:0) - 1
[DEBUG][Qt] 26.01.2024 17:18:07 [] (unknown:0) - Python console user input: b.IsTriangle(0,6,5)
[INFO][Stream] 26.01.2024 17:18:07 [] (unknown:0) - 1
[DEBUG][Qt] 26.01.2024 17:18:14 [] (unknown:0) - Python console user input: b.IsEdge(0,6)
[INFO][Stream] 26.01.2024 17:18:14 [] (unknown:0) - 1
[DEBUG][Qt] 26.01.2024 17:18:18 [] (unknown:0) - Python console user input: b.IsEdge(0,5)
[INFO][Stream] 26.01.2024 17:18:18 [] (unknown:0) - 1
[DEBUG][Qt] 26.01.2024 17:18:23 [] (unknown:0) - Python console user input: b.IsEdge(0,1)
[INFO][Stream] 26.01.2024 17:18:23 [] (unknown:0) - 1
[DEBUG][Qt] 26.01.2024 17:18:27 [] (unknown:0) - Python console user input: b.IsEdge(0,2)
[INFO][Stream] 26.01.2024 17:18:27 [] (unknown:0) - 1
[DEBUG][Qt] 26.01.2024 17:18:29 [] (unknown:0) - Python console user input: b.IsEdge(0,3)
[INFO][Stream] 26.01.2024 17:18:29 [] (unknown:0) - 1
[DEBUG][Qt] 26.01.2024 17:18:33 [] (unknown:0) - Python console user input: b.IsEdge(0,100)
[INFO][Stream] 26.01.2024 17:18:33 [] (unknown:0) - 0
[DEBUG][Qt] 26.01.2024 17:19:23 [] (unknown:0) - Python console user input: b.BuildCells()
[DEBUG][Qt] 26.01.2024 17:19:36 [] (unknown:0) - Python console user input: c = b.GetCell(0)
[DEBUG][Qt] 26.01.2024 17:19:48 [] (unknown:0) - Python console user input: c.GetEdge()
[CRITICAL][Stream] 26.01.2024 17:19:48 [] (unknown:0) - Traceback (most recent call last):
[CRITICAL][Stream] 26.01.2024 17:19:48 [] (unknown:0) -   File "<console>", line 1, in <module>
[CRITICAL][Stream] 26.01.2024 17:19:48 [] (unknown:0) - TypeError: GetEdge() takes exactly 1 argument (0 given)
[DEBUG][Qt] 26.01.2024 17:20:00 [] (unknown:0) - Python console user input: c.GetPoints()
[INFO][Stream] 26.01.2024 17:20:00 [] (unknown:0) - <vtkmodules.vtkCommonCore.vtkPoints(0x000001F1CAE25DE0) at 0x000001F1B9249CA0>
[DEBUG][Qt] 26.01.2024 17:20:07 [] (unknown:0) - Python console user input: c.GetPointId()
[CRITICAL][Stream] 26.01.2024 17:20:07 [] (unknown:0) - Traceback (most recent call last):
[CRITICAL][Stream] 26.01.2024 17:20:07 [] (unknown:0) -   File "<console>", line 1, in <module>
[CRITICAL][Stream] 26.01.2024 17:20:07 [] (unknown:0) - TypeError: GetPointId() takes exactly 1 argument (0 given)
[DEBUG][Qt] 26.01.2024 17:20:09 [] (unknown:0) - Python console user input: c.GetPointId(0)
[INFO][Stream] 26.01.2024 17:20:09 [] (unknown:0) - 0
[DEBUG][Qt] 26.01.2024 17:20:11 [] (unknown:0) - Python console user input: c.GetPointId(1)
[INFO][Stream] 26.01.2024 17:20:11 [] (unknown:0) - 5
[DEBUG][Qt] 26.01.2024 17:20:13 [] (unknown:0) - Python console user input: c.GetPointId(2)
[INFO][Stream] 26.01.2024 17:20:13 [] (unknown:0) - 7
[DEBUG][Qt] 26.01.2024 17:20:38 [] (unknown:0) - Python console user input: b.IsPointUsedByCell(1,c)
[CRITICAL][Stream] 26.01.2024 17:20:38 [] (unknown:0) - Traceback (most recent call last):
[CRITICAL][Stream] 26.01.2024 17:20:38 [] (unknown:0) -   File "<console>", line 1, in <module>
[CRITICAL][Stream] 26.01.2024 17:20:38 [] (unknown:0) - TypeError: IsPointUsedByCell argument 2: an integer is required (got type vtkmodules.vtkCommonDataModel.vtkTriangle)
[DEBUG][Qt] 26.01.2024 17:21:07 [] (unknown:0) - Python console user input: c.GetPointIds()
[INFO][Stream] 26.01.2024 17:21:07 [] (unknown:0) - <vtkmodules.vtkCommonCore.vtkIdList(0x000001F1CB905510) at 0x000001F1B9249CA0>
[DEBUG][Qt] 26.01.2024 17:21:33 [] (unknown:0) - Python console user input: c.GetPointId(0,0)
[CRITICAL][Stream] 26.01.2024 17:21:33 [] (unknown:0) - Traceback (most recent call last):
[CRITICAL][Stream] 26.01.2024 17:21:33 [] (unknown:0) -   File "<console>", line 1, in <module>
[CRITICAL][Stream] 26.01.2024 17:21:33 [] (unknown:0) - TypeError: GetPointId() takes exactly 1 argument (2 given)
[DEBUG][Qt] 26.01.2024 17:21:46 [] (unknown:0) - Python console user input: b.IsPointUsedByCell(1,0)
[INFO][Stream] 26.01.2024 17:21:46 [] (unknown:0) - 0
[DEBUG][Qt] 26.01.2024 17:21:49 [] (unknown:0) - Python console user input: b.IsPointUsedByCell(0,0)
[INFO][Stream] 26.01.2024 17:21:49 [] (unknown:0) - 1
[DEBUG][Qt] 26.01.2024 17:21:51 [] (unknown:0) - Python console user input: b.IsPointUsedByCell(5,0)
[INFO][Stream] 26.01.2024 17:21:51 [] (unknown:0) - 1
[DEBUG][Qt] 26.01.2024 17:21:53 [] (unknown:0) - Python console user input: b.IsPointUsedByCell(6,0)
[INFO][Stream] 26.01.2024 17:21:53 [] (unknown:0) - 0
[DEBUG][Qt] 26.01.2024 17:21:56 [] (unknown:0) - Python console user input: b.IsPointUsedByCell(7,0)
[INFO][Stream] 26.01.2024 17:21:56 [] (unknown:0) - 1
[DEBUG][Qt] 26.01.2024 17:24:58 [] (unknown:0) - Python console user input: b.DeletePoint(0)
[DEBUG][Qt] 26.01.2024 17:25:07 [] (unknown:0) - Python console user input: b.DeletePoint(0)
[DEBUG][Qt] 26.01.2024 17:25:07 [] (unknown:0) - Python console user input: b.DeletePoint(0)
[DEBUG][Qt] 26.01.2024 17:25:08 [] (unknown:0) - Python console user input: b.DeletePoint(0)
[DEBUG][Qt] 26.01.2024 17:25:09 [] (unknown:0) - Python console user input: b.DeletePoint(0)
[DEBUG][Qt] 26.01.2024 17:25:09 [] (unknown:0) - Python console user input: b.DeletePoint(0)
[DEBUG][Qt] 26.01.2024 17:25:09 [] (unknown:0) - Python console user input: b.DeletePoint(0)
[DEBUG][Qt] 26.01.2024 17:25:09 [] (unknown:0) - Python console user input: b.DeletePoint(0)
[DEBUG][Qt] 26.01.2024 17:25:09 [] (unknown:0) - Python console user input: b.DeletePoint(0)
[DEBUG][Qt] 26.01.2024 17:25:10 [] (unknown:0) - Python console user input: b.DeletePoint(0)
[DEBUG][Qt] 26.01.2024 17:25:10 [] (unknown:0) - Python console user input: b.DeletePoint(0)
[DEBUG][Qt] 26.01.2024 17:25:10 [] (unknown:0) - Python console user input: b.DeletePoint(0)
[DEBUG][Qt] 26.01.2024 17:25:10 [] (unknown:0) - Python console user input: b.DeletePoint(0)
[DEBUG][Qt] 26.01.2024 17:25:16 [] (unknown:0) - Python console user input: b.GetNumberOfPoints()
[INFO][Stream] 26.01.2024 17:25:16 [] (unknown:0) - 200
[DEBUG][Qt] 26.01.2024 17:25:21 [] (unknown:0) - Python console user input: b.DeletePoint(1)
[DEBUG][Qt] 26.01.2024 17:25:22 [] (unknown:0) - Python console user input: b.GetNumberOfPoints()
[INFO][Stream] 26.01.2024 17:25:22 [] (unknown:0) - 200
[DEBUG][Qt] 26.01.2024 17:26:56 [] (unknown:0) - Python console user input: d= vtk.vtkInformationVector()
[DEBUG][Qt] 26.01.2024 17:27:03 [] (unknown:0) - Python console user input: b.GetData(d)
[DEBUG][Qt] 26.01.2024 17:27:03 [] (unknown:0) - Python console user input: d
[INFO][Stream] 26.01.2024 17:27:03 [] (unknown:0) - <vtkmodules.vtkCommonCore.vtkInformationVector(0x000001F1CAC5A540) at 0x000001F1B919E520>
[DEBUG][Qt] 26.01.2024 17:27:11 [] (unknown:0) - Python console user input: d.GetObjectDescription()
[INFO][Stream] 26.01.2024 17:27:11 [] (unknown:0) - 'vtkInformationVector (000001F1CAC5A540)'
[DEBUG][Qt] 26.01.2024 17:30:39 [] (unknown:0) - Python console user input: model = slicer.mrmlScene.AddNewNodeByClass("vtkMRMLModelNode")
[DEBUG][Qt] 26.01.2024 17:30:57 [] (unknown:0) - Python console user input: poly = vtk.vtkPolyData()
[DEBUG][Qt] 26.01.2024 17:31:31 [] (unknown:0) - Python console user input: poly.SetPoints()
[CRITICAL][Stream] 26.01.2024 17:31:31 [] (unknown:0) - Traceback (most recent call last):
[CRITICAL][Stream] 26.01.2024 17:31:31 [] (unknown:0) -   File "<console>", line 1, in <module>
[CRITICAL][Stream] 26.01.2024 17:31:31 [] (unknown:0) - TypeError: SetPoints() takes exactly 1 argument (0 given)
[DEBUG][Qt] 26.01.2024 17:31:40 [] (unknown:0) - Python console user input: poly.SetPoints([0,0,0])
[CRITICAL][Stream] 26.01.2024 17:31:40 [] (unknown:0) - Traceback (most recent call last):
[CRITICAL][Stream] 26.01.2024 17:31:40 [] (unknown:0) -   File "<console>", line 1, in <module>
[CRITICAL][Stream] 26.01.2024 17:31:40 [] (unknown:0) - TypeError: SetPoints argument 1: method requires a VTK object
[DEBUG][Qt] 26.01.2024 17:32:20 [] (unknown:0) - Python console user input: point = vtk.vtkPoints()
[DEBUG][Qt] 26.01.2024 17:32:30 [] (unknown:0) - Python console user input: poly.SetPoints(point)
[DEBUG][Qt] 26.01.2024 17:34:38 [] (unknown:0) - Python console user input: vtk.util.numpy_support.numpy_to_vtk()
[CRITICAL][Stream] 26.01.2024 17:34:38 [] (unknown:0) - Traceback (most recent call last):
[CRITICAL][Stream] 26.01.2024 17:34:38 [] (unknown:0) -   File "<console>", line 1, in <module>
[CRITICAL][Stream] 26.01.2024 17:34:38 [] (unknown:0) - TypeError: numpy_to_vtk() missing 1 required positional argument: 'num_array'
[DEBUG][Qt] 26.01.2024 17:34:45 [] (unknown:0) - Python console user input: vtk.util.numpy_support.create_vtk_array()
[CRITICAL][Stream] 26.01.2024 17:34:45 [] (unknown:0) - Traceback (most recent call last):
[CRITICAL][Stream] 26.01.2024 17:34:45 [] (unknown:0) -   File "<console>", line 1, in <module>
[CRITICAL][Stream] 26.01.2024 17:34:45 [] (unknown:0) - TypeError: create_vtk_array() missing 1 required positional argument: 'vtk_arr_type'
[DEBUG][Qt] 26.01.2024 17:36:20 [] (unknown:0) - Python console user input: point.InsertNextPoint([0,0,0])
[INFO][Stream] 26.01.2024 17:36:20 [] (unknown:0) - 0
[DEBUG][Qt] 26.01.2024 17:36:40 [] (unknown:0) - Python console user input: point.InsertNextPoint([1,0,0])
[INFO][Stream] 26.01.2024 17:36:40 [] (unknown:0) - 1
[DEBUG][Qt] 26.01.2024 17:36:42 [] (unknown:0) - Python console user input: point.InsertNextPoint([1,1,0])
[INFO][Stream] 26.01.2024 17:36:42 [] (unknown:0) - 2
[DEBUG][Qt] 26.01.2024 17:36:47 [] (unknown:0) - Python console user input: point.InsertNextPoint([0,1,0])
[INFO][Stream] 26.01.2024 17:36:47 [] (unknown:0) - 3
[DEBUG][Qt] 26.01.2024 17:37:00 [] (unknown:0) - Python console user input: poly.SetPoints(point)
[DEBUG][Qt] 26.01.2024 17:41:16 [] (unknown:0) - Python console user input: polygons = vtk.vtkCellArray()
[DEBUG][Qt] 26.01.2024 17:44:18 [] (unknown:0) - Python console user input: polygons.SetData([0,2,4,6,8],[0,1,1,2,2,3,3,1])
[CRITICAL][Stream] 26.01.2024 17:44:18 [] (unknown:0) - Traceback (most recent call last):
[CRITICAL][Stream] 26.01.2024 17:44:18 [] (unknown:0) -   File "<console>", line 1, in <module>
[CRITICAL][Stream] 26.01.2024 17:44:18 [] (unknown:0) - TypeError: arguments do not match any overloaded methods
[DEBUG][Qt] 26.01.2024 17:44:26 [] (unknown:0) - Python console user input: polygons.SetData([0,2,4,6,8],[0,1,1,2,2,3,3,1])
[CRITICAL][Stream] 26.01.2024 17:44:26 [] (unknown:0) - Traceback (most recent call last):
[CRITICAL][Stream] 26.01.2024 17:44:26 [] (unknown:0) -   File "<console>", line 1, in <module>
[CRITICAL][Stream] 26.01.2024 17:44:26 [] (unknown:0) - TypeError: arguments do not match any overloaded methods
[DEBUG][Qt] 26.01.2024 17:49:32 [] (unknown:0) - Python console user input: polygons.SetData([0,2,4,6,8],[0,1,1,2,2,3,3,1])
[CRITICAL][Stream] 26.01.2024 17:49:32 [] (unknown:0) - Traceback (most recent call last):
[CRITICAL][Stream] 26.01.2024 17:49:32 [] (unknown:0) -   File "<console>", line 1, in <module>
[CRITICAL][Stream] 26.01.2024 17:49:32 [] (unknown:0) - TypeError: arguments do not match any overloaded methods
[DEBUG][Qt] 26.01.2024 17:49:38 [] (unknown:0) - Python console user input: x= vtk.vtkCellArray
[DEBUG][Qt] 26.01.2024 17:49:41 [] (unknown:0) - Python console user input: y= vtk.vtkCellArray
[DEBUG][Qt] 26.01.2024 17:50:03 [] (unknown:0) - Python console user input: polygons
[INFO][Stream] 26.01.2024 17:50:03 [] (unknown:0) - <vtkmodules.vtkCommonDataModel.vtkCellArray(0x000001F1CE59E350) at 0x000001F1B9258AC0>
[DEBUG][Qt] 26.01.2024 17:52:56 [] (unknown:0) - Python console user input: x= vtk.vtkTypeInt32Array()
[DEBUG][Qt] 26.01.2024 17:52:59 [] (unknown:0) - Python console user input: y= vtk.vtkTypeInt32Array()
[DEBUG][Qt] 26.01.2024 17:53:19 [] (unknown:0) - Python console user input: x.SetArray()
[CRITICAL][Stream] 26.01.2024 17:53:19 [] (unknown:0) - Traceback (most recent call last):
[CRITICAL][Stream] 26.01.2024 17:53:19 [] (unknown:0) -   File "<console>", line 1, in <module>
[CRITICAL][Stream] 26.01.2024 17:53:19 [] (unknown:0) - TypeError: no overloads of SetArray() take 0 arguments
[DEBUG][Qt] 26.01.2024 17:54:34 [] (unknown:0) - Python console user input: y= vtk.vtkTypeInt32Array().NewInstance()1
[CRITICAL][Stream] 26.01.2024 17:54:34 [] (unknown:0) -   File "<console>", line 1
[CRITICAL][Stream] 26.01.2024 17:54:34 [] (unknown:0) -     y= vtk.vtkTypeInt32Array().NewInstance()1
[CRITICAL][Stream] 26.01.2024 17:54:34 [] (unknown:0) -                                             ^
[CRITICAL][Stream] 26.01.2024 17:54:34 [] (unknown:0) - SyntaxError: invalid syntax
[DEBUG][Qt] 26.01.2024 17:54:36 [] (unknown:0) - Python console user input: y= vtk.vtkTypeInt32Array().NewInstance() 1
[CRITICAL][Stream] 26.01.2024 17:54:36 [] (unknown:0) -   File "<console>", line 1
[CRITICAL][Stream] 26.01.2024 17:54:36 [] (unknown:0) -     y= vtk.vtkTypeInt32Array().NewInstance() 1
[CRITICAL][Stream] 26.01.2024 17:54:36 [] (unknown:0) -                                              ^
[CRITICAL][Stream] 26.01.2024 17:54:36 [] (unknown:0) - SyntaxError: invalid syntax
[DEBUG][Qt] 26.01.2024 17:54:37 [] (unknown:0) - Python console user input: y= vtk.vtkTypeInt32Array().NewInstance() =1
[CRITICAL][Stream] 26.01.2024 17:54:37 [] (unknown:0) -   File "<console>", line 1
[CRITICAL][Stream] 26.01.2024 17:54:37 [] (unknown:0) -     y= vtk.vtkTypeInt32Array().NewInstance() =1
[CRITICAL][Stream] 26.01.2024 17:54:37 [] (unknown:0) -        ^
[CRITICAL][Stream] 26.01.2024 17:54:37 [] (unknown:0) - SyntaxError: cannot assign to function call
[DEBUG][Qt] 26.01.2024 17:54:41 [] (unknown:0) - Python console user input: vtk.vtkTypeInt32Array().NewInstance() =1
[CRITICAL][Stream] 26.01.2024 17:54:41 [] (unknown:0) -   File "<console>", line 1
[CRITICAL][Stream] 26.01.2024 17:54:41 [] (unknown:0) -     vtk.vtkTypeInt32Array().NewInstance() =1
[CRITICAL][Stream] 26.01.2024 17:54:41 [] (unknown:0) -     ^
[CRITICAL][Stream] 26.01.2024 17:54:41 [] (unknown:0) - SyntaxError: cannot assign to function call
[DEBUG][Qt] 26.01.2024 17:54:44 [] (unknown:0) - Python console user input: vtk.vtkTypeInt32Array().NewInstance(y) =1
[CRITICAL][Stream] 26.01.2024 17:54:44 [] (unknown:0) -   File "<console>", line 1
[CRITICAL][Stream] 26.01.2024 17:54:44 [] (unknown:0) -     vtk.vtkTypeInt32Array().NewInstance(y) =1
[CRITICAL][Stream] 26.01.2024 17:54:44 [] (unknown:0) -     ^
[CRITICAL][Stream] 26.01.2024 17:54:44 [] (unknown:0) - SyntaxError: cannot assign to function call
[DEBUG][Qt] 26.01.2024 17:55:19 [] (unknown:0) - Python console user input: x
[INFO][Stream] 26.01.2024 17:55:19 [] (unknown:0) - <vtkmodules.vtkCommonCore.vtkTypeInt32Array(0x000001F1CB18F8A0) at 0x000001F1B9258DC0>
[DEBUG][Qt] 26.01.2024 17:55:25 [] (unknown:0) - Python console user input: x.SetValue()
[CRITICAL][Stream] 26.01.2024 17:55:25 [] (unknown:0) - Traceback (most recent call last):
[CRITICAL][Stream] 26.01.2024 17:55:25 [] (unknown:0) -   File "<console>", line 1, in <module>
[CRITICAL][Stream] 26.01.2024 17:55:25 [] (unknown:0) - TypeError: SetValue() takes exactly 2 arguments (0 given)
[DEBUG][Qt] 26.01.2024 17:55:52 [] (unknown:0) - Python console user input: x.SetValue(0,1)
[CRITICAL][Stream] 26.01.2024 17:55:52 [] (unknown:0) - Traceback (most recent call last):
[CRITICAL][Stream] 26.01.2024 17:55:52 [] (unknown:0) -   File "<console>", line 1, in <module>
[CRITICAL][Stream] 26.01.2024 17:55:52 [] (unknown:0) - ValueError: expects 0 <= id && id < GetNumberOfValues()
[DEBUG][Qt] 26.01.2024 17:56:08 [] (unknown:0) - Python console user input: x.SetNumberOfValues(5)
[INFO][Stream] 26.01.2024 17:56:08 [] (unknown:0) - True
[DEBUG][Qt] 26.01.2024 17:56:15 [] (unknown:0) - Python console user input: polygons.SetData([0,2,4,6,8],[0,1,1,2,2,3,3,1])
[CRITICAL][Stream] 26.01.2024 17:56:15 [] (unknown:0) - Traceback (most recent call last):
[CRITICAL][Stream] 26.01.2024 17:56:15 [] (unknown:0) -   File "<console>", line 1, in <module>
[CRITICAL][Stream] 26.01.2024 17:56:15 [] (unknown:0) - TypeError: arguments do not match any overloaded methods
[DEBUG][Qt] 26.01.2024 17:56:30 [] (unknown:0) - Python console user input: x.SetValue(5,1)
[CRITICAL][Stream] 26.01.2024 17:56:30 [] (unknown:0) - Traceback (most recent call last):
[CRITICAL][Stream] 26.01.2024 17:56:30 [] (unknown:0) -   File "<console>", line 1, in <module>
[CRITICAL][Stream] 26.01.2024 17:56:30 [] (unknown:0) - ValueError: expects 0 <= id && id < GetNumberOfValues()
[DEBUG][Qt] 26.01.2024 17:56:35 [] (unknown:0) - Python console user input: x.SetValue(0,0)
[DEBUG][Qt] 26.01.2024 17:56:42 [] (unknown:0) - Python console user input: x.SetValue(1,2)
[DEBUG][Qt] 26.01.2024 17:56:48 [] (unknown:0) - Python console user input: x.SetValue(2,4)
[DEBUG][Qt] 26.01.2024 17:56:55 [] (unknown:0) - Python console user input: x.SetValue(3,6)
[DEBUG][Qt] 26.01.2024 17:57:02 [] (unknown:0) - Python console user input: x.SetValue(4,8)
[DEBUG][Qt] 26.01.2024 17:57:34 [] (unknown:0) - Python console user input: y.SetNumberOfValues(8)
[INFO][Stream] 26.01.2024 17:57:34 [] (unknown:0) - True
[DEBUG][Qt] 26.01.2024 17:57:58 [] (unknown:0) - Python console user input: y.SetValue(0,1)
[DEBUG][Qt] 26.01.2024 17:58:15 [] (unknown:0) - Python console user input: y.SetValue(0,0)
[DEBUG][Qt] 26.01.2024 17:58:22 [] (unknown:0) - Python console user input: y.SetValue(1,1)
[DEBUG][Qt] 26.01.2024 17:58:25 [] (unknown:0) - Python console user input: y.SetValue(2,1)
[DEBUG][Qt] 26.01.2024 17:58:30 [] (unknown:0) - Python console user input: y.SetValue(3,2)
[DEBUG][Qt] 26.01.2024 17:58:33 [] (unknown:0) - Python console user input: y.SetValue(4,2)
[DEBUG][Qt] 26.01.2024 17:58:38 [] (unknown:0) - Python console user input: y.SetValue(5,3)
[DEBUG][Qt] 26.01.2024 17:58:53 [] (unknown:0) - Python console user input: y.SetValue(6,3)
[DEBUG][Qt] 26.01.2024 17:59:10 [] (unknown:0) - Python console user input: y.SetValue(7,0)
[DEBUG][Qt] 26.01.2024 17:59:23 [] (unknown:0) - Python console user input: polygons.SetData(x,y)
[DEBUG][Qt] 26.01.2024 17:59:32 [] (unknown:0) - Python console user input: model
[INFO][Stream] 26.01.2024 17:59:32 [] (unknown:0) - <MRMLCorePython.vtkMRMLModelNode(0x000001F1CB75EFB0) at 0x000001F1B9249CA0>
[DEBUG][Qt] 26.01.2024 18:00:19 [] (unknown:0) - Python console user input: poly
[INFO][Stream] 26.01.2024 18:00:19 [] (unknown:0) - <vtkmodules.vtkCommonDataModel.vtkPolyData(0x000001F1CBBF5600) at 0x000001F1BCADC8E0>
[DEBUG][Qt] 26.01.2024 18:00:34 [] (unknown:0) - Python console user input: poly.SetPolys(polygons)
[DEBUG][Qt] 26.01.2024 18:00:54 [] (unknown:0) - Python console user input: model.SetAndObserveMesh(poly)
[DEBUG][Qt] 26.01.2024 18:03:05 [] (unknown:0) - Python console user input: point
[INFO][Stream] 26.01.2024 18:03:05 [] (unknown:0) - <vtkmodules.vtkCommonCore.vtkPoints(0x000001F1CAE27D20) at 0x000001F19088B160>
[DEBUG][Qt] 26.01.2024 18:03:18 [] (unknown:0) - Python console user input: poly.GetPointData()
[INFO][Stream] 26.01.2024 18:03:18 [] (unknown:0) - <vtkmodules.vtkCommonDataModel.vtkPointData(0x000001F1CB760900) at 0x000001F1B9258B80>
[DEBUG][Qt] 26.01.2024 18:04:55 [] (unknown:0) - Python console user input: Point
[CRITICAL][Stream] 26.01.2024 18:04:55 [] (unknown:0) - Traceback (most recent call last):
[CRITICAL][Stream] 26.01.2024 18:04:55 [] (unknown:0) -   File "<console>", line 1, in <module>
[CRITICAL][Stream] 26.01.2024 18:04:55 [] (unknown:0) - NameError: name 'Point' is not defined
[DEBUG][Qt] 26.01.2024 18:05:01 [] (unknown:0) - Python console user input: point
[INFO][Stream] 26.01.2024 18:05:01 [] (unknown:0) - <vtkmodules.vtkCommonCore.vtkPoints(0x000001F1CAE27D20) at 0x000001F19088B160>
[DEBUG][Qt] 26.01.2024 18:11:01 [] (unknown:0) - Python console user input: poly.GetPointData()
[INFO][Stream] 26.01.2024 18:11:01 [] (unknown:0) - <vtkmodules.vtkCommonDataModel.vtkPointData(0x000001F1CB760900) at 0x000001F1B9258880>
[DEBUG][Qt] 26.01.2024 18:12:56 [] (unknown:0) - Python console user input: normals = vtk.vtkFloatArray()
[DEBUG][Qt] 26.01.2024 18:13:12 [] (unknown:0) - Python console user input: normals.InsertTuple3
[INFO][Stream] 26.01.2024 18:13:12 [] (unknown:0) - <built-in method InsertTuple3 of vtkmodules.vtkCommonCore.vtkFloatArray object at 0x000001F1B9258B80>
[DEBUG][Qt] 26.01.2024 18:14:44 [] (unknown:0) - Python console user input: normals.InsertTuple3(0,-1,-1,0)
[ERROR][VTK] 26.01.2024 18:14:44 [vtkFloatArray (000001F1CB1B3070)] (vtkDataArray.cxx:1220) - The number of components do not match the number requested: 1 != 3
[DEBUG][Qt] 26.01.2024 18:15:23 [] (unknown:0) - Python console user input: normals.SetNumberOfTuples(4)
[DEBUG][Qt] 26.01.2024 18:15:27 [] (unknown:0) - Python console user input: normals.InsertTuple3(0,-1,-1,0)
[ERROR][VTK] 26.01.2024 18:15:27 [vtkFloatArray (000001F1CB1B3070)] (vtkDataArray.cxx:1220) - The number of components do not match the number requested: 1 != 3
[DEBUG][Qt] 26.01.2024 18:15:45 [] (unknown:0) - Python console user input: normals.InsertTuple3(0,(-1,-1,0))
[CRITICAL][Stream] 26.01.2024 18:15:45 [] (unknown:0) - Traceback (most recent call last):
[CRITICAL][Stream] 26.01.2024 18:15:45 [] (unknown:0) -   File "<console>", line 1, in <module>
[CRITICAL][Stream] 26.01.2024 18:15:45 [] (unknown:0) - TypeError: InsertTuple3() takes exactly 4 arguments (2 given)
[DEBUG][Qt] 26.01.2024 18:15:53 [] (unknown:0) - Python console user input: normals.InsertTuple3(0,-1,-1,0)
[ERROR][VTK] 26.01.2024 18:15:53 [vtkFloatArray (000001F1CB1B3070)] (vtkDataArray.cxx:1220) - The number of components do not match the number requested: 1 != 3
[DEBUG][Qt] 26.01.2024 18:16:00 [] (unknown:0) - Python console user input: normals.InsertTuple3(1,-1,-1,0)
[ERROR][VTK] 26.01.2024 18:16:00 [vtkFloatArray (000001F1CB1B3070)] (vtkDataArray.cxx:1220) - The number of components do not match the number requested: 1 != 3
[DEBUG][Qt] 26.01.2024 18:16:51 [] (unknown:0) - Python console user input: normals.InsertTuple3(1,-1.0,-1.0,0.0)
[ERROR][VTK] 26.01.2024 18:16:51 [vtkFloatArray (000001F1CB1B3070)] (vtkDataArray.cxx:1220) - The number of components do not match the number requested: 1 != 3
[DEBUG][Qt] 26.01.2024 18:17:39 [] (unknown:0) - Python console user input: normals.SetNumberOfComponents(4)
[DEBUG][Qt] 26.01.2024 18:17:40 [] (unknown:0) - Python console user input: normals.InsertTuple3(1,-1.0,-1.0,0.0)
[ERROR][VTK] 26.01.2024 18:17:40 [vtkFloatArray (000001F1CB1B3070)] (vtkDataArray.cxx:1220) - The number of components do not match the number requested: 4 != 3
[DEBUG][Qt] 26.01.2024 18:17:48 [] (unknown:0) - Python console user input: normals.SetNumberOfComponents(3)
[DEBUG][Qt] 26.01.2024 18:17:57 [] (unknown:0) - Python console user input: normals.InsertTuple3(0,-1.0,-1.0,0.0)
[DEBUG][Qt] 26.01.2024 18:18:07 [] (unknown:0) - Python console user input: normals.InsertTuple3(0,1,-1,0)
[DEBUG][Qt] 26.01.2024 18:18:12 [] (unknown:0) - Python console user input: normals.InsertTuple3(0,-1.0,-1.0,0.0)
[DEBUG][Qt] 26.01.2024 18:18:17 [] (unknown:0) - Python console user input: normals.InsertTuple3(1,1,-1,0)
[DEBUG][Qt] 26.01.2024 18:18:23 [] (unknown:0) - Python console user input: normals.InsertTuple3(2,1,1,0)
[DEBUG][Qt] 26.01.2024 18:18:29 [] (unknown:0) - Python console user input: normals.InsertTuple3(3,-1,1,0)
[DEBUG][Qt] 26.01.2024 18:18:32 [] (unknown:0) - Python console user input: normals.InsertTuple3(4,-1,1,0)
[DEBUG][Qt] 26.01.2024 18:18:34 [] (unknown:0) - Python console user input: normals.InsertTuple3(5,-1,1,0)
[DEBUG][Qt] 26.01.2024 18:18:48 [] (unknown:0) - Python console user input: normals = vtk.vtkFloatArray()
[DEBUG][Qt] 26.01.2024 18:18:51 [] (unknown:0) - Python console user input: normals.InsertTuple3(5,-1,1,0)
[ERROR][VTK] 26.01.2024 18:18:51 [vtkFloatArray (000001F1CB1AF860)] (vtkDataArray.cxx:1220) - The number of components do not match the number requested: 1 != 3
[DEBUG][Qt] 26.01.2024 18:19:00 [] (unknown:0) - Python console user input: normals.SetComponent(3)
[CRITICAL][Stream] 26.01.2024 18:19:00 [] (unknown:0) - Traceback (most recent call last):
[CRITICAL][Stream] 26.01.2024 18:19:00 [] (unknown:0) -   File "<console>", line 1, in <module>
[CRITICAL][Stream] 26.01.2024 18:19:00 [] (unknown:0) - TypeError: SetComponent() takes exactly 3 arguments (1 given)
[DEBUG][Qt] 26.01.2024 18:19:13 [] (unknown:0) - Python console user input: normals.SetNumberOfComponents(3)
[DEBUG][Qt] 26.01.2024 18:19:36 [] (unknown:0) - Python console user input: normals.InsertTuple3(0,-1,-1,0)
[DEBUG][Qt] 26.01.2024 18:19:40 [] (unknown:0) - Python console user input: normals.InsertTuple3(1,-1,-1,0)
[DEBUG][Qt] 26.01.2024 18:19:46 [] (unknown:0) - Python console user input: normals.InsertTuple3(1,1,-1,0)
[DEBUG][Qt] 26.01.2024 18:19:50 [] (unknown:0) - Python console user input: normals.InsertTuple3(2,1,1,0)
[DEBUG][Qt] 26.01.2024 18:19:57 [] (unknown:0) - Python console user input: normals.InsertTuple3(3,-1,1,0)
[DEBUG][Qt] 26.01.2024 18:20:05 [] (unknown:0) - Python console user input: normals.GetNumberOfValues()
[INFO][Stream] 26.01.2024 18:20:05 [] (unknown:0) - 12
[DEBUG][Qt] 26.01.2024 18:20:09 [] (unknown:0) - Python console user input: normals.GetNumberOfTuples()
[INFO][Stream] 26.01.2024 18:20:09 [] (unknown:0) - 4
[DEBUG][Qt] 26.01.2024 18:20:35 [] (unknown:0) - Python console user input: poly.GetPointData().SetNormals(normals)
[INFO][Stream] 26.01.2024 18:20:35 [] (unknown:0) - 0
[DEBUG][Qt] 26.01.2024 18:20:38 [] (unknown:0) - Python console user input: poly.GetPointData().SetNormals(normals)
[INFO][Stream] 26.01.2024 18:20:38 [] (unknown:0) - 0
[DEBUG][Qt] 26.01.2024 18:21:00 [] (unknown:0) - Python console user input: poly.SetPoints(point)
[DEBUG][Qt] 26.01.2024 18:21:05 [] (unknown:0) - Python console user input: point.GetNumberOfPoints()
[INFO][Stream] 26.01.2024 18:21:05 [] (unknown:0) - 4
[DEBUG][Qt] 26.01.2024 18:21:58 [] (unknown:0) - Python console user input: model.SetAndObserveMesh(poly)
[DEBUG][Qt] 26.01.2024 18:22:21 [] (unknown:0) - Switch to module:  "Markups"
[DEBUG][Qt] 26.01.2024 18:25:01 [] (unknown:0) - Python console user input: poly.GetPointData()
[INFO][Stream] 26.01.2024 18:25:01 [] (unknown:0) - <vtkmodules.vtkCommonDataModel.vtkPointData(0x000001F1CB760900) at 0x000001F1B91B9820>
[DEBUG][Qt] 26.01.2024 18:26:08 [] (unknown:0) - Python console user input: poly.GetPointData()
[INFO][Stream] 26.01.2024 18:26:08 [] (unknown:0) - <vtkmodules.vtkCommonDataModel.vtkPointData(0x000001F1CB760900) at 0x000001F1B91B9820>
[DEBUG][Qt] 26.01.2024 18:30:39 [] (unknown:0) - Python console user input: slicer.mrmlScene.CreateNodeByClass("")
[DEBUG][Qt] 26.01.2024 18:30:41 [] (unknown:0) - Python console user input: model
[INFO][Stream] 26.01.2024 18:30:41 [] (unknown:0) - <MRMLCorePython.vtkMRMLModelNode(0x000001F1CB75EFB0) at 0x000001F1B9249CA0>
[DEBUG][Qt] 26.01.2024 18:30:49 [] (unknown:0) - Python console user input: slicer.mrmlScene.CreateNodeByClass("vtkMRMLModelNode")
[INFO][Stream] 26.01.2024 18:30:49 [] (unknown:0) - <MRMLCorePython.vtkMRMLModelNode(0x000001F1D338C820) at 0x000001F1B91B9820>
[DEBUG][Qt] 26.01.2024 18:30:53 [] (unknown:0) - Switch to module:  "Data"
[DEBUG][Qt] 26.01.2024 18:37:11 [] (unknown:0) - Python console user input: slicer.mrmlScene.CreateNodeByClass("vtkMRMLModelNode")
[INFO][Stream] 26.01.2024 18:37:11 [] (unknown:0) - <MRMLCorePython.vtkMRMLModelNode(0x000001F1D338F5B0) at 0x000001F1B9258B80>
[DEBUG][Qt] 26.01.2024 18:37:18 [] (unknown:0) - Python console user input: CreateMesh(modeNode, arrayVertices, arrayVertexNormals, arrayTriangles, labelsScalars, arrayScalars)
[ERROR][VTK] 26.01.2024 18:37:18 [vtkFloatArray (000001F1CEBCEE30)] (vtkDataArray.cxx:1220) - The number of components do not match the number requested: 1 != 3
[ERROR][VTK] 26.01.2024 18:37:18 [vtkFloatArray (000001F1CEBCEE30)] (vtkDataArray.cxx:1220) - The number of components do not match the number requested: 1 != 3
[ERROR][VTK] 26.01.2024 18:37:18 [vtkFloatArray (000001F1CEBCEE30)] (vtkDataArray.cxx:1220) - The number of components do not match the number requested: 1 != 3
[ERROR][VTK] 26.01.2024 18:37:18 [vtkFloatArray (000001F1CEBCEE30)] (vtkDataArray.cxx:1220) - The number of components do not match the number requested: 1 != 3
[WARNING][VTK] 26.01.2024 18:37:18 [vtkPointData (000001F1D338B740)] (vtkDataSetAttributes.cxx:1668) - Can not set attribute Normals. Incorrect number of components.
[CRITICAL][Stream] 26.01.2024 18:37:18 [] (unknown:0) - Traceback (most recent call last):
[CRITICAL][Stream] 26.01.2024 18:37:18 [] (unknown:0) -   File "<console>", line 1, in <module>
[CRITICAL][Stream] 26.01.2024 18:37:18 [] (unknown:0) -   File "<string>", line 48, in CreateMesh
[CRITICAL][Stream] 26.01.2024 18:37:18 [] (unknown:0) - NameError: name 'modelNode' is not defined
[DEBUG][Qt] 26.01.2024 18:38:07 [] (unknown:0) - Python console user input: CreateMesh(modeNode, arrayVertices, arrayVertexNormals, arrayTriangles, labelsScalars, arrayScalars)
[CRITICAL][Stream] 26.01.2024 18:38:07 [] (unknown:0) - Traceback (most recent call last):
[CRITICAL][Stream] 26.01.2024 18:38:07 [] (unknown:0) -   File "<console>", line 1, in <module>
[CRITICAL][Stream] 26.01.2024 18:38:07 [] (unknown:0) -   File "<string>", line 42, in CreateMesh
[CRITICAL][Stream] 26.01.2024 18:38:07 [] (unknown:0) - NameError: name 'modelNode' is not defined
[DEBUG][Qt] 26.01.2024 18:38:27 [] (unknown:0) - Python console user input: modeNode
[INFO][Stream] 26.01.2024 18:38:27 [] (unknown:0) - <MRMLCorePython.vtkMRMLModelNode(0x000001F1D3390180) at 0x000001F1B91B9820>
[DEBUG][Qt] 26.01.2024 18:40:17 [] (unknown:0) - Python console user input: CreateMesh(modeNode, arrayVertices, arrayVertexNormals, arrayTriangles, labelsScalars, arrayScalars)
[DEBUG][Qt] 26.01.2024 18:41:22 [] (unknown:0) - Python console user input: CreateMesh(modelNode, arrayVertices, arrayVertexNormals, arrayTriangles, labelsScalars, arrayScalars)
[DEBUG][Qt] 26.01.2024 18:41:28 [] (unknown:0) - Python console user input: CreateMesh(modelNode, arrayVertices, arrayVertexNormals, arrayTriangles, labelsScalars, arrayScalars)
[DEBUG][Qt] 26.01.2024 18:42:25 [] (unknown:0) - Python console user input: modelNode
[INFO][Stream] 26.01.2024 18:42:25 [] (unknown:0) - <MRMLCorePython.vtkMRMLModelNode(0x000001F1D338F760) at 0x000001F1B925C7C0>
[DEBUG][Qt] 26.01.2024 18:42:33 [] (unknown:0) - Python console user input: modelNode.SetName("Hi")
[DEBUG][Qt] 26.01.2024 18:43:37 [] (unknown:0) - Python console user input: modelNode = getNode("Model_r_hippoTest")
[DEBUG][Qt] 26.01.2024 18:43:40 [] (unknown:0) - Python console user input: CreateMesh(modelNode, arrayVertices, arrayVertexNormals, arrayTriangles, labelsScalars, arrayScalars)
[DEBUG][Qt] 26.01.2024 18:44:55 [] (unknown:0) - Switch to module:  "Markups"
[DEBUG][Qt] 26.01.2024 18:46:06 [] (unknown:0) - Switch to module:  ""
