[DEBUG][Qt] 11.02.2024 17:49:12 [] (unknown:0) - Session start time .......: 20240211_174912
[DEBUG][Qt] 11.02.2024 17:49:12 [] (unknown:0) - Slicer version ...........: 5.6.1 (revision 32438 / 117ce5f) win-amd64 - installed release
[DEBUG][Qt] 11.02.2024 17:49:12 [] (unknown:0) - Operating system .........: Windows /  Personal / (Build 22621, Code Page 65001) - 64-bit
[DEBUG][Qt] 11.02.2024 17:49:12 [] (unknown:0) - Memory ...................: 7834 MB physical, 12954 MB virtual
[DEBUG][Qt] 11.02.2024 17:49:12 [] (unknown:0) - CPU ......................: GenuineIntel , 8 cores, 8 logical processors
[DEBUG][Qt] 11.02.2024 17:49:12 [] (unknown:0) - VTK configuration ........: OpenGL2 rendering, TBB threading
[DEBUG][Qt] 11.02.2024 17:49:12 [] (unknown:0) - Qt configuration .........: version 5.15.2, with SSL, requested OpenGL 3.2 (compatibility profile)
[DEBUG][Qt] 11.02.2024 17:49:12 [] (unknown:0) - Internationalization .....: disabled, language=
[DEBUG][Qt] 11.02.2024 17:49:12 [] (unknown:0) - Developer mode ...........: enabled
[DEBUG][Qt] 11.02.2024 17:49:12 [] (unknown:0) - Application path .........: D:/Program/Slicer 5.6.1/bin
[DEBUG][Qt] 11.02.2024 17:49:12 [] (unknown:0) - Additional module paths ..: C:/Users/DANG THE HUNG/OneDrive - King's College London/Msc study/7MRI0070 - Navigation in Robotic/Module\My_extension\ImageThreshold, slicer.org/Extensions-32438/DebuggingTools/lib/Slicer-5.6/qt-scripted-modules, C:/Users/DANG THE HUNG/OneDrive - King's College London/Msc study/7MRI0070 - Navigation in Robotic/Module/My_extension\Print_hello_world, C:/Users/DANG THE HUNG/OneDrive - King's College London/Msc study/7MRI0070 - Navigation in Robotic/Module/My_extension\Guided_examples, C:/Users/DANG THE HUNG/OneDrive - King's College London/Msc study/7MRI0070 - Navigation in Robotic/Module/My_extension\Segmentation_k_mean, C:/Users/DANG THE HUNG/OneDrive - King's College London/Msc study/7MRI0070 - Navigation in Robotic/Module/My_extension\My_function, C:/Users/DANG THE HUNG/OneDrive - King's College London/Msc study/7MRI0070 - Navigation in Robotic/Module/My_extension\Pathway_planning
[DEBUG][Python] 11.02.2024 17:49:26 [Python] (D:\Program\Slicer 5.6.1\lib\Slicer-5.6\qt-scripted-modules\SubjectHierarchyPlugins\AbstractScriptedSubjectHierarchyPlugin.py:39) - Scripted subject hierarchy plugin registered: SegmentEditor
[DEBUG][Python] 11.02.2024 17:49:26 [Python] (D:\Program\Slicer 5.6.1\lib\Slicer-5.6\qt-scripted-modules\SubjectHierarchyPlugins\AbstractScriptedSubjectHierarchyPlugin.py:39) - Scripted subject hierarchy plugin registered: SegmentStatistics
[DEBUG][Qt] 11.02.2024 17:49:27 [] (unknown:0) - Switch to module:  "Welcome"
[DEBUG][Qt] 11.02.2024 17:52:15 [] (unknown:0) - Switch to module:  "Pathway_planning"
[INFO][Stream] 11.02.2024 18:17:24 [] (unknown:0) -
[INFO][Stream] 11.02.2024 18:17:24 [] (unknown:0) -
[INFO][Stream] 11.02.2024 18:17:24 [] (unknown:0) -
[INFO][Stream] 11.02.2024 18:17:24 [] (unknown:0) - ------------------------------
[INFO][Stream] 11.02.2024 18:17:24 [] (unknown:0) - Reloading module: Pathway_planning
[INFO][Stream] 11.02.2024 18:17:24 [] (unknown:0) - ------------------------------
[INFO][Stream] 11.02.2024 18:17:24 [] (unknown:0) -
[INFO][Stream] 11.02.2024 18:17:24 [] (unknown:0) -
[INFO][Stream] 11.02.2024 18:17:24 [] (unknown:0) -
[INFO][Stream] 11.02.2024 18:17:29 [] (unknown:0) -
[INFO][Stream] 11.02.2024 18:17:29 [] (unknown:0) -
[INFO][Stream] 11.02.2024 18:17:29 [] (unknown:0) -
[INFO][Stream] 11.02.2024 18:17:29 [] (unknown:0) - ------------------------------
[INFO][Stream] 11.02.2024 18:17:29 [] (unknown:0) - Reloading module: Pathway_planning
[INFO][Stream] 11.02.2024 18:17:29 [] (unknown:0) - ------------------------------
[INFO][Stream] 11.02.2024 18:17:29 [] (unknown:0) -
[INFO][Stream] 11.02.2024 18:17:29 [] (unknown:0) -
[INFO][Stream] 11.02.2024 18:17:29 [] (unknown:0) -
[INFO][Stream] 11.02.2024 18:17:48 [] (unknown:0) -
[INFO][Stream] 11.02.2024 18:17:48 [] (unknown:0) -
[INFO][Stream] 11.02.2024 18:17:48 [] (unknown:0) -
[INFO][Stream] 11.02.2024 18:17:48 [] (unknown:0) - ------------------------------
[INFO][Stream] 11.02.2024 18:17:48 [] (unknown:0) - Reloading module: Pathway_planning
[INFO][Stream] 11.02.2024 18:17:48 [] (unknown:0) - ------------------------------
[INFO][Stream] 11.02.2024 18:17:48 [] (unknown:0) -
[INFO][Stream] 11.02.2024 18:17:48 [] (unknown:0) -
[INFO][Stream] 11.02.2024 18:17:48 [] (unknown:0) -
[INFO][Stream] 11.02.2024 18:17:48 [] (unknown:0) - 2
[INFO][Python] 11.02.2024 18:17:48 [Python] (D:\Program\Slicer 5.6.1\bin\Python\slicer\util.py:2877) - Starting the test
[DEBUG][Python] 11.02.2024 18:17:49 [Python] (D:/Program/Slicer 5.6.1/bin/../lib/Slicer-5.6/qt-scripted-modules/SampleData.py:799) - Requesting download Pathway_planning1.nrrd from https://github.com/Slicer/SlicerTestingData/releases/download/SHA256/998cb522173839c78657f4bc0ea907cea09fd04e44601f17c82ea27927937b95 ...
[DEBUG][Python] 11.02.2024 18:17:50 [Python] (D:/Program/Slicer 5.6.1/bin/../lib/Slicer-5.6/qt-scripted-modules/SampleData.py:799) - <i>Downloaded 496.0 KB (10% of 4.8 MB)...</i>
[DEBUG][Python] 11.02.2024 18:17:50 [Python] (D:/Program/Slicer 5.6.1/bin/../lib/Slicer-5.6/qt-scripted-modules/SampleData.py:799) - <i>Downloaded 992.0 KB (20% of 4.8 MB)...</i>
[DEBUG][Python] 11.02.2024 18:17:50 [Python] (D:/Program/Slicer 5.6.1/bin/../lib/Slicer-5.6/qt-scripted-modules/SampleData.py:799) - <i>Downloaded 1.5 MB (30% of 4.8 MB)...</i>
[DEBUG][Python] 11.02.2024 18:17:50 [Python] (D:/Program/Slicer 5.6.1/bin/../lib/Slicer-5.6/qt-scripted-modules/SampleData.py:799) - <i>Downloaded 1.9 MB (40% of 4.8 MB)...</i>
[DEBUG][Python] 11.02.2024 18:17:51 [Python] (D:/Program/Slicer 5.6.1/bin/../lib/Slicer-5.6/qt-scripted-modules/SampleData.py:799) - <i>Downloaded 2.4 MB (50% of 4.8 MB)...</i>
[DEBUG][Python] 11.02.2024 18:17:51 [Python] (D:/Program/Slicer 5.6.1/bin/../lib/Slicer-5.6/qt-scripted-modules/SampleData.py:799) - <i>Downloaded 2.9 MB (60% of 4.8 MB)...</i>
[DEBUG][Python] 11.02.2024 18:17:51 [Python] (D:/Program/Slicer 5.6.1/bin/../lib/Slicer-5.6/qt-scripted-modules/SampleData.py:799) - <i>Downloaded 3.4 MB (70% of 4.8 MB)...</i>
[DEBUG][Python] 11.02.2024 18:17:51 [Python] (D:/Program/Slicer 5.6.1/bin/../lib/Slicer-5.6/qt-scripted-modules/SampleData.py:799) - <i>Downloaded 3.9 MB (80% of 4.8 MB)...</i>
[DEBUG][Python] 11.02.2024 18:17:51 [Python] (D:/Program/Slicer 5.6.1/bin/../lib/Slicer-5.6/qt-scripted-modules/SampleData.py:799) - <i>Downloaded 4.4 MB (90% of 4.8 MB)...</i>
[DEBUG][Python] 11.02.2024 18:17:51 [Python] (D:/Program/Slicer 5.6.1/bin/../lib/Slicer-5.6/qt-scripted-modules/SampleData.py:799) - <i>Downloaded 4.8 MB (100% of 4.8 MB)...</i>
[DEBUG][Python] 11.02.2024 18:17:51 [Python] (D:/Program/Slicer 5.6.1/bin/../lib/Slicer-5.6/qt-scripted-modules/SampleData.py:799) - Download finished
[DEBUG][Python] 11.02.2024 18:17:51 [Python] (D:/Program/Slicer 5.6.1/bin/../lib/Slicer-5.6/qt-scripted-modules/SampleData.py:799) - Verifying checksum
[DEBUG][Python] 11.02.2024 18:17:51 [Python] (D:/Program/Slicer 5.6.1/bin/../lib/Slicer-5.6/qt-scripted-modules/SampleData.py:799) - Checksum OK
[DEBUG][Python] 11.02.2024 18:17:51 [Python] (D:/Program/Slicer 5.6.1/bin/../lib/Slicer-5.6/qt-scripted-modules/SampleData.py:799) - <b>Requesting load Pathway_planning1 from C:/Users/DANG THE HUNG/AppData/Local/slicer.org/Slicer/cache/SlicerIO/Pathway_planning1.nrrd ...</b>
[DEBUG][Qt] 11.02.2024 18:17:52 [] (unknown:0) - "Volume" Reader has successfully read the file "C:/Users/DANG THE HUNG/AppData/Local/slicer.org/Slicer/cache/SlicerIO/Pathway_planning1.nrrd" "[0.30s]"
[DEBUG][Python] 11.02.2024 18:17:52 [Python] (D:/Program/Slicer 5.6.1/bin/../lib/Slicer-5.6/qt-scripted-modules/SampleData.py:799) - <b>Load finished</b><p></p>
[INFO][Python] 11.02.2024 18:17:52 [Python] (D:\Program\Slicer 5.6.1\bin\Python\slicer\util.py:2877) - Loaded test data set
[INFO][Python] 11.02.2024 18:17:53 [Python] (C:/Users/DANG THE HUNG/OneDrive - King's College London/Msc study/7MRI0070 - Navigation in Robotic/Module/My_extension/Pathway_planning/Pathway_planning.py:256) - Processing started
[INFO][VTK] 11.02.2024 18:17:53 [vtkSlicerCLIModuleLogic (00000279B63EADF0)] (D:\D\S\S-0\Base\QTCLI\vtkSlicerCLIModuleLogic.cxx:870) - Found CommandLine Module, target is D:/Program/Slicer 5.6.1/bin/../lib/Slicer-5.6/cli-modules/ThresholdScalarVolume.exe
[INFO][VTK] 11.02.2024 18:17:53 [vtkSlicerCLIModuleLogic (00000279B63EADF0)] (D:\D\S\S-0\Base\QTCLI\vtkSlicerCLIModuleLogic.cxx:888) - ModuleType: CommandLineModule
[INFO][VTK] 11.02.2024 18:17:53 [vtkSlicerCLIModuleLogic (00000279B63EADF0)] (D:\D\S\S-0\Base\QTCLI\vtkSlicerCLIModuleLogic.cxx:1729) - Threshold Scalar Volume command line: 

D:/Program/Slicer 5.6.1/bin/../lib/Slicer-5.6/cli-modules/ThresholdScalarVolume.exe --thresholdtype Above --threshold 100 --lower 1 --upper 200 --outsidevalue 0 C:/Users/DANG THE HUNG/OneDrive - King's College London/Msc study/7MRI0070 - Navigation in Robotic/Module/My_functions/BFBCA_vtkMRMLScalarVolumeNodeB.nrrd C:/Users/DANG THE HUNG/OneDrive - King's College London/Msc study/7MRI0070 - Navigation in Robotic/Module/My_functions/BFBCA_vtkMRMLScalarVolumeNodeC.nrrd
[INFO][VTK] 11.02.2024 18:17:53 [vtkSlicerCLIModuleLogic (00000279B63EADF0)] (D:\D\S\S-0\Base\QTCLI\vtkSlicerCLIModuleLogic.cxx:1943) - Threshold Scalar Volume completed without errors
[INFO][Python] 11.02.2024 18:17:53 [Python] (C:/Users/DANG THE HUNG/OneDrive - King's College London/Msc study/7MRI0070 - Navigation in Robotic/Module/My_extension/Pathway_planning/Pathway_planning.py:270) - Processing completed in 0.82 seconds
[INFO][Python] 11.02.2024 18:17:53 [Python] (C:/Users/DANG THE HUNG/OneDrive - King's College London/Msc study/7MRI0070 - Navigation in Robotic/Module/My_extension/Pathway_planning/Pathway_planning.py:256) - Processing started
[INFO][VTK] 11.02.2024 18:17:53 [vtkSlicerCLIModuleLogic (00000279B63EADF0)] (D:\D\S\S-0\Base\QTCLI\vtkSlicerCLIModuleLogic.cxx:870) - Found CommandLine Module, target is D:/Program/Slicer 5.6.1/bin/../lib/Slicer-5.6/cli-modules/ThresholdScalarVolume.exe
[INFO][VTK] 11.02.2024 18:17:53 [vtkSlicerCLIModuleLogic (00000279B63EADF0)] (D:\D\S\S-0\Base\QTCLI\vtkSlicerCLIModuleLogic.cxx:888) - ModuleType: CommandLineModule
[INFO][VTK] 11.02.2024 18:17:53 [vtkSlicerCLIModuleLogic (00000279B63EADF0)] (D:\D\S\S-0\Base\QTCLI\vtkSlicerCLIModuleLogic.cxx:1729) - Threshold Scalar Volume command line: 

D:/Program/Slicer 5.6.1/bin/../lib/Slicer-5.6/cli-modules/ThresholdScalarVolume.exe --thresholdtype Below --threshold 100 --lower 1 --upper 200 --outsidevalue 0 C:/Users/DANG THE HUNG/OneDrive - King's College London/Msc study/7MRI0070 - Navigation in Robotic/Module/My_functions/BFBCA_vtkMRMLScalarVolumeNodeB.nrrd C:/Users/DANG THE HUNG/OneDrive - King's College London/Msc study/7MRI0070 - Navigation in Robotic/Module/My_functions/BFBCA_vtkMRMLScalarVolumeNodeC.nrrd
[INFO][VTK] 11.02.2024 18:17:54 [vtkSlicerCLIModuleLogic (00000279B63EADF0)] (D:\D\S\S-0\Base\QTCLI\vtkSlicerCLIModuleLogic.cxx:1943) - Threshold Scalar Volume completed without errors
[ERROR][VTK] 11.02.2024 18:17:54 [vtkCompositeDataPipeline (00000279C269C550)] (vtkDemandDrivenPipeline.cxx:689) - Input port 0 of algorithm vtkImageMapToWindowLevelColors (00000279B6A3B6B0) has 0 connections but is not optional.
[ERROR][VTK] 11.02.2024 18:17:54 [vtkCompositeDataPipeline (00000279C269F010)] (vtkDemandDrivenPipeline.cxx:689) - Input port 0 of algorithm vtkImageThreshold (00000279B567FD50) has 0 connections but is not optional.
[ERROR][VTK] 11.02.2024 18:17:54 [vtkCompositeDataPipeline (00000279C269C550)] (vtkDemandDrivenPipeline.cxx:689) - Input port 0 of algorithm vtkImageMapToWindowLevelColors (00000279B6A3B6B0) has 0 connections but is not optional.
[ERROR][VTK] 11.02.2024 18:17:54 [vtkCompositeDataPipeline (00000279B028F1B0)] (vtkDemandDrivenPipeline.cxx:689) - Input port 0 of algorithm vtkImageReslice (00000279AEAD2120) has 0 connections but is not optional.
[ERROR][VTK] 11.02.2024 18:17:54 [vtkCompositeDataPipeline (00000279C269C550)] (vtkDemandDrivenPipeline.cxx:689) - Input port 0 of algorithm vtkImageMapToWindowLevelColors (00000279B6A3B6B0) has 0 connections but is not optional.
[ERROR][VTK] 11.02.2024 18:17:54 [vtkCompositeDataPipeline (00000279C269F010)] (vtkDemandDrivenPipeline.cxx:689) - Input port 0 of algorithm vtkImageThreshold (00000279B567FD50) has 0 connections but is not optional.
[ERROR][VTK] 11.02.2024 18:17:54 [vtkCompositeDataPipeline (00000279C269C550)] (vtkDemandDrivenPipeline.cxx:689) - Input port 0 of algorithm vtkImageMapToWindowLevelColors (00000279B6A3B6B0) has 0 connections but is not optional.
[ERROR][VTK] 11.02.2024 18:17:54 [vtkCompositeDataPipeline (00000279B028F1B0)] (vtkDemandDrivenPipeline.cxx:689) - Input port 0 of algorithm vtkImageReslice (00000279AEAD2120) has 0 connections but is not optional.
[ERROR][VTK] 11.02.2024 18:17:54 [vtkCompositeDataPipeline (00000279C269C550)] (vtkDemandDrivenPipeline.cxx:689) - Input port 0 of algorithm vtkImageMapToWindowLevelColors (00000279B6A3B6B0) has 0 connections but is not optional.
[ERROR][VTK] 11.02.2024 18:17:54 [vtkCompositeDataPipeline (00000279C269F010)] (vtkDemandDrivenPipeline.cxx:689) - Input port 0 of algorithm vtkImageThreshold (00000279B567FD50) has 0 connections but is not optional.
[ERROR][VTK] 11.02.2024 18:17:54 [vtkCompositeDataPipeline (00000279C269C550)] (vtkDemandDrivenPipeline.cxx:689) - Input port 0 of algorithm vtkImageMapToWindowLevelColors (00000279B6A3B6B0) has 0 connections but is not optional.
[ERROR][VTK] 11.02.2024 18:17:54 [vtkCompositeDataPipeline (00000279B028F1B0)] (vtkDemandDrivenPipeline.cxx:689) - Input port 0 of algorithm vtkImageReslice (00000279AEAD2120) has 0 connections but is not optional.
[ERROR][VTK] 11.02.2024 18:17:54 [vtkCompositeDataPipeline (00000279C269C550)] (vtkDemandDrivenPipeline.cxx:689) - Input port 0 of algorithm vtkImageMapToWindowLevelColors (00000279B6A3B6B0) has 0 connections but is not optional.
[ERROR][VTK] 11.02.2024 18:17:54 [vtkCompositeDataPipeline (00000279C269F010)] (vtkDemandDrivenPipeline.cxx:689) - Input port 0 of algorithm vtkImageThreshold (00000279B567FD50) has 0 connections but is not optional.
[ERROR][VTK] 11.02.2024 18:17:54 [vtkCompositeDataPipeline (00000279C269C550)] (vtkDemandDrivenPipeline.cxx:689) - Input port 0 of algorithm vtkImageMapToWindowLevelColors (00000279B6A3B6B0) has 0 connections but is not optional.
[ERROR][VTK] 11.02.2024 18:17:54 [vtkCompositeDataPipeline (00000279B028F1B0)] (vtkDemandDrivenPipeline.cxx:689) - Input port 0 of algorithm vtkImageReslice (00000279AEAD2120) has 0 connections but is not optional.
[ERROR][VTK] 11.02.2024 18:17:54 [vtkCompositeDataPipeline (00000279C269D3F0)] (vtkDemandDrivenPipeline.cxx:689) - Input port 0 of algorithm vtkImageMapToWindowLevelColors (00000279B6A37830) has 0 connections but is not optional.
[ERROR][VTK] 11.02.2024 18:17:54 [vtkCompositeDataPipeline (00000279C269EDD0)] (vtkDemandDrivenPipeline.cxx:689) - Input port 0 of algorithm vtkImageThreshold (00000279B567E5B0) has 0 connections but is not optional.
[ERROR][VTK] 11.02.2024 18:17:54 [vtkCompositeDataPipeline (00000279C269D3F0)] (vtkDemandDrivenPipeline.cxx:689) - Input port 0 of algorithm vtkImageMapToWindowLevelColors (00000279B6A37830) has 0 connections but is not optional.
[ERROR][VTK] 11.02.2024 18:17:54 [vtkCompositeDataPipeline (00000279B4B1C780)] (vtkDemandDrivenPipeline.cxx:689) - Input port 0 of algorithm vtkImageReslice (00000279AEACFF60) has 0 connections but is not optional.
[ERROR][VTK] 11.02.2024 18:17:54 [vtkCompositeDataPipeline (00000279C269D3F0)] (vtkDemandDrivenPipeline.cxx:689) - Input port 0 of algorithm vtkImageMapToWindowLevelColors (00000279B6A37830) has 0 connections but is not optional.
[ERROR][VTK] 11.02.2024 18:17:54 [vtkCompositeDataPipeline (00000279C269EDD0)] (vtkDemandDrivenPipeline.cxx:689) - Input port 0 of algorithm vtkImageThreshold (00000279B567E5B0) has 0 connections but is not optional.
[ERROR][VTK] 11.02.2024 18:17:54 [vtkCompositeDataPipeline (00000279C269D3F0)] (vtkDemandDrivenPipeline.cxx:689) - Input port 0 of algorithm vtkImageMapToWindowLevelColors (00000279B6A37830) has 0 connections but is not optional.
[ERROR][VTK] 11.02.2024 18:17:54 [vtkCompositeDataPipeline (00000279B4B1C780)] (vtkDemandDrivenPipeline.cxx:689) - Input port 0 of algorithm vtkImageReslice (00000279AEACFF60) has 0 connections but is not optional.
[ERROR][VTK] 11.02.2024 18:17:54 [vtkCompositeDataPipeline (00000279C269C0D0)] (vtkDemandDrivenPipeline.cxx:689) - Input port 0 of algorithm vtkImageMapToWindowLevelColors (00000279B6A38730) has 0 connections but is not optional.
[ERROR][VTK] 11.02.2024 18:17:54 [vtkCompositeDataPipeline (00000279C269FB50)] (vtkDemandDrivenPipeline.cxx:689) - Input port 0 of algorithm vtkImageThreshold (00000279B567E460) has 0 connections but is not optional.
[ERROR][VTK] 11.02.2024 18:17:54 [vtkCompositeDataPipeline (00000279C269C0D0)] (vtkDemandDrivenPipeline.cxx:689) - Input port 0 of algorithm vtkImageMapToWindowLevelColors (00000279B6A38730) has 0 connections but is not optional.
[ERROR][VTK] 11.02.2024 18:17:54 [vtkCompositeDataPipeline (00000279B056D210)] (vtkDemandDrivenPipeline.cxx:689) - Input port 0 of algorithm vtkImageReslice (00000279AEAD0AA0) has 0 connections but is not optional.
[ERROR][VTK] 11.02.2024 18:17:54 [vtkCompositeDataPipeline (00000279C269C0D0)] (vtkDemandDrivenPipeline.cxx:689) - Input port 0 of algorithm vtkImageMapToWindowLevelColors (00000279B6A38730) has 0 connections but is not optional.
[ERROR][VTK] 11.02.2024 18:17:54 [vtkCompositeDataPipeline (00000279C269FB50)] (vtkDemandDrivenPipeline.cxx:689) - Input port 0 of algorithm vtkImageThreshold (00000279B567E460) has 0 connections but is not optional.
[ERROR][VTK] 11.02.2024 18:17:54 [vtkCompositeDataPipeline (00000279C269C0D0)] (vtkDemandDrivenPipeline.cxx:689) - Input port 0 of algorithm vtkImageMapToWindowLevelColors (00000279B6A38730) has 0 connections but is not optional.
[ERROR][VTK] 11.02.2024 18:17:54 [vtkCompositeDataPipeline (00000279B056D210)] (vtkDemandDrivenPipeline.cxx:689) - Input port 0 of algorithm vtkImageReslice (00000279AEAD0AA0) has 0 connections but is not optional.
[INFO][Python] 11.02.2024 18:17:54 [Python] (C:/Users/DANG THE HUNG/OneDrive - King's College London/Msc study/7MRI0070 - Navigation in Robotic/Module/My_extension/Pathway_planning/Pathway_planning.py:270) - Processing completed in 0.26 seconds
[INFO][Python] 11.02.2024 18:17:54 [Python] (D:\Program\Slicer 5.6.1\bin\Python\slicer\util.py:2877) - Test passed
[INFO][Stream] 11.02.2024 18:18:38 [] (unknown:0) -
[INFO][Stream] 11.02.2024 18:18:38 [] (unknown:0) -
[INFO][Stream] 11.02.2024 18:18:38 [] (unknown:0) -
[INFO][Stream] 11.02.2024 18:18:38 [] (unknown:0) - ------------------------------
[INFO][Stream] 11.02.2024 18:18:38 [] (unknown:0) - Reloading module: Pathway_planning
[INFO][Stream] 11.02.2024 18:18:38 [] (unknown:0) - ------------------------------
[INFO][Stream] 11.02.2024 18:18:38 [] (unknown:0) -
[INFO][Stream] 11.02.2024 18:18:38 [] (unknown:0) -
[INFO][Stream] 11.02.2024 18:18:38 [] (unknown:0) -
[INFO][Stream] 11.02.2024 18:19:14 [] (unknown:0) -
[INFO][Stream] 11.02.2024 18:19:14 [] (unknown:0) -
[INFO][Stream] 11.02.2024 18:19:14 [] (unknown:0) -
[INFO][Stream] 11.02.2024 18:19:14 [] (unknown:0) - ------------------------------
[INFO][Stream] 11.02.2024 18:19:14 [] (unknown:0) - Reloading module: Pathway_planning
[INFO][Stream] 11.02.2024 18:19:14 [] (unknown:0) - ------------------------------
[INFO][Stream] 11.02.2024 18:19:14 [] (unknown:0) -
[INFO][Stream] 11.02.2024 18:19:14 [] (unknown:0) -
[INFO][Stream] 11.02.2024 18:19:14 [] (unknown:0) -
[INFO][Stream] 11.02.2024 18:19:14 [] (unknown:0) - 2
[INFO][Python] 11.02.2024 18:19:14 [Python] (D:\Program\Slicer 5.6.1\bin\Python\slicer\util.py:2877) - Starting the test
[DEBUG][Python] 11.02.2024 18:19:15 [Python] (D:/Program/Slicer 5.6.1/bin/../lib/Slicer-5.6/qt-scripted-modules/SampleData.py:799) - Verifying checksum
[DEBUG][Python] 11.02.2024 18:19:15 [Python] (D:/Program/Slicer 5.6.1/bin/../lib/Slicer-5.6/qt-scripted-modules/SampleData.py:799) - File already exists and checksum is OK - reusing it.
[DEBUG][Python] 11.02.2024 18:19:15 [Python] (D:/Program/Slicer 5.6.1/bin/../lib/Slicer-5.6/qt-scripted-modules/SampleData.py:799) - <b>Requesting load Pathway_planning1 from C:/Users/DANG THE HUNG/AppData/Local/slicer.org/Slicer/cache/SlicerIO/Pathway_planning1.nrrd ...</b>
[DEBUG][Qt] 11.02.2024 18:19:15 [] (unknown:0) - "Volume" Reader has successfully read the file "C:/Users/DANG THE HUNG/AppData/Local/slicer.org/Slicer/cache/SlicerIO/Pathway_planning1.nrrd" "[0.12s]"
[DEBUG][Python] 11.02.2024 18:19:15 [Python] (D:/Program/Slicer 5.6.1/bin/../lib/Slicer-5.6/qt-scripted-modules/SampleData.py:799) - <b>Load finished</b><p></p>
[INFO][Python] 11.02.2024 18:19:15 [Python] (D:\Program\Slicer 5.6.1\bin\Python\slicer\util.py:2877) - Loaded test data set
[INFO][Python] 11.02.2024 18:19:16 [Python] (C:/Users/DANG THE HUNG/OneDrive - King's College London/Msc study/7MRI0070 - Navigation in Robotic/Module/My_extension/Pathway_planning/Pathway_planning.py:256) - Processing started
[INFO][VTK] 11.02.2024 18:19:16 [vtkSlicerCLIModuleLogic (00000279B63EADF0)] (D:\D\S\S-0\Base\QTCLI\vtkSlicerCLIModuleLogic.cxx:870) - Found CommandLine Module, target is D:/Program/Slicer 5.6.1/bin/../lib/Slicer-5.6/cli-modules/ThresholdScalarVolume.exe
[INFO][VTK] 11.02.2024 18:19:16 [vtkSlicerCLIModuleLogic (00000279B63EADF0)] (D:\D\S\S-0\Base\QTCLI\vtkSlicerCLIModuleLogic.cxx:888) - ModuleType: CommandLineModule
[INFO][VTK] 11.02.2024 18:19:16 [vtkSlicerCLIModuleLogic (00000279B63EADF0)] (D:\D\S\S-0\Base\QTCLI\vtkSlicerCLIModuleLogic.cxx:1729) - Threshold Scalar Volume command line: 

D:/Program/Slicer 5.6.1/bin/../lib/Slicer-5.6/cli-modules/ThresholdScalarVolume.exe --thresholdtype Above --threshold 100 --lower 1 --upper 200 --outsidevalue 0 C:/Users/DANG THE HUNG/OneDrive - King's College London/Msc study/7MRI0070 - Navigation in Robotic/Module/My_functions/BFBCA_vtkMRMLScalarVolumeNodeB.nrrd C:/Users/DANG THE HUNG/OneDrive - King's College London/Msc study/7MRI0070 - Navigation in Robotic/Module/My_functions/BFBCA_vtkMRMLScalarVolumeNodeC.nrrd
[INFO][VTK] 11.02.2024 18:19:16 [vtkSlicerCLIModuleLogic (00000279B63EADF0)] (D:\D\S\S-0\Base\QTCLI\vtkSlicerCLIModuleLogic.cxx:1943) - Threshold Scalar Volume completed without errors
[INFO][Python] 11.02.2024 18:19:16 [Python] (C:/Users/DANG THE HUNG/OneDrive - King's College London/Msc study/7MRI0070 - Navigation in Robotic/Module/My_extension/Pathway_planning/Pathway_planning.py:270) - Processing completed in 0.31 seconds
[INFO][Python] 11.02.2024 18:19:16 [Python] (C:/Users/DANG THE HUNG/OneDrive - King's College London/Msc study/7MRI0070 - Navigation in Robotic/Module/My_extension/Pathway_planning/Pathway_planning.py:256) - Processing started
[INFO][VTK] 11.02.2024 18:19:16 [vtkSlicerCLIModuleLogic (00000279B63EADF0)] (D:\D\S\S-0\Base\QTCLI\vtkSlicerCLIModuleLogic.cxx:870) - Found CommandLine Module, target is D:/Program/Slicer 5.6.1/bin/../lib/Slicer-5.6/cli-modules/ThresholdScalarVolume.exe
[INFO][VTK] 11.02.2024 18:19:16 [vtkSlicerCLIModuleLogic (00000279B63EADF0)] (D:\D\S\S-0\Base\QTCLI\vtkSlicerCLIModuleLogic.cxx:888) - ModuleType: CommandLineModule
[INFO][VTK] 11.02.2024 18:19:16 [vtkSlicerCLIModuleLogic (00000279B63EADF0)] (D:\D\S\S-0\Base\QTCLI\vtkSlicerCLIModuleLogic.cxx:1729) - Threshold Scalar Volume command line: 

D:/Program/Slicer 5.6.1/bin/../lib/Slicer-5.6/cli-modules/ThresholdScalarVolume.exe --thresholdtype Below --threshold 100 --lower 1 --upper 200 --outsidevalue 0 C:/Users/DANG THE HUNG/OneDrive - King's College London/Msc study/7MRI0070 - Navigation in Robotic/Module/My_functions/BFBCA_vtkMRMLScalarVolumeNodeB.nrrd C:/Users/DANG THE HUNG/OneDrive - King's College London/Msc study/7MRI0070 - Navigation in Robotic/Module/My_functions/BFBCA_vtkMRMLScalarVolumeNodeC.nrrd
[INFO][VTK] 11.02.2024 18:19:16 [vtkSlicerCLIModuleLogic (00000279B63EADF0)] (D:\D\S\S-0\Base\QTCLI\vtkSlicerCLIModuleLogic.cxx:1943) - Threshold Scalar Volume completed without errors
[ERROR][VTK] 11.02.2024 18:19:16 [vtkCompositeDataPipeline (00000279C26B2F90)] (vtkDemandDrivenPipeline.cxx:689) - Input port 0 of algorithm vtkImageMapToWindowLevelColors (00000279B6A3E630) has 0 connections but is not optional.
[ERROR][VTK] 11.02.2024 18:19:16 [vtkCompositeDataPipeline (00000279C26B3410)] (vtkDemandDrivenPipeline.cxx:689) - Input port 0 of algorithm vtkImageThreshold (00000279B5680140) has 0 connections but is not optional.
[ERROR][VTK] 11.02.2024 18:19:16 [vtkCompositeDataPipeline (00000279C26B2F90)] (vtkDemandDrivenPipeline.cxx:689) - Input port 0 of algorithm vtkImageMapToWindowLevelColors (00000279B6A3E630) has 0 connections but is not optional.
[ERROR][VTK] 11.02.2024 18:19:16 [vtkCompositeDataPipeline (00000279B028F1B0)] (vtkDemandDrivenPipeline.cxx:689) - Input port 0 of algorithm vtkImageReslice (00000279AEAD2120) has 0 connections but is not optional.
[ERROR][VTK] 11.02.2024 18:19:16 [vtkCompositeDataPipeline (00000279C26B2F90)] (vtkDemandDrivenPipeline.cxx:689) - Input port 0 of algorithm vtkImageMapToWindowLevelColors (00000279B6A3E630) has 0 connections but is not optional.
[ERROR][VTK] 11.02.2024 18:19:16 [vtkCompositeDataPipeline (00000279C26B3410)] (vtkDemandDrivenPipeline.cxx:689) - Input port 0 of algorithm vtkImageThreshold (00000279B5680140) has 0 connections but is not optional.
[ERROR][VTK] 11.02.2024 18:19:16 [vtkCompositeDataPipeline (00000279C26B2F90)] (vtkDemandDrivenPipeline.cxx:689) - Input port 0 of algorithm vtkImageMapToWindowLevelColors (00000279B6A3E630) has 0 connections but is not optional.
[ERROR][VTK] 11.02.2024 18:19:16 [vtkCompositeDataPipeline (00000279B028F1B0)] (vtkDemandDrivenPipeline.cxx:689) - Input port 0 of algorithm vtkImageReslice (00000279AEAD2120) has 0 connections but is not optional.
[ERROR][VTK] 11.02.2024 18:19:16 [vtkCompositeDataPipeline (00000279C26B2F90)] (vtkDemandDrivenPipeline.cxx:689) - Input port 0 of algorithm vtkImageMapToWindowLevelColors (00000279B6A3E630) has 0 connections but is not optional.
[ERROR][VTK] 11.02.2024 18:19:16 [vtkCompositeDataPipeline (00000279C26B3410)] (vtkDemandDrivenPipeline.cxx:689) - Input port 0 of algorithm vtkImageThreshold (00000279B5680140) has 0 connections but is not optional.
[ERROR][VTK] 11.02.2024 18:19:16 [vtkCompositeDataPipeline (00000279C26B2F90)] (vtkDemandDrivenPipeline.cxx:689) - Input port 0 of algorithm vtkImageMapToWindowLevelColors (00000279B6A3E630) has 0 connections but is not optional.
[ERROR][VTK] 11.02.2024 18:19:16 [vtkCompositeDataPipeline (00000279B028F1B0)] (vtkDemandDrivenPipeline.cxx:689) - Input port 0 of algorithm vtkImageReslice (00000279AEAD2120) has 0 connections but is not optional.
[ERROR][VTK] 11.02.2024 18:19:16 [vtkCompositeDataPipeline (00000279C26B2F90)] (vtkDemandDrivenPipeline.cxx:689) - Input port 0 of algorithm vtkImageMapToWindowLevelColors (00000279B6A3E630) has 0 connections but is not optional.
[ERROR][VTK] 11.02.2024 18:19:16 [vtkCompositeDataPipeline (00000279C26B3410)] (vtkDemandDrivenPipeline.cxx:689) - Input port 0 of algorithm vtkImageThreshold (00000279B5680140) has 0 connections but is not optional.
[ERROR][VTK] 11.02.2024 18:19:16 [vtkCompositeDataPipeline (00000279C26B2F90)] (vtkDemandDrivenPipeline.cxx:689) - Input port 0 of algorithm vtkImageMapToWindowLevelColors (00000279B6A3E630) has 0 connections but is not optional.
[ERROR][VTK] 11.02.2024 18:19:16 [vtkCompositeDataPipeline (00000279B028F1B0)] (vtkDemandDrivenPipeline.cxx:689) - Input port 0 of algorithm vtkImageReslice (00000279AEAD2120) has 0 connections but is not optional.
[ERROR][VTK] 11.02.2024 18:19:16 [vtkCompositeDataPipeline (00000279C26A9F90)] (vtkDemandDrivenPipeline.cxx:689) - Input port 0 of algorithm vtkImageMapToWindowLevelColors (00000279B6A37BF0) has 0 connections but is not optional.
[ERROR][VTK] 11.02.2024 18:19:16 [vtkCompositeDataPipeline (00000279C26AC4B0)] (vtkDemandDrivenPipeline.cxx:689) - Input port 0 of algorithm vtkImageThreshold (00000279B56818E0) has 0 connections but is not optional.
[ERROR][VTK] 11.02.2024 18:19:16 [vtkCompositeDataPipeline (00000279C26A9F90)] (vtkDemandDrivenPipeline.cxx:689) - Input port 0 of algorithm vtkImageMapToWindowLevelColors (00000279B6A37BF0) has 0 connections but is not optional.
[ERROR][VTK] 11.02.2024 18:19:16 [vtkCompositeDataPipeline (00000279B4B1C780)] (vtkDemandDrivenPipeline.cxx:689) - Input port 0 of algorithm vtkImageReslice (00000279AEACFF60) has 0 connections but is not optional.
[ERROR][VTK] 11.02.2024 18:19:16 [vtkCompositeDataPipeline (00000279C26A9F90)] (vtkDemandDrivenPipeline.cxx:689) - Input port 0 of algorithm vtkImageMapToWindowLevelColors (00000279B6A37BF0) has 0 connections but is not optional.
[ERROR][VTK] 11.02.2024 18:19:16 [vtkCompositeDataPipeline (00000279C26AC4B0)] (vtkDemandDrivenPipeline.cxx:689) - Input port 0 of algorithm vtkImageThreshold (00000279B56818E0) has 0 connections but is not optional.
[ERROR][VTK] 11.02.2024 18:19:16 [vtkCompositeDataPipeline (00000279C26A9F90)] (vtkDemandDrivenPipeline.cxx:689) - Input port 0 of algorithm vtkImageMapToWindowLevelColors (00000279B6A37BF0) has 0 connections but is not optional.
[ERROR][VTK] 11.02.2024 18:19:16 [vtkCompositeDataPipeline (00000279B4B1C780)] (vtkDemandDrivenPipeline.cxx:689) - Input port 0 of algorithm vtkImageReslice (00000279AEACFF60) has 0 connections but is not optional.
[ERROR][VTK] 11.02.2024 18:19:16 [vtkCompositeDataPipeline (00000279C26AD8F0)] (vtkDemandDrivenPipeline.cxx:689) - Input port 0 of algorithm vtkImageMapToWindowLevelColors (00000279B6A38AF0) has 0 connections but is not optional.
[ERROR][VTK] 11.02.2024 18:19:16 [vtkCompositeDataPipeline (00000279C26AB3D0)] (vtkDemandDrivenPipeline.cxx:689) - Input port 0 of algorithm vtkImageThreshold (00000279B5680290) has 0 connections but is not optional.
[ERROR][VTK] 11.02.2024 18:19:16 [vtkCompositeDataPipeline (00000279C26AD8F0)] (vtkDemandDrivenPipeline.cxx:689) - Input port 0 of algorithm vtkImageMapToWindowLevelColors (00000279B6A38AF0) has 0 connections but is not optional.
[ERROR][VTK] 11.02.2024 18:19:16 [vtkCompositeDataPipeline (00000279B056D210)] (vtkDemandDrivenPipeline.cxx:689) - Input port 0 of algorithm vtkImageReslice (00000279AEAD0AA0) has 0 connections but is not optional.
[ERROR][VTK] 11.02.2024 18:19:16 [vtkCompositeDataPipeline (00000279C26AD8F0)] (vtkDemandDrivenPipeline.cxx:689) - Input port 0 of algorithm vtkImageMapToWindowLevelColors (00000279B6A38AF0) has 0 connections but is not optional.
[ERROR][VTK] 11.02.2024 18:19:16 [vtkCompositeDataPipeline (00000279C26AB3D0)] (vtkDemandDrivenPipeline.cxx:689) - Input port 0 of algorithm vtkImageThreshold (00000279B5680290) has 0 connections but is not optional.
[ERROR][VTK] 11.02.2024 18:19:16 [vtkCompositeDataPipeline (00000279C26AD8F0)] (vtkDemandDrivenPipeline.cxx:689) - Input port 0 of algorithm vtkImageMapToWindowLevelColors (00000279B6A38AF0) has 0 connections but is not optional.
[ERROR][VTK] 11.02.2024 18:19:16 [vtkCompositeDataPipeline (00000279B056D210)] (vtkDemandDrivenPipeline.cxx:689) - Input port 0 of algorithm vtkImageReslice (00000279AEAD0AA0) has 0 connections but is not optional.
[INFO][Python] 11.02.2024 18:19:16 [Python] (C:/Users/DANG THE HUNG/OneDrive - King's College London/Msc study/7MRI0070 - Navigation in Robotic/Module/My_extension/Pathway_planning/Pathway_planning.py:270) - Processing completed in 0.22 seconds
[INFO][Python] 11.02.2024 18:19:16 [Python] (D:\Program\Slicer 5.6.1\bin\Python\slicer\util.py:2877) - Test passed
[INFO][Stream] 11.02.2024 18:19:29 [] (unknown:0) -
[INFO][Stream] 11.02.2024 18:19:29 [] (unknown:0) -
[INFO][Stream] 11.02.2024 18:19:29 [] (unknown:0) -
[INFO][Stream] 11.02.2024 18:19:29 [] (unknown:0) - ------------------------------
[INFO][Stream] 11.02.2024 18:19:29 [] (unknown:0) - Reloading module: Pathway_planning
[INFO][Stream] 11.02.2024 18:19:29 [] (unknown:0) - ------------------------------
[INFO][Stream] 11.02.2024 18:19:29 [] (unknown:0) -
[INFO][Stream] 11.02.2024 18:19:29 [] (unknown:0) -
[INFO][Stream] 11.02.2024 18:19:29 [] (unknown:0) -
[INFO][Python] 11.02.2024 18:19:29 [Python] (D:\Program\Slicer 5.6.1\bin\Python\slicer\util.py:2877) - Starting the test
[DEBUG][Python] 11.02.2024 18:19:30 [Python] (D:/Program/Slicer 5.6.1/bin/../lib/Slicer-5.6/qt-scripted-modules/SampleData.py:799) - Verifying checksum
[DEBUG][Python] 11.02.2024 18:19:30 [Python] (D:/Program/Slicer 5.6.1/bin/../lib/Slicer-5.6/qt-scripted-modules/SampleData.py:799) - File already exists and checksum is OK - reusing it.
[DEBUG][Python] 11.02.2024 18:19:30 [Python] (D:/Program/Slicer 5.6.1/bin/../lib/Slicer-5.6/qt-scripted-modules/SampleData.py:799) - <b>Requesting load Pathway_planning1 from C:/Users/DANG THE HUNG/AppData/Local/slicer.org/Slicer/cache/SlicerIO/Pathway_planning1.nrrd ...</b>
[DEBUG][Qt] 11.02.2024 18:19:30 [] (unknown:0) - "Volume" Reader has successfully read the file "C:/Users/DANG THE HUNG/AppData/Local/slicer.org/Slicer/cache/SlicerIO/Pathway_planning1.nrrd" "[0.10s]"
[DEBUG][Python] 11.02.2024 18:19:30 [Python] (D:/Program/Slicer 5.6.1/bin/../lib/Slicer-5.6/qt-scripted-modules/SampleData.py:799) - <b>Load finished</b><p></p>
[INFO][Python] 11.02.2024 18:19:30 [Python] (D:\Program\Slicer 5.6.1\bin\Python\slicer\util.py:2877) - Loaded test data set
[INFO][Python] 11.02.2024 18:19:31 [Python] (C:/Users/DANG THE HUNG/OneDrive - King's College London/Msc study/7MRI0070 - Navigation in Robotic/Module/My_extension/Pathway_planning/Pathway_planning.py:256) - Processing started
[INFO][VTK] 11.02.2024 18:19:31 [vtkSlicerCLIModuleLogic (00000279B63EADF0)] (D:\D\S\S-0\Base\QTCLI\vtkSlicerCLIModuleLogic.cxx:870) - Found CommandLine Module, target is D:/Program/Slicer 5.6.1/bin/../lib/Slicer-5.6/cli-modules/ThresholdScalarVolume.exe
[INFO][VTK] 11.02.2024 18:19:31 [vtkSlicerCLIModuleLogic (00000279B63EADF0)] (D:\D\S\S-0\Base\QTCLI\vtkSlicerCLIModuleLogic.cxx:888) - ModuleType: CommandLineModule
[INFO][VTK] 11.02.2024 18:19:31 [vtkSlicerCLIModuleLogic (00000279B63EADF0)] (D:\D\S\S-0\Base\QTCLI\vtkSlicerCLIModuleLogic.cxx:1729) - Threshold Scalar Volume command line: 

D:/Program/Slicer 5.6.1/bin/../lib/Slicer-5.6/cli-modules/ThresholdScalarVolume.exe --thresholdtype Above --threshold 100 --lower 1 --upper 200 --outsidevalue 0 C:/Users/DANG THE HUNG/OneDrive - King's College London/Msc study/7MRI0070 - Navigation in Robotic/Module/My_functions/BFBCA_vtkMRMLScalarVolumeNodeD.nrrd C:/Users/DANG THE HUNG/OneDrive - King's College London/Msc study/7MRI0070 - Navigation in Robotic/Module/My_functions/BFBCA_vtkMRMLScalarVolumeNodeE.nrrd
[INFO][VTK] 11.02.2024 18:19:31 [vtkSlicerCLIModuleLogic (00000279B63EADF0)] (D:\D\S\S-0\Base\QTCLI\vtkSlicerCLIModuleLogic.cxx:1943) - Threshold Scalar Volume completed without errors
[INFO][Python] 11.02.2024 18:19:31 [Python] (C:/Users/DANG THE HUNG/OneDrive - King's College London/Msc study/7MRI0070 - Navigation in Robotic/Module/My_extension/Pathway_planning/Pathway_planning.py:270) - Processing completed in 0.31 seconds
[INFO][Python] 11.02.2024 18:19:31 [Python] (C:/Users/DANG THE HUNG/OneDrive - King's College London/Msc study/7MRI0070 - Navigation in Robotic/Module/My_extension/Pathway_planning/Pathway_planning.py:256) - Processing started
[INFO][VTK] 11.02.2024 18:19:31 [vtkSlicerCLIModuleLogic (00000279B63EADF0)] (D:\D\S\S-0\Base\QTCLI\vtkSlicerCLIModuleLogic.cxx:870) - Found CommandLine Module, target is D:/Program/Slicer 5.6.1/bin/../lib/Slicer-5.6/cli-modules/ThresholdScalarVolume.exe
[INFO][VTK] 11.02.2024 18:19:31 [vtkSlicerCLIModuleLogic (00000279B63EADF0)] (D:\D\S\S-0\Base\QTCLI\vtkSlicerCLIModuleLogic.cxx:888) - ModuleType: CommandLineModule
[INFO][VTK] 11.02.2024 18:19:31 [vtkSlicerCLIModuleLogic (00000279B63EADF0)] (D:\D\S\S-0\Base\QTCLI\vtkSlicerCLIModuleLogic.cxx:1729) - Threshold Scalar Volume command line: 

D:/Program/Slicer 5.6.1/bin/../lib/Slicer-5.6/cli-modules/ThresholdScalarVolume.exe --thresholdtype Below --threshold 100 --lower 1 --upper 200 --outsidevalue 0 C:/Users/DANG THE HUNG/OneDrive - King's College London/Msc study/7MRI0070 - Navigation in Robotic/Module/My_functions/BFBCA_vtkMRMLScalarVolumeNodeD.nrrd C:/Users/DANG THE HUNG/OneDrive - King's College London/Msc study/7MRI0070 - Navigation in Robotic/Module/My_functions/BFBCA_vtkMRMLScalarVolumeNodeE.nrrd
[INFO][VTK] 11.02.2024 18:19:32 [vtkSlicerCLIModuleLogic (00000279B63EADF0)] (D:\D\S\S-0\Base\QTCLI\vtkSlicerCLIModuleLogic.cxx:1943) - Threshold Scalar Volume completed without errors
[ERROR][VTK] 11.02.2024 18:19:32 [vtkCompositeDataPipeline (00000279C26B8630)] (vtkDemandDrivenPipeline.cxx:689) - Input port 0 of algorithm vtkImageMapToWindowLevelColors (00000279B6A3F530) has 0 connections but is not optional.
[ERROR][VTK] 11.02.2024 18:19:32 [vtkCompositeDataPipeline (00000279C26B79D0)] (vtkDemandDrivenPipeline.cxx:689) - Input port 0 of algorithm vtkImageThreshold (00000279B5681F70) has 0 connections but is not optional.
[ERROR][VTK] 11.02.2024 18:19:32 [vtkCompositeDataPipeline (00000279C26B8630)] (vtkDemandDrivenPipeline.cxx:689) - Input port 0 of algorithm vtkImageMapToWindowLevelColors (00000279B6A3F530) has 0 connections but is not optional.
[ERROR][VTK] 11.02.2024 18:19:32 [vtkCompositeDataPipeline (00000279B028F1B0)] (vtkDemandDrivenPipeline.cxx:689) - Input port 0 of algorithm vtkImageReslice (00000279AEAD2120) has 0 connections but is not optional.
[ERROR][VTK] 11.02.2024 18:19:32 [vtkCompositeDataPipeline (00000279C26B8630)] (vtkDemandDrivenPipeline.cxx:689) - Input port 0 of algorithm vtkImageMapToWindowLevelColors (00000279B6A3F530) has 0 connections but is not optional.
[ERROR][VTK] 11.02.2024 18:19:32 [vtkCompositeDataPipeline (00000279C26B79D0)] (vtkDemandDrivenPipeline.cxx:689) - Input port 0 of algorithm vtkImageThreshold (00000279B5681F70) has 0 connections but is not optional.
[ERROR][VTK] 11.02.2024 18:19:32 [vtkCompositeDataPipeline (00000279C26B8630)] (vtkDemandDrivenPipeline.cxx:689) - Input port 0 of algorithm vtkImageMapToWindowLevelColors (00000279B6A3F530) has 0 connections but is not optional.
[ERROR][VTK] 11.02.2024 18:19:32 [vtkCompositeDataPipeline (00000279B028F1B0)] (vtkDemandDrivenPipeline.cxx:689) - Input port 0 of algorithm vtkImageReslice (00000279AEAD2120) has 0 connections but is not optional.
[ERROR][VTK] 11.02.2024 18:19:32 [vtkCompositeDataPipeline (00000279C26B8630)] (vtkDemandDrivenPipeline.cxx:689) - Input port 0 of algorithm vtkImageMapToWindowLevelColors (00000279B6A3F530) has 0 connections but is not optional.
[ERROR][VTK] 11.02.2024 18:19:32 [vtkCompositeDataPipeline (00000279C26B79D0)] (vtkDemandDrivenPipeline.cxx:689) - Input port 0 of algorithm vtkImageThreshold (00000279B5681F70) has 0 connections but is not optional.
[ERROR][VTK] 11.02.2024 18:19:32 [vtkCompositeDataPipeline (00000279C26B8630)] (vtkDemandDrivenPipeline.cxx:689) - Input port 0 of algorithm vtkImageMapToWindowLevelColors (00000279B6A3F530) has 0 connections but is not optional.
[ERROR][VTK] 11.02.2024 18:19:32 [vtkCompositeDataPipeline (00000279B028F1B0)] (vtkDemandDrivenPipeline.cxx:689) - Input port 0 of algorithm vtkImageReslice (00000279AEAD2120) has 0 connections but is not optional.
[ERROR][VTK] 11.02.2024 18:19:32 [vtkCompositeDataPipeline (00000279C26B8630)] (vtkDemandDrivenPipeline.cxx:689) - Input port 0 of algorithm vtkImageMapToWindowLevelColors (00000279B6A3F530) has 0 connections but is not optional.
[ERROR][VTK] 11.02.2024 18:19:32 [vtkCompositeDataPipeline (00000279C26B79D0)] (vtkDemandDrivenPipeline.cxx:689) - Input port 0 of algorithm vtkImageThreshold (00000279B5681F70) has 0 connections but is not optional.
[ERROR][VTK] 11.02.2024 18:19:32 [vtkCompositeDataPipeline (00000279C26B8630)] (vtkDemandDrivenPipeline.cxx:689) - Input port 0 of algorithm vtkImageMapToWindowLevelColors (00000279B6A3F530) has 0 connections but is not optional.
[ERROR][VTK] 11.02.2024 18:19:32 [vtkCompositeDataPipeline (00000279B028F1B0)] (vtkDemandDrivenPipeline.cxx:689) - Input port 0 of algorithm vtkImageReslice (00000279AEAD2120) has 0 connections but is not optional.
[ERROR][VTK] 11.02.2024 18:19:32 [vtkCompositeDataPipeline (00000279C26B5ED0)] (vtkDemandDrivenPipeline.cxx:689) - Input port 0 of algorithm vtkImageMapToWindowLevelColors (00000279B6A3BCF0) has 0 connections but is not optional.
[ERROR][VTK] 11.02.2024 18:19:32 [vtkCompositeDataPipeline (00000279C26B6590)] (vtkDemandDrivenPipeline.cxx:689) - Input port 0 of algorithm vtkImageThreshold (00000279B5680140) has 0 connections but is not optional.
[ERROR][VTK] 11.02.2024 18:19:32 [vtkCompositeDataPipeline (00000279C26B5ED0)] (vtkDemandDrivenPipeline.cxx:689) - Input port 0 of algorithm vtkImageMapToWindowLevelColors (00000279B6A3BCF0) has 0 connections but is not optional.
[ERROR][VTK] 11.02.2024 18:19:32 [vtkCompositeDataPipeline (00000279B4B1C780)] (vtkDemandDrivenPipeline.cxx:689) - Input port 0 of algorithm vtkImageReslice (00000279AEACFF60) has 0 connections but is not optional.
[ERROR][VTK] 11.02.2024 18:19:32 [vtkCompositeDataPipeline (00000279C26B5ED0)] (vtkDemandDrivenPipeline.cxx:689) - Input port 0 of algorithm vtkImageMapToWindowLevelColors (00000279B6A3BCF0) has 0 connections but is not optional.
[ERROR][VTK] 11.02.2024 18:19:32 [vtkCompositeDataPipeline (00000279C26B6590)] (vtkDemandDrivenPipeline.cxx:689) - Input port 0 of algorithm vtkImageThreshold (00000279B5680140) has 0 connections but is not optional.
[ERROR][VTK] 11.02.2024 18:19:32 [vtkCompositeDataPipeline (00000279C26B5ED0)] (vtkDemandDrivenPipeline.cxx:689) - Input port 0 of algorithm vtkImageMapToWindowLevelColors (00000279B6A3BCF0) has 0 connections but is not optional.
[ERROR][VTK] 11.02.2024 18:19:32 [vtkCompositeDataPipeline (00000279B4B1C780)] (vtkDemandDrivenPipeline.cxx:689) - Input port 0 of algorithm vtkImageReslice (00000279AEACFF60) has 0 connections but is not optional.
[ERROR][VTK] 11.02.2024 18:19:32 [vtkCompositeDataPipeline (00000279C26B66B0)] (vtkDemandDrivenPipeline.cxx:689) - Input port 0 of algorithm vtkImageMapToWindowLevelColors (00000279B6A3DAF0) has 0 connections but is not optional.
[ERROR][VTK] 11.02.2024 18:19:32 [vtkCompositeDataPipeline (00000279C26B42B0)] (vtkDemandDrivenPipeline.cxx:689) - Input port 0 of algorithm vtkImageThreshold (00000279B5682210) has 0 connections but is not optional.
[ERROR][VTK] 11.02.2024 18:19:32 [vtkCompositeDataPipeline (00000279C26B66B0)] (vtkDemandDrivenPipeline.cxx:689) - Input port 0 of algorithm vtkImageMapToWindowLevelColors (00000279B6A3DAF0) has 0 connections but is not optional.
[ERROR][VTK] 11.02.2024 18:19:32 [vtkCompositeDataPipeline (00000279B056D210)] (vtkDemandDrivenPipeline.cxx:689) - Input port 0 of algorithm vtkImageReslice (00000279AEAD0AA0) has 0 connections but is not optional.
[ERROR][VTK] 11.02.2024 18:19:32 [vtkCompositeDataPipeline (00000279C26B66B0)] (vtkDemandDrivenPipeline.cxx:689) - Input port 0 of algorithm vtkImageMapToWindowLevelColors (00000279B6A3DAF0) has 0 connections but is not optional.
[ERROR][VTK] 11.02.2024 18:19:32 [vtkCompositeDataPipeline (00000279C26B42B0)] (vtkDemandDrivenPipeline.cxx:689) - Input port 0 of algorithm vtkImageThreshold (00000279B5682210) has 0 connections but is not optional.
[ERROR][VTK] 11.02.2024 18:19:32 [vtkCompositeDataPipeline (00000279C26B66B0)] (vtkDemandDrivenPipeline.cxx:689) - Input port 0 of algorithm vtkImageMapToWindowLevelColors (00000279B6A3DAF0) has 0 connections but is not optional.
[ERROR][VTK] 11.02.2024 18:19:32 [vtkCompositeDataPipeline (00000279B056D210)] (vtkDemandDrivenPipeline.cxx:689) - Input port 0 of algorithm vtkImageReslice (00000279AEAD0AA0) has 0 connections but is not optional.
[INFO][Python] 11.02.2024 18:19:32 [Python] (C:/Users/DANG THE HUNG/OneDrive - King's College London/Msc study/7MRI0070 - Navigation in Robotic/Module/My_extension/Pathway_planning/Pathway_planning.py:270) - Processing completed in 0.22 seconds
[INFO][Python] 11.02.2024 18:19:32 [Python] (D:\Program\Slicer 5.6.1\bin\Python\slicer\util.py:2877) - Test passed
[INFO][Stream] 11.02.2024 18:19:52 [] (unknown:0) -
[INFO][Stream] 11.02.2024 18:19:52 [] (unknown:0) -
[INFO][Stream] 11.02.2024 18:19:52 [] (unknown:0) -
[INFO][Stream] 11.02.2024 18:19:52 [] (unknown:0) - ------------------------------
[INFO][Stream] 11.02.2024 18:19:52 [] (unknown:0) - Reloading module: Pathway_planning
[INFO][Stream] 11.02.2024 18:19:52 [] (unknown:0) - ------------------------------
[INFO][Stream] 11.02.2024 18:19:52 [] (unknown:0) -
[INFO][Stream] 11.02.2024 18:19:52 [] (unknown:0) -
[INFO][Stream] 11.02.2024 18:19:52 [] (unknown:0) -
[INFO][Stream] 11.02.2024 18:19:53 [] (unknown:0) -
[INFO][Stream] 11.02.2024 18:19:53 [] (unknown:0) -
[INFO][Stream] 11.02.2024 18:19:53 [] (unknown:0) -
[INFO][Stream] 11.02.2024 18:19:53 [] (unknown:0) - ------------------------------
[INFO][Stream] 11.02.2024 18:19:53 [] (unknown:0) - Reloading module: Pathway_planning
[INFO][Stream] 11.02.2024 18:19:53 [] (unknown:0) - ------------------------------
[INFO][Stream] 11.02.2024 18:19:53 [] (unknown:0) -
[INFO][Stream] 11.02.2024 18:19:53 [] (unknown:0) -
[INFO][Stream] 11.02.2024 18:19:53 [] (unknown:0) -
[INFO][Stream] 11.02.2024 18:19:53 [] (unknown:0) - 2
[INFO][Stream] 11.02.2024 18:19:59 [] (unknown:0) -
[INFO][Stream] 11.02.2024 18:19:59 [] (unknown:0) -
[INFO][Stream] 11.02.2024 18:19:59 [] (unknown:0) -
[INFO][Stream] 11.02.2024 18:19:59 [] (unknown:0) - ------------------------------
[INFO][Stream] 11.02.2024 18:19:59 [] (unknown:0) - Reloading module: Pathway_planning
[INFO][Stream] 11.02.2024 18:19:59 [] (unknown:0) - ------------------------------
[INFO][Stream] 11.02.2024 18:19:59 [] (unknown:0) -
[INFO][Stream] 11.02.2024 18:19:59 [] (unknown:0) -
[INFO][Stream] 11.02.2024 18:19:59 [] (unknown:0) -
[INFO][Stream] 11.02.2024 18:20:03 [] (unknown:0) -
[INFO][Stream] 11.02.2024 18:20:03 [] (unknown:0) -
[INFO][Stream] 11.02.2024 18:20:03 [] (unknown:0) -
[INFO][Stream] 11.02.2024 18:20:03 [] (unknown:0) - ------------------------------
[INFO][Stream] 11.02.2024 18:20:03 [] (unknown:0) - Reloading module: Pathway_planning
[INFO][Stream] 11.02.2024 18:20:03 [] (unknown:0) - ------------------------------
[INFO][Stream] 11.02.2024 18:20:03 [] (unknown:0) -
[INFO][Stream] 11.02.2024 18:20:03 [] (unknown:0) -
[INFO][Stream] 11.02.2024 18:20:03 [] (unknown:0) -
[INFO][Stream] 11.02.2024 18:20:03 [] (unknown:0) - 2
[DEBUG][Qt] 11.02.2024 18:22:15 [] (unknown:0) - Python console user input: import SampleData
[DEBUG][Qt] 11.02.2024 18:22:23 [] (unknown:0) - Python console user input: SampleData.downloadSample("Pathway_planning1")
[DEBUG][Python] 11.02.2024 18:22:23 [Python] (D:/Program/Slicer 5.6.1/bin/../lib/Slicer-5.6/qt-scripted-modules/SampleData.py:799) - Verifying checksum
[DEBUG][Python] 11.02.2024 18:22:23 [Python] (D:/Program/Slicer 5.6.1/bin/../lib/Slicer-5.6/qt-scripted-modules/SampleData.py:799) - File already exists and checksum is OK - reusing it.
[DEBUG][Python] 11.02.2024 18:22:23 [Python] (D:/Program/Slicer 5.6.1/bin/../lib/Slicer-5.6/qt-scripted-modules/SampleData.py:799) - <b>Requesting load Pathway_planning1 from C:/Users/DANG THE HUNG/AppData/Local/slicer.org/Slicer/cache/SlicerIO/Pathway_planning1.nrrd ...</b>
[DEBUG][Qt] 11.02.2024 18:22:23 [] (unknown:0) - "Volume" Reader has successfully read the file "C:/Users/DANG THE HUNG/AppData/Local/slicer.org/Slicer/cache/SlicerIO/Pathway_planning1.nrrd" "[0.10s]"
[DEBUG][Python] 11.02.2024 18:22:23 [Python] (D:/Program/Slicer 5.6.1/bin/../lib/Slicer-5.6/qt-scripted-modules/SampleData.py:799) - <b>Load finished</b><p></p>
[INFO][Stream] 11.02.2024 18:22:23 [] (unknown:0) - <MRMLCorePython.vtkMRMLScalarVolumeNode(0x00000279C17C9040) at 0x00000279C27CCC40>
[DEBUG][Qt] 11.02.2024 18:22:26 [] (unknown:0) - Python console user input: SampleData.downloadSample("Pathway_planning1")
[DEBUG][Python] 11.02.2024 18:22:26 [Python] (D:/Program/Slicer 5.6.1/bin/../lib/Slicer-5.6/qt-scripted-modules/SampleData.py:799) - Verifying checksum
[DEBUG][Python] 11.02.2024 18:22:26 [Python] (D:/Program/Slicer 5.6.1/bin/../lib/Slicer-5.6/qt-scripted-modules/SampleData.py:799) - File already exists and checksum is OK - reusing it.
[DEBUG][Python] 11.02.2024 18:22:26 [Python] (D:/Program/Slicer 5.6.1/bin/../lib/Slicer-5.6/qt-scripted-modules/SampleData.py:799) - <b>Requesting load Pathway_planning1 from C:/Users/DANG THE HUNG/AppData/Local/slicer.org/Slicer/cache/SlicerIO/Pathway_planning1.nrrd ...</b>
[DEBUG][Qt] 11.02.2024 18:22:26 [] (unknown:0) - "Volume" Reader has successfully read the file "C:/Users/DANG THE HUNG/AppData/Local/slicer.org/Slicer/cache/SlicerIO/Pathway_planning1.nrrd" "[0.09s]"
[DEBUG][Python] 11.02.2024 18:22:27 [Python] (D:/Program/Slicer 5.6.1/bin/../lib/Slicer-5.6/qt-scripted-modules/SampleData.py:799) - <b>Load finished</b><p></p>
[INFO][Stream] 11.02.2024 18:22:27 [] (unknown:0) - <MRMLCorePython.vtkMRMLScalarVolumeNode(0x00000279C17CBE80) at 0x00000279C27CCCA0>
[DEBUG][Qt] 11.02.2024 18:22:31 [] (unknown:0) - Switch to module:  "Data"
[DEBUG][Qt] 11.02.2024 18:22:35 [] (unknown:0) - Python console user input: SampleData.downloadSample("Pathway_planning1")
[DEBUG][Python] 11.02.2024 18:22:35 [Python] (D:/Program/Slicer 5.6.1/bin/../lib/Slicer-5.6/qt-scripted-modules/SampleData.py:799) - Verifying checksum
[DEBUG][Python] 11.02.2024 18:22:35 [Python] (D:/Program/Slicer 5.6.1/bin/../lib/Slicer-5.6/qt-scripted-modules/SampleData.py:799) - File already exists and checksum is OK - reusing it.
[DEBUG][Python] 11.02.2024 18:22:35 [Python] (D:/Program/Slicer 5.6.1/bin/../lib/Slicer-5.6/qt-scripted-modules/SampleData.py:799) - <b>Requesting load Pathway_planning1 from C:/Users/DANG THE HUNG/AppData/Local/slicer.org/Slicer/cache/SlicerIO/Pathway_planning1.nrrd ...</b>
[DEBUG][Qt] 11.02.2024 18:22:35 [] (unknown:0) - "Volume" Reader has successfully read the file "C:/Users/DANG THE HUNG/AppData/Local/slicer.org/Slicer/cache/SlicerIO/Pathway_planning1.nrrd" "[0.09s]"
[DEBUG][Python] 11.02.2024 18:22:35 [Python] (D:/Program/Slicer 5.6.1/bin/../lib/Slicer-5.6/qt-scripted-modules/SampleData.py:799) - <b>Load finished</b><p></p>
[INFO][Stream] 11.02.2024 18:22:35 [] (unknown:0) - <MRMLCorePython.vtkMRMLScalarVolumeNode(0x00000279C17C8950) at 0x00000279C27CC7C0>
[DEBUG][Qt] 11.02.2024 18:47:43 [] (unknown:0) - Python console user input: inputVolume = SampleData.downloadSample("Pathway_planning1"
[DEBUG][Qt] 11.02.2024 18:47:47 [] (unknown:0) - Python console user input: )
[DEBUG][Python] 11.02.2024 18:47:47 [Python] (D:/Program/Slicer 5.6.1/bin/../lib/Slicer-5.6/qt-scripted-modules/SampleData.py:799) - Verifying checksum
[DEBUG][Python] 11.02.2024 18:47:47 [Python] (D:/Program/Slicer 5.6.1/bin/../lib/Slicer-5.6/qt-scripted-modules/SampleData.py:799) - File already exists and checksum is OK - reusing it.
[DEBUG][Python] 11.02.2024 18:47:47 [Python] (D:/Program/Slicer 5.6.1/bin/../lib/Slicer-5.6/qt-scripted-modules/SampleData.py:799) - <b>Requesting load Pathway_planning1 from C:/Users/DANG THE HUNG/AppData/Local/slicer.org/Slicer/cache/SlicerIO/Pathway_planning1.nrrd ...</b>
[DEBUG][Qt] 11.02.2024 18:47:47 [] (unknown:0) - "Volume" Reader has successfully read the file "C:/Users/DANG THE HUNG/AppData/Local/slicer.org/Slicer/cache/SlicerIO/Pathway_planning1.nrrd" "[0.09s]"
[DEBUG][Python] 11.02.2024 18:47:47 [Python] (D:/Program/Slicer 5.6.1/bin/../lib/Slicer-5.6/qt-scripted-modules/SampleData.py:799) - <b>Load finished</b><p></p>
[DEBUG][Qt] 11.02.2024 19:04:34 [] (unknown:0) - Switch to module:  "My_function"
[DEBUG][Qt] 11.02.2024 19:04:39 [] (unknown:0) - Switch to module:  "Guided_examples"
[DEBUG][Qt] 11.02.2024 19:12:20 [] (unknown:0) - Python console user input: slicer.util.loadVolume("C:\\Users\\DANG THE HUNG\\OneDrive - King's College London\\Msc study\\7MRI0070 - Navigation in Robotic\\Module\\Data\\TestSet\\fakeBrainTest.nii.gz")
[DEBUG][Qt] 11.02.2024 19:12:20 [] (unknown:0) - "Volume" Reader has successfully read the file "C:\\Users\\DANG THE HUNG\\OneDrive - King's College London\\Msc study\\7MRI0070 - Navigation in Robotic\\Module\\Data\\TestSet\\fakeBrainTest.nii.gz" "[0.07s]"
[INFO][Stream] 11.02.2024 19:12:20 [] (unknown:0) - <MRMLCorePython.vtkMRMLScalarVolumeNode(0x00000279C17C7230) at 0x00000279B0ACB700>
[DEBUG][Qt] 11.02.2024 19:12:22 [] (unknown:0) - Switch to module:  "Data"
[DEBUG][Qt] 11.02.2024 19:12:33 [] (unknown:0) - Python console user input: t = slicer.util.loadVolume("C:\\Users\\DANG THE HUNG\\OneDrive - King's College London\\Msc study\\7MRI0070 - Navigation in Robotic\\Module\\Data\\TestSet\\fakeBrainTest.nii.gz")
[DEBUG][Qt] 11.02.2024 19:12:33 [] (unknown:0) - "Volume" Reader has successfully read the file "C:\\Users\\DANG THE HUNG\\OneDrive - King's College London\\Msc study\\7MRI0070 - Navigation in Robotic\\Module\\Data\\TestSet\\fakeBrainTest.nii.gz" "[0.05s]"
[DEBUG][Qt] 11.02.2024 19:12:34 [] (unknown:0) - Python console user input: t
[INFO][Stream] 11.02.2024 19:12:34 [] (unknown:0) - <MRMLCorePython.vtkMRMLScalarVolumeNode(0x00000279C17BE9C0) at 0x00000279B0A1C8E0>
[DEBUG][Qt] 11.02.2024 19:12:38 [] (unknown:0) - Python console user input: t = slicer.util.loadVolume("C:\\Users\\DANG THE HUNG\\OneDrive - King's College London\\Msc study\\7MRI0070 - Navigation in Robotic\\Module\\Data\\TestSet\\fakeBrainTest.nii.gz")
[DEBUG][Qt] 11.02.2024 19:12:38 [] (unknown:0) - "Volume" Reader has successfully read the file "C:\\Users\\DANG THE HUNG\\OneDrive - King's College London\\Msc study\\7MRI0070 - Navigation in Robotic\\Module\\Data\\TestSet\\fakeBrainTest.nii.gz" "[0.05s]"
